

================================================================
== Vivado HLS Report for 'cmpy_complex_top_cordic_base'
================================================================
* Date:           Mon Feb 08 23:42:50 2016

* Version:        2015.4 (Build 1412921 on Wed Nov 18 09:58:55 AM 2015)
* Project:        DispCheck
* Solution:       solution1
* Product family: zynq
* Target device:  xc7z020clg484-1


================================================================
== Performance Estimates
================================================================
+ Timing (ns): 
    * Summary: 
    +--------+-------+----------+------------+
    |  Clock | Target| Estimated| Uncertainty|
    +--------+-------+----------+------------+
    |ap_clk  |  10.00|      8.51|        1.25|
    +--------+-------+----------+------------+

+ Latency (clock cycles): 
    * Summary: 
    +-----+-----+-----+-----+----------+
    |  Latency  |  Interval | Pipeline |
    | min | max | min | max |   Type   |
    +-----+-----+-----+-----+----------+
    |   10|   10|    1|    1| function |
    +-----+-----+-----+-----+----------+

    + Detail: 
        * Instance: 
        N/A

        * Loop: 
        N/A



================================================================
== Utilization Estimates
================================================================
* Summary: 
+-----------------+---------+-------+--------+-------+
|       Name      | BRAM_18K| DSP48E|   FF   |  LUT  |
+-----------------+---------+-------+--------+-------+
|DSP              |        -|      -|       -|      -|
|Expression       |        -|      -|       0|   1492|
|FIFO             |        -|      -|       -|      -|
|Instance         |        -|      -|       -|      -|
|Memory           |        -|      -|       -|      -|
|Multiplexer      |        -|      -|       -|      4|
|Register         |        -|      -|     663|      6|
+-----------------+---------+-------+--------+-------+
|Total            |        0|      0|     663|   1502|
+-----------------+---------+-------+--------+-------+
|Available        |      280|    220|  106400|  53200|
+-----------------+---------+-------+--------+-------+
|Utilization (%)  |        0|      0|   ~0   |      2|
+-----------------+---------+-------+--------+-------+

+ Detail: 
    * Instance: 
    N/A

    * DSP48: 
    N/A

    * Memory: 
    N/A

    * FIFO: 
    N/A

    * Expression: 
    +-----------------------------+----------+-------+---+----+------------+------------+
    |        Variable Name        | Operation| DSP48E| FF| LUT| Bitwidth P0| Bitwidth P1|
    +-----------------------------+----------+-------+---+----+------------+------------+
    |newSel1_fu_8226_p2           |     +    |      0|  0|  20|          20|          20|
    |outp_phase_cr_V_fu_8172_p2   |     +    |      0|  0|  20|          19|          20|
    |x_V_1_10_fu_7720_p2          |     +    |      0|  0|  21|          21|          21|
    |x_V_1_1_fu_2340_p2           |     +    |      0|  0|  21|          21|          21|
    |x_V_1_2_fu_2802_p2           |     +    |      0|  0|  21|          21|          21|
    |x_V_1_3_fu_3511_p2           |     +    |      0|  0|  21|          21|          21|
    |x_V_1_4_fu_3954_p2           |     +    |      0|  0|  21|          21|          21|
    |x_V_1_5_fu_4742_p2           |     +    |      0|  0|  21|          21|          21|
    |x_V_1_6_fu_5370_p2           |     +    |      0|  0|  21|          21|          21|
    |x_V_1_7_fu_5742_p2           |     +    |      0|  0|  21|          21|          21|
    |x_V_1_8_fu_6378_p2           |     +    |      0|  0|  21|          21|          21|
    |x_V_1_9_fu_6776_p2           |     +    |      0|  0|  21|          21|          21|
    |x_V_1_fu_1557_p2             |     +    |      0|  0|  21|          21|          21|
    |x_V_1_s_fu_7293_p2           |     +    |      0|  0|  21|          21|          21|
    |x_V_fu_1156_p2               |     +    |      0|  0|  21|           1|          21|
    |y_V_1_10_fu_7810_p2          |     +    |      0|  0|  21|          21|          21|
    |y_V_1_11_fu_8040_p2          |     +    |      0|  0|  21|          21|          21|
    |y_V_1_1_fu_2480_p2           |     +    |      0|  0|  21|          21|          21|
    |y_V_1_2_fu_3110_p2           |     +    |      0|  0|  21|          21|          21|
    |y_V_1_3_fu_3660_p2           |     +    |      0|  0|  21|          21|          21|
    |y_V_1_4_fu_4463_p2           |     +    |      0|  0|  21|          21|          21|
    |y_V_1_5_fu_4882_p2           |     +    |      0|  0|  21|          21|          21|
    |y_V_1_6_fu_5490_p2           |     +    |      0|  0|  21|          21|          21|
    |y_V_1_7_fu_5980_p2           |     +    |      0|  0|  21|          21|          21|
    |y_V_1_8_fu_6502_p2           |     +    |      0|  0|  21|          21|          21|
    |y_V_1_9_fu_7036_p2           |     +    |      0|  0|  21|          21|          21|
    |y_V_1_fu_1893_p2             |     +    |      0|  0|  21|          21|          21|
    |y_V_1_s_fu_7408_p2           |     +    |      0|  0|  21|          21|          21|
    |y_V_fu_1197_p2               |     +    |      0|  0|  21|           1|          21|
    |z_V_10_fu_7858_p2            |     +    |      0|  0|  21|          21|          21|
    |z_V_11_fu_8100_p2            |     +    |      0|  0|  21|          21|          21|
    |z_V_12_fu_8156_p2            |     +    |      0|  0|  21|          21|          21|
    |z_V_1_fu_4366_p2             |     +    |      0|  0|  21|          21|          21|
    |z_V_2_fu_4415_p2             |     +    |      0|  0|  21|          21|          21|
    |z_V_3_fu_5152_p2             |     +    |      0|  0|  21|          21|          21|
    |z_V_4_fu_5201_p2             |     +    |      0|  0|  21|          21|          21|
    |z_V_5_fu_5250_p2             |     +    |      0|  0|  21|          21|          21|
    |z_V_6_fu_6212_p2             |     +    |      0|  0|  21|          21|          21|
    |z_V_7_fu_6261_p2             |     +    |      0|  0|  21|          21|          21|
    |z_V_8_fu_6552_p2             |     +    |      0|  0|  21|          21|          21|
    |z_V_9_fu_7084_p2             |     +    |      0|  0|  21|          21|          21|
    |z_V_fu_4317_p2               |     +    |      0|  0|  21|           1|          21|
    |z_V_s_fu_7478_p2             |     +    |      0|  0|  21|          21|          21|
    |inp_x_min_y_ext_V_fu_171_p2  |     -    |      0|  0|  20|          20|          20|
    |ap_return                    |  Select  |      0|  0|  16|           1|          16|
    |newSel1191_v_fu_8218_p3      |  Select  |      0|  0|  20|           1|          20|
    |tmp_10_fu_243_p3             |  Select  |      0|  0|   1|           1|           1|
    |tmp_11_fu_251_p3             |  Select  |      0|  0|   1|           1|           1|
    |tmp_12_fu_287_p3             |  Select  |      0|  0|   1|           1|           1|
    |tmp_133_fu_8252_p3           |  Select  |      0|  0|  16|           1|          16|
    |tmp_13_fu_295_p3             |  Select  |      0|  0|   1|           1|           1|
    |tmp_14_fu_331_p3             |  Select  |      0|  0|   1|           1|           1|
    |tmp_15_fu_339_p3             |  Select  |      0|  0|   1|           1|           1|
    |tmp_16_fu_375_p3             |  Select  |      0|  0|   1|           1|           1|
    |tmp_17_fu_383_p3             |  Select  |      0|  0|   1|           1|           1|
    |tmp_18_fu_419_p3             |  Select  |      0|  0|   1|           1|           1|
    |tmp_19_fu_427_p3             |  Select  |      0|  0|   1|           1|           1|
    |tmp_20_fu_463_p3             |  Select  |      0|  0|   1|           1|           1|
    |tmp_21_fu_471_p3             |  Select  |      0|  0|   1|           1|           1|
    |tmp_22_fu_507_p3             |  Select  |      0|  0|   1|           1|           1|
    |tmp_23_fu_515_p3             |  Select  |      0|  0|   1|           1|           1|
    |tmp_24_fu_551_p3             |  Select  |      0|  0|   1|           1|           1|
    |tmp_29_fu_559_p3             |  Select  |      0|  0|   1|           1|           1|
    |tmp_30_fu_595_p3             |  Select  |      0|  0|   1|           1|           1|
    |tmp_31_fu_603_p3             |  Select  |      0|  0|   1|           1|           1|
    |tmp_32_fu_639_p3             |  Select  |      0|  0|   1|           1|           1|
    |tmp_33_fu_647_p3             |  Select  |      0|  0|   1|           1|           1|
    |tmp_34_fu_683_p3             |  Select  |      0|  0|   1|           1|           1|
    |tmp_35_fu_691_p3             |  Select  |      0|  0|   1|           1|           1|
    |tmp_36_fu_727_p3             |  Select  |      0|  0|   1|           1|           1|
    |tmp_37_fu_735_p3             |  Select  |      0|  0|   1|           1|           1|
    |tmp_38_fu_771_p3             |  Select  |      0|  0|   1|           1|           1|
    |tmp_39_fu_779_p3             |  Select  |      0|  0|   1|           1|           1|
    |tmp_40_fu_815_p3             |  Select  |      0|  0|   1|           1|           1|
    |tmp_41_fu_823_p3             |  Select  |      0|  0|   1|           1|           1|
    |tmp_42_fu_859_p3             |  Select  |      0|  0|   1|           1|           1|
    |tmp_43_fu_867_p3             |  Select  |      0|  0|   1|           1|           1|
    |tmp_45_fu_875_p3             |  Select  |      0|  0|   1|           1|           1|
    |tmp_46_fu_883_p3             |  Select  |      0|  0|   1|           1|           1|
    |tmp_47_fu_891_p3             |  Select  |      0|  0|   1|           1|           1|
    |tmp_48_fu_899_p3             |  Select  |      0|  0|   1|           1|           1|
    |tmp_49_fu_907_p3             |  Select  |      0|  0|   1|           1|           1|
    |tmp_50_fu_915_p3             |  Select  |      0|  0|   1|           1|           1|
    |tmp_51_fu_923_p3             |  Select  |      0|  0|   1|           1|           1|
    |tmp_52_fu_931_p3             |  Select  |      0|  0|   1|           1|           1|
    |tmp_53_fu_939_p3             |  Select  |      0|  0|   1|           1|           1|
    |tmp_54_fu_947_p3             |  Select  |      0|  0|   1|           1|           1|
    |tmp_55_fu_955_p3             |  Select  |      0|  0|   1|           1|           1|
    |tmp_56_fu_963_p3             |  Select  |      0|  0|   1|           1|           1|
    |tmp_57_fu_971_p3             |  Select  |      0|  0|   1|           1|           1|
    |tmp_58_fu_979_p3             |  Select  |      0|  0|   1|           1|           1|
    |tmp_59_fu_987_p3             |  Select  |      0|  0|   1|           1|           1|
    |tmp_60_fu_995_p3             |  Select  |      0|  0|   1|           1|           1|
    |tmp_61_fu_1003_p3            |  Select  |      0|  0|   1|           1|           1|
    |tmp_62_fu_1011_p3            |  Select  |      0|  0|   1|           1|           1|
    |tmp_63_fu_1019_p3            |  Select  |      0|  0|   1|           1|           1|
    |tmp_64_fu_1027_p3            |  Select  |      0|  0|   1|           1|           1|
    |tmp_65_fu_1035_p3            |  Select  |      0|  0|   1|           1|           1|
    |tmp_66_fu_1043_p3            |  Select  |      0|  0|   1|           1|           1|
    |tmp_67_fu_1051_p3            |  Select  |      0|  0|   1|           1|           1|
    |tmp_68_fu_1059_p3            |  Select  |      0|  0|   1|           1|           1|
    |tmp_69_fu_1067_p3            |  Select  |      0|  0|   1|           1|           1|
    |tmp_70_fu_1075_p3            |  Select  |      0|  0|   1|           1|           1|
    |tmp_71_fu_1083_p3            |  Select  |      0|  0|   1|           1|           1|
    |tmp_72_fu_1091_p3            |  Select  |      0|  0|   1|           1|           1|
    |tmp_73_fu_1099_p3            |  Select  |      0|  0|   1|           1|           1|
    |tmp_74_fu_1107_p3            |  Select  |      0|  0|   1|           1|           1|
    |tmp_fu_8186_p3               |  Select  |      0|  0|  20|           1|          19|
    |ap_sig_bdd_627               |    and   |      0|  0|   1|           1|           1|
    |sel_tmp2_fu_211_p2           |    and   |      0|  0|   1|           1|           1|
    |sel_tmp3_fu_8200_p2          |   icmp   |      0|  0|   2|           2|           3|
    |sel_tmp4_fu_8206_p2          |   icmp   |      0|  0|   1|           2|           2|
    |sel_tmp_fu_8194_p2           |   icmp   |      0|  0|   1|           2|           1|
    |tmp_1_fu_193_p2              |   icmp   |      0|  0|   1|           2|           1|
    |tmp_2_fu_199_p2              |   icmp   |      0|  0|   2|           2|           3|
    |ap_sig_bdd_637               |    or    |      0|  0|   1|           1|           1|
    |ap_sig_bdd_646               |    or    |      0|  0|   1|           1|           1|
    |ap_sig_bdd_655               |    or    |      0|  0|   1|           1|           1|
    |or_cond_fu_8212_p2           |    or    |      0|  0|   1|           1|           1|
    |tmp_3_fu_217_p2              |    or    |      0|  0|   1|           1|           1|
    |not_s_fu_1120_p2             |    xor   |      0|  0|   2|           1|           2|
    |rev10_fu_6576_p2             |    xor   |      0|  0|   2|           1|           2|
    |rev11_fu_7108_p2             |    xor   |      0|  0|   2|           1|           2|
    |rev12_fu_7502_p2             |    xor   |      0|  0|   2|           1|           2|
    |rev13_fu_7882_p2             |    xor   |      0|  0|   2|           1|           2|
    |rev14_fu_2211_p2             |    xor   |      0|  0|   2|           1|           2|
    |rev2_fu_3390_p2              |    xor   |      0|  0|   2|           1|           2|
    |rev3_fu_3684_p2              |    xor   |      0|  0|   2|           1|           2|
    |rev4_fu_4487_p2              |    xor   |      0|  0|   2|           1|           2|
    |rev5_fu_4906_p2              |    xor   |      0|  0|   2|           1|           2|
    |rev6_fu_1917_p2              |    xor   |      0|  0|   2|           1|           2|
    |rev7_fu_5514_p2              |    xor   |      0|  0|   2|           1|           2|
    |rev8_fu_6277_p2              |    xor   |      0|  0|   2|           1|           2|
    |rev9_fu_2504_p2              |    xor   |      0|  0|   2|           1|           2|
    |rev_fu_1231_p2               |    xor   |      0|  0|   2|           1|           2|
    |sel_tmp1_fu_205_p2           |    xor   |      0|  0|   2|           1|           2|
    |tmp_100_fu_1659_p2           |    xor   |      0|  0|   1|           1|           1|
    |tmp_101_fu_1673_p2           |    xor   |      0|  0|   1|           1|           1|
    |tmp_102_fu_1687_p2           |    xor   |      0|  0|   1|           1|           1|
    |tmp_103_fu_1701_p2           |    xor   |      0|  0|   1|           1|           1|
    |tmp_104_fu_1715_p2           |    xor   |      0|  0|   1|           1|           1|
    |tmp_105_fu_1729_p2           |    xor   |      0|  0|   1|           1|           1|
    |tmp_106_fu_1743_p2           |    xor   |      0|  0|   1|           1|           1|
    |tmp_107_fu_1757_p2           |    xor   |      0|  0|   1|           1|           1|
    |tmp_108_fu_1771_p2           |    xor   |      0|  0|   1|           1|           1|
    |tmp_109_fu_1785_p2           |    xor   |      0|  0|   1|           1|           1|
    |tmp_110_fu_1799_p2           |    xor   |      0|  0|   1|           1|           1|
    |tmp_111_fu_1813_p2           |    xor   |      0|  0|   1|           1|           1|
    |tmp_112_fu_1827_p2           |    xor   |      0|  0|   1|           1|           1|
    |tmp_113_fu_1841_p2           |    xor   |      0|  0|   1|           1|           1|
    |tmp_115_fu_2223_p2           |    xor   |      0|  0|   1|           1|           1|
    |tmp_116_fu_2227_p2           |    xor   |      0|  0|   1|           1|           1|
    |tmp_117_fu_2231_p2           |    xor   |      0|  0|   1|           1|           1|
    |tmp_118_fu_2235_p2           |    xor   |      0|  0|   1|           1|           1|
    |tmp_119_fu_2239_p2           |    xor   |      0|  0|   1|           1|           1|
    |tmp_120_fu_2243_p2           |    xor   |      0|  0|   1|           1|           1|
    |tmp_121_fu_2247_p2           |    xor   |      0|  0|   1|           1|           1|
    |tmp_122_fu_2251_p2           |    xor   |      0|  0|   1|           1|           1|
    |tmp_123_fu_2255_p2           |    xor   |      0|  0|   1|           1|           1|
    |tmp_124_fu_2259_p2           |    xor   |      0|  0|   1|           1|           1|
    |tmp_125_fu_2263_p2           |    xor   |      0|  0|   1|           1|           1|
    |tmp_126_fu_2267_p2           |    xor   |      0|  0|   1|           1|           1|
    |tmp_127_fu_2271_p2           |    xor   |      0|  0|   1|           1|           1|
    |tmp_128_fu_2275_p2           |    xor   |      0|  0|   1|           1|           1|
    |tmp_129_fu_2279_p2           |    xor   |      0|  0|   1|           1|           1|
    |tmp_130_fu_2283_p2           |    xor   |      0|  0|   1|           1|           1|
    |tmp_131_fu_2287_p2           |    xor   |      0|  0|   1|           1|           1|
    |tmp_132_fu_2291_p2           |    xor   |      0|  0|   1|           1|           1|
    |tmp_135_fu_2363_p2           |    xor   |      0|  0|   1|           1|           1|
    |tmp_136_fu_2367_p2           |    xor   |      0|  0|   1|           1|           1|
    |tmp_137_fu_2371_p2           |    xor   |      0|  0|   1|           1|           1|
    |tmp_138_fu_2375_p2           |    xor   |      0|  0|   1|           1|           1|
    |tmp_139_fu_2379_p2           |    xor   |      0|  0|   1|           1|           1|
    |tmp_140_fu_2383_p2           |    xor   |      0|  0|   1|           1|           1|
    |tmp_141_fu_2387_p2           |    xor   |      0|  0|   1|           1|           1|
    |tmp_142_fu_2391_p2           |    xor   |      0|  0|   1|           1|           1|
    |tmp_143_fu_2395_p2           |    xor   |      0|  0|   1|           1|           1|
    |tmp_144_fu_2399_p2           |    xor   |      0|  0|   1|           1|           1|
    |tmp_145_fu_2403_p2           |    xor   |      0|  0|   1|           1|           1|
    |tmp_146_fu_2407_p2           |    xor   |      0|  0|   1|           1|           1|
    |tmp_147_fu_2411_p2           |    xor   |      0|  0|   1|           1|           1|
    |tmp_148_fu_2415_p2           |    xor   |      0|  0|   1|           1|           1|
    |tmp_149_fu_2419_p2           |    xor   |      0|  0|   1|           1|           1|
    |tmp_150_fu_2423_p2           |    xor   |      0|  0|   1|           1|           1|
    |tmp_151_fu_2427_p2           |    xor   |      0|  0|   1|           1|           1|
    |tmp_152_fu_2431_p2           |    xor   |      0|  0|   1|           1|           1|
    |tmp_155_fu_2526_p2           |    xor   |      0|  0|   1|           1|           1|
    |tmp_156_fu_2540_p2           |    xor   |      0|  0|   1|           1|           1|
    |tmp_157_fu_2554_p2           |    xor   |      0|  0|   1|           1|           1|
    |tmp_158_fu_2568_p2           |    xor   |      0|  0|   1|           1|           1|
    |tmp_159_fu_2582_p2           |    xor   |      0|  0|   1|           1|           1|
    |tmp_160_fu_2596_p2           |    xor   |      0|  0|   1|           1|           1|
    |tmp_161_fu_2610_p2           |    xor   |      0|  0|   1|           1|           1|
    |tmp_162_fu_2624_p2           |    xor   |      0|  0|   1|           1|           1|
    |tmp_163_fu_2638_p2           |    xor   |      0|  0|   1|           1|           1|
    |tmp_164_fu_2652_p2           |    xor   |      0|  0|   1|           1|           1|
    |tmp_165_fu_2666_p2           |    xor   |      0|  0|   1|           1|           1|
    |tmp_166_fu_2680_p2           |    xor   |      0|  0|   1|           1|           1|
    |tmp_167_fu_2694_p2           |    xor   |      0|  0|   1|           1|           1|
    |tmp_168_fu_2708_p2           |    xor   |      0|  0|   1|           1|           1|
    |tmp_169_fu_2722_p2           |    xor   |      0|  0|   1|           1|           1|
    |tmp_170_fu_2736_p2           |    xor   |      0|  0|   1|           1|           1|
    |tmp_171_fu_2750_p2           |    xor   |      0|  0|   1|           1|           1|
    |tmp_175_fu_2834_p2           |    xor   |      0|  0|   1|           1|           1|
    |tmp_176_fu_2848_p2           |    xor   |      0|  0|   1|           1|           1|
    |tmp_177_fu_2862_p2           |    xor   |      0|  0|   1|           1|           1|
    |tmp_178_fu_2876_p2           |    xor   |      0|  0|   1|           1|           1|
    |tmp_179_fu_2890_p2           |    xor   |      0|  0|   1|           1|           1|
    |tmp_180_fu_2904_p2           |    xor   |      0|  0|   1|           1|           1|
    |tmp_181_fu_2918_p2           |    xor   |      0|  0|   1|           1|           1|
    |tmp_182_fu_2932_p2           |    xor   |      0|  0|   1|           1|           1|
    |tmp_183_fu_2946_p2           |    xor   |      0|  0|   1|           1|           1|
    |tmp_184_fu_2960_p2           |    xor   |      0|  0|   1|           1|           1|
    |tmp_185_fu_2974_p2           |    xor   |      0|  0|   1|           1|           1|
    |tmp_186_fu_2988_p2           |    xor   |      0|  0|   1|           1|           1|
    |tmp_187_fu_3002_p2           |    xor   |      0|  0|   1|           1|           1|
    |tmp_188_fu_3016_p2           |    xor   |      0|  0|   1|           1|           1|
    |tmp_189_fu_3030_p2           |    xor   |      0|  0|   1|           1|           1|
    |tmp_190_fu_3044_p2           |    xor   |      0|  0|   1|           1|           1|
    |tmp_191_fu_3058_p2           |    xor   |      0|  0|   1|           1|           1|
    |tmp_195_fu_3402_p2           |    xor   |      0|  0|   1|           1|           1|
    |tmp_196_fu_3406_p2           |    xor   |      0|  0|   1|           1|           1|
    |tmp_197_fu_3410_p2           |    xor   |      0|  0|   1|           1|           1|
    |tmp_198_fu_3414_p2           |    xor   |      0|  0|   1|           1|           1|
    |tmp_199_fu_3418_p2           |    xor   |      0|  0|   1|           1|           1|
    |tmp_200_fu_3422_p2           |    xor   |      0|  0|   1|           1|           1|
    |tmp_201_fu_3426_p2           |    xor   |      0|  0|   1|           1|           1|
    |tmp_202_fu_3430_p2           |    xor   |      0|  0|   1|           1|           1|
    |tmp_203_fu_3434_p2           |    xor   |      0|  0|   1|           1|           1|
    |tmp_204_fu_3438_p2           |    xor   |      0|  0|   1|           1|           1|
    |tmp_205_fu_3442_p2           |    xor   |      0|  0|   1|           1|           1|
    |tmp_206_fu_3446_p2           |    xor   |      0|  0|   1|           1|           1|
    |tmp_207_fu_3450_p2           |    xor   |      0|  0|   1|           1|           1|
    |tmp_208_fu_3454_p2           |    xor   |      0|  0|   1|           1|           1|
    |tmp_209_fu_3458_p2           |    xor   |      0|  0|   1|           1|           1|
    |tmp_210_fu_3462_p2           |    xor   |      0|  0|   1|           1|           1|
    |tmp_215_fu_3534_p2           |    xor   |      0|  0|   1|           1|           1|
    |tmp_216_fu_3539_p2           |    xor   |      0|  0|   1|           1|           1|
    |tmp_217_fu_3544_p2           |    xor   |      0|  0|   1|           1|           1|
    |tmp_218_fu_3549_p2           |    xor   |      0|  0|   1|           1|           1|
    |tmp_219_fu_3554_p2           |    xor   |      0|  0|   1|           1|           1|
    |tmp_220_fu_3559_p2           |    xor   |      0|  0|   1|           1|           1|
    |tmp_221_fu_3564_p2           |    xor   |      0|  0|   1|           1|           1|
    |tmp_222_fu_3569_p2           |    xor   |      0|  0|   1|           1|           1|
    |tmp_223_fu_3574_p2           |    xor   |      0|  0|   1|           1|           1|
    |tmp_224_fu_3579_p2           |    xor   |      0|  0|   1|           1|           1|
    |tmp_225_fu_3584_p2           |    xor   |      0|  0|   1|           1|           1|
    |tmp_226_fu_3589_p2           |    xor   |      0|  0|   1|           1|           1|
    |tmp_227_fu_3594_p2           |    xor   |      0|  0|   1|           1|           1|
    |tmp_228_fu_3599_p2           |    xor   |      0|  0|   1|           1|           1|
    |tmp_229_fu_3604_p2           |    xor   |      0|  0|   1|           1|           1|
    |tmp_230_fu_3609_p2           |    xor   |      0|  0|   1|           1|           1|
    |tmp_235_fu_3706_p2           |    xor   |      0|  0|   1|           1|           1|
    |tmp_236_fu_3720_p2           |    xor   |      0|  0|   1|           1|           1|
    |tmp_237_fu_3734_p2           |    xor   |      0|  0|   1|           1|           1|
    |tmp_238_fu_3748_p2           |    xor   |      0|  0|   1|           1|           1|
    |tmp_239_fu_3762_p2           |    xor   |      0|  0|   1|           1|           1|
    |tmp_240_fu_3776_p2           |    xor   |      0|  0|   1|           1|           1|
    |tmp_241_fu_3790_p2           |    xor   |      0|  0|   1|           1|           1|
    |tmp_242_fu_3804_p2           |    xor   |      0|  0|   1|           1|           1|
    |tmp_243_fu_3818_p2           |    xor   |      0|  0|   1|           1|           1|
    |tmp_244_fu_3832_p2           |    xor   |      0|  0|   1|           1|           1|
    |tmp_245_fu_3846_p2           |    xor   |      0|  0|   1|           1|           1|
    |tmp_246_fu_3860_p2           |    xor   |      0|  0|   1|           1|           1|
    |tmp_247_fu_3874_p2           |    xor   |      0|  0|   1|           1|           1|
    |tmp_248_fu_3888_p2           |    xor   |      0|  0|   1|           1|           1|
    |tmp_249_fu_3902_p2           |    xor   |      0|  0|   1|           1|           1|
    |tmp_255_fu_3978_p2           |    xor   |      0|  0|   1|           1|           1|
    |tmp_256_fu_3992_p2           |    xor   |      0|  0|   1|           1|           1|
    |tmp_257_fu_4006_p2           |    xor   |      0|  0|   1|           1|           1|
    |tmp_258_fu_4020_p2           |    xor   |      0|  0|   1|           1|           1|
    |tmp_259_fu_4034_p2           |    xor   |      0|  0|   1|           1|           1|
    |tmp_260_fu_4048_p2           |    xor   |      0|  0|   1|           1|           1|
    |tmp_261_fu_4062_p2           |    xor   |      0|  0|   1|           1|           1|
    |tmp_262_fu_4076_p2           |    xor   |      0|  0|   1|           1|           1|
    |tmp_263_fu_4090_p2           |    xor   |      0|  0|   1|           1|           1|
    |tmp_264_fu_4104_p2           |    xor   |      0|  0|   1|           1|           1|
    |tmp_265_fu_4118_p2           |    xor   |      0|  0|   1|           1|           1|
    |tmp_266_fu_4132_p2           |    xor   |      0|  0|   1|           1|           1|
    |tmp_267_fu_4146_p2           |    xor   |      0|  0|   1|           1|           1|
    |tmp_268_fu_4160_p2           |    xor   |      0|  0|   1|           1|           1|
    |tmp_269_fu_4174_p2           |    xor   |      0|  0|   1|           1|           1|
    |tmp_275_fu_4508_p2           |    xor   |      0|  0|   1|           1|           1|
    |tmp_276_fu_4522_p2           |    xor   |      0|  0|   1|           1|           1|
    |tmp_277_fu_4536_p2           |    xor   |      0|  0|   1|           1|           1|
    |tmp_278_fu_4550_p2           |    xor   |      0|  0|   1|           1|           1|
    |tmp_279_fu_4564_p2           |    xor   |      0|  0|   1|           1|           1|
    |tmp_280_fu_4578_p2           |    xor   |      0|  0|   1|           1|           1|
    |tmp_281_fu_4592_p2           |    xor   |      0|  0|   1|           1|           1|
    |tmp_282_fu_4606_p2           |    xor   |      0|  0|   1|           1|           1|
    |tmp_283_fu_4620_p2           |    xor   |      0|  0|   1|           1|           1|
    |tmp_284_fu_4634_p2           |    xor   |      0|  0|   1|           1|           1|
    |tmp_285_fu_4648_p2           |    xor   |      0|  0|   1|           1|           1|
    |tmp_286_fu_4662_p2           |    xor   |      0|  0|   1|           1|           1|
    |tmp_287_fu_4676_p2           |    xor   |      0|  0|   1|           1|           1|
    |tmp_288_fu_4690_p2           |    xor   |      0|  0|   1|           1|           1|
    |tmp_295_fu_4766_p2           |    xor   |      0|  0|   1|           1|           1|
    |tmp_296_fu_4771_p2           |    xor   |      0|  0|   1|           1|           1|
    |tmp_297_fu_4776_p2           |    xor   |      0|  0|   1|           1|           1|
    |tmp_298_fu_4781_p2           |    xor   |      0|  0|   1|           1|           1|
    |tmp_299_fu_4786_p2           |    xor   |      0|  0|   1|           1|           1|
    |tmp_300_fu_4791_p2           |    xor   |      0|  0|   1|           1|           1|
    |tmp_301_fu_4796_p2           |    xor   |      0|  0|   1|           1|           1|
    |tmp_302_fu_4801_p2           |    xor   |      0|  0|   1|           1|           1|
    |tmp_303_fu_4806_p2           |    xor   |      0|  0|   1|           1|           1|
    |tmp_304_fu_4811_p2           |    xor   |      0|  0|   1|           1|           1|
    |tmp_305_fu_4816_p2           |    xor   |      0|  0|   1|           1|           1|
    |tmp_306_fu_4821_p2           |    xor   |      0|  0|   1|           1|           1|
    |tmp_307_fu_4826_p2           |    xor   |      0|  0|   1|           1|           1|
    |tmp_308_fu_4831_p2           |    xor   |      0|  0|   1|           1|           1|
    |tmp_315_fu_5273_p2           |    xor   |      0|  0|   1|           1|           1|
    |tmp_316_fu_5277_p2           |    xor   |      0|  0|   1|           1|           1|
    |tmp_317_fu_5281_p2           |    xor   |      0|  0|   1|           1|           1|
    |tmp_318_fu_5285_p2           |    xor   |      0|  0|   1|           1|           1|
    |tmp_319_fu_5289_p2           |    xor   |      0|  0|   1|           1|           1|
    |tmp_320_fu_5293_p2           |    xor   |      0|  0|   1|           1|           1|
    |tmp_321_fu_5297_p2           |    xor   |      0|  0|   1|           1|           1|
    |tmp_322_fu_5301_p2           |    xor   |      0|  0|   1|           1|           1|
    |tmp_323_fu_5305_p2           |    xor   |      0|  0|   1|           1|           1|
    |tmp_324_fu_5309_p2           |    xor   |      0|  0|   1|           1|           1|
    |tmp_325_fu_5313_p2           |    xor   |      0|  0|   1|           1|           1|
    |tmp_326_fu_5317_p2           |    xor   |      0|  0|   1|           1|           1|
    |tmp_327_fu_5321_p2           |    xor   |      0|  0|   1|           1|           1|
    |tmp_332_fu_5393_p2           |    xor   |      0|  0|   1|           1|           1|
    |tmp_333_fu_5397_p2           |    xor   |      0|  0|   1|           1|           1|
    |tmp_334_fu_5401_p2           |    xor   |      0|  0|   1|           1|           1|
    |tmp_335_fu_5405_p2           |    xor   |      0|  0|   1|           1|           1|
    |tmp_336_fu_5409_p2           |    xor   |      0|  0|   1|           1|           1|
    |tmp_337_fu_5413_p2           |    xor   |      0|  0|   1|           1|           1|
    |tmp_338_fu_5417_p2           |    xor   |      0|  0|   1|           1|           1|
    |tmp_339_fu_5421_p2           |    xor   |      0|  0|   1|           1|           1|
    |tmp_340_fu_5425_p2           |    xor   |      0|  0|   1|           1|           1|
    |tmp_341_fu_5429_p2           |    xor   |      0|  0|   1|           1|           1|
    |tmp_342_fu_5433_p2           |    xor   |      0|  0|   1|           1|           1|
    |tmp_343_fu_5437_p2           |    xor   |      0|  0|   1|           1|           1|
    |tmp_344_fu_5441_p2           |    xor   |      0|  0|   1|           1|           1|
    |tmp_345_fu_5536_p2           |    xor   |      0|  0|   1|           1|           1|
    |tmp_346_fu_5550_p2           |    xor   |      0|  0|   1|           1|           1|
    |tmp_347_fu_5564_p2           |    xor   |      0|  0|   1|           1|           1|
    |tmp_348_fu_5578_p2           |    xor   |      0|  0|   1|           1|           1|
    |tmp_349_fu_5592_p2           |    xor   |      0|  0|   1|           1|           1|
    |tmp_350_fu_5606_p2           |    xor   |      0|  0|   1|           1|           1|
    |tmp_351_fu_5620_p2           |    xor   |      0|  0|   1|           1|           1|
    |tmp_352_fu_5634_p2           |    xor   |      0|  0|   1|           1|           1|
    |tmp_353_fu_5648_p2           |    xor   |      0|  0|   1|           1|           1|
    |tmp_354_fu_5662_p2           |    xor   |      0|  0|   1|           1|           1|
    |tmp_355_fu_5676_p2           |    xor   |      0|  0|   1|           1|           1|
    |tmp_356_fu_5690_p2           |    xor   |      0|  0|   1|           1|           1|
    |tmp_357_fu_5774_p2           |    xor   |      0|  0|   1|           1|           1|
    |tmp_358_fu_5788_p2           |    xor   |      0|  0|   1|           1|           1|
    |tmp_359_fu_5802_p2           |    xor   |      0|  0|   1|           1|           1|
    |tmp_360_fu_5816_p2           |    xor   |      0|  0|   1|           1|           1|
    |tmp_361_fu_5830_p2           |    xor   |      0|  0|   1|           1|           1|
    |tmp_362_fu_5844_p2           |    xor   |      0|  0|   1|           1|           1|
    |tmp_363_fu_5858_p2           |    xor   |      0|  0|   1|           1|           1|
    |tmp_364_fu_5872_p2           |    xor   |      0|  0|   1|           1|           1|
    |tmp_365_fu_5886_p2           |    xor   |      0|  0|   1|           1|           1|
    |tmp_366_fu_5900_p2           |    xor   |      0|  0|   1|           1|           1|
    |tmp_367_fu_5914_p2           |    xor   |      0|  0|   1|           1|           1|
    |tmp_368_fu_5928_p2           |    xor   |      0|  0|   1|           1|           1|
    |tmp_369_fu_6289_p2           |    xor   |      0|  0|   1|           1|           1|
    |tmp_370_fu_6293_p2           |    xor   |      0|  0|   1|           1|           1|
    |tmp_371_fu_6297_p2           |    xor   |      0|  0|   1|           1|           1|
    |tmp_372_fu_6301_p2           |    xor   |      0|  0|   1|           1|           1|
    |tmp_373_fu_6305_p2           |    xor   |      0|  0|   1|           1|           1|
    |tmp_374_fu_6309_p2           |    xor   |      0|  0|   1|           1|           1|
    |tmp_375_fu_6313_p2           |    xor   |      0|  0|   1|           1|           1|
    |tmp_376_fu_6317_p2           |    xor   |      0|  0|   1|           1|           1|
    |tmp_377_fu_6321_p2           |    xor   |      0|  0|   1|           1|           1|
    |tmp_378_fu_6325_p2           |    xor   |      0|  0|   1|           1|           1|
    |tmp_379_fu_6329_p2           |    xor   |      0|  0|   1|           1|           1|
    |tmp_380_fu_6401_p2           |    xor   |      0|  0|   1|           1|           1|
    |tmp_381_fu_6406_p2           |    xor   |      0|  0|   1|           1|           1|
    |tmp_382_fu_6411_p2           |    xor   |      0|  0|   1|           1|           1|
    |tmp_383_fu_6416_p2           |    xor   |      0|  0|   1|           1|           1|
    |tmp_384_fu_6421_p2           |    xor   |      0|  0|   1|           1|           1|
    |tmp_385_fu_6426_p2           |    xor   |      0|  0|   1|           1|           1|
    |tmp_386_fu_6431_p2           |    xor   |      0|  0|   1|           1|           1|
    |tmp_387_fu_6436_p2           |    xor   |      0|  0|   1|           1|           1|
    |tmp_388_fu_6441_p2           |    xor   |      0|  0|   1|           1|           1|
    |tmp_389_fu_6446_p2           |    xor   |      0|  0|   1|           1|           1|
    |tmp_390_fu_6451_p2           |    xor   |      0|  0|   1|           1|           1|
    |tmp_391_fu_6598_p2           |    xor   |      0|  0|   1|           1|           1|
    |tmp_392_fu_6612_p2           |    xor   |      0|  0|   1|           1|           1|
    |tmp_393_fu_6626_p2           |    xor   |      0|  0|   1|           1|           1|
    |tmp_394_fu_6640_p2           |    xor   |      0|  0|   1|           1|           1|
    |tmp_395_fu_6654_p2           |    xor   |      0|  0|   1|           1|           1|
    |tmp_396_fu_6668_p2           |    xor   |      0|  0|   1|           1|           1|
    |tmp_397_fu_6682_p2           |    xor   |      0|  0|   1|           1|           1|
    |tmp_398_fu_6696_p2           |    xor   |      0|  0|   1|           1|           1|
    |tmp_399_fu_6710_p2           |    xor   |      0|  0|   1|           1|           1|
    |tmp_400_fu_6724_p2           |    xor   |      0|  0|   1|           1|           1|
    |tmp_401_fu_6800_p2           |    xor   |      0|  0|   1|           1|           1|
    |tmp_402_fu_6814_p2           |    xor   |      0|  0|   1|           1|           1|
    |tmp_403_fu_6828_p2           |    xor   |      0|  0|   1|           1|           1|
    |tmp_404_fu_6842_p2           |    xor   |      0|  0|   1|           1|           1|
    |tmp_405_fu_6856_p2           |    xor   |      0|  0|   1|           1|           1|
    |tmp_406_fu_6870_p2           |    xor   |      0|  0|   1|           1|           1|
    |tmp_407_fu_6884_p2           |    xor   |      0|  0|   1|           1|           1|
    |tmp_408_fu_6898_p2           |    xor   |      0|  0|   1|           1|           1|
    |tmp_409_fu_6912_p2           |    xor   |      0|  0|   1|           1|           1|
    |tmp_410_fu_6926_p2           |    xor   |      0|  0|   1|           1|           1|
    |tmp_411_fu_7129_p2           |    xor   |      0|  0|   1|           1|           1|
    |tmp_412_fu_7143_p2           |    xor   |      0|  0|   1|           1|           1|
    |tmp_413_fu_7157_p2           |    xor   |      0|  0|   1|           1|           1|
    |tmp_414_fu_7171_p2           |    xor   |      0|  0|   1|           1|           1|
    |tmp_415_fu_7185_p2           |    xor   |      0|  0|   1|           1|           1|
    |tmp_416_fu_7199_p2           |    xor   |      0|  0|   1|           1|           1|
    |tmp_417_fu_7213_p2           |    xor   |      0|  0|   1|           1|           1|
    |tmp_418_fu_7227_p2           |    xor   |      0|  0|   1|           1|           1|
    |tmp_419_fu_7241_p2           |    xor   |      0|  0|   1|           1|           1|
    |tmp_420_fu_7317_p2           |    xor   |      0|  0|   1|           1|           1|
    |tmp_421_fu_7322_p2           |    xor   |      0|  0|   1|           1|           1|
    |tmp_422_fu_7327_p2           |    xor   |      0|  0|   1|           1|           1|
    |tmp_423_fu_7332_p2           |    xor   |      0|  0|   1|           1|           1|
    |tmp_424_fu_7337_p2           |    xor   |      0|  0|   1|           1|           1|
    |tmp_425_fu_7342_p2           |    xor   |      0|  0|   1|           1|           1|
    |tmp_426_fu_7347_p2           |    xor   |      0|  0|   1|           1|           1|
    |tmp_427_fu_7352_p2           |    xor   |      0|  0|   1|           1|           1|
    |tmp_428_fu_7357_p2           |    xor   |      0|  0|   1|           1|           1|
    |tmp_429_fu_7643_p2           |    xor   |      0|  0|   1|           1|           1|
    |tmp_430_fu_7647_p2           |    xor   |      0|  0|   1|           1|           1|
    |tmp_431_fu_7651_p2           |    xor   |      0|  0|   1|           1|           1|
    |tmp_432_fu_7655_p2           |    xor   |      0|  0|   1|           1|           1|
    |tmp_433_fu_7659_p2           |    xor   |      0|  0|   1|           1|           1|
    |tmp_434_fu_7663_p2           |    xor   |      0|  0|   1|           1|           1|
    |tmp_435_fu_7667_p2           |    xor   |      0|  0|   1|           1|           1|
    |tmp_436_fu_7671_p2           |    xor   |      0|  0|   1|           1|           1|
    |tmp_437_fu_7733_p2           |    xor   |      0|  0|   1|           1|           1|
    |tmp_438_fu_7737_p2           |    xor   |      0|  0|   1|           1|           1|
    |tmp_439_fu_7741_p2           |    xor   |      0|  0|   1|           1|           1|
    |tmp_43_10_fu_671_p2          |    xor   |      0|  0|   2|           1|           2|
    |tmp_43_11_fu_715_p2          |    xor   |      0|  0|   2|           1|           2|
    |tmp_43_12_fu_759_p2          |    xor   |      0|  0|   2|           1|           2|
    |tmp_43_13_fu_803_p2          |    xor   |      0|  0|   2|           1|           2|
    |tmp_43_14_fu_847_p2          |    xor   |      0|  0|   2|           1|           2|
    |tmp_43_1_fu_539_p2           |    xor   |      0|  0|   2|           1|           2|
    |tmp_43_2_fu_583_p2           |    xor   |      0|  0|   2|           1|           2|
    |tmp_43_3_fu_627_p2           |    xor   |      0|  0|   2|           1|           2|
    |tmp_43_4_fu_231_p2           |    xor   |      0|  0|   2|           1|           2|
    |tmp_43_5_fu_275_p2           |    xor   |      0|  0|   2|           1|           2|
    |tmp_43_6_fu_319_p2           |    xor   |      0|  0|   2|           1|           2|
    |tmp_43_7_fu_363_p2           |    xor   |      0|  0|   2|           1|           2|
    |tmp_43_8_fu_407_p2           |    xor   |      0|  0|   2|           1|           2|
    |tmp_43_9_fu_451_p2           |    xor   |      0|  0|   2|           1|           2|
    |tmp_43_s_fu_495_p2           |    xor   |      0|  0|   2|           1|           2|
    |tmp_440_fu_7745_p2           |    xor   |      0|  0|   1|           1|           1|
    |tmp_441_fu_7749_p2           |    xor   |      0|  0|   1|           1|           1|
    |tmp_442_fu_7753_p2           |    xor   |      0|  0|   1|           1|           1|
    |tmp_443_fu_7757_p2           |    xor   |      0|  0|   1|           1|           1|
    |tmp_444_fu_7761_p2           |    xor   |      0|  0|   1|           1|           1|
    |tmp_445_fu_7904_p2           |    xor   |      0|  0|   1|           1|           1|
    |tmp_446_fu_7918_p2           |    xor   |      0|  0|   1|           1|           1|
    |tmp_447_fu_7932_p2           |    xor   |      0|  0|   1|           1|           1|
    |tmp_448_fu_7946_p2           |    xor   |      0|  0|   1|           1|           1|
    |tmp_449_fu_7960_p2           |    xor   |      0|  0|   1|           1|           1|
    |tmp_450_fu_7974_p2           |    xor   |      0|  0|   1|           1|           1|
    |tmp_451_fu_7988_p2           |    xor   |      0|  0|   1|           1|           1|
    |tmp_45_10_fu_677_p2          |    xor   |      0|  0|   2|           1|           2|
    |tmp_45_11_fu_721_p2          |    xor   |      0|  0|   2|           1|           2|
    |tmp_45_12_fu_765_p2          |    xor   |      0|  0|   2|           1|           2|
    |tmp_45_13_fu_809_p2          |    xor   |      0|  0|   2|           1|           2|
    |tmp_45_14_fu_853_p2          |    xor   |      0|  0|   2|           1|           2|
    |tmp_45_1_fu_545_p2           |    xor   |      0|  0|   2|           1|           2|
    |tmp_45_2_fu_589_p2           |    xor   |      0|  0|   2|           1|           2|
    |tmp_45_3_fu_633_p2           |    xor   |      0|  0|   2|           1|           2|
    |tmp_45_4_fu_237_p2           |    xor   |      0|  0|   2|           1|           2|
    |tmp_45_5_fu_281_p2           |    xor   |      0|  0|   2|           1|           2|
    |tmp_45_6_fu_325_p2           |    xor   |      0|  0|   2|           1|           2|
    |tmp_45_7_fu_369_p2           |    xor   |      0|  0|   2|           1|           2|
    |tmp_45_8_fu_413_p2           |    xor   |      0|  0|   2|           1|           2|
    |tmp_45_9_fu_457_p2           |    xor   |      0|  0|   2|           1|           2|
    |tmp_45_s_fu_501_p2           |    xor   |      0|  0|   2|           1|           2|
    |tmp_5_fu_1115_p2             |    xor   |      0|  0|   2|           1|           2|
    |tmp_75_fu_1253_p2            |    xor   |      0|  0|   1|           1|           1|
    |tmp_76_fu_1267_p2            |    xor   |      0|  0|   1|           1|           1|
    |tmp_77_fu_1281_p2            |    xor   |      0|  0|   1|           1|           1|
    |tmp_78_fu_1295_p2            |    xor   |      0|  0|   1|           1|           1|
    |tmp_79_fu_1309_p2            |    xor   |      0|  0|   1|           1|           1|
    |tmp_80_fu_1323_p2            |    xor   |      0|  0|   1|           1|           1|
    |tmp_81_fu_1337_p2            |    xor   |      0|  0|   1|           1|           1|
    |tmp_82_fu_1351_p2            |    xor   |      0|  0|   1|           1|           1|
    |tmp_83_fu_1365_p2            |    xor   |      0|  0|   1|           1|           1|
    |tmp_84_fu_1379_p2            |    xor   |      0|  0|   1|           1|           1|
    |tmp_85_fu_1393_p2            |    xor   |      0|  0|   1|           1|           1|
    |tmp_86_fu_1407_p2            |    xor   |      0|  0|   1|           1|           1|
    |tmp_87_fu_1421_p2            |    xor   |      0|  0|   1|           1|           1|
    |tmp_88_fu_1435_p2            |    xor   |      0|  0|   1|           1|           1|
    |tmp_89_fu_1449_p2            |    xor   |      0|  0|   1|           1|           1|
    |tmp_90_fu_1463_p2            |    xor   |      0|  0|   1|           1|           1|
    |tmp_91_fu_1477_p2            |    xor   |      0|  0|   1|           1|           1|
    |tmp_92_fu_1491_p2            |    xor   |      0|  0|   1|           1|           1|
    |tmp_93_fu_1505_p2            |    xor   |      0|  0|   1|           1|           1|
    |tmp_95_fu_1589_p2            |    xor   |      0|  0|   1|           1|           1|
    |tmp_96_fu_1603_p2            |    xor   |      0|  0|   1|           1|           1|
    |tmp_97_fu_1617_p2            |    xor   |      0|  0|   1|           1|           1|
    |tmp_98_fu_1631_p2            |    xor   |      0|  0|   1|           1|           1|
    |tmp_99_fu_1645_p2            |    xor   |      0|  0|   1|           1|           1|
    +-----------------------------+----------+-------+---+----+------------+------------+
    |Total                        |          |      0|  0|1492|        1319|        1494|
    +-----------------------------+----------+-------+---+----+------------+------------+

    * Multiplexer: 
    +-------------------------------------------+----+-----------+-----+-----------+
    |                    Name                   | LUT| Input Size| Bits| Total Bits|
    +-------------------------------------------+----+-----------+-----+-----------+
    |ap_reg_phiprechg_p_Val2_s_reg_126pp0_it10  |   2|          4|    2|          8|
    |ap_reg_phiprechg_p_Val2_s_reg_126pp0_it2   |   2|          2|    2|          4|
    +-------------------------------------------+----+-----------+-----+-----------+
    |Total                                      |   4|          6|    4|         12|
    +-------------------------------------------+----+-----------+-----+-----------+

    * Register: 
    +-----------------------------------------------+----+----+-----+-----------+
    |                      Name                     | FF | LUT| Bits| Const Bits|
    +-----------------------------------------------+----+----+-----+-----------+
    |ap_reg_phiprechg_p_Val2_s_reg_126pp0_it10      |   2|   0|    2|          0|
    |ap_reg_phiprechg_p_Val2_s_reg_126pp0_it2       |   2|   0|    2|          0|
    |ap_reg_phiprechg_p_Val2_s_reg_126pp0_it3       |   2|   0|    2|          0|
    |ap_reg_phiprechg_p_Val2_s_reg_126pp0_it4       |   2|   0|    2|          0|
    |ap_reg_phiprechg_p_Val2_s_reg_126pp0_it5       |   2|   0|    2|          0|
    |ap_reg_phiprechg_p_Val2_s_reg_126pp0_it6       |   2|   0|    2|          0|
    |ap_reg_phiprechg_p_Val2_s_reg_126pp0_it7       |   2|   0|    2|          0|
    |ap_reg_phiprechg_p_Val2_s_reg_126pp0_it8       |   2|   0|    2|          0|
    |ap_reg_phiprechg_p_Val2_s_reg_126pp0_it9       |   2|   0|    2|          0|
    |ap_reg_ppstg_p_Result_166_11_reg_9893_pp0_it9  |  20|   0|   20|          0|
    |ap_reg_ppstg_rev2_reg_8974_pp0_it4             |   1|   0|    1|          0|
    |ap_reg_ppstg_rev3_reg_9007_pp0_it4             |   1|   0|    1|          0|
    |ap_reg_ppstg_rev5_reg_9261_pp0_it5             |   1|   0|    1|          0|
    |ap_reg_ppstg_rev9_reg_8757_pp0_it3             |   1|   0|    1|          0|
    |ap_reg_ppstg_tmp_1055_reg_9898_pp0_it9         |   1|   0|    1|          0|
    |ap_reg_ppstg_tmp_787_reg_8743_pp0_it3          |   1|   0|    1|          0|
    |ap_reg_ppstg_tmp_855_reg_8994_pp0_it4          |   1|   0|    1|          0|
    |ap_reg_ppstg_tmp_915_reg_9223_pp0_it5          |   1|   0|    1|          0|
    |p_Result_154_2_reg_8772                        |  20|   0|   20|          0|
    |p_Result_154_4_reg_9024                        |  20|   0|   20|          0|
    |p_Result_154_5_reg_9213                        |  20|   0|   20|          0|
    |p_Result_154_7_reg_9444                        |  20|   0|   20|          0|
    |p_Result_154_9_reg_9641                        |  20|   0|   20|          0|
    |p_Result_154_s_reg_9751                        |  20|   0|   20|          0|
    |p_Result_160_2_reg_8777                        |  20|   0|   20|          0|
    |p_Result_160_3_reg_8989                        |  20|   0|   20|          0|
    |p_Result_160_5_reg_9218                        |  20|   0|   20|          0|
    |p_Result_160_7_reg_9449                        |  20|   0|   20|          0|
    |p_Result_160_8_reg_9601                        |  20|   0|   20|          0|
    |p_Result_160_s_reg_9756                        |  20|   0|   20|          0|
    |p_Result_166_11_reg_9893                       |  20|   0|   20|          0|
    |p_Result_166_2_reg_9179                        |  20|   0|   20|          0|
    |p_Result_166_5_reg_9410                        |  20|   0|   20|          0|
    |p_Result_166_8_reg_9606                        |  20|   0|   20|          0|
    |p_Result_166_s_reg_9761                        |  20|   0|   20|          0|
    |p_Result_4_reg_8481                            |  20|   0|   20|          0|
    |p_Result_6_reg_8448                            |   1|   0|    4|          3|
    |p_Result_8_reg_8486                            |  20|   0|   20|          0|
    |rev10_reg_9635                                 |   1|   0|    1|          0|
    |rev12_reg_9799                                 |   1|   0|    1|          0|
    |rev14_reg_8738                                 |   1|   0|    1|          0|
    |rev2_reg_8974                                  |   1|   0|    1|          0|
    |rev3_reg_9007                                  |   1|   0|    1|          0|
    |rev4_reg_9208                                  |   1|   0|    1|          0|
    |rev5_reg_9261                                  |   1|   0|    1|          0|
    |rev6_reg_8524                                  |   1|   0|    1|          0|
    |rev7_reg_9439                                  |   1|   0|    1|          0|
    |rev9_reg_8757                                  |   1|   0|    1|          0|
    |rev_reg_8467                                   |   1|   0|    1|          0|
    |sel_tmp2_reg_8284                              |   1|   0|    1|          0|
    |tmp_1021_reg_9706                              |   1|   0|    1|          0|
    |tmp_1022_reg_9711                              |   1|   0|    1|          0|
    |tmp_1023_reg_9716                              |   1|   0|    1|          0|
    |tmp_1024_reg_9721                              |   1|   0|    1|          0|
    |tmp_1025_reg_9726                              |   1|   0|    1|          0|
    |tmp_1026_reg_9731                              |   1|   0|    1|          0|
    |tmp_1027_reg_9736                              |   1|   0|    1|          0|
    |tmp_1028_reg_9741                              |   1|   0|    1|          0|
    |tmp_1029_reg_9746                              |   1|   0|    1|          0|
    |tmp_1030_reg_9766                              |   1|   0|    1|          0|
    |tmp_1031_reg_9813                              |   1|   0|    1|          0|
    |tmp_1032_reg_9818                              |   1|   0|    1|          0|
    |tmp_1033_reg_9823                              |   1|   0|    1|          0|
    |tmp_1034_reg_9828                              |   1|   0|    1|          0|
    |tmp_1035_reg_9833                              |   1|   0|    1|          0|
    |tmp_1036_reg_9838                              |   1|   0|    1|          0|
    |tmp_1037_reg_9843                              |   1|   0|    1|          0|
    |tmp_1038_reg_9848                              |   1|   0|    1|          0|
    |tmp_1039_reg_9853                              |   1|   0|    1|          0|
    |tmp_1040_reg_9858                              |   1|   0|    1|          0|
    |tmp_1041_reg_9863                              |   1|   0|    1|          0|
    |tmp_1042_reg_9868                              |   1|   0|    1|          0|
    |tmp_1043_reg_9873                              |   1|   0|    1|          0|
    |tmp_1044_reg_9878                              |   1|   0|    1|          0|
    |tmp_1045_reg_9883                              |   1|   0|    1|          0|
    |tmp_1046_reg_9888                              |   1|   0|    1|          0|
    |tmp_1055_reg_9898                              |   1|   0|    1|          0|
    |tmp_11_reg_8298                                |   1|   0|    1|          0|
    |tmp_13_reg_8303                                |   1|   0|    1|          0|
    |tmp_15_reg_8308                                |   1|   0|    1|          0|
    |tmp_17_reg_8313                                |   1|   0|    1|          0|
    |tmp_19_reg_8318                                |   1|   0|    1|          0|
    |tmp_21_reg_8323                                |   1|   0|    1|          0|
    |tmp_23_reg_8328                                |   1|   0|    1|          0|
    |tmp_255_reg_9029                               |   1|   0|    1|          0|
    |tmp_256_reg_9034                               |   1|   0|    1|          0|
    |tmp_257_reg_9039                               |   1|   0|    1|          0|
    |tmp_258_reg_9044                               |   1|   0|    1|          0|
    |tmp_259_reg_9049                               |   1|   0|    1|          0|
    |tmp_260_reg_9054                               |   1|   0|    1|          0|
    |tmp_261_reg_9059                               |   1|   0|    1|          0|
    |tmp_262_reg_9064                               |   1|   0|    1|          0|
    |tmp_263_reg_9069                               |   1|   0|    1|          0|
    |tmp_264_reg_9074                               |   1|   0|    1|          0|
    |tmp_265_reg_9079                               |   1|   0|    1|          0|
    |tmp_266_reg_9084                               |   1|   0|    1|          0|
    |tmp_267_reg_9089                               |   1|   0|    1|          0|
    |tmp_268_reg_9094                               |   1|   0|    1|          0|
    |tmp_269_reg_9099                               |   1|   0|    1|          0|
    |tmp_29_reg_8333                                |   1|   0|    1|          0|
    |tmp_31_reg_8338                                |   1|   0|    1|          0|
    |tmp_33_reg_8343                                |   1|   0|    1|          0|
    |tmp_35_reg_8348                                |   1|   0|    1|          0|
    |tmp_37_reg_8353                                |   1|   0|    1|          0|
    |tmp_39_reg_8358                                |   1|   0|    1|          0|
    |tmp_3_reg_8293                                 |   1|   0|    1|          0|
    |tmp_401_reg_9646                               |   1|   0|    1|          0|
    |tmp_402_reg_9651                               |   1|   0|    1|          0|
    |tmp_403_reg_9656                               |   1|   0|    1|          0|
    |tmp_404_reg_9661                               |   1|   0|    1|          0|
    |tmp_405_reg_9666                               |   1|   0|    1|          0|
    |tmp_406_reg_9671                               |   1|   0|    1|          0|
    |tmp_407_reg_9676                               |   1|   0|    1|          0|
    |tmp_408_reg_9681                               |   1|   0|    1|          0|
    |tmp_409_reg_9686                               |   1|   0|    1|          0|
    |tmp_410_reg_9691                               |   1|   0|    1|          0|
    |tmp_41_reg_8363                                |   1|   0|    1|          0|
    |tmp_43_reg_8368                                |   1|   0|    1|          0|
    |tmp_46_reg_8373                                |   1|   0|    1|          0|
    |tmp_48_reg_8378                                |   1|   0|    1|          0|
    |tmp_50_reg_8383                                |   1|   0|    1|          0|
    |tmp_52_reg_8388                                |   1|   0|    1|          0|
    |tmp_54_reg_8393                                |   1|   0|    1|          0|
    |tmp_56_reg_8398                                |   1|   0|    1|          0|
    |tmp_58_reg_8403                                |   1|   0|    1|          0|
    |tmp_60_reg_8408                                |   1|   0|    1|          0|
    |tmp_62_reg_8413                                |   1|   0|    1|          0|
    |tmp_64_reg_8418                                |   1|   0|    1|          0|
    |tmp_66_reg_8423                                |   1|   0|    1|          0|
    |tmp_680_reg_8278                               |   1|   0|    1|          0|
    |tmp_68_reg_8428                                |   1|   0|    1|          0|
    |tmp_70_reg_8433                                |   1|   0|    1|          0|
    |tmp_711_reg_8452                               |   1|   0|    1|          0|
    |tmp_72_reg_8438                                |   1|   0|    1|          0|
    |tmp_74_reg_8443                                |   1|   0|    1|          0|
    |tmp_750_reg_8491                               |   1|   0|    1|          0|
    |tmp_751_reg_8558                               |   1|   0|    1|          0|
    |tmp_752_reg_8563                               |   1|   0|    1|          0|
    |tmp_753_reg_8568                               |   1|   0|    1|          0|
    |tmp_754_reg_8573                               |   1|   0|    1|          0|
    |tmp_755_reg_8578                               |   1|   0|    1|          0|
    |tmp_756_reg_8583                               |   1|   0|    1|          0|
    |tmp_757_reg_8588                               |   1|   0|    1|          0|
    |tmp_758_reg_8593                               |   1|   0|    1|          0|
    |tmp_759_reg_8598                               |   1|   0|    1|          0|
    |tmp_760_reg_8603                               |   1|   0|    1|          0|
    |tmp_761_reg_8608                               |   1|   0|    1|          0|
    |tmp_762_reg_8613                               |   1|   0|    1|          0|
    |tmp_763_reg_8618                               |   1|   0|    1|          0|
    |tmp_764_reg_8623                               |   1|   0|    1|          0|
    |tmp_765_reg_8628                               |   1|   0|    1|          0|
    |tmp_766_reg_8633                               |   1|   0|    1|          0|
    |tmp_767_reg_8638                               |   1|   0|    1|          0|
    |tmp_768_reg_8643                               |   1|   0|    1|          0|
    |tmp_769_reg_8648                               |   1|   0|    1|          0|
    |tmp_770_reg_8653                               |   1|   0|    1|          0|
    |tmp_771_reg_8658                               |   1|   0|    1|          0|
    |tmp_772_reg_8663                               |   1|   0|    1|          0|
    |tmp_773_reg_8668                               |   1|   0|    1|          0|
    |tmp_774_reg_8673                               |   1|   0|    1|          0|
    |tmp_775_reg_8678                               |   1|   0|    1|          0|
    |tmp_776_reg_8683                               |   1|   0|    1|          0|
    |tmp_777_reg_8688                               |   1|   0|    1|          0|
    |tmp_778_reg_8693                               |   1|   0|    1|          0|
    |tmp_779_reg_8698                               |   1|   0|    1|          0|
    |tmp_780_reg_8703                               |   1|   0|    1|          0|
    |tmp_781_reg_8708                               |   1|   0|    1|          0|
    |tmp_782_reg_8713                               |   1|   0|    1|          0|
    |tmp_783_reg_8718                               |   1|   0|    1|          0|
    |tmp_784_reg_8723                               |   1|   0|    1|          0|
    |tmp_785_reg_8728                               |   1|   0|    1|          0|
    |tmp_786_reg_8733                               |   1|   0|    1|          0|
    |tmp_787_reg_8743                               |   1|   0|    1|          0|
    |tmp_822_reg_8782                               |   1|   0|    1|          0|
    |tmp_823_reg_8814                               |   1|   0|    1|          0|
    |tmp_824_reg_8819                               |   1|   0|    1|          0|
    |tmp_825_reg_8824                               |   1|   0|    1|          0|
    |tmp_826_reg_8829                               |   1|   0|    1|          0|
    |tmp_827_reg_8834                               |   1|   0|    1|          0|
    |tmp_828_reg_8839                               |   1|   0|    1|          0|
    |tmp_829_reg_8844                               |   1|   0|    1|          0|
    |tmp_830_reg_8849                               |   1|   0|    1|          0|
    |tmp_831_reg_8854                               |   1|   0|    1|          0|
    |tmp_832_reg_8859                               |   1|   0|    1|          0|
    |tmp_833_reg_8864                               |   1|   0|    1|          0|
    |tmp_834_reg_8869                               |   1|   0|    1|          0|
    |tmp_835_reg_8874                               |   1|   0|    1|          0|
    |tmp_836_reg_8879                               |   1|   0|    1|          0|
    |tmp_837_reg_8884                               |   1|   0|    1|          0|
    |tmp_838_reg_8889                               |   1|   0|    1|          0|
    |tmp_839_reg_8894                               |   1|   0|    1|          0|
    |tmp_840_reg_8899                               |   1|   0|    1|          0|
    |tmp_841_reg_8904                               |   1|   0|    1|          0|
    |tmp_842_reg_8909                               |   1|   0|    1|          0|
    |tmp_843_reg_8914                               |   1|   0|    1|          0|
    |tmp_844_reg_8919                               |   1|   0|    1|          0|
    |tmp_845_reg_8924                               |   1|   0|    1|          0|
    |tmp_846_reg_8929                               |   1|   0|    1|          0|
    |tmp_847_reg_8934                               |   1|   0|    1|          0|
    |tmp_848_reg_8939                               |   1|   0|    1|          0|
    |tmp_849_reg_8944                               |   1|   0|    1|          0|
    |tmp_850_reg_8949                               |   1|   0|    1|          0|
    |tmp_851_reg_8954                               |   1|   0|    1|          0|
    |tmp_852_reg_8959                               |   1|   0|    1|          0|
    |tmp_853_reg_8964                               |   1|   0|    1|          0|
    |tmp_854_reg_8969                               |   1|   0|    1|          0|
    |tmp_855_reg_8994                               |   1|   0|    1|          0|
    |tmp_886_reg_9184                               |   1|   0|    1|          0|
    |tmp_901_reg_9109                               |   1|   0|    1|          0|
    |tmp_902_reg_9114                               |   1|   0|    1|          0|
    |tmp_903_reg_9119                               |   1|   0|    1|          0|
    |tmp_904_reg_9124                               |   1|   0|    1|          0|
    |tmp_905_reg_9129                               |   1|   0|    1|          0|
    |tmp_906_reg_9134                               |   1|   0|    1|          0|
    |tmp_907_reg_9139                               |   1|   0|    1|          0|
    |tmp_908_reg_9144                               |   1|   0|    1|          0|
    |tmp_909_reg_9149                               |   1|   0|    1|          0|
    |tmp_910_reg_9154                               |   1|   0|    1|          0|
    |tmp_911_reg_9159                               |   1|   0|    1|          0|
    |tmp_912_reg_9164                               |   1|   0|    1|          0|
    |tmp_913_reg_9169                               |   1|   0|    1|          0|
    |tmp_914_reg_9174                               |   1|   0|    1|          0|
    |tmp_915_reg_9223                               |   1|   0|    1|          0|
    |tmp_916_reg_9280                               |   1|   0|    1|          0|
    |tmp_917_reg_9285                               |   1|   0|    1|          0|
    |tmp_918_reg_9290                               |   1|   0|    1|          0|
    |tmp_919_reg_9295                               |   1|   0|    1|          0|
    |tmp_920_reg_9300                               |   1|   0|    1|          0|
    |tmp_921_reg_9305                               |   1|   0|    1|          0|
    |tmp_922_reg_9310                               |   1|   0|    1|          0|
    |tmp_923_reg_9315                               |   1|   0|    1|          0|
    |tmp_924_reg_9320                               |   1|   0|    1|          0|
    |tmp_925_reg_9325                               |   1|   0|    1|          0|
    |tmp_926_reg_9330                               |   1|   0|    1|          0|
    |tmp_927_reg_9335                               |   1|   0|    1|          0|
    |tmp_928_reg_9340                               |   1|   0|    1|          0|
    |tmp_929_reg_9345                               |   1|   0|    1|          0|
    |tmp_930_reg_9350                               |   1|   0|    1|          0|
    |tmp_931_reg_9355                               |   1|   0|    1|          0|
    |tmp_932_reg_9360                               |   1|   0|    1|          0|
    |tmp_933_reg_9365                               |   1|   0|    1|          0|
    |tmp_934_reg_9370                               |   1|   0|    1|          0|
    |tmp_935_reg_9375                               |   1|   0|    1|          0|
    |tmp_936_reg_9380                               |   1|   0|    1|          0|
    |tmp_937_reg_9385                               |   1|   0|    1|          0|
    |tmp_938_reg_9390                               |   1|   0|    1|          0|
    |tmp_939_reg_9395                               |   1|   0|    1|          0|
    |tmp_940_reg_9400                               |   1|   0|    1|          0|
    |tmp_941_reg_9405                               |   1|   0|    1|          0|
    |tmp_942_reg_9415                               |   1|   0|    1|          0|
    |tmp_967_reg_9454                               |   1|   0|    1|          0|
    |tmp_968_reg_9491                               |   1|   0|    1|          0|
    |tmp_969_reg_9496                               |   1|   0|    1|          0|
    |tmp_970_reg_9501                               |   1|   0|    1|          0|
    |tmp_971_reg_9506                               |   1|   0|    1|          0|
    |tmp_972_reg_9511                               |   1|   0|    1|          0|
    |tmp_973_reg_9516                               |   1|   0|    1|          0|
    |tmp_974_reg_9521                               |   1|   0|    1|          0|
    |tmp_975_reg_9526                               |   1|   0|    1|          0|
    |tmp_976_reg_9531                               |   1|   0|    1|          0|
    |tmp_977_reg_9536                               |   1|   0|    1|          0|
    |tmp_978_reg_9541                               |   1|   0|    1|          0|
    |tmp_979_reg_9546                               |   1|   0|    1|          0|
    |tmp_980_reg_9551                               |   1|   0|    1|          0|
    |tmp_981_reg_9556                               |   1|   0|    1|          0|
    |tmp_982_reg_9561                               |   1|   0|    1|          0|
    |tmp_983_reg_9566                               |   1|   0|    1|          0|
    |tmp_984_reg_9571                               |   1|   0|    1|          0|
    |tmp_985_reg_9576                               |   1|   0|    1|          0|
    |tmp_986_reg_9581                               |   1|   0|    1|          0|
    |tmp_987_reg_9586                               |   1|   0|    1|          0|
    |tmp_988_reg_9591                               |   1|   0|    1|          0|
    |tmp_989_reg_9596                               |   1|   0|    1|          0|
    |tmp_990_reg_9611                               |   1|   0|    1|          0|
    |p_Result_6_reg_8448                            |   0|   1|    4|          3|
    |rev6_reg_8524                                  |   0|   1|    1|          0|
    |rev_reg_8467                                   |   0|   1|    1|          0|
    |tmp_711_reg_8452                               |   0|   1|    1|          0|
    |tmp_750_reg_8491                               |   0|   1|    1|          0|
    |tmp_822_reg_8782                               |   0|   1|    1|          0|
    +-----------------------------------------------+----+----+-----+-----------+
    |Total                                          | 663|   6|  675|          6|
    +-----------------------------------------------+----+----+-----+-----------+



================================================================
== Interface
================================================================
* Summary: 
+-----------------------------------+-----+-----+------------+-----------------------------------+--------------+
|             RTL Ports             | Dir | Bits|  Protocol  |           Source Object           |    C Type    |
+-----------------------------------+-----+-----+------------+-----------------------------------+--------------+
|ap_clk                             |  in |    1| ap_ctrl_hs |    cmpy_complex_top_cordic_base   | return value |
|ap_rst                             |  in |    1| ap_ctrl_hs |    cmpy_complex_top_cordic_base   | return value |
|ap_return                          | out |   16| ap_ctrl_hs |    cmpy_complex_top_cordic_base   | return value |
|ap_ce                              |  in |    1| ap_ctrl_hs |    cmpy_complex_top_cordic_base   | return value |
|inputData_cartesian_M_real_V_read  |  in |   15|   ap_none  | inputData_cartesian_M_real_V_read |    scalar    |
|inputData_cartesian_M_imag_V_read  |  in |   15|   ap_none  | inputData_cartesian_M_imag_V_read |    scalar    |
+-----------------------------------+-----+-----+------------+-----------------------------------+--------------+

