

================================================================
== Vivado HLS Report for 'cmpy_complex_top_fxp_sqrt_20_2_20_2_s'
================================================================
* Date:           Mon Feb 08 23:42:59 2016

* Version:        2015.4 (Build 1412921 on Wed Nov 18 09:58:55 AM 2015)
* Project:        DispCheck
* Solution:       solution1
* Product family: zynq
* Target device:  xc7z020clg484-1


================================================================
== Performance Estimates
================================================================
+ Timing (ns): 
    * Summary: 
    +--------+-------+----------+------------+
    |  Clock | Target| Estimated| Uncertainty|
    +--------+-------+----------+------------+
    |ap_clk  |  10.00|      8.64|        1.25|
    +--------+-------+----------+------------+

+ Latency (clock cycles): 
    * Summary: 
    +-----+-----+-----+-----+----------+
    |  Latency  |  Interval | Pipeline |
    | min | max | min | max |   Type   |
    +-----+-----+-----+-----+----------+
    |   10|   10|    1|    1| function |
    +-----+-----+-----+-----+----------+

    + Detail: 
        * Instance: 
        N/A

        * Loop: 
        N/A



================================================================
== Utilization Estimates
================================================================
* Summary: 
+-----------------+---------+-------+--------+-------+
|       Name      | BRAM_18K| DSP48E|   FF   |  LUT  |
+-----------------+---------+-------+--------+-------+
|DSP              |        -|      -|       -|      -|
|Expression       |        -|      -|       0|   2888|
|FIFO             |        -|      -|       -|      -|
|Instance         |        -|      -|       -|      -|
|Memory           |        -|      -|       -|      -|
|Multiplexer      |        -|      -|       -|      -|
|Register         |        -|      -|     261|      -|
+-----------------+---------+-------+--------+-------+
|Total            |        0|      0|     261|   2888|
+-----------------+---------+-------+--------+-------+
|Available        |      280|    220|  106400|  53200|
+-----------------+---------+-------+--------+-------+
|Utilization (%)  |        0|      0|   ~0   |      5|
+-----------------+---------+-------+--------+-------+

+ Detail: 
    * Instance: 
    N/A

    * DSP48: 
    N/A

    * Memory: 
    N/A

    * FIFO: 
    N/A

    * Expression: 
    +----------------------------+----------+-------+---+----+------------+------------+
    |        Variable Name       | Operation| DSP48E| FF| LUT| Bitwidth P0| Bitwidth P1|
    +----------------------------+----------+-------+---+----+------------+------------+
    |p_0353_1_1_fu_298_p2        |     +    |      0|  0|  22|          22|          21|
    |q_V_fu_1872_p2              |     +    |      0|  0|  20|          20|           1|
    |s_V_2_10_fu_1171_p2         |     +    |      0|  0|  22|          22|          22|
    |s_V_2_11_fu_1253_p2         |     +    |      0|  0|  22|          22|          22|
    |s_V_2_12_fu_1334_p2         |     +    |      0|  0|  22|          22|          22|
    |s_V_2_13_fu_1416_p2         |     +    |      0|  0|  22|          22|          22|
    |s_V_2_14_fu_1497_p2         |     +    |      0|  0|  22|          22|          22|
    |s_V_2_15_fu_1579_p2         |     +    |      0|  0|  22|          22|          22|
    |s_V_2_16_fu_1660_p2         |     +    |      0|  0|  22|          22|          22|
    |s_V_2_17_fu_1742_p2         |     +    |      0|  0|  22|          22|          22|
    |s_V_2_18_fu_1823_p2         |     +    |      0|  0|  22|          22|          22|
    |s_V_2_1_fu_1090_p2          |     +    |      0|  0|  22|          22|          22|
    |s_V_2_2_fu_364_p2           |     +    |      0|  0|  11|          22|          22|
    |s_V_2_3_fu_438_p2           |     +    |      0|  0|  22|          22|          22|
    |s_V_2_4_fu_519_p2           |     +    |      0|  0|  22|          22|          22|
    |s_V_2_5_fu_601_p2           |     +    |      0|  0|  22|          22|          22|
    |s_V_2_6_fu_682_p2           |     +    |      0|  0|  22|          22|          22|
    |s_V_2_7_fu_764_p2           |     +    |      0|  0|  22|          22|          22|
    |s_V_2_8_fu_845_p2           |     +    |      0|  0|  22|          22|          22|
    |s_V_2_9_fu_927_p2           |     +    |      0|  0|  22|          22|          22|
    |s_V_2_s_fu_1008_p2          |     +    |      0|  0|  22|          22|          22|
    |tmp_150_s_fu_266_p2         |     +    |      0|  0|  21|          21|          21|
    |tmp_2_fu_346_p2             |     +    |      0|  0|  11|          22|          21|
    |tmp_fu_358_p2               |     +    |      0|  0|  11|          22|          22|
    |s_V_1_10_fu_1152_p2         |     -    |      0|  0|  22|          22|          22|
    |s_V_1_11_fu_1233_p2         |     -    |      0|  0|  22|          22|          22|
    |s_V_1_12_fu_1315_p2         |     -    |      0|  0|  22|          22|          22|
    |s_V_1_13_fu_1396_p2         |     -    |      0|  0|  22|          22|          22|
    |s_V_1_14_fu_1478_p2         |     -    |      0|  0|  22|          22|          22|
    |s_V_1_15_fu_1559_p2         |     -    |      0|  0|  22|          22|          22|
    |s_V_1_16_fu_1641_p2         |     -    |      0|  0|  22|          22|          22|
    |s_V_1_17_fu_1722_p2         |     -    |      0|  0|  22|          22|          22|
    |s_V_1_18_fu_1804_p2         |     -    |      0|  0|  22|          22|          22|
    |s_V_1_1_fu_1070_p2          |     -    |      0|  0|  22|          22|          22|
    |s_V_1_2_fu_352_p2           |     -    |      0|  0|  11|          22|          22|
    |s_V_1_3_fu_418_p2           |     -    |      0|  0|  22|          22|          22|
    |s_V_1_4_fu_500_p2           |     -    |      0|  0|  22|          22|          22|
    |s_V_1_5_fu_581_p2           |     -    |      0|  0|  22|          22|          22|
    |s_V_1_6_fu_663_p2           |     -    |      0|  0|  22|          22|          22|
    |s_V_1_7_fu_744_p2           |     -    |      0|  0|  22|          22|          22|
    |s_V_1_8_fu_826_p2           |     -    |      0|  0|  22|          22|          22|
    |s_V_1_9_fu_907_p2           |     -    |      0|  0|  22|          22|          22|
    |s_V_1_s_fu_989_p2           |     -    |      0|  0|  22|          22|          22|
    |ap_return                   |  Select  |      0|  0|  19|           1|          19|
    |p_0305_1_in_in_2_fu_370_p3  |  Select  |      0|  0|   3|           1|           3|
    |p_0353_1_10_fu_1096_p3      |  Select  |      0|  0|  22|           1|          22|
    |p_0353_1_11_fu_1177_p3      |  Select  |      0|  0|  22|           1|          22|
    |p_0353_1_12_fu_1259_p3      |  Select  |      0|  0|  22|           1|          22|
    |p_0353_1_13_fu_1340_p3      |  Select  |      0|  0|  22|           1|          22|
    |p_0353_1_14_fu_1422_p3      |  Select  |      0|  0|  22|           1|          22|
    |p_0353_1_15_fu_1503_p3      |  Select  |      0|  0|  22|           1|          22|
    |p_0353_1_16_fu_1585_p3      |  Select  |      0|  0|  22|           1|          22|
    |p_0353_1_17_fu_1666_p3      |  Select  |      0|  0|  22|           1|          22|
    |p_0353_1_18_fu_1748_p3      |  Select  |      0|  0|  22|           1|          22|
    |p_0353_1_19_fu_1829_p3      |  Select  |      0|  0|  22|           1|          22|
    |p_0353_1_2_fu_377_p3        |  Select  |      0|  0|  22|           1|          22|
    |p_0353_1_3_fu_444_p3        |  Select  |      0|  0|  22|           1|          22|
    |p_0353_1_4_fu_525_p3        |  Select  |      0|  0|  22|           1|          22|
    |p_0353_1_5_fu_607_p3        |  Select  |      0|  0|  22|           1|          22|
    |p_0353_1_6_fu_688_p3        |  Select  |      0|  0|  22|           1|          22|
    |p_0353_1_7_fu_770_p3        |  Select  |      0|  0|  22|           1|          22|
    |p_0353_1_8_fu_851_p3        |  Select  |      0|  0|  22|           1|          22|
    |p_0353_1_9_fu_933_p3        |  Select  |      0|  0|  22|           1|          22|
    |p_0353_1_s_fu_1014_p3       |  Select  |      0|  0|  22|           1|          22|
    |p_s_fu_320_p3               |  Select  |      0|  0|   4|           1|           1|
    |q_V_1_1_fu_327_p3           |  Select  |      0|  0|   3|           1|           2|
    |tmp_11_fu_615_p3            |  Select  |      0|  0|   5|           1|           5|
    |tmp_13_fu_695_p3            |  Select  |      0|  0|   6|           1|           6|
    |tmp_15_fu_778_p3            |  Select  |      0|  0|   7|           1|           7|
    |tmp_17_fu_858_p3            |  Select  |      0|  0|   8|           1|           8|
    |tmp_19_fu_941_p3            |  Select  |      0|  0|   9|           1|           9|
    |tmp_21_fu_1021_p3           |  Select  |      0|  0|  10|           1|          10|
    |tmp_23_fu_1104_p3           |  Select  |      0|  0|  11|           1|          11|
    |tmp_25_fu_1184_p3           |  Select  |      0|  0|  12|           1|          12|
    |tmp_27_fu_1267_p3           |  Select  |      0|  0|  13|           1|          13|
    |tmp_29_fu_1347_p3           |  Select  |      0|  0|  14|           1|          14|
    |tmp_31_fu_1430_p3           |  Select  |      0|  0|  15|           1|          15|
    |tmp_33_fu_1510_p3           |  Select  |      0|  0|  16|           1|          16|
    |tmp_35_fu_1593_p3           |  Select  |      0|  0|  17|           1|          17|
    |tmp_37_fu_1673_p3           |  Select  |      0|  0|  18|           1|          18|
    |tmp_39_fu_1756_p3           |  Select  |      0|  0|  19|           1|          19|
    |tmp_44_fu_1845_p3           |  Select  |      0|  0|  19|           1|          19|
    |tmp_7_fu_452_p3             |  Select  |      0|  0|   3|           1|           3|
    |tmp_9_fu_532_p3             |  Select  |      0|  0|   4|           1|           4|
    |tmp_s_fu_1866_p2            |   icmp   |      0|  0|   8|          22|           1|
    |q_V_1_10_fu_1127_p2         |    or    |      0|  0|  14|          12|           1|
    |q_V_1_11_fu_1199_p2         |    or    |      0|  0|  16|          13|           1|
    |q_V_1_12_fu_1290_p2         |    or    |      0|  0|  17|          14|           1|
    |q_V_1_13_fu_1362_p2         |    or    |      0|  0|  19|          15|           1|
    |q_V_1_14_fu_1453_p2         |    or    |      0|  0|  20|          16|           1|
    |q_V_1_15_fu_1525_p2         |    or    |      0|  0|  22|          17|           1|
    |q_V_1_16_fu_1616_p2         |    or    |      0|  0|  23|          18|           1|
    |q_V_1_17_fu_1688_p2         |    or    |      0|  0|  25|          19|           1|
    |q_V_1_18_fu_1779_p2         |    or    |      0|  0|  26|          20|           1|
    |q_V_1_19_fu_1860_p2         |    or    |      0|  0|  26|          20|           1|
    |q_V_1_2_fu_384_p2           |    or    |      0|  0|   5|           3|           1|
    |q_V_1_3_fu_475_p2           |    or    |      0|  0|   7|           4|           1|
    |q_V_1_4_fu_547_p2           |    or    |      0|  0|   7|           5|           1|
    |q_V_1_5_fu_638_p2           |    or    |      0|  0|   8|           6|           1|
    |q_V_1_6_fu_710_p2           |    or    |      0|  0|   8|           7|           1|
    |q_V_1_7_fu_801_p2           |    or    |      0|  0|   8|           8|           1|
    |q_V_1_8_fu_873_p2           |    or    |      0|  0|   9|           9|           1|
    |q_V_1_9_fu_964_p2           |    or    |      0|  0|  11|          10|           1|
    |q_V_1_s_fu_1036_p2          |    or    |      0|  0|  13|          11|           1|
    |r_V_5_1_fu_1798_p2          |    or    |      0|  0|  29|          22|           1|
    |r_V_7_1_fu_1817_p2          |    or    |      0|  0|  29|          22|           2|
    |tmp_156_10_fu_1227_p2       |    or    |      0|  0|  29|          22|           8|
    |tmp_156_11_fu_1309_p2       |    or    |      0|  0|  29|          22|           7|
    |tmp_156_12_fu_1390_p2       |    or    |      0|  0|  29|          22|           6|
    |tmp_156_13_fu_1472_p2       |    or    |      0|  0|  29|          22|           5|
    |tmp_156_14_fu_1553_p2       |    or    |      0|  0|  29|          22|           4|
    |tmp_156_15_fu_1635_p2       |    or    |      0|  0|  29|          22|           3|
    |tmp_156_16_fu_1716_p2       |    or    |      0|  0|  29|          22|           2|
    |tmp_156_1_fu_1064_p2        |    or    |      0|  0|  29|          22|          10|
    |tmp_156_2_fu_1146_p2        |    or    |      0|  0|  29|          22|           9|
    |tmp_156_3_fu_412_p2         |    or    |      0|  0|  29|          22|          18|
    |tmp_156_4_fu_494_p2         |    or    |      0|  0|  29|          22|          17|
    |tmp_156_5_fu_575_p2         |    or    |      0|  0|  29|          22|          16|
    |tmp_156_6_fu_657_p2         |    or    |      0|  0|  29|          22|          15|
    |tmp_156_7_fu_738_p2         |    or    |      0|  0|  29|          22|          14|
    |tmp_156_8_fu_820_p2         |    or    |      0|  0|  29|          22|          13|
    |tmp_156_9_fu_901_p2         |    or    |      0|  0|  29|          22|          12|
    |tmp_156_s_fu_983_p2         |    or    |      0|  0|  29|          22|          11|
    |tmp_159_10_fu_1247_p2       |    or    |      0|  0|  29|          22|           9|
    |tmp_159_11_fu_1328_p2       |    or    |      0|  0|  29|          22|           8|
    |tmp_159_12_fu_1410_p2       |    or    |      0|  0|  29|          22|           7|
    |tmp_159_13_fu_1491_p2       |    or    |      0|  0|  29|          22|           6|
    |tmp_159_14_fu_1573_p2       |    or    |      0|  0|  29|          22|           5|
    |tmp_159_15_fu_1654_p2       |    or    |      0|  0|  29|          22|           4|
    |tmp_159_16_fu_1736_p2       |    or    |      0|  0|  29|          22|           3|
    |tmp_159_1_fu_1084_p2        |    or    |      0|  0|  29|          22|          11|
    |tmp_159_2_fu_1165_p2        |    or    |      0|  0|  29|          22|          10|
    |tmp_159_3_fu_432_p2         |    or    |      0|  0|  29|          22|          19|
    |tmp_159_4_fu_513_p2         |    or    |      0|  0|  29|          22|          18|
    |tmp_159_5_fu_595_p2         |    or    |      0|  0|  29|          22|          17|
    |tmp_159_6_fu_676_p2         |    or    |      0|  0|  29|          22|          16|
    |tmp_159_7_fu_758_p2         |    or    |      0|  0|  29|          22|          15|
    |tmp_159_8_fu_839_p2         |    or    |      0|  0|  29|          22|          14|
    |tmp_159_9_fu_921_p2         |    or    |      0|  0|  29|          22|          13|
    |tmp_159_s_fu_1002_p2        |    or    |      0|  0|  29|          22|          12|
    +----------------------------+----------+-------+---+----+------------+------------+
    |Total                       |          |      0|  0|2888|        2025|        1951|
    +----------------------------+----------+-------+---+----+------------+------------+

    * Multiplexer: 
    N/A

    * Register: 
    +----------------------+----+----+-----+-----------+
    |         Name         | FF | LUT| Bits| Const Bits|
    +----------------------+----+----+-----+-----------+
    |p_0353_1_10_reg_1986  |  10|   0|   22|         12|
    |p_0353_1_12_reg_2003  |  12|   0|   22|         10|
    |p_0353_1_14_reg_2020  |  14|   0|   22|          8|
    |p_0353_1_16_reg_2037  |  16|   0|   22|          6|
    |p_0353_1_18_reg_2054  |  18|   0|   22|          4|
    |p_0353_1_1_reg_1902   |  20|   0|   22|          2|
    |p_0353_1_3_reg_1918   |  18|   0|   22|          4|
    |p_0353_1_5_reg_1935   |  16|   0|   22|          6|
    |p_0353_1_7_reg_1952   |  14|   0|   22|          8|
    |p_0353_1_9_reg_1969   |  12|   0|   22|         10|
    |tmp_11_reg_1940       |   5|   0|    5|          0|
    |tmp_14_reg_1929       |   1|   0|    1|          0|
    |tmp_15_reg_1957       |   7|   0|    7|          0|
    |tmp_19_reg_1974       |   9|   0|    9|          0|
    |tmp_22_reg_1946       |   1|   0|    1|          0|
    |tmp_23_reg_1991       |  11|   0|   11|          0|
    |tmp_27_reg_2008       |  13|   0|   13|          0|
    |tmp_30_reg_1963       |   1|   0|    1|          0|
    |tmp_31_reg_2025       |  15|   0|   15|          0|
    |tmp_35_reg_2042       |  17|   0|   17|          0|
    |tmp_38_reg_1980       |   1|   0|    1|          0|
    |tmp_39_reg_2059       |  19|   0|   19|          0|
    |tmp_43_reg_1997       |   1|   0|    1|          0|
    |tmp_4_reg_1896        |   1|   0|    1|          0|
    |tmp_50_reg_2014       |   1|   0|    1|          0|
    |tmp_54_reg_2031       |   1|   0|    1|          0|
    |tmp_58_reg_2048       |   1|   0|    1|          0|
    |tmp_5_reg_1907        |   1|   0|    1|          0|
    |tmp_62_reg_2066       |   1|   0|    1|          0|
    |tmp_7_reg_1923        |   3|   0|    3|          0|
    |tmp_8_reg_1913        |   1|   0|    1|          0|
    +----------------------+----+----+-----+-----------+
    |Total                 | 261|   0|  331|         70|
    +----------------------+----+----+-----+-----------+



================================================================
== Interface
================================================================
* Summary: 
+---------------+-----+-----+------------+-----------------------------------------+--------------+
|   RTL Ports   | Dir | Bits|  Protocol  |              Source Object              |    C Type    |
+---------------+-----+-----+------------+-----------------------------------------+--------------+
|ap_clk         |  in |    1| ap_ctrl_hs | cmpy_complex_top_fxp_sqrt<20, 2, 20, 2> | return value |
|ap_rst         |  in |    1| ap_ctrl_hs | cmpy_complex_top_fxp_sqrt<20, 2, 20, 2> | return value |
|ap_return      | out |   19| ap_ctrl_hs | cmpy_complex_top_fxp_sqrt<20, 2, 20, 2> | return value |
|ap_ce          |  in |    1| ap_ctrl_hs | cmpy_complex_top_fxp_sqrt<20, 2, 20, 2> | return value |
|in_val_V_read  |  in |   20|   ap_none  |              in_val_V_read              |    scalar    |
+---------------+-----+-----+------------+-----------------------------------------+--------------+

