@I [HLS-0] Workspace F:/FPGA/PyramidCon_x/solution2 opened at Mon Feb 08 23:59:03 +0700 2016
@I [HLS-100] Command "config_clock -quiet -name default -period 5 -default=false "
@I [SYN-201] Setting up clock 'default' with a period of 5ns.
@I [HLS-100] Command 'config_clock' returned 0; elapsed 0Total elapsed time: 1.103 sec.
@I [HLS-100] Command "open_platform DefaultPlatform "
@I [HLS-100] Command 'open_platform' returned 0; elapsed 0Total elapsed time: 1.104 sec.
@I [HLS-100] Command "import_lib C:/Xilinx2016/Vivado_HLS/2015.4/common/technology/xilinx/zynq/zynq "
@I [HLS-100] Command "source C:/Xilinx2016/Vivado_HLS/2015.4/common/technology/xilinx/common/xilinx.lib "
@I [HLS-100] Command "source C:/Xilinx2016/Vivado_HLS/2015.4/common/technology/xilinx/interface/xilinx_interface.lib "
@I [HLS-100] Command "source C:/Xilinx2016/Vivado_HLS/2015.4/common/technology/xilinx/interface/plb46.lib "
@I [HLS-100] Command 'ap_source' returned 0; elapsed 0Total elapsed time: 1.110 sec.
@I [HLS-100] Command "source C:/Xilinx2016/Vivado_HLS/2015.4/common/technology/xilinx/interface/fsl.lib "
@I [HLS-100] Command 'ap_source' returned 0; elapsed 0.001Total elapsed time: 1.111 sec.
@I [HLS-100] Command "source C:/Xilinx2016/Vivado_HLS/2015.4/common/technology/xilinx/interface/axi4.lib "
@I [HLS-100] Command 'ap_source' returned 0; elapsed 0Total elapsed time: 1.111 sec.
@I [HLS-100] Command "source C:/Xilinx2016/Vivado_HLS/2015.4/common/technology/xilinx/interface/maxi.lib "
@I [HLS-100] Command 'ap_source' returned 0; elapsed 0Total elapsed time: 1.111 sec.
@I [HLS-100] Command "source C:/Xilinx2016/Vivado_HLS/2015.4/common/technology/xilinx/interface/saxilite.lib "
@I [HLS-100] Command 'ap_source' returned 0; elapsed 0.001Total elapsed time: 1.112 sec.
@I [HLS-100] Command 'ap_source' returned 0; elapsed 0.003Total elapsed time: 1.112 sec.
@I [HLS-100] Command "source C:/Xilinx2016/Vivado_HLS/2015.4/common/technology/xilinx/common/dsp48.lib "
@I [HLS-100] Command 'ap_source' returned 0; elapsed 0Total elapsed time: 1.112 sec.
@I [HLS-100] Command "source C:/Xilinx2016/Vivado_HLS/2015.4/common/technology/xilinx/ip/dds_compiler.lib "
@I [HLS-100] Command 'ap_source' returned 0; elapsed 0.001Total elapsed time: 1.113 sec.
@I [HLS-100] Command "source C:/Xilinx2016/Vivado_HLS/2015.4/common/technology/xilinx/ip/xfft.lib "
@I [HLS-100] Command 'ap_source' returned 0; elapsed 0Total elapsed time: 1.113 sec.
@I [HLS-100] Command "source C:/Xilinx2016/Vivado_HLS/2015.4/common/technology/xilinx/ip/xfir.lib "
@I [HLS-100] Command 'ap_source' returned 0; elapsed 0Total elapsed time: 1.113 sec.
@I [HLS-100] Command 'ap_source' returned 0; elapsed 0.008Total elapsed time: 1.117 sec.
@I [HLS-100] Command "source C:/Xilinx2016/Vivado_HLS/2015.4/common/technology/xilinx/common/xilinx_old.lib "
@I [HLS-100] Command 'ap_source' returned 0; elapsed 0.001Total elapsed time: 1.120 sec.
@I [HLS-100] Command "source C:/Xilinx2016/Vivado_HLS/2015.4/common/technology/xilinx/common/xilinx_vivado.lib "
@I [HLS-100] Command 'ap_source' returned 0; elapsed 0.001Total elapsed time: 1.121 sec.
@I [HLS-100] Command "source C:/Xilinx2016/Vivado_HLS/2015.4/common/technology/xilinx/common/xilinx.hlp "
@I [HLS-100] Command "source C:/Xilinx2016/Vivado_HLS/2015.4/common/technology/xilinx/common/target_info.tcl "
@I [HLS-100] Command 'ap_source' returned 0; elapsed 0.001Total elapsed time: 1.127 sec.
@I [HLS-100] Command "source C:/Xilinx2016/Vivado_HLS/2015.4/common/technology/xilinx/interface/xilinx_interface.hlp "
@I [HLS-100] Command "source C:/Xilinx2016/Vivado_HLS/2015.4/common/technology/xilinx/interface/maxi.hlp "
@I [HLS-100] Command 'ap_source' returned 0; elapsed 0Total elapsed time: 1.128 sec.
@I [HLS-100] Command "source C:/Xilinx2016/Vivado_HLS/2015.4/common/technology/xilinx/interface/saxilite.hlp "
@I [HLS-100] Command 'ap_source' returned 0; elapsed 0.001Total elapsed time: 1.129 sec.
@I [HLS-100] Command 'ap_source' returned 0; elapsed 0.002Total elapsed time: 1.129 sec.
@I [HLS-100] Command "source C:/Xilinx2016/Vivado_HLS/2015.4/common/technology/xilinx/common/dsp48.hlp "
@I [HLS-100] Command 'ap_source' returned 0; elapsed 0.001Total elapsed time: 1.130 sec.
@I [HLS-100] Command 'ap_source' returned 0; elapsed 0.007Total elapsed time: 1.132 sec.
@I [HLS-100] Command "source C:/Xilinx2016/Vivado_HLS/2015.4/common/technology/xilinx/zynq/dsp48e1.hlp "
@I [HLS-100] Command 'ap_source' returned 0; elapsed 0.001Total elapsed time: 1.133 sec.
@I [HLS-100] Command "get_default_platform "
@I [HLS-100] Command 'get_default_platform' returned 0; elapsed 0Total elapsed time: 1.133 sec.
@I [HLS-100] Command "config_chip_info -quiet -resource  {SLICE 13300}  {LUT 53200}     {FF 106400} {DSP48E 220}   {BRAM 280}  "
@I [HLS-100] Command 'config_chip_info' returned 0; elapsed 0Total elapsed time: 1.133 sec.
@I [HLS-100] Command "config_chip_info -quiet -speed medium "
@I [HLS-100] Command 'config_chip_info' returned 0; elapsed 0Total elapsed time: 1.133 sec.
@I [HLS-100] Command 'import_lib' returned 0; elapsed 0.03Total elapsed time: 1.135 sec.
@I [HLS-100] Command "source C:/Xilinx2016/Vivado_HLS/2015.4/common/technology/xilinx/zynq/zynq.gen "
@I [HLS-100] Command "source C:/Xilinx2016/Vivado_HLS/2015.4/common/technology/xilinx/common/virtex.gen "
@I [HLS-100] Command "source C:/Xilinx2016/Vivado_HLS/2015.4/common/technology/xilinx/common/xilinx.gen "
@I [HLS-100] Command "source C:/Xilinx2016/Vivado_HLS/2015.4/common/technology/xilinx/interface/plb46.gen "
@I [HLS-100] Command 'ap_source' returned 0; elapsed 0.001Total elapsed time: 1.137 sec.
@I [HLS-100] Command "source C:/Xilinx2016/Vivado_HLS/2015.4/common/technology/xilinx/interface/fsl.gen "
@I [HLS-100] Command 'ap_source' returned 0; elapsed 0.001Total elapsed time: 1.138 sec.
@I [HLS-100] Command "source C:/Xilinx2016/Vivado_HLS/2015.4/common/technology/xilinx/interface/axi4.gen "
@I [HLS-100] Command 'ap_source' returned 0; elapsed 0.003Total elapsed time: 1.141 sec.
@I [HLS-100] Command "source C:/Xilinx2016/Vivado_HLS/2015.4/common/technology/xilinx/interface/nativeAXI4.gen "
@I [HLS-100] Command "source C:/Xilinx2016/Vivado_HLS/2015.4/common/technology/xilinx/interface/saxilite.gen "
@I [HLS-100] Command 'ap_source' returned 0; elapsed 0.008Total elapsed time: 1.150 sec.
@I [HLS-100] Command "source C:/Xilinx2016/Vivado_HLS/2015.4/common/technology/xilinx/interface/maxi.gen "
@I [HLS-100] Command 'ap_source' returned 0; elapsed 0.012Total elapsed time: 1.162 sec.
@I [HLS-100] Command 'ap_source' returned 0; elapsed 0.02Total elapsed time: 1.162 sec.
@I [HLS-100] Command "source C:/Xilinx2016/Vivado_HLS/2015.4/common/technology/xilinx/scripts/xilinxcoregen.gen "
@I [HLS-100] Command 'ap_source' returned 0; elapsed 0.027Total elapsed time: 1.189 sec.
@I [HLS-100] Command "source C:/Xilinx2016/Vivado_HLS/2015.4/common/technology/xilinx/interface/XilEDKCoreGen.gen "
@I [HLS-100] Command 'ap_source' returned 0; elapsed 0.017Total elapsed time: 1.207 sec.
@I [HLS-100] Command "source C:/Xilinx2016/Vivado_HLS/2015.4/common/technology/xilinx/ip/dds_compiler.gen "
@I [HLS-100] Command 'ap_source' returned 0; elapsed 0.006Total elapsed time: 1.214 sec.
@I [HLS-100] Command "source C:/Xilinx2016/Vivado_HLS/2015.4/common/technology/xilinx/ip/util.gen "
@I [HLS-100] Command 'ap_source' returned 0; elapsed 0Total elapsed time: 1.219 sec.
@I [HLS-100] Command "source C:/Xilinx2016/Vivado_HLS/2015.4/common/technology/xilinx/ip/xfft.gen "
@I [HLS-100] Command 'ap_source' returned 0; elapsed 0.256Total elapsed time: 1.474 sec.
@I [HLS-100] Command "source C:/Xilinx2016/Vivado_HLS/2015.4/common/technology/xilinx/ip/xfir.gen "
@I [HLS-100] Command "source C:/Xilinx2016/Vivado_HLS/2015.4/tps/tcl/tcllib1.11.1/struct/list.tcl "
@I [HLS-100] Command "source C:/Xilinx2016/Vivado_HLS/2015.4/tps/tcl/tcllib1.11.1/cmdline/cmdline.tcl "
@I [HLS-100] Command 'ap_source' returned 0; elapsed 0.005Total elapsed time: 1.653 sec.
@I [HLS-100] Command 'ap_source' returned 0; elapsed 0.152Total elapsed time: 1.654 sec.
@I [HLS-100] Command "source C:/Xilinx2016/Vivado_HLS/2015.4/tps/tcl/tcllib1.11.1/math/bignum.tcl "
@I [HLS-100] Command 'ap_source' returned 0; elapsed 0.002Total elapsed time: 1.672 sec.
@I [HLS-100] Command 'ap_source' returned 0; elapsed 0.213Total elapsed time: 1.687 sec.
@I [HLS-100] Command 'ap_source' returned 0; elapsed 0.551Total elapsed time: 1.687 sec.
@I [HLS-100] Command "source C:/Xilinx2016/Vivado_HLS/2015.4/common/technology/xilinx/common/dsp48.gen "
@I [HLS-100] Command 'ap_source' returned 0; elapsed 0Total elapsed time: 1.689 sec.
@I [HLS-100] Command 'ap_source' returned 0; elapsed 0.554Total elapsed time: 1.689 sec.
@I [HLS-100] Command 'ap_source' returned 0; elapsed 0.555Total elapsed time: 1.690 sec.
@I [HLS-100] Command "open_platform DefaultPlatform "
@I [HLS-100] Command 'open_platform' returned 0; elapsed 0Total elapsed time: 1.690 sec.
@I [HLS-100] Command "import_lib C:/Xilinx2016/Vivado_HLS/2015.4/common/technology/xilinx/zynq/zynq_fpv6 "
@I [HLS-100] Command "source C:/Xilinx2016/Vivado_HLS/2015.4/common/technology/xilinx/common/xilinx_fpv7.lib "
@I [HLS-100] Command "source C:/Xilinx2016/Vivado_HLS/2015.4/common/technology/xilinx/common/xilinx_hp.lib "
@I [HLS-100] Command 'ap_source' returned 0; elapsed 0.001Total elapsed time: 1.692 sec.
@I [HLS-100] Command 'ap_source' returned 0; elapsed 0.006Total elapsed time: 1.696 sec.
@I [HLS-100] Command "source C:/Xilinx2016/Vivado_HLS/2015.4/common/technology/xilinx/common/xilinx_fpv.hlp "
@I [HLS-100] Command "source C:/Xilinx2016/Vivado_HLS/2015.4/common/technology/xilinx/common/xilinx.hlp "
@I [HLS-100] Command "source C:/Xilinx2016/Vivado_HLS/2015.4/common/technology/xilinx/common/target_info.tcl "
@I [HLS-100] Command 'ap_source' returned 0; elapsed 0.095Total elapsed time: 1.804 sec.
@I [HLS-100] Command "source C:/Xilinx2016/Vivado_HLS/2015.4/common/technology/xilinx/interface/xilinx_interface.hlp "
@I [HLS-100] Command "source C:/Xilinx2016/Vivado_HLS/2015.4/common/technology/xilinx/interface/maxi.hlp "
@I [HLS-100] Command 'ap_source' returned 0; elapsed 0Total elapsed time: 1.805 sec.
@I [HLS-100] Command "source C:/Xilinx2016/Vivado_HLS/2015.4/common/technology/xilinx/interface/saxilite.hlp "
@I [HLS-100] Command 'ap_source' returned 0; elapsed 0Total elapsed time: 1.805 sec.
@I [HLS-100] Command 'ap_source' returned 0; elapsed 0Total elapsed time: 1.805 sec.
@I [HLS-100] Command "source C:/Xilinx2016/Vivado_HLS/2015.4/common/technology/xilinx/common/dsp48.hlp "
@I [HLS-100] Command 'ap_source' returned 0; elapsed 0.001Total elapsed time: 1.807 sec.
@I [HLS-100] Command 'ap_source' returned 0; elapsed 0.1Total elapsed time: 1.808 sec.
@I [HLS-100] Command 'ap_source' returned 0; elapsed 0.101Total elapsed time: 1.808 sec.
@I [HLS-100] Command "source C:/Xilinx2016/Vivado_HLS/2015.4/common/technology/xilinx/zynq/zynq_hp.hlp "
@I [HLS-100] Command 'ap_source' returned 0; elapsed 0.002Total elapsed time: 1.810 sec.
@I [HLS-100] Command 'import_lib' returned 0; elapsed 0.133Total elapsed time: 1.823 sec.
@I [HLS-100] Command "source C:/Xilinx2016/Vivado_HLS/2015.4/common/technology/xilinx/zynq/zynq_fpv6.gen "
@I [HLS-100] Command "source C:/Xilinx2016/Vivado_HLS/2015.4/common/technology/xilinx/common/xilinx_fpv6.gen "
@I [HLS-100] Command 'ap_source' returned 0; elapsed 0.003Total elapsed time: 1.827 sec.
@I [HLS-100] Command 'ap_source' returned 0; elapsed 0.004Total elapsed time: 1.827 sec.
@I [HLS-100] Command "set_part xc7z020clg484-1 "
@I [HLS-100] Command "add_library xilinx/zynq/zynq:xc7z020:clg484:-1 "
@I [HLS-100] Command "get_default_platform "
@I [HLS-100] Command 'get_default_platform' returned 0; elapsed 0Total elapsed time: 1.834 sec.
@I [HLS-100] Command "license_isbetapart xc7z020 "
@I [HLS-100] Command 'license_isbetapart' returned 1; elapsed 0.03Total elapsed time: 1.865 sec.
@I [HLS-100] Command "get_default_platform "
@I [HLS-100] Command 'get_default_platform' returned 0; elapsed 0Total elapsed time: 1.871 sec.
@I [HLS-100] Command "config_chip_info -quiet -resource  {SLICE 13300}  {LUT 53200}     {FF 106400} {DSP48E 220}   {BRAM 280}  "
@I [HLS-100] Command 'config_chip_info' returned 0; elapsed 0Total elapsed time: 1.871 sec.
@I [HLS-100] Command "config_chip_info -quiet -speed slow "
@I [HLS-100] Command 'config_chip_info' returned 0; elapsed 0Total elapsed time: 1.871 sec.
@I [HLS-100] Command 'add_library' returned 0; elapsed 0.041Total elapsed time: 1.874 sec.
@I [HLS-100] Command "add_library xilinx/zynq/zynq_fpv6 "
@I [HLS-100] Command "get_default_platform "
@I [HLS-100] Command 'get_default_platform' returned 0; elapsed 0Total elapsed time: 1.875 sec.
@I [HLS-100] Command 'add_library' returned 0; elapsed 0.004Total elapsed time: 1.878 sec.
@I [HLS-10] Setting target device to 'xc7z020clg484-1'
@I [HLS-100] Command 'set_part' returned 0; elapsed 0.051Total elapsed time: 1.879 sec.
@I [HLS-100] Command "get_default_platform "
@I [HLS-100] Command 'get_default_platform' returned 0; elapsed 0Total elapsed time: 1.879 sec.
@I [HLS-100] Command "config_chip_info -quiet -resource  {SLICE 13300}  {LUT 53200}     {FF 106400} {DSP48E 220}   {BRAM 280}  "
@I [HLS-100] Command 'config_chip_info' returned 0; elapsed 0Total elapsed time: 1.879 sec.
@I [HLS-100] Command "config_chip_info -quiet -speed slow "
@I [HLS-100] Command 'config_chip_info' returned 0; elapsed 0Total elapsed time: 1.879 sec.
@I [HLS-100] Command 'open_solution' returned 0; elapsed 0.843Total elapsed time: 1.880 sec.
@I [HLS-100] Command "export_design -evaluate verilog -format ip_catalog -vendor pitchaya -display_name PyrConstruction "
@I [HLS-100] Command "source F:/FPGA/PyramidCon_x/solution2/.autopilot/db/global.setting.tcl "
@I [HLS-100] Command 'ap_source' returned 0; elapsed 0.001Total elapsed time: 1.924 sec.
@I [HLS-100] Command "source C:/Xilinx2016/Vivado_HLS/2015.4/common/technology/generic/autopilot/common.gen "
@I [HLS-100] Command "source C:/Xilinx2016/Vivado_HLS/2015.4/common/technology/generic/autopilot/APCoreGen.gen "
@I [HLS-100] Command 'ap_source' returned 0; elapsed 0.002Total elapsed time: 1.933 sec.
@I [HLS-100] Command 'ap_source' returned 0; elapsed 0.003Total elapsed time: 1.934 sec.
@I [HLS-100] Command "source C:/Xilinx2016/Vivado_HLS/2015.4/common/technology/generic/autopilot/op.gen "
@I [HLS-100] Command 'ap_source' returned 0; elapsed 0.001Total elapsed time: 1.935 sec.
@I [HLS-100] Command "source C:/Xilinx2016/Vivado_HLS/2015.4/common/technology/generic/autopilot/op_simcore.gen "
@I [HLS-100] Command 'ap_source' returned 0; elapsed 0.002Total elapsed time: 1.937 sec.
@I [HLS-100] Command "source C:/Xilinx2016/Vivado_HLS/2015.4/common/technology/generic/autopilot/interface.gen "
@I [HLS-100] Command 'ap_source' returned 0; elapsed 0.001Total elapsed time: 1.938 sec.
@I [HLS-100] Command "source F:/FPGA/PyramidCon_x/solution2/.autopilot/db/global.setting.tcl "
@I [HLS-100] Command 'ap_source' returned 0; elapsed 0Total elapsed time: 1.938 sec.
@I [HLS-100] Command "source C:/Xilinx2016/Vivado_HLS/2015.4/common/technology/xilinx/zynq/zynq.gen "
@I [HLS-100] Command "source C:/Xilinx2016/Vivado_HLS/2015.4/common/technology/xilinx/common/virtex.gen "
@I [HLS-100] Command "source C:/Xilinx2016/Vivado_HLS/2015.4/common/technology/xilinx/common/xilinx.gen "
@I [HLS-100] Command "source C:/Xilinx2016/Vivado_HLS/2015.4/common/technology/xilinx/interface/plb46.gen "
@I [HLS-100] Command 'ap_source' returned 0; elapsed 0.002Total elapsed time: 1.942 sec.
@I [HLS-100] Command "source C:/Xilinx2016/Vivado_HLS/2015.4/common/technology/xilinx/interface/fsl.gen "
@I [HLS-100] Command 'ap_source' returned 0; elapsed 0.001Total elapsed time: 1.944 sec.
@I [HLS-100] Command "source C:/Xilinx2016/Vivado_HLS/2015.4/common/technology/xilinx/interface/axi4.gen "
@I [HLS-100] Command 'ap_source' returned 0; elapsed 0.004Total elapsed time: 1.948 sec.
@I [HLS-100] Command "source C:/Xilinx2016/Vivado_HLS/2015.4/common/technology/xilinx/interface/nativeAXI4.gen "
@I [HLS-100] Command "source C:/Xilinx2016/Vivado_HLS/2015.4/common/technology/xilinx/interface/saxilite.gen "
@I [HLS-100] Command 'ap_source' returned 0; elapsed 0.01Total elapsed time: 1.958 sec.
@I [HLS-100] Command "source C:/Xilinx2016/Vivado_HLS/2015.4/common/technology/xilinx/interface/maxi.gen "
@I [HLS-100] Command 'ap_source' returned 0; elapsed 0.016Total elapsed time: 1.974 sec.
@I [HLS-100] Command 'ap_source' returned 0; elapsed 0.026Total elapsed time: 1.974 sec.
@I [HLS-100] Command "source C:/Xilinx2016/Vivado_HLS/2015.4/common/technology/xilinx/scripts/xilinxcoregen.gen "
@I [HLS-100] Command 'ap_source' returned 0; elapsed 0.025Total elapsed time: 1.999 sec.
@I [HLS-100] Command "source C:/Xilinx2016/Vivado_HLS/2015.4/common/technology/xilinx/interface/XilEDKCoreGen.gen "
@I [HLS-100] Command 'ap_source' returned 0; elapsed 0.017Total elapsed time: 2.16 sec.
@I [HLS-100] Command "source C:/Xilinx2016/Vivado_HLS/2015.4/common/technology/xilinx/ip/dds_compiler.gen "
@I [HLS-100] Command 'ap_source' returned 0; elapsed 0.008Total elapsed time: 2.25 sec.
@I [HLS-100] Command "source C:/Xilinx2016/Vivado_HLS/2015.4/common/technology/xilinx/ip/util.gen "
@I [HLS-100] Command 'ap_source' returned 0; elapsed 0Total elapsed time: 2.25 sec.
@I [HLS-100] Command "source C:/Xilinx2016/Vivado_HLS/2015.4/common/technology/xilinx/ip/xfft.gen "
@I [HLS-100] Command 'ap_source' returned 0; elapsed 0.252Total elapsed time: 2.277 sec.
@I [HLS-100] Command "source C:/Xilinx2016/Vivado_HLS/2015.4/common/technology/xilinx/ip/xfir.gen "
@I [HLS-100] Command 'ap_source' returned 0; elapsed 0.068Total elapsed time: 2.345 sec.
@I [HLS-100] Command 'ap_source' returned 0; elapsed 0.405Total elapsed time: 2.345 sec.
@I [HLS-100] Command "source C:/Xilinx2016/Vivado_HLS/2015.4/common/technology/xilinx/common/dsp48.gen "
@I [HLS-100] Command 'ap_source' returned 0; elapsed 0.001Total elapsed time: 2.347 sec.
@I [HLS-100] Command 'ap_source' returned 0; elapsed 0.408Total elapsed time: 2.347 sec.
@I [HLS-100] Command 'ap_source' returned 0; elapsed 0.408Total elapsed time: 2.347 sec.
@I [HLS-100] Command "source C:/Xilinx2016/Vivado_HLS/2015.4/common/technology/xilinx/zynq/zynq_fpv6.gen "
@I [HLS-100] Command "source C:/Xilinx2016/Vivado_HLS/2015.4/common/technology/xilinx/common/xilinx_fpv6.gen "
@I [HLS-100] Command 'ap_source' returned 0; elapsed 0.004Total elapsed time: 2.352 sec.
@I [HLS-100] Command 'ap_source' returned 0; elapsed 0.005Total elapsed time: 2.352 sec.
@I [HLS-100] Command "source F:/FPGA/PyramidCon_x/solution2/.autopilot/db/global.setting.tcl "
@I [HLS-100] Command 'ap_source' returned 0; elapsed 0.001Total elapsed time: 2.411 sec.
@I [IMPL-8] Exporting RTL as an IP in IP-XACT.
@I [HLS-100] Command "source F:/FPGA/PyramidCon_x/solution2/.autopilot/db/global.setting.tcl "
@I [HLS-100] Command 'ap_source' returned 0; elapsed 0.001Total elapsed time: 2.417 sec.
@I [HLS-100] Command "source F:/FPGA/PyramidCon_x/solution2/.autopilot/db/global.setting.tcl "
@I [HLS-100] Command 'ap_source' returned 0; elapsed 0.001Total elapsed time: 2.432 sec.
@I [HLS-100] Command "source C:/Xilinx2016/Vivado_HLS/2015.4/common/technology/generic/autopilot/common.gen "
@I [HLS-100] Command "source C:/Xilinx2016/Vivado_HLS/2015.4/common/technology/generic/autopilot/APCoreGen.gen "
@I [HLS-100] Command 'ap_source' returned 0; elapsed 0.002Total elapsed time: 2.435 sec.
@I [HLS-100] Command 'ap_source' returned 0; elapsed 0.004Total elapsed time: 2.436 sec.
@I [HLS-100] Command "source C:/Xilinx2016/Vivado_HLS/2015.4/common/technology/generic/autopilot/op.gen "
@I [HLS-100] Command 'ap_source' returned 0; elapsed 0Total elapsed time: 2.436 sec.
@I [HLS-100] Command "source C:/Xilinx2016/Vivado_HLS/2015.4/common/technology/generic/autopilot/op_simcore.gen "
@I [HLS-100] Command 'ap_source' returned 0; elapsed 0.001Total elapsed time: 2.438 sec.
@I [HLS-100] Command "source C:/Xilinx2016/Vivado_HLS/2015.4/common/technology/generic/autopilot/interface.gen "
@I [HLS-100] Command 'ap_source' returned 0; elapsed 0Total elapsed time: 2.438 sec.
@I [HLS-100] Command "source F:/FPGA/PyramidCon_x/solution2/.autopilot/db/global.setting.tcl "
@I [HLS-100] Command 'ap_source' returned 0; elapsed 0.001Total elapsed time: 2.439 sec.
@I [HLS-100] Command "source C:/Xilinx2016/Vivado_HLS/2015.4/common/technology/xilinx/zynq/zynq.gen "
@I [HLS-100] Command "source C:/Xilinx2016/Vivado_HLS/2015.4/common/technology/xilinx/common/virtex.gen "
@I [HLS-100] Command "source C:/Xilinx2016/Vivado_HLS/2015.4/common/technology/xilinx/common/xilinx.gen "
@I [HLS-100] Command "source C:/Xilinx2016/Vivado_HLS/2015.4/common/technology/xilinx/interface/plb46.gen "
@I [HLS-100] Command 'ap_source' returned 0; elapsed 0.001Total elapsed time: 2.441 sec.
@I [HLS-100] Command "source C:/Xilinx2016/Vivado_HLS/2015.4/common/technology/xilinx/interface/fsl.gen "
@I [HLS-100] Command 'ap_source' returned 0; elapsed 0.001Total elapsed time: 2.442 sec.
@I [HLS-100] Command "source C:/Xilinx2016/Vivado_HLS/2015.4/common/technology/xilinx/interface/axi4.gen "
@I [HLS-100] Command 'ap_source' returned 0; elapsed 0.003Total elapsed time: 2.445 sec.
@I [HLS-100] Command "source C:/Xilinx2016/Vivado_HLS/2015.4/common/technology/xilinx/interface/nativeAXI4.gen "
@I [HLS-100] Command "source C:/Xilinx2016/Vivado_HLS/2015.4/common/technology/xilinx/interface/saxilite.gen "
@I [HLS-100] Command 'ap_source' returned 0; elapsed 0.004Total elapsed time: 2.449 sec.
@I [HLS-100] Command "source C:/Xilinx2016/Vivado_HLS/2015.4/common/technology/xilinx/interface/maxi.gen "
@I [HLS-100] Command 'ap_source' returned 0; elapsed 0.015Total elapsed time: 2.464 sec.
@I [HLS-100] Command 'ap_source' returned 0; elapsed 0.02Total elapsed time: 2.465 sec.
@I [HLS-100] Command "source C:/Xilinx2016/Vivado_HLS/2015.4/common/technology/xilinx/scripts/xilinxcoregen.gen "
@I [HLS-100] Command 'ap_source' returned 0; elapsed 0.017Total elapsed time: 2.482 sec.
@I [HLS-100] Command "source C:/Xilinx2016/Vivado_HLS/2015.4/common/technology/xilinx/interface/XilEDKCoreGen.gen "
@I [HLS-100] Command 'ap_source' returned 0; elapsed 0.016Total elapsed time: 2.498 sec.
@I [HLS-100] Command "source C:/Xilinx2016/Vivado_HLS/2015.4/common/technology/xilinx/ip/dds_compiler.gen "
@I [HLS-100] Command 'ap_source' returned 0; elapsed 0.007Total elapsed time: 2.506 sec.
@I [HLS-100] Command "source C:/Xilinx2016/Vivado_HLS/2015.4/common/technology/xilinx/ip/util.gen "
@I [HLS-100] Command 'ap_source' returned 0; elapsed 0.001Total elapsed time: 2.507 sec.
@I [HLS-100] Command "source C:/Xilinx2016/Vivado_HLS/2015.4/common/technology/xilinx/ip/xfft.gen "
@I [HLS-100] Command 'ap_source' returned 0; elapsed 0.209Total elapsed time: 2.717 sec.
@I [HLS-100] Command "source C:/Xilinx2016/Vivado_HLS/2015.4/common/technology/xilinx/ip/xfir.gen "
@I [HLS-100] Command 'ap_source' returned 0; elapsed 0.06Total elapsed time: 2.777 sec.
@I [HLS-100] Command 'ap_source' returned 0; elapsed 0.336Total elapsed time: 2.777 sec.
@I [HLS-100] Command "source C:/Xilinx2016/Vivado_HLS/2015.4/common/technology/xilinx/common/dsp48.gen "
@I [HLS-100] Command 'ap_source' returned 0; elapsed 0Total elapsed time: 2.779 sec.
@I [HLS-100] Command 'ap_source' returned 0; elapsed 0.34Total elapsed time: 2.780 sec.
@I [HLS-100] Command 'ap_source' returned 0; elapsed 0.34Total elapsed time: 2.780 sec.
@I [HLS-100] Command "source C:/Xilinx2016/Vivado_HLS/2015.4/common/technology/xilinx/zynq/zynq_fpv6.gen "
@I [HLS-100] Command "source C:/Xilinx2016/Vivado_HLS/2015.4/common/technology/xilinx/common/xilinx_fpv6.gen "
@I [HLS-100] Command 'ap_source' returned 0; elapsed 0.003Total elapsed time: 2.783 sec.
@I [HLS-100] Command 'ap_source' returned 0; elapsed 0.003Total elapsed time: 2.783 sec.
@I [HLS-100] Command "source F:/FPGA/PyramidCon_x/solution2/.autopilot/db/global.setting.tcl "
@I [HLS-100] Command 'ap_source' returned 0; elapsed 0.001Total elapsed time: 2.983 sec.
@I [HLS-100] Command "source F:/FPGA/PyramidCon_x/solution2/.autopilot/db/global.setting.tcl "
@I [HLS-100] Command 'ap_source' returned 0; elapsed 0.001Total elapsed time: 2.984 sec.
@I [HLS-100] Command "source F:/FPGA/PyramidCon_x/solution2/.autopilot/db/fft_config1_s.compgen.tcl "
@I [HLS-100] Command 'ap_source' returned 0; elapsed 0.015Total elapsed time: 3.0 sec.
@I [HLS-100] Command "source F:/FPGA/PyramidCon_x/solution2/.autopilot/db/fft_config2_s.compgen.tcl "
@I [HLS-100] Command 'ap_source' returned 0; elapsed 0.055Total elapsed time: 3.56 sec.
@I [HLS-100] Command "source F:/FPGA/PyramidCon_x/solution2/.autopilot/db/pyrconstuct_top_Block_codeRepl26_proc.compgen.tcl "
@I [HLS-100] Command 'ap_source' returned 0; elapsed 0Total elapsed time: 3.57 sec.
@I [HLS-100] Command "source F:/FPGA/PyramidCon_x/solution2/.autopilot/db/pyrconstuct_top_Loop_1_proc.compgen.tcl "
@I [HLS-100] Command 'ap_source' returned 0; elapsed 0Total elapsed time: 3.58 sec.
@I [HLS-100] Command "source F:/FPGA/PyramidCon_x/solution2/.autopilot/db/fft_config1_s.compgen.tcl "
@I [HLS-100] Command 'ap_source' returned 0; elapsed 0.002Total elapsed time: 3.60 sec.
@I [HLS-100] Command "source F:/FPGA/PyramidCon_x/solution2/.autopilot/db/pyrconstuct_top_Loop_2_proc.compgen.tcl "
@I [HLS-100] Command 'ap_source' returned 0; elapsed 0.001Total elapsed time: 3.61 sec.
@I [HLS-100] Command "source F:/FPGA/PyramidCon_x/solution2/.autopilot/db/pyrconstuct_top_Loop_3_proc.compgen.tcl "
@I [HLS-100] Command 'ap_source' returned 0; elapsed 0.001Total elapsed time: 3.62 sec.
@I [HLS-100] Command "source F:/FPGA/PyramidCon_x/solution2/.autopilot/db/pyrconstuct_top_Loop_4_proc.compgen.tcl "
@I [HLS-100] Command 'ap_source' returned 0; elapsed 0.001Total elapsed time: 3.63 sec.
@I [HLS-100] Command "source F:/FPGA/PyramidCon_x/solution2/.autopilot/db/pyrconstuct_top_Block_proc.compgen.tcl "
@I [HLS-100] Command 'ap_source' returned 0; elapsed 0Total elapsed time: 3.63 sec.
@I [HLS-100] Command "source F:/FPGA/PyramidCon_x/solution2/.autopilot/db/fft_config2_s.compgen.tcl "
@I [HLS-100] Command 'ap_source' returned 0; elapsed 0.003Total elapsed time: 3.66 sec.
@I [HLS-100] Command "source F:/FPGA/PyramidCon_x/solution2/.autopilot/db/pyrconstuct_top_Loop_5_proc.compgen.tcl "
@I [HLS-100] Command 'ap_source' returned 0; elapsed 0.001Total elapsed time: 3.67 sec.
@I [HLS-100] Command "source F:/FPGA/PyramidCon_x/solution2/.autopilot/db/pyrconstuct_top.compgen.tcl "
@I [HLS-100] Command 'ap_source' returned 0; elapsed 0.073Total elapsed time: 3.141 sec.
@I [HLS-100] Command "source F:/FPGA/PyramidCon_x/solution2/.autopilot/db/global.setting.tcl "
@I [HLS-100] Command 'ap_source' returned 0; elapsed 0.001Total elapsed time: 3.387 sec.
@I [HLS-100] Command "source F:/FPGA/PyramidCon_x/solution2/.autopilot/db/global.setting.tcl "
@I [HLS-100] Command 'ap_source' returned 0; elapsed 0.001Total elapsed time: 3.389 sec.
@I [HLS-100] Command "source F:/FPGA/PyramidCon_x/solution2/.autopilot/db/fft_config1_s.compgen.tcl "
@I [HLS-100] Command 'ap_source' returned 0; elapsed 0Total elapsed time: 3.390 sec.
@I [HLS-100] Command "source F:/FPGA/PyramidCon_x/solution2/.autopilot/db/fft_config2_s.compgen.tcl "
@I [HLS-100] Command 'ap_source' returned 0; elapsed 0.001Total elapsed time: 3.392 sec.
@I [HLS-100] Command "source F:/FPGA/PyramidCon_x/solution2/.autopilot/db/pyrconstuct_top_Block_codeRepl26_proc.compgen.tcl "
@I [HLS-100] Command 'ap_source' returned 0; elapsed 0Total elapsed time: 3.392 sec.
@I [HLS-100] Command "source F:/FPGA/PyramidCon_x/solution2/.autopilot/db/pyrconstuct_top_Loop_1_proc.compgen.tcl "
@I [HLS-100] Command 'ap_source' returned 0; elapsed 0Total elapsed time: 3.393 sec.
@I [HLS-100] Command "source F:/FPGA/PyramidCon_x/solution2/.autopilot/db/fft_config1_s.compgen.tcl "
@I [HLS-100] Command 'ap_source' returned 0; elapsed 0.001Total elapsed time: 3.394 sec.
@I [HLS-100] Command "source F:/FPGA/PyramidCon_x/solution2/.autopilot/db/pyrconstuct_top_Loop_2_proc.compgen.tcl "
@I [HLS-100] Command 'ap_source' returned 0; elapsed 0Total elapsed time: 3.394 sec.
@I [HLS-100] Command "source F:/FPGA/PyramidCon_x/solution2/.autopilot/db/pyrconstuct_top_Loop_3_proc.compgen.tcl "
@I [HLS-100] Command 'ap_source' returned 0; elapsed 0.001Total elapsed time: 3.395 sec.
@I [HLS-100] Command "source F:/FPGA/PyramidCon_x/solution2/.autopilot/db/pyrconstuct_top_Loop_4_proc.compgen.tcl "
@I [HLS-100] Command 'ap_source' returned 0; elapsed 0.049Total elapsed time: 3.444 sec.
@I [HLS-100] Command "source F:/FPGA/PyramidCon_x/solution2/.autopilot/db/pyrconstuct_top_Block_proc.compgen.tcl "
@I [HLS-100] Command 'ap_source' returned 0; elapsed 0.001Total elapsed time: 3.445 sec.
@I [HLS-100] Command "source F:/FPGA/PyramidCon_x/solution2/.autopilot/db/fft_config2_s.compgen.tcl "
@I [HLS-100] Command 'ap_source' returned 0; elapsed 0.001Total elapsed time: 3.446 sec.
@I [HLS-100] Command "source F:/FPGA/PyramidCon_x/solution2/.autopilot/db/pyrconstuct_top_Loop_5_proc.compgen.tcl "
@I [HLS-100] Command 'ap_source' returned 0; elapsed 0.001Total elapsed time: 3.447 sec.
@I [HLS-100] Command "source F:/FPGA/PyramidCon_x/solution2/.autopilot/db/pyrconstuct_top.compgen.tcl "
@I [HLS-100] Command "source F:/FPGA/PyramidCon_x/solution2/.autopilot/db/pyrconstuct_top.rtl_wrap.cfg.tcl "
@I [HLS-100] Command 'ap_source' returned 0; elapsed 0.001Total elapsed time: 3.450 sec.
@I [HLS-100] Command "source F:/FPGA/PyramidCon_x/solution2/.autopilot/db/pyrconstuct_top.rtl_wrap.cfg.tcl "
@I [HLS-100] Command 'ap_source' returned 0; elapsed 0.001Total elapsed time: 3.452 sec.
@I [HLS-100] Command "source F:/FPGA/PyramidCon_x/solution2/.autopilot/db/pyrconstuct_top.rtl_wrap.cfg.tcl "
@I [HLS-100] Command 'ap_source' returned 0; elapsed 0.001Total elapsed time: 3.454 sec.
@I [HLS-100] Command "source F:/FPGA/PyramidCon_x/solution2/.autopilot/db/pyrconstuct_top.tbgen.tcl "
@I [HLS-100] Command 'ap_source' returned 0; elapsed 0.001Total elapsed time: 3.455 sec.
@I [HLS-100] Command "source F:/FPGA/PyramidCon_x/solution2/.autopilot/db/pyrconstuct_top.tbgen.tcl "
@I [HLS-100] Command 'ap_source' returned 0; elapsed 0.001Total elapsed time: 3.456 sec.
@I [HLS-100] Command 'ap_source' returned 0; elapsed 0.092Total elapsed time: 3.539 sec.
@I [HLS-100] Command "source F:/FPGA/PyramidCon_x/solution2/.autopilot/db/global.setting.tcl "
@I [HLS-100] Command 'ap_source' returned 0; elapsed 0.001Total elapsed time: 3.580 sec.
@I [HLS-100] Command "source F:/FPGA/PyramidCon_x/solution2/.autopilot/db/global.setting.tcl "
@I [HLS-100] Command 'ap_source' returned 0; elapsed 0.001Total elapsed time: 3.581 sec.
@I [HLS-100] Command "source F:/FPGA/PyramidCon_x/solution2/.autopilot/db/fft_config1_s.compgen.tcl "
@I [HLS-100] Command 'ap_source' returned 0; elapsed 0.002Total elapsed time: 3.584 sec.
@I [HLS-100] Command "source F:/FPGA/PyramidCon_x/solution2/.autopilot/db/fft_config2_s.compgen.tcl "
@I [HLS-100] Command 'ap_source' returned 0; elapsed 0.002Total elapsed time: 3.586 sec.
@I [HLS-100] Command "source F:/FPGA/PyramidCon_x/solution2/.autopilot/db/pyrconstuct_top_Block_codeRepl26_proc.compgen.tcl "
@I [HLS-100] Command 'ap_source' returned 0; elapsed 0Total elapsed time: 3.587 sec.
@I [HLS-100] Command "source F:/FPGA/PyramidCon_x/solution2/.autopilot/db/pyrconstuct_top_Loop_1_proc.compgen.tcl "
@I [HLS-100] Command 'ap_source' returned 0; elapsed 0.001Total elapsed time: 3.590 sec.
@I [HLS-100] Command "source F:/FPGA/PyramidCon_x/solution2/.autopilot/db/fft_config1_s.compgen.tcl "
@I [HLS-100] Command 'ap_source' returned 0; elapsed 0.003Total elapsed time: 3.593 sec.
@I [HLS-100] Command "source F:/FPGA/PyramidCon_x/solution2/.autopilot/db/pyrconstuct_top_Loop_2_proc.compgen.tcl "
@I [HLS-100] Command 'ap_source' returned 0; elapsed 0Total elapsed time: 3.593 sec.
@I [HLS-100] Command "source F:/FPGA/PyramidCon_x/solution2/.autopilot/db/pyrconstuct_top_Loop_3_proc.compgen.tcl "
@I [HLS-100] Command 'ap_source' returned 0; elapsed 0.001Total elapsed time: 3.594 sec.
@I [HLS-100] Command "source F:/FPGA/PyramidCon_x/solution2/.autopilot/db/pyrconstuct_top_Loop_4_proc.compgen.tcl "
@I [HLS-100] Command 'ap_source' returned 0; elapsed 0.001Total elapsed time: 3.595 sec.
@I [HLS-100] Command "source F:/FPGA/PyramidCon_x/solution2/.autopilot/db/pyrconstuct_top_Block_proc.compgen.tcl "
@I [HLS-100] Command 'ap_source' returned 0; elapsed 0Total elapsed time: 3.595 sec.
@I [HLS-100] Command "source F:/FPGA/PyramidCon_x/solution2/.autopilot/db/fft_config2_s.compgen.tcl "
@I [HLS-100] Command 'ap_source' returned 0; elapsed 0.047Total elapsed time: 3.643 sec.
@I [HLS-100] Command "source F:/FPGA/PyramidCon_x/solution2/.autopilot/db/pyrconstuct_top_Loop_5_proc.compgen.tcl "
@I [HLS-100] Command 'ap_source' returned 0; elapsed 0.001Total elapsed time: 3.644 sec.
@I [HLS-100] Command "source F:/FPGA/PyramidCon_x/solution2/.autopilot/db/pyrconstuct_top.compgen.tcl "
@I [HLS-100] Command 'ap_source' returned 0; elapsed 0.038Total elapsed time: 3.682 sec.
@I [HLS-100] Command "source F:/FPGA/PyramidCon_x/solution2/.autopilot/db/global.setting.tcl "
@I [HLS-100] Command 'ap_source' returned 0; elapsed 0.001Total elapsed time: 4.460 sec.
@I [HLS-100] Command "source F:/FPGA/PyramidCon_x/solution2/.autopilot/db/pyrconstuct_top.constraint.tcl "
@I [HLS-100] Command 'ap_source' returned 0; elapsed 0Total elapsed time: 4.464 sec.
@I [HLS-100] Command "source F:/FPGA/PyramidCon_x/solution2/.autopilot/db/pyrconstuct_top.rtl_wrap.cfg.tcl "
@I [HLS-100] Command 'ap_source' returned 0; elapsed 0.007Total elapsed time: 4.796 sec.
@I [HLS-100] Command "source F:/FPGA/PyramidCon_x/solution2/.autopilot/db/pyrconstuct_top.rtl_wrap.cfg.tcl "
@I [HLS-100] Command 'ap_source' returned 0; elapsed 0.001Total elapsed time: 4.797 sec.
@I [HLS-100] Command "source F:/FPGA/PyramidCon_x/solution2/.autopilot/db/pyrconstuct_top.rtl_wrap.cfg.tcl "
@I [HLS-100] Command 'ap_source' returned 0; elapsed 0.001Total elapsed time: 4.798 sec.
@I [HLS-100] Command "source F:/FPGA/PyramidCon_x/solution2/.autopilot/db/pyrconstuct_top.tbgen.tcl "
@I [HLS-100] Command 'ap_source' returned 0; elapsed 0.001Total elapsed time: 4.799 sec.
@I [HLS-100] Command "source F:/FPGA/PyramidCon_x/solution2/.autopilot/db/pyrconstuct_top.tbgen.tcl "
@I [HLS-100] Command 'ap_source' returned 0; elapsed 0Total elapsed time: 4.800 sec.
@I [HLS-100] Command "source F:/FPGA/PyramidCon_x/solution2/.autopilot/db/global.setting.tcl "
@I [HLS-100] Command 'ap_source' returned 0; elapsed 0.001Total elapsed time: 4.855 sec.
@I [HLS-100] Command "source F:/FPGA/PyramidCon_x/solution2/.autopilot/db/global.setting.tcl "
@I [HLS-100] Command 'ap_source' returned 0; elapsed 0.001Total elapsed time: 4.983 sec.
@I [HLS-100] Command "source F:/FPGA/PyramidCon_x/solution2/.autopilot/db/global.setting.tcl "
@I [HLS-100] Command 'ap_source' returned 0; elapsed 0.001Total elapsed time: 4.996 sec.
@I [HLS-100] Command "source F:/FPGA/PyramidCon_x/solution2/.autopilot/db/pyrconstuct_top.rtl_wrap.cfg.tcl "
@I [HLS-100] Command 'ap_source' returned 0; elapsed 0.001Total elapsed time: 5.0 sec.
@I [HLS-100] Command "source F:/FPGA/PyramidCon_x/solution2/.autopilot/db/pyrconstuct_top.rtl_wrap.cfg.tcl "
@I [HLS-100] Command 'ap_source' returned 0; elapsed 0.001Total elapsed time: 5.1 sec.
@I [HLS-100] Command "source F:/FPGA/PyramidCon_x/solution2/.autopilot/db/pyrconstuct_top.tbgen.tcl "
@I [HLS-100] Command 'ap_source' returned 0; elapsed 0.001Total elapsed time: 5.2 sec.
@I [HLS-100] Command "source F:/FPGA/PyramidCon_x/solution2/.autopilot/db/pyrconstuct_top.tbgen.tcl "
@I [HLS-100] Command 'ap_source' returned 0; elapsed 0.001Total elapsed time: 5.4 sec.
@I [HLS-100] Command "source F:/FPGA/PyramidCon_x/solution2/.autopilot/db/pyrconstuct_top.rtl_wrap.cfg.tcl "
@I [HLS-100] Command 'ap_source' returned 0; elapsed 0.001Total elapsed time: 5.54 sec.
@I [HLS-100] Command "source F:/FPGA/PyramidCon_x/solution2/.autopilot/db/pyrconstuct_top.rtl_wrap.cfg.tcl "
@I [HLS-100] Command 'ap_source' returned 0; elapsed 0.001Total elapsed time: 5.56 sec.
@I [HLS-100] Command "source F:/FPGA/PyramidCon_x/solution2/.autopilot/db/pyrconstuct_top.tbgen.tcl "
@I [HLS-100] Command 'ap_source' returned 0; elapsed 0.001Total elapsed time: 5.57 sec.
@I [HLS-100] Command "source F:/FPGA/PyramidCon_x/solution2/.autopilot/db/pyrconstuct_top.tbgen.tcl "
@I [HLS-100] Command 'ap_source' returned 0; elapsed 0.001Total elapsed time: 5.58 sec.
@I [HLS-100] Command "source F:/FPGA/PyramidCon_x/solution2/.autopilot/db/pyrconstuct_top.rtl_wrap.cfg.tcl "
@I [HLS-100] Command 'ap_source' returned 0; elapsed 0.051Total elapsed time: 5.145 sec.
@I [HLS-100] Command "source F:/FPGA/PyramidCon_x/solution2/.autopilot/db/pyrconstuct_top.rtl_wrap.cfg.tcl "
@I [HLS-100] Command 'ap_source' returned 0; elapsed 0.001Total elapsed time: 5.147 sec.
@I [HLS-100] Command "source F:/FPGA/PyramidCon_x/solution2/.autopilot/db/pyrconstuct_top.tbgen.tcl "
@I [HLS-100] Command 'ap_source' returned 0; elapsed 0.001Total elapsed time: 5.148 sec.
@I [HLS-100] Command "source F:/FPGA/PyramidCon_x/solution2/.autopilot/db/pyrconstuct_top.tbgen.tcl "
@I [HLS-100] Command 'ap_source' returned 0; elapsed 0.001Total elapsed time: 5.149 sec.
@I [HLS-100] Command "source F:/FPGA/PyramidCon_x/solution2/.autopilot/db/pyrconstuct_top.constraint.tcl "
@I [HLS-100] Command 'ap_source' returned 0; elapsed 0.001Total elapsed time: 5.209 sec.
@I [HLS-100] Command "source F:/FPGA/PyramidCon_x/solution2/.autopilot/db/global.setting.tcl "
@I [HLS-100] Command 'ap_source' returned 0; elapsed 0.001Total elapsed time: 5.299 sec.
@I [HLS-100] Command "source F:/FPGA/PyramidCon_x/solution2/.autopilot/db/global.setting.tcl "
@I [HLS-100] Command 'ap_source' returned 0; elapsed 0.001Total elapsed time: 5.354 sec.
@I [HLS-100] Command "source F:/FPGA/PyramidCon_x/solution2/.autopilot/db/pyrconstuct_top.constraint.tcl "
@I [HLS-100] Command 'ap_source' returned 0; elapsed 0.001Total elapsed time: 5.363 sec.
@I [HLS-100] Command "source F:/FPGA/PyramidCon_x/solution2/.autopilot/db/pyrconstuct_top.constraint.tcl "
@I [HLS-100] Command 'ap_source' returned 0; elapsed 0.001Total elapsed time: 5.365 sec.
@I [HLS-100] Command "source C:/Xilinx2016/Vivado_HLS/2015.4/common/technology/generic/autopilot/common.gen "
@I [HLS-100] Command "source C:/Xilinx2016/Vivado_HLS/2015.4/common/technology/generic/autopilot/APCoreGen.gen "
@I [HLS-100] Command 'ap_source' returned 0; elapsed 0.001Total elapsed time: 5.496 sec.
@I [HLS-100] Command 'ap_source' returned 0; elapsed 0.003Total elapsed time: 5.497 sec.
@I [HLS-100] Command "source C:/Xilinx2016/Vivado_HLS/2015.4/common/technology/generic/autopilot/op.gen "
@I [HLS-100] Command 'ap_source' returned 0; elapsed 0.001Total elapsed time: 5.498 sec.
@I [HLS-100] Command "source C:/Xilinx2016/Vivado_HLS/2015.4/common/technology/generic/autopilot/op_simcore.gen "
@I [HLS-100] Command 'ap_source' returned 0; elapsed 0.003Total elapsed time: 5.501 sec.
@I [HLS-100] Command "source C:/Xilinx2016/Vivado_HLS/2015.4/common/technology/generic/autopilot/interface.gen "
@I [HLS-100] Command 'ap_source' returned 0; elapsed 0Total elapsed time: 5.501 sec.
@I [HLS-100] Command "source F:/FPGA/PyramidCon_x/solution2/.autopilot/db/global.setting.tcl "
@I [HLS-100] Command 'ap_source' returned 0; elapsed 0.001Total elapsed time: 5.502 sec.
@I [HLS-100] Command "source C:/Xilinx2016/Vivado_HLS/2015.4/common/technology/xilinx/zynq/zynq.gen "
@I [HLS-100] Command "source C:/Xilinx2016/Vivado_HLS/2015.4/common/technology/xilinx/common/virtex.gen "
@I [HLS-100] Command "source C:/Xilinx2016/Vivado_HLS/2015.4/common/technology/xilinx/common/xilinx.gen "
@I [HLS-100] Command "source C:/Xilinx2016/Vivado_HLS/2015.4/common/technology/xilinx/interface/plb46.gen "
@I [HLS-100] Command 'ap_source' returned 0; elapsed 0.002Total elapsed time: 5.506 sec.
@I [HLS-100] Command "source C:/Xilinx2016/Vivado_HLS/2015.4/common/technology/xilinx/interface/fsl.gen "
@I [HLS-100] Command 'ap_source' returned 0; elapsed 0.001Total elapsed time: 5.507 sec.
@I [HLS-100] Command "source C:/Xilinx2016/Vivado_HLS/2015.4/common/technology/xilinx/interface/axi4.gen "
@I [HLS-100] Command 'ap_source' returned 0; elapsed 0.005Total elapsed time: 5.512 sec.
@I [HLS-100] Command "source C:/Xilinx2016/Vivado_HLS/2015.4/common/technology/xilinx/interface/nativeAXI4.gen "
@I [HLS-100] Command "source C:/Xilinx2016/Vivado_HLS/2015.4/common/technology/xilinx/interface/saxilite.gen "
@I [HLS-100] Command 'ap_source' returned 0; elapsed 0.007Total elapsed time: 5.520 sec.
@I [HLS-100] Command "source C:/Xilinx2016/Vivado_HLS/2015.4/common/technology/xilinx/interface/maxi.gen "
@I [HLS-100] Command 'ap_source' returned 0; elapsed 0.017Total elapsed time: 5.537 sec.
@I [HLS-100] Command 'ap_source' returned 0; elapsed 0.024Total elapsed time: 5.537 sec.
@I [HLS-100] Command "source C:/Xilinx2016/Vivado_HLS/2015.4/common/technology/xilinx/scripts/xilinxcoregen.gen "
@I [HLS-100] Command 'ap_source' returned 0; elapsed 0.018Total elapsed time: 5.555 sec.
@I [HLS-100] Command "source C:/Xilinx2016/Vivado_HLS/2015.4/common/technology/xilinx/interface/XilEDKCoreGen.gen "
@I [HLS-100] Command 'ap_source' returned 0; elapsed 0.018Total elapsed time: 5.573 sec.
@I [HLS-100] Command "source C:/Xilinx2016/Vivado_HLS/2015.4/common/technology/xilinx/ip/dds_compiler.gen "
@I [HLS-100] Command 'ap_source' returned 0; elapsed 0.008Total elapsed time: 5.584 sec.
@I [HLS-100] Command "source C:/Xilinx2016/Vivado_HLS/2015.4/common/technology/xilinx/ip/util.gen "
@I [HLS-100] Command 'ap_source' returned 0; elapsed 0Total elapsed time: 5.584 sec.
@I [HLS-100] Command "source C:/Xilinx2016/Vivado_HLS/2015.4/common/technology/xilinx/ip/xfft.gen "
@I [HLS-100] Command 'ap_source' returned 0; elapsed 0.258Total elapsed time: 5.842 sec.
@I [HLS-100] Command "source C:/Xilinx2016/Vivado_HLS/2015.4/common/technology/xilinx/ip/xfir.gen "
@I [HLS-100] Command 'ap_source' returned 0; elapsed 0.069Total elapsed time: 5.913 sec.
@I [HLS-100] Command 'ap_source' returned 0; elapsed 0.41Total elapsed time: 5.914 sec.
@I [HLS-100] Command "source C:/Xilinx2016/Vivado_HLS/2015.4/common/technology/xilinx/common/dsp48.gen "
@I [HLS-100] Command 'ap_source' returned 0; elapsed 0Total elapsed time: 5.916 sec.
@I [HLS-100] Command 'ap_source' returned 0; elapsed 0.413Total elapsed time: 5.916 sec.
@I [HLS-100] Command 'ap_source' returned 0; elapsed 0.414Total elapsed time: 5.916 sec.
@I [HLS-100] Command "source C:/Xilinx2016/Vivado_HLS/2015.4/common/technology/xilinx/zynq/zynq_fpv6.gen "
@I [HLS-100] Command "source C:/Xilinx2016/Vivado_HLS/2015.4/common/technology/xilinx/common/xilinx_fpv6.gen "
@I [HLS-100] Command 'ap_source' returned 0; elapsed 0.003Total elapsed time: 5.921 sec.
@I [HLS-100] Command 'ap_source' returned 0; elapsed 0.004Total elapsed time: 5.921 sec.
@I [HLS-100] Command "source F:/FPGA/PyramidCon_x/solution2/.autopilot/db/global.setting.tcl "
@I [HLS-100] Command 'ap_source' returned 0; elapsed 0Total elapsed time: 32.833 sec.
@I [HLS-100] Command "source C:/Xilinx2016/Vivado_HLS/2015.4/common/technology/generic/autopilot/common.gen "
@I [HLS-100] Command "source C:/Xilinx2016/Vivado_HLS/2015.4/common/technology/generic/autopilot/APCoreGen.gen "
@I [HLS-100] Command 'ap_source' returned 0; elapsed 0.002Total elapsed time: 32.840 sec.
@I [HLS-100] Command 'ap_source' returned 0; elapsed 0.003Total elapsed time: 32.841 sec.
@I [HLS-100] Command "source C:/Xilinx2016/Vivado_HLS/2015.4/common/technology/generic/autopilot/op.gen "
@I [HLS-100] Command 'ap_source' returned 0; elapsed 0.001Total elapsed time: 32.842 sec.
@I [HLS-100] Command "source C:/Xilinx2016/Vivado_HLS/2015.4/common/technology/generic/autopilot/op_simcore.gen "
@I [HLS-100] Command 'ap_source' returned 0; elapsed 0.002Total elapsed time: 32.844 sec.
@I [HLS-100] Command "source C:/Xilinx2016/Vivado_HLS/2015.4/common/technology/generic/autopilot/interface.gen "
@I [HLS-100] Command 'ap_source' returned 0; elapsed 0Total elapsed time: 32.844 sec.
@I [HLS-100] Command "source F:/FPGA/PyramidCon_x/solution2/.autopilot/db/global.setting.tcl "
@I [HLS-100] Command 'ap_source' returned 0; elapsed 0.001Total elapsed time: 32.845 sec.
@I [HLS-100] Command "source C:/Xilinx2016/Vivado_HLS/2015.4/common/technology/xilinx/zynq/zynq.gen "
@I [HLS-100] Command "source C:/Xilinx2016/Vivado_HLS/2015.4/common/technology/xilinx/common/virtex.gen "
@I [HLS-100] Command "source C:/Xilinx2016/Vivado_HLS/2015.4/common/technology/xilinx/common/xilinx.gen "
@I [HLS-100] Command "source C:/Xilinx2016/Vivado_HLS/2015.4/common/technology/xilinx/interface/plb46.gen "
@I [HLS-100] Command 'ap_source' returned 0; elapsed 0.002Total elapsed time: 32.849 sec.
@I [HLS-100] Command "source C:/Xilinx2016/Vivado_HLS/2015.4/common/technology/xilinx/interface/fsl.gen "
@I [HLS-100] Command 'ap_source' returned 0; elapsed 0Total elapsed time: 32.849 sec.
@I [HLS-100] Command "source C:/Xilinx2016/Vivado_HLS/2015.4/common/technology/xilinx/interface/axi4.gen "
@I [HLS-100] Command 'ap_source' returned 0; elapsed 0.003Total elapsed time: 32.852 sec.
@I [HLS-100] Command "source C:/Xilinx2016/Vivado_HLS/2015.4/common/technology/xilinx/interface/nativeAXI4.gen "
@I [HLS-100] Command "source C:/Xilinx2016/Vivado_HLS/2015.4/common/technology/xilinx/interface/saxilite.gen "
@I [HLS-100] Command 'ap_source' returned 0; elapsed 0.007Total elapsed time: 32.859 sec.
@I [HLS-100] Command "source C:/Xilinx2016/Vivado_HLS/2015.4/common/technology/xilinx/interface/maxi.gen "
@I [HLS-100] Command 'ap_source' returned 0; elapsed 0.015Total elapsed time: 32.874 sec.
@I [HLS-100] Command 'ap_source' returned 0; elapsed 0.022Total elapsed time: 32.874 sec.
@I [HLS-100] Command "source C:/Xilinx2016/Vivado_HLS/2015.4/common/technology/xilinx/scripts/xilinxcoregen.gen "
@I [HLS-100] Command 'ap_source' returned 0; elapsed 0.018Total elapsed time: 32.892 sec.
@I [HLS-100] Command "source C:/Xilinx2016/Vivado_HLS/2015.4/common/technology/xilinx/interface/XilEDKCoreGen.gen "
@I [HLS-100] Command 'ap_source' returned 0; elapsed 0.017Total elapsed time: 32.909 sec.
@I [HLS-100] Command "source C:/Xilinx2016/Vivado_HLS/2015.4/common/technology/xilinx/ip/dds_compiler.gen "
@I [HLS-100] Command 'ap_source' returned 0; elapsed 0.005Total elapsed time: 32.914 sec.
@I [HLS-100] Command "source C:/Xilinx2016/Vivado_HLS/2015.4/common/technology/xilinx/ip/util.gen "
@I [HLS-100] Command 'ap_source' returned 0; elapsed 0Total elapsed time: 32.914 sec.
@I [HLS-100] Command "source C:/Xilinx2016/Vivado_HLS/2015.4/common/technology/xilinx/ip/xfft.gen "
@I [HLS-100] Command 'ap_source' returned 0; elapsed 0.196Total elapsed time: 33.111 sec.
@I [HLS-100] Command "source C:/Xilinx2016/Vivado_HLS/2015.4/common/technology/xilinx/ip/xfir.gen "
@I [HLS-100] Command 'ap_source' returned 0; elapsed 0.054Total elapsed time: 33.165 sec.
@I [HLS-100] Command 'ap_source' returned 0; elapsed 0.317Total elapsed time: 33.165 sec.
@I [HLS-100] Command "source C:/Xilinx2016/Vivado_HLS/2015.4/common/technology/xilinx/common/dsp48.gen "
@I [HLS-100] Command 'ap_source' returned 0; elapsed 0Total elapsed time: 33.168 sec.
@I [HLS-100] Command 'ap_source' returned 0; elapsed 0.321Total elapsed time: 33.168 sec.
@I [HLS-100] Command 'ap_source' returned 0; elapsed 0.323Total elapsed time: 33.169 sec.
@I [HLS-100] Command "source C:/Xilinx2016/Vivado_HLS/2015.4/common/technology/xilinx/zynq/zynq_fpv6.gen "
@I [HLS-100] Command "source C:/Xilinx2016/Vivado_HLS/2015.4/common/technology/xilinx/common/xilinx_fpv6.gen "
@I [HLS-100] Command 'ap_source' returned 0; elapsed 0.004Total elapsed time: 33.173 sec.
@I [HLS-100] Command 'ap_source' returned 0; elapsed 0.004Total elapsed time: 33.173 sec.
@I [HLS-100] Command "source F:/FPGA/PyramidCon_x/solution2/.autopilot/db/global.setting.tcl "
@I [HLS-100] Command 'ap_source' returned 0; elapsed 0.001Total elapsed time: 33.232 sec.
@I [IMPL-8] Starting RTL evaluation using Vivado ...
@I [HLS-100] Command "source F:/FPGA/PyramidCon_x/solution2/.autopilot/db/global.setting.tcl "
@I [HLS-100] Command 'ap_source' returned 0; elapsed 0Total elapsed time: 33.240 sec.
@I [HLS-100] Command "source F:/FPGA/PyramidCon_x/solution2/.autopilot/db/global.setting.tcl "
@I [HLS-100] Command 'ap_source' returned 0; elapsed 0Total elapsed time: 33.251 sec.
@I [HLS-100] Command "source C:/Xilinx2016/Vivado_HLS/2015.4/common/technology/generic/autopilot/common.gen "
@I [HLS-100] Command "source C:/Xilinx2016/Vivado_HLS/2015.4/common/technology/generic/autopilot/APCoreGen.gen "
@I [HLS-100] Command 'ap_source' returned 0; elapsed 0.003Total elapsed time: 33.262 sec.
@I [HLS-100] Command 'ap_source' returned 0; elapsed 0.004Total elapsed time: 33.263 sec.
@I [HLS-100] Command "source C:/Xilinx2016/Vivado_HLS/2015.4/common/technology/generic/autopilot/op.gen "
@I [HLS-100] Command 'ap_source' returned 0; elapsed 0.001Total elapsed time: 33.264 sec.
@I [HLS-100] Command "source C:/Xilinx2016/Vivado_HLS/2015.4/common/technology/generic/autopilot/op_simcore.gen "
@I [HLS-100] Command 'ap_source' returned 0; elapsed 0.002Total elapsed time: 33.266 sec.
@I [HLS-100] Command "source C:/Xilinx2016/Vivado_HLS/2015.4/common/technology/generic/autopilot/interface.gen "
@I [HLS-100] Command 'ap_source' returned 0; elapsed 0Total elapsed time: 33.266 sec.
@I [HLS-100] Command "source F:/FPGA/PyramidCon_x/solution2/.autopilot/db/global.setting.tcl "
@I [HLS-100] Command 'ap_source' returned 0; elapsed 0.066Total elapsed time: 33.331 sec.
@I [HLS-100] Command "source C:/Xilinx2016/Vivado_HLS/2015.4/common/technology/xilinx/zynq/zynq.gen "
@I [HLS-100] Command "source C:/Xilinx2016/Vivado_HLS/2015.4/common/technology/xilinx/common/virtex.gen "
@I [HLS-100] Command "source C:/Xilinx2016/Vivado_HLS/2015.4/common/technology/xilinx/common/xilinx.gen "
@I [HLS-100] Command "source C:/Xilinx2016/Vivado_HLS/2015.4/common/technology/xilinx/interface/plb46.gen "
@I [HLS-100] Command 'ap_source' returned 0; elapsed 0.002Total elapsed time: 33.334 sec.
@I [HLS-100] Command "source C:/Xilinx2016/Vivado_HLS/2015.4/common/technology/xilinx/interface/fsl.gen "
@I [HLS-100] Command 'ap_source' returned 0; elapsed 0Total elapsed time: 33.334 sec.
@I [HLS-100] Command "source C:/Xilinx2016/Vivado_HLS/2015.4/common/technology/xilinx/interface/axi4.gen "
@I [HLS-100] Command 'ap_source' returned 0; elapsed 0.003Total elapsed time: 33.337 sec.
@I [HLS-100] Command "source C:/Xilinx2016/Vivado_HLS/2015.4/common/technology/xilinx/interface/nativeAXI4.gen "
@I [HLS-100] Command "source C:/Xilinx2016/Vivado_HLS/2015.4/common/technology/xilinx/interface/saxilite.gen "
@I [HLS-100] Command 'ap_source' returned 0; elapsed 0.011Total elapsed time: 33.348 sec.
@I [HLS-100] Command "source C:/Xilinx2016/Vivado_HLS/2015.4/common/technology/xilinx/interface/maxi.gen "
@I [HLS-100] Command 'ap_source' returned 0; elapsed 0.015Total elapsed time: 33.363 sec.
@I [HLS-100] Command 'ap_source' returned 0; elapsed 0.026Total elapsed time: 33.363 sec.
@I [HLS-100] Command "source C:/Xilinx2016/Vivado_HLS/2015.4/common/technology/xilinx/scripts/xilinxcoregen.gen "
@I [HLS-100] Command 'ap_source' returned 0; elapsed 0.018Total elapsed time: 33.381 sec.
@I [HLS-100] Command "source C:/Xilinx2016/Vivado_HLS/2015.4/common/technology/xilinx/interface/XilEDKCoreGen.gen "
@I [HLS-100] Command 'ap_source' returned 0; elapsed 0.017Total elapsed time: 33.398 sec.
@I [HLS-100] Command "source C:/Xilinx2016/Vivado_HLS/2015.4/common/technology/xilinx/ip/dds_compiler.gen "
@I [HLS-100] Command 'ap_source' returned 0; elapsed 0.005Total elapsed time: 33.403 sec.
@I [HLS-100] Command "source C:/Xilinx2016/Vivado_HLS/2015.4/common/technology/xilinx/ip/util.gen "
@I [HLS-100] Command 'ap_source' returned 0; elapsed 0Total elapsed time: 33.403 sec.
@I [HLS-100] Command "source C:/Xilinx2016/Vivado_HLS/2015.4/common/technology/xilinx/ip/xfft.gen "
@I [HLS-100] Command 'ap_source' returned 0; elapsed 0.214Total elapsed time: 33.617 sec.
@I [HLS-100] Command "source C:/Xilinx2016/Vivado_HLS/2015.4/common/technology/xilinx/ip/xfir.gen "
@I [HLS-100] Command 'ap_source' returned 0; elapsed 0.049Total elapsed time: 33.666 sec.
@I [HLS-100] Command 'ap_source' returned 0; elapsed 0.334Total elapsed time: 33.666 sec.
@I [HLS-100] Command "source C:/Xilinx2016/Vivado_HLS/2015.4/common/technology/xilinx/common/dsp48.gen "
@I [HLS-100] Command 'ap_source' returned 0; elapsed 0.001Total elapsed time: 33.668 sec.
@I [HLS-100] Command 'ap_source' returned 0; elapsed 0.337Total elapsed time: 33.668 sec.
@I [HLS-100] Command 'ap_source' returned 0; elapsed 0.337Total elapsed time: 33.668 sec.
@I [HLS-100] Command "source C:/Xilinx2016/Vivado_HLS/2015.4/common/technology/xilinx/zynq/zynq_fpv6.gen "
@I [HLS-100] Command "source C:/Xilinx2016/Vivado_HLS/2015.4/common/technology/xilinx/common/xilinx_fpv6.gen "
@I [HLS-100] Command 'ap_source' returned 0; elapsed 0.002Total elapsed time: 33.670 sec.
@I [HLS-100] Command 'ap_source' returned 0; elapsed 0.002Total elapsed time: 33.670 sec.
@I [HLS-100] Command "source F:/FPGA/PyramidCon_x/solution2/.autopilot/db/global.setting.tcl "
@I [HLS-100] Command 'ap_source' returned 0; elapsed 0Total elapsed time: 33.732 sec.
@I [HLS-100] Command "source F:/FPGA/PyramidCon_x/solution2/.autopilot/db/global.setting.tcl "
@I [HLS-100] Command 'ap_source' returned 0; elapsed 0Total elapsed time: 33.733 sec.
@I [HLS-100] Command "source F:/FPGA/PyramidCon_x/solution2/.autopilot/db/fft_config1_s.compgen.tcl "
@I [HLS-100] Command 'ap_source' returned 0; elapsed 0.013Total elapsed time: 33.747 sec.
@I [HLS-100] Command "source F:/FPGA/PyramidCon_x/solution2/.autopilot/db/fft_config2_s.compgen.tcl "
@I [HLS-100] Command 'ap_source' returned 0; elapsed 0.015Total elapsed time: 33.762 sec.
@I [HLS-100] Command "source F:/FPGA/PyramidCon_x/solution2/.autopilot/db/pyrconstuct_top_Block_codeRepl26_proc.compgen.tcl "
@I [HLS-100] Command 'ap_source' returned 0; elapsed 0.001Total elapsed time: 33.764 sec.
@I [HLS-100] Command "source F:/FPGA/PyramidCon_x/solution2/.autopilot/db/pyrconstuct_top_Loop_1_proc.compgen.tcl "
@I [HLS-100] Command 'ap_source' returned 0; elapsed 0.001Total elapsed time: 33.765 sec.
@I [HLS-100] Command "source F:/FPGA/PyramidCon_x/solution2/.autopilot/db/fft_config1_s.compgen.tcl "
@I [HLS-100] Command 'ap_source' returned 0; elapsed 0.002Total elapsed time: 33.767 sec.
@I [HLS-100] Command "source F:/FPGA/PyramidCon_x/solution2/.autopilot/db/pyrconstuct_top_Loop_2_proc.compgen.tcl "
@I [HLS-100] Command 'ap_source' returned 0; elapsed 0.001Total elapsed time: 33.768 sec.
@I [HLS-100] Command "source F:/FPGA/PyramidCon_x/solution2/.autopilot/db/pyrconstuct_top_Loop_3_proc.compgen.tcl "
@I [HLS-100] Command 'ap_source' returned 0; elapsed 0.001Total elapsed time: 33.769 sec.
@I [HLS-100] Command "source F:/FPGA/PyramidCon_x/solution2/.autopilot/db/pyrconstuct_top_Loop_4_proc.compgen.tcl "
@I [HLS-100] Command 'ap_source' returned 0; elapsed 0Total elapsed time: 33.770 sec.
@I [HLS-100] Command "source F:/FPGA/PyramidCon_x/solution2/.autopilot/db/pyrconstuct_top_Block_proc.compgen.tcl "
@I [HLS-100] Command 'ap_source' returned 0; elapsed 0Total elapsed time: 33.771 sec.
@I [HLS-100] Command "source F:/FPGA/PyramidCon_x/solution2/.autopilot/db/fft_config2_s.compgen.tcl "
@I [HLS-100] Command 'ap_source' returned 0; elapsed 0.003Total elapsed time: 33.775 sec.
@I [HLS-100] Command "source F:/FPGA/PyramidCon_x/solution2/.autopilot/db/pyrconstuct_top_Loop_5_proc.compgen.tcl "
@I [HLS-100] Command 'ap_source' returned 0; elapsed 0.001Total elapsed time: 33.776 sec.
@I [HLS-100] Command "source F:/FPGA/PyramidCon_x/solution2/.autopilot/db/pyrconstuct_top.compgen.tcl "
@I [HLS-100] Command 'ap_source' returned 0; elapsed 0.054Total elapsed time: 33.830 sec.
@I [HLS-100] Command "source F:/FPGA/PyramidCon_x/solution2/.autopilot/db/global.setting.tcl "
@I [HLS-100] Command 'ap_source' returned 0; elapsed 0.001Total elapsed time: 34.26 sec.
@I [HLS-100] Command "source F:/FPGA/PyramidCon_x/solution2/.autopilot/db/pyrconstuct_top.constraint.tcl "
@I [HLS-100] Command 'ap_source' returned 0; elapsed 0Total elapsed time: 34.28 sec.
@I [HLS-100] Command "source C:/Xilinx2016/Vivado_HLS/2015.4/common/technology/generic/autopilot/common.gen "
@I [HLS-100] Command "source C:/Xilinx2016/Vivado_HLS/2015.4/common/technology/generic/autopilot/APCoreGen.gen "
@I [HLS-100] Command 'ap_source' returned 0; elapsed 0.001Total elapsed time: 34.58 sec.
@I [HLS-100] Command 'ap_source' returned 0; elapsed 0.004Total elapsed time: 34.59 sec.
@I [HLS-100] Command "source C:/Xilinx2016/Vivado_HLS/2015.4/common/technology/generic/autopilot/op.gen "
@I [HLS-100] Command 'ap_source' returned 0; elapsed 0.001Total elapsed time: 34.60 sec.
@I [HLS-100] Command "source C:/Xilinx2016/Vivado_HLS/2015.4/common/technology/generic/autopilot/op_simcore.gen "
@I [HLS-100] Command 'ap_source' returned 0; elapsed 0.001Total elapsed time: 34.61 sec.
@I [HLS-100] Command "source C:/Xilinx2016/Vivado_HLS/2015.4/common/technology/generic/autopilot/interface.gen "
@I [HLS-100] Command 'ap_source' returned 0; elapsed 0Total elapsed time: 34.61 sec.
@I [HLS-100] Command "source F:/FPGA/PyramidCon_x/solution2/.autopilot/db/global.setting.tcl "
@I [HLS-100] Command 'ap_source' returned 0; elapsed 0.057Total elapsed time: 34.118 sec.
@I [HLS-100] Command "source C:/Xilinx2016/Vivado_HLS/2015.4/common/technology/xilinx/zynq/zynq.gen "
@I [HLS-100] Command "source C:/Xilinx2016/Vivado_HLS/2015.4/common/technology/xilinx/common/virtex.gen "
@I [HLS-100] Command "source C:/Xilinx2016/Vivado_HLS/2015.4/common/technology/xilinx/common/xilinx.gen "
@I [HLS-100] Command "source C:/Xilinx2016/Vivado_HLS/2015.4/common/technology/xilinx/interface/plb46.gen "
@I [HLS-100] Command 'ap_source' returned 0; elapsed 0.002Total elapsed time: 34.122 sec.
@I [HLS-100] Command "source C:/Xilinx2016/Vivado_HLS/2015.4/common/technology/xilinx/interface/fsl.gen "
@I [HLS-100] Command 'ap_source' returned 0; elapsed 0.002Total elapsed time: 34.124 sec.
@I [HLS-100] Command "source C:/Xilinx2016/Vivado_HLS/2015.4/common/technology/xilinx/interface/axi4.gen "
@I [HLS-100] Command 'ap_source' returned 0; elapsed 0.005Total elapsed time: 34.129 sec.
@I [HLS-100] Command "source C:/Xilinx2016/Vivado_HLS/2015.4/common/technology/xilinx/interface/nativeAXI4.gen "
@I [HLS-100] Command "source C:/Xilinx2016/Vivado_HLS/2015.4/common/technology/xilinx/interface/saxilite.gen "
@I [HLS-100] Command 'ap_source' returned 0; elapsed 0.007Total elapsed time: 34.136 sec.
@I [HLS-100] Command "source C:/Xilinx2016/Vivado_HLS/2015.4/common/technology/xilinx/interface/maxi.gen "
@I [HLS-100] Command 'ap_source' returned 0; elapsed 0.016Total elapsed time: 34.152 sec.
@I [HLS-100] Command 'ap_source' returned 0; elapsed 0.023Total elapsed time: 34.152 sec.
@I [HLS-100] Command "source C:/Xilinx2016/Vivado_HLS/2015.4/common/technology/xilinx/scripts/xilinxcoregen.gen "
@I [HLS-100] Command 'ap_source' returned 0; elapsed 0.013Total elapsed time: 34.166 sec.
@I [HLS-100] Command "source C:/Xilinx2016/Vivado_HLS/2015.4/common/technology/xilinx/interface/XilEDKCoreGen.gen "
@I [HLS-100] Command 'ap_source' returned 0; elapsed 0.014Total elapsed time: 34.180 sec.
@I [HLS-100] Command "source C:/Xilinx2016/Vivado_HLS/2015.4/common/technology/xilinx/ip/dds_compiler.gen "
@I [HLS-100] Command 'ap_source' returned 0; elapsed 0.006Total elapsed time: 34.187 sec.
@I [HLS-100] Command "source C:/Xilinx2016/Vivado_HLS/2015.4/common/technology/xilinx/ip/util.gen "
@I [HLS-100] Command 'ap_source' returned 0; elapsed 0.001Total elapsed time: 34.188 sec.
@I [HLS-100] Command "source C:/Xilinx2016/Vivado_HLS/2015.4/common/technology/xilinx/ip/xfft.gen "
@I [HLS-100] Command 'ap_source' returned 0; elapsed 0.173Total elapsed time: 34.361 sec.
@I [HLS-100] Command "source C:/Xilinx2016/Vivado_HLS/2015.4/common/technology/xilinx/ip/xfir.gen "
@I [HLS-100] Command 'ap_source' returned 0; elapsed 0.041Total elapsed time: 34.402 sec.
@I [HLS-100] Command 'ap_source' returned 0; elapsed 0.282Total elapsed time: 34.402 sec.
@I [HLS-100] Command "source C:/Xilinx2016/Vivado_HLS/2015.4/common/technology/xilinx/common/dsp48.gen "
@I [HLS-100] Command 'ap_source' returned 0; elapsed 0Total elapsed time: 34.404 sec.
@I [HLS-100] Command 'ap_source' returned 0; elapsed 0.285Total elapsed time: 34.404 sec.
@I [HLS-100] Command 'ap_source' returned 0; elapsed 0.286Total elapsed time: 34.404 sec.
@I [HLS-100] Command "source C:/Xilinx2016/Vivado_HLS/2015.4/common/technology/xilinx/zynq/zynq_fpv6.gen "
@I [HLS-100] Command "source C:/Xilinx2016/Vivado_HLS/2015.4/common/technology/xilinx/common/xilinx_fpv6.gen "
@I [HLS-100] Command 'ap_source' returned 0; elapsed 0.004Total elapsed time: 34.408 sec.
@I [HLS-100] Command 'ap_source' returned 0; elapsed 0.004Total elapsed time: 34.408 sec.
@I [HLS-100] Command "source F:/FPGA/PyramidCon_x/solution2/.autopilot/db/global.setting.tcl "
@I [HLS-100] Command 'ap_source' returned 0; elapsed 0.001Total elapsed time: 34.492 sec.
@I [HLS-100] Command 'export_design' returned 0; elapsed 2738.71Total elapsed time: 2740.593 sec.
@I [HLS-100] Command 'ap_source' returned 0; elapsed 2739.57Total elapsed time: 2740.594 sec.
@I [HLS-100] Command "cleanup_all "
@I [HLS-100] Command 'cleanup_all' returned 0; elapsed 0.004Total elapsed time: 2740.605 sec.
