@I [HLS-0] Workspace F:/FPGA/exp/DispCheck/solution1 opened at Mon Feb 08 23:55:36 +0700 2016
@I [HLS-100] Command "config_clock -quiet -name default -period 10 -default=false "
@I [SYN-201] Setting up clock 'default' with a period of 10ns.
@I [HLS-100] Command 'config_clock' returned 0; elapsed 0.001Total elapsed time: 0.849 sec.
@I [HLS-100] Command "open_platform DefaultPlatform "
@I [HLS-100] Command 'open_platform' returned 0; elapsed 0Total elapsed time: 0.850 sec.
@I [HLS-100] Command "import_lib C:/Xilinx2016/Vivado_HLS/2015.4/common/technology/xilinx/zynq/zynq "
@I [HLS-100] Command "source C:/Xilinx2016/Vivado_HLS/2015.4/common/technology/xilinx/common/xilinx.lib "
@I [HLS-100] Command "source C:/Xilinx2016/Vivado_HLS/2015.4/common/technology/xilinx/interface/xilinx_interface.lib "
@I [HLS-100] Command "source C:/Xilinx2016/Vivado_HLS/2015.4/common/technology/xilinx/interface/plb46.lib "
@I [HLS-100] Command 'ap_source' returned 0; elapsed 0Total elapsed time: 0.852 sec.
@I [HLS-100] Command "source C:/Xilinx2016/Vivado_HLS/2015.4/common/technology/xilinx/interface/fsl.lib "
@I [HLS-100] Command 'ap_source' returned 0; elapsed 0Total elapsed time: 0.852 sec.
@I [HLS-100] Command "source C:/Xilinx2016/Vivado_HLS/2015.4/common/technology/xilinx/interface/axi4.lib "
@I [HLS-100] Command 'ap_source' returned 0; elapsed 0Total elapsed time: 0.853 sec.
@I [HLS-100] Command "source C:/Xilinx2016/Vivado_HLS/2015.4/common/technology/xilinx/interface/maxi.lib "
@I [HLS-100] Command 'ap_source' returned 0; elapsed 0Total elapsed time: 0.853 sec.
@I [HLS-100] Command "source C:/Xilinx2016/Vivado_HLS/2015.4/common/technology/xilinx/interface/saxilite.lib "
@I [HLS-100] Command 'ap_source' returned 0; elapsed 0.001Total elapsed time: 0.854 sec.
@I [HLS-100] Command 'ap_source' returned 0; elapsed 0.003Total elapsed time: 0.854 sec.
@I [HLS-100] Command "source C:/Xilinx2016/Vivado_HLS/2015.4/common/technology/xilinx/common/dsp48.lib "
@I [HLS-100] Command 'ap_source' returned 0; elapsed 0Total elapsed time: 0.854 sec.
@I [HLS-100] Command "source C:/Xilinx2016/Vivado_HLS/2015.4/common/technology/xilinx/ip/dds_compiler.lib "
@I [HLS-100] Command 'ap_source' returned 0; elapsed 0Total elapsed time: 0.855 sec.
@I [HLS-100] Command "source C:/Xilinx2016/Vivado_HLS/2015.4/common/technology/xilinx/ip/xfft.lib "
@I [HLS-100] Command 'ap_source' returned 0; elapsed 0.001Total elapsed time: 0.856 sec.
@I [HLS-100] Command "source C:/Xilinx2016/Vivado_HLS/2015.4/common/technology/xilinx/ip/xfir.lib "
@I [HLS-100] Command 'ap_source' returned 0; elapsed 0Total elapsed time: 0.856 sec.
@I [HLS-100] Command 'ap_source' returned 0; elapsed 0.008Total elapsed time: 0.859 sec.
@I [HLS-100] Command "source C:/Xilinx2016/Vivado_HLS/2015.4/common/technology/xilinx/common/xilinx_old.lib "
@I [HLS-100] Command 'ap_source' returned 0; elapsed 0.001Total elapsed time: 0.861 sec.
@I [HLS-100] Command "source C:/Xilinx2016/Vivado_HLS/2015.4/common/technology/xilinx/common/xilinx_vivado.lib "
@I [HLS-100] Command 'ap_source' returned 0; elapsed 0.001Total elapsed time: 0.862 sec.
@I [HLS-100] Command "source C:/Xilinx2016/Vivado_HLS/2015.4/common/technology/xilinx/common/xilinx.hlp "
@I [HLS-100] Command "source C:/Xilinx2016/Vivado_HLS/2015.4/common/technology/xilinx/common/target_info.tcl "
@I [HLS-100] Command 'ap_source' returned 0; elapsed 0.001Total elapsed time: 0.869 sec.
@I [HLS-100] Command "source C:/Xilinx2016/Vivado_HLS/2015.4/common/technology/xilinx/interface/xilinx_interface.hlp "
@I [HLS-100] Command "source C:/Xilinx2016/Vivado_HLS/2015.4/common/technology/xilinx/interface/maxi.hlp "
@I [HLS-100] Command 'ap_source' returned 0; elapsed 0Total elapsed time: 0.869 sec.
@I [HLS-100] Command "source C:/Xilinx2016/Vivado_HLS/2015.4/common/technology/xilinx/interface/saxilite.hlp "
@I [HLS-100] Command 'ap_source' returned 0; elapsed 0Total elapsed time: 0.869 sec.
@I [HLS-100] Command 'ap_source' returned 0; elapsed 0.001Total elapsed time: 0.870 sec.
@I [HLS-100] Command "source C:/Xilinx2016/Vivado_HLS/2015.4/common/technology/xilinx/common/dsp48.hlp "
@I [HLS-100] Command 'ap_source' returned 0; elapsed 0.001Total elapsed time: 0.871 sec.
@I [HLS-100] Command 'ap_source' returned 0; elapsed 0.005Total elapsed time: 0.871 sec.
@I [HLS-100] Command "source C:/Xilinx2016/Vivado_HLS/2015.4/common/technology/xilinx/zynq/dsp48e1.hlp "
@I [HLS-100] Command 'ap_source' returned 0; elapsed 0Total elapsed time: 0.871 sec.
@I [HLS-100] Command "get_default_platform "
@I [HLS-100] Command 'get_default_platform' returned 0; elapsed 0Total elapsed time: 0.872 sec.
@I [HLS-100] Command "config_chip_info -quiet -resource  {SLICE 13300}  {LUT 53200}     {FF 106400} {DSP48E 220}   {BRAM 280}  "
@I [HLS-100] Command 'config_chip_info' returned 0; elapsed 0Total elapsed time: 0.872 sec.
@I [HLS-100] Command "config_chip_info -quiet -speed medium "
@I [HLS-100] Command 'config_chip_info' returned 0; elapsed 0Total elapsed time: 0.872 sec.
@I [HLS-100] Command 'import_lib' returned 0; elapsed 0.023Total elapsed time: 0.873 sec.
@I [HLS-100] Command "source C:/Xilinx2016/Vivado_HLS/2015.4/common/technology/xilinx/zynq/zynq.gen "
@I [HLS-100] Command "source C:/Xilinx2016/Vivado_HLS/2015.4/common/technology/xilinx/common/virtex.gen "
@I [HLS-100] Command "source C:/Xilinx2016/Vivado_HLS/2015.4/common/technology/xilinx/common/xilinx.gen "
@I [HLS-100] Command "source C:/Xilinx2016/Vivado_HLS/2015.4/common/technology/xilinx/interface/plb46.gen "
@I [HLS-100] Command 'ap_source' returned 0; elapsed 0.002Total elapsed time: 0.877 sec.
@I [HLS-100] Command "source C:/Xilinx2016/Vivado_HLS/2015.4/common/technology/xilinx/interface/fsl.gen "
@I [HLS-100] Command 'ap_source' returned 0; elapsed 0.001Total elapsed time: 0.878 sec.
@I [HLS-100] Command "source C:/Xilinx2016/Vivado_HLS/2015.4/common/technology/xilinx/interface/axi4.gen "
@I [HLS-100] Command 'ap_source' returned 0; elapsed 0.005Total elapsed time: 0.883 sec.
@I [HLS-100] Command "source C:/Xilinx2016/Vivado_HLS/2015.4/common/technology/xilinx/interface/nativeAXI4.gen "
@I [HLS-100] Command "source C:/Xilinx2016/Vivado_HLS/2015.4/common/technology/xilinx/interface/saxilite.gen "
@I [HLS-100] Command 'ap_source' returned 0; elapsed 0.007Total elapsed time: 0.891 sec.
@I [HLS-100] Command "source C:/Xilinx2016/Vivado_HLS/2015.4/common/technology/xilinx/interface/maxi.gen "
@I [HLS-100] Command 'ap_source' returned 0; elapsed 0.015Total elapsed time: 0.906 sec.
@I [HLS-100] Command 'ap_source' returned 0; elapsed 0.023Total elapsed time: 0.906 sec.
@I [HLS-100] Command "source C:/Xilinx2016/Vivado_HLS/2015.4/common/technology/xilinx/scripts/xilinxcoregen.gen "
@I [HLS-100] Command 'ap_source' returned 0; elapsed 0.016Total elapsed time: 0.922 sec.
@I [HLS-100] Command "source C:/Xilinx2016/Vivado_HLS/2015.4/common/technology/xilinx/interface/XilEDKCoreGen.gen "
@I [HLS-100] Command 'ap_source' returned 0; elapsed 0.01Total elapsed time: 0.932 sec.
@I [HLS-100] Command "source C:/Xilinx2016/Vivado_HLS/2015.4/common/technology/xilinx/ip/dds_compiler.gen "
@I [HLS-100] Command 'ap_source' returned 0; elapsed 0.005Total elapsed time: 0.938 sec.
@I [HLS-100] Command "source C:/Xilinx2016/Vivado_HLS/2015.4/common/technology/xilinx/ip/util.gen "
@I [HLS-100] Command 'ap_source' returned 0; elapsed 0Total elapsed time: 0.939 sec.
@I [HLS-100] Command "source C:/Xilinx2016/Vivado_HLS/2015.4/common/technology/xilinx/ip/xfft.gen "
@I [HLS-100] Command 'ap_source' returned 0; elapsed 0.198Total elapsed time: 1.137 sec.
@I [HLS-100] Command "source C:/Xilinx2016/Vivado_HLS/2015.4/common/technology/xilinx/ip/xfir.gen "
@I [HLS-100] Command "source C:/Xilinx2016/Vivado_HLS/2015.4/tps/tcl/tcllib1.11.1/struct/list.tcl "
@I [HLS-100] Command "source C:/Xilinx2016/Vivado_HLS/2015.4/tps/tcl/tcllib1.11.1/cmdline/cmdline.tcl "
@I [HLS-100] Command 'ap_source' returned 0; elapsed 0.002Total elapsed time: 1.230 sec.
@I [HLS-100] Command 'ap_source' returned 0; elapsed 0.067Total elapsed time: 1.231 sec.
@I [HLS-100] Command "source C:/Xilinx2016/Vivado_HLS/2015.4/tps/tcl/tcllib1.11.1/math/bignum.tcl "
@I [HLS-100] Command 'ap_source' returned 0; elapsed 0.002Total elapsed time: 1.249 sec.
@I [HLS-100] Command 'ap_source' returned 0; elapsed 0.122Total elapsed time: 1.260 sec.
@I [HLS-100] Command 'ap_source' returned 0; elapsed 0.385Total elapsed time: 1.260 sec.
@I [HLS-100] Command "source C:/Xilinx2016/Vivado_HLS/2015.4/common/technology/xilinx/common/dsp48.gen "
@I [HLS-100] Command 'ap_source' returned 0; elapsed 0.001Total elapsed time: 1.262 sec.
@I [HLS-100] Command 'ap_source' returned 0; elapsed 0.387Total elapsed time: 1.262 sec.
@I [HLS-100] Command 'ap_source' returned 0; elapsed 0.388Total elapsed time: 1.262 sec.
@I [HLS-100] Command "open_platform DefaultPlatform "
@I [HLS-100] Command 'open_platform' returned 0; elapsed 0Total elapsed time: 1.262 sec.
@I [HLS-100] Command "import_lib C:/Xilinx2016/Vivado_HLS/2015.4/common/technology/xilinx/zynq/zynq_fpv6 "
@I [HLS-100] Command "source C:/Xilinx2016/Vivado_HLS/2015.4/common/technology/xilinx/common/xilinx_fpv7.lib "
@I [HLS-100] Command "source C:/Xilinx2016/Vivado_HLS/2015.4/common/technology/xilinx/common/xilinx_hp.lib "
@I [HLS-100] Command 'ap_source' returned 0; elapsed 0.001Total elapsed time: 1.264 sec.
@I [HLS-100] Command 'ap_source' returned 0; elapsed 0.005Total elapsed time: 1.268 sec.
@I [HLS-100] Command "source C:/Xilinx2016/Vivado_HLS/2015.4/common/technology/xilinx/common/xilinx_fpv.hlp "
@I [HLS-100] Command "source C:/Xilinx2016/Vivado_HLS/2015.4/common/technology/xilinx/common/xilinx.hlp "
@I [HLS-100] Command "source C:/Xilinx2016/Vivado_HLS/2015.4/common/technology/xilinx/common/target_info.tcl "
@I [HLS-100] Command 'ap_source' returned 0; elapsed 0.09Total elapsed time: 1.368 sec.
@I [HLS-100] Command "source C:/Xilinx2016/Vivado_HLS/2015.4/common/technology/xilinx/interface/xilinx_interface.hlp "
@I [HLS-100] Command "source C:/Xilinx2016/Vivado_HLS/2015.4/common/technology/xilinx/interface/maxi.hlp "
@I [HLS-100] Command 'ap_source' returned 0; elapsed 0Total elapsed time: 1.368 sec.
@I [HLS-100] Command "source C:/Xilinx2016/Vivado_HLS/2015.4/common/technology/xilinx/interface/saxilite.hlp "
@I [HLS-100] Command 'ap_source' returned 0; elapsed 0.001Total elapsed time: 1.369 sec.
@I [HLS-100] Command 'ap_source' returned 0; elapsed 0.001Total elapsed time: 1.369 sec.
@I [HLS-100] Command "source C:/Xilinx2016/Vivado_HLS/2015.4/common/technology/xilinx/common/dsp48.hlp "
@I [HLS-100] Command 'ap_source' returned 0; elapsed 0.002Total elapsed time: 1.371 sec.
@I [HLS-100] Command 'ap_source' returned 0; elapsed 0.094Total elapsed time: 1.371 sec.
@I [HLS-100] Command 'ap_source' returned 0; elapsed 0.095Total elapsed time: 1.372 sec.
@I [HLS-100] Command "source C:/Xilinx2016/Vivado_HLS/2015.4/common/technology/xilinx/zynq/zynq_hp.hlp "
@I [HLS-100] Command 'ap_source' returned 0; elapsed 0.002Total elapsed time: 1.374 sec.
@I [HLS-100] Command 'import_lib' returned 0; elapsed 0.121Total elapsed time: 1.382 sec.
@I [HLS-100] Command "source C:/Xilinx2016/Vivado_HLS/2015.4/common/technology/xilinx/zynq/zynq_fpv6.gen "
@I [HLS-100] Command "source C:/Xilinx2016/Vivado_HLS/2015.4/common/technology/xilinx/common/xilinx_fpv6.gen "
@I [HLS-100] Command 'ap_source' returned 0; elapsed 0.004Total elapsed time: 1.386 sec.
@I [HLS-100] Command 'ap_source' returned 0; elapsed 0.004Total elapsed time: 1.386 sec.
@I [HLS-100] Command "set_part xc7z020clg484-1 "
@I [HLS-100] Command "add_library xilinx/zynq/zynq:xc7z020:clg484:-1 "
@I [HLS-100] Command "get_default_platform "
@I [HLS-100] Command 'get_default_platform' returned 0; elapsed 0Total elapsed time: 1.391 sec.
@I [HLS-100] Command "license_isbetapart xc7z020 "
@I [HLS-100] Command 'license_isbetapart' returned 1; elapsed 0.019Total elapsed time: 1.410 sec.
@I [HLS-100] Command "get_default_platform "
@I [HLS-100] Command 'get_default_platform' returned 0; elapsed 0.001Total elapsed time: 1.412 sec.
@I [HLS-100] Command "config_chip_info -quiet -resource  {SLICE 13300}  {LUT 53200}     {FF 106400} {DSP48E 220}   {BRAM 280}  "
@I [HLS-100] Command 'config_chip_info' returned 0; elapsed 0Total elapsed time: 1.412 sec.
@I [HLS-100] Command "config_chip_info -quiet -speed slow "
@I [HLS-100] Command 'config_chip_info' returned 0; elapsed 0Total elapsed time: 1.412 sec.
@I [HLS-100] Command 'add_library' returned 0; elapsed 0.024Total elapsed time: 1.414 sec.
@I [HLS-100] Command "add_library xilinx/zynq/zynq_fpv6 "
@I [HLS-100] Command "get_default_platform "
@I [HLS-100] Command 'get_default_platform' returned 0; elapsed 0Total elapsed time: 1.415 sec.
@I [HLS-100] Command 'add_library' returned 0; elapsed 0.008Total elapsed time: 1.422 sec.
@I [HLS-10] Setting target device to 'xc7z020clg484-1'
@I [HLS-100] Command 'set_part' returned 0; elapsed 0.036Total elapsed time: 1.423 sec.
@I [HLS-100] Command "get_default_platform "
@I [HLS-100] Command 'get_default_platform' returned 0; elapsed 0Total elapsed time: 1.423 sec.
@I [HLS-100] Command "config_chip_info -quiet -resource  {SLICE 13300}  {LUT 53200}     {FF 106400} {DSP48E 220}   {BRAM 280}  "
@I [HLS-100] Command 'config_chip_info' returned 0; elapsed 0Total elapsed time: 1.423 sec.
@I [HLS-100] Command "config_chip_info -quiet -speed slow "
@I [HLS-100] Command 'config_chip_info' returned 0; elapsed 0Total elapsed time: 1.423 sec.
@I [HLS-100] Command 'open_solution' returned 0; elapsed 0.645Total elapsed time: 1.424 sec.
@I [HLS-100] Command "export_design -evaluate verilog -format ip_catalog "
@I [HLS-100] Command "source F:/FPGA/exp/DispCheck/solution1/.autopilot/db/global.setting.tcl "
@I [HLS-100] Command 'ap_source' returned 0; elapsed 0.002Total elapsed time: 1.459 sec.
@I [HLS-100] Command "source C:/Xilinx2016/Vivado_HLS/2015.4/common/technology/generic/autopilot/common.gen "
@I [HLS-100] Command "source C:/Xilinx2016/Vivado_HLS/2015.4/common/technology/generic/autopilot/APCoreGen.gen "
@I [HLS-100] Command 'ap_source' returned 0; elapsed 0.001Total elapsed time: 1.467 sec.
@I [HLS-100] Command 'ap_source' returned 0; elapsed 0.003Total elapsed time: 1.468 sec.
@I [HLS-100] Command "source C:/Xilinx2016/Vivado_HLS/2015.4/common/technology/generic/autopilot/op.gen "
@I [HLS-100] Command 'ap_source' returned 0; elapsed 0.001Total elapsed time: 1.470 sec.
@I [HLS-100] Command "source C:/Xilinx2016/Vivado_HLS/2015.4/common/technology/generic/autopilot/op_simcore.gen "
@I [HLS-100] Command 'ap_source' returned 0; elapsed 0.002Total elapsed time: 1.472 sec.
@I [HLS-100] Command "source C:/Xilinx2016/Vivado_HLS/2015.4/common/technology/generic/autopilot/interface.gen "
@I [HLS-100] Command 'ap_source' returned 0; elapsed 0Total elapsed time: 1.472 sec.
@I [HLS-100] Command "source F:/FPGA/exp/DispCheck/solution1/.autopilot/db/global.setting.tcl "
@I [HLS-100] Command 'ap_source' returned 0; elapsed 0.001Total elapsed time: 1.473 sec.
@I [HLS-100] Command "source C:/Xilinx2016/Vivado_HLS/2015.4/common/technology/xilinx/zynq/zynq.gen "
@I [HLS-100] Command "source C:/Xilinx2016/Vivado_HLS/2015.4/common/technology/xilinx/common/virtex.gen "
@I [HLS-100] Command "source C:/Xilinx2016/Vivado_HLS/2015.4/common/technology/xilinx/common/xilinx.gen "
@I [HLS-100] Command "source C:/Xilinx2016/Vivado_HLS/2015.4/common/technology/xilinx/interface/plb46.gen "
@I [HLS-100] Command 'ap_source' returned 0; elapsed 0.002Total elapsed time: 1.476 sec.
@I [HLS-100] Command "source C:/Xilinx2016/Vivado_HLS/2015.4/common/technology/xilinx/interface/fsl.gen "
@I [HLS-100] Command 'ap_source' returned 0; elapsed 0.001Total elapsed time: 1.477 sec.
@I [HLS-100] Command "source C:/Xilinx2016/Vivado_HLS/2015.4/common/technology/xilinx/interface/axi4.gen "
@I [HLS-100] Command 'ap_source' returned 0; elapsed 0.003Total elapsed time: 1.480 sec.
@I [HLS-100] Command "source C:/Xilinx2016/Vivado_HLS/2015.4/common/technology/xilinx/interface/nativeAXI4.gen "
@I [HLS-100] Command "source C:/Xilinx2016/Vivado_HLS/2015.4/common/technology/xilinx/interface/saxilite.gen "
@I [HLS-100] Command 'ap_source' returned 0; elapsed 0.008Total elapsed time: 1.488 sec.
@I [HLS-100] Command "source C:/Xilinx2016/Vivado_HLS/2015.4/common/technology/xilinx/interface/maxi.gen "
@I [HLS-100] Command 'ap_source' returned 0; elapsed 0.016Total elapsed time: 1.504 sec.
@I [HLS-100] Command 'ap_source' returned 0; elapsed 0.024Total elapsed time: 1.504 sec.
@I [HLS-100] Command "source C:/Xilinx2016/Vivado_HLS/2015.4/common/technology/xilinx/scripts/xilinxcoregen.gen "
@I [HLS-100] Command 'ap_source' returned 0; elapsed 0.02Total elapsed time: 1.524 sec.
@I [HLS-100] Command "source C:/Xilinx2016/Vivado_HLS/2015.4/common/technology/xilinx/interface/XilEDKCoreGen.gen "
@I [HLS-100] Command 'ap_source' returned 0; elapsed 0.016Total elapsed time: 1.540 sec.
@I [HLS-100] Command "source C:/Xilinx2016/Vivado_HLS/2015.4/common/technology/xilinx/ip/dds_compiler.gen "
@I [HLS-100] Command 'ap_source' returned 0; elapsed 0.005Total elapsed time: 1.545 sec.
@I [HLS-100] Command "source C:/Xilinx2016/Vivado_HLS/2015.4/common/technology/xilinx/ip/util.gen "
@I [HLS-100] Command 'ap_source' returned 0; elapsed 0.001Total elapsed time: 1.546 sec.
@I [HLS-100] Command "source C:/Xilinx2016/Vivado_HLS/2015.4/common/technology/xilinx/ip/xfft.gen "
@I [HLS-100] Command 'ap_source' returned 0; elapsed 0.152Total elapsed time: 1.698 sec.
@I [HLS-100] Command "source C:/Xilinx2016/Vivado_HLS/2015.4/common/technology/xilinx/ip/xfir.gen "
@I [HLS-100] Command 'ap_source' returned 0; elapsed 0.045Total elapsed time: 1.743 sec.
@I [HLS-100] Command 'ap_source' returned 0; elapsed 0.269Total elapsed time: 1.743 sec.
@I [HLS-100] Command "source C:/Xilinx2016/Vivado_HLS/2015.4/common/technology/xilinx/common/dsp48.gen "
@I [HLS-100] Command 'ap_source' returned 0; elapsed 0Total elapsed time: 1.745 sec.
@I [HLS-100] Command 'ap_source' returned 0; elapsed 0.271Total elapsed time: 1.745 sec.
@I [HLS-100] Command 'ap_source' returned 0; elapsed 0.272Total elapsed time: 1.745 sec.
@I [HLS-100] Command "source C:/Xilinx2016/Vivado_HLS/2015.4/common/technology/xilinx/zynq/zynq_fpv6.gen "
@I [HLS-100] Command "source C:/Xilinx2016/Vivado_HLS/2015.4/common/technology/xilinx/common/xilinx_fpv6.gen "
@I [HLS-100] Command 'ap_source' returned 0; elapsed 0.004Total elapsed time: 1.749 sec.
@I [HLS-100] Command 'ap_source' returned 0; elapsed 0.004Total elapsed time: 1.749 sec.
@I [HLS-100] Command "source F:/FPGA/exp/DispCheck/solution1/.autopilot/db/global.setting.tcl "
@I [HLS-100] Command 'ap_source' returned 0; elapsed 0.001Total elapsed time: 1.833 sec.
@I [IMPL-8] Exporting RTL as an IP in IP-XACT.
@I [HLS-100] Command "source F:/FPGA/exp/DispCheck/solution1/.autopilot/db/global.setting.tcl "
@I [HLS-100] Command 'ap_source' returned 0; elapsed 0.001Total elapsed time: 1.839 sec.
@I [HLS-100] Command "source F:/FPGA/exp/DispCheck/solution1/.autopilot/db/global.setting.tcl "
@I [HLS-100] Command 'ap_source' returned 0; elapsed 0Total elapsed time: 1.862 sec.
@I [HLS-100] Command "source C:/Xilinx2016/Vivado_HLS/2015.4/common/technology/generic/autopilot/common.gen "
@I [HLS-100] Command "source C:/Xilinx2016/Vivado_HLS/2015.4/common/technology/generic/autopilot/APCoreGen.gen "
@I [HLS-100] Command 'ap_source' returned 0; elapsed 0.001Total elapsed time: 1.864 sec.
@I [HLS-100] Command 'ap_source' returned 0; elapsed 0.002Total elapsed time: 1.865 sec.
@I [HLS-100] Command "source C:/Xilinx2016/Vivado_HLS/2015.4/common/technology/generic/autopilot/op.gen "
@I [HLS-100] Command 'ap_source' returned 0; elapsed 0.001Total elapsed time: 1.866 sec.
@I [HLS-100] Command "source C:/Xilinx2016/Vivado_HLS/2015.4/common/technology/generic/autopilot/op_simcore.gen "
@I [HLS-100] Command 'ap_source' returned 0; elapsed 0.004Total elapsed time: 1.870 sec.
@I [HLS-100] Command "source C:/Xilinx2016/Vivado_HLS/2015.4/common/technology/generic/autopilot/interface.gen "
@I [HLS-100] Command 'ap_source' returned 0; elapsed 0Total elapsed time: 1.870 sec.
@I [HLS-100] Command "source F:/FPGA/exp/DispCheck/solution1/.autopilot/db/global.setting.tcl "
@I [HLS-100] Command 'ap_source' returned 0; elapsed 0.001Total elapsed time: 1.871 sec.
@I [HLS-100] Command "source C:/Xilinx2016/Vivado_HLS/2015.4/common/technology/xilinx/zynq/zynq.gen "
@I [HLS-100] Command "source C:/Xilinx2016/Vivado_HLS/2015.4/common/technology/xilinx/common/virtex.gen "
@I [HLS-100] Command "source C:/Xilinx2016/Vivado_HLS/2015.4/common/technology/xilinx/common/xilinx.gen "
@I [HLS-100] Command "source C:/Xilinx2016/Vivado_HLS/2015.4/common/technology/xilinx/interface/plb46.gen "
@I [HLS-100] Command 'ap_source' returned 0; elapsed 0.002Total elapsed time: 1.875 sec.
@I [HLS-100] Command "source C:/Xilinx2016/Vivado_HLS/2015.4/common/technology/xilinx/interface/fsl.gen "
@I [HLS-100] Command 'ap_source' returned 0; elapsed 0.001Total elapsed time: 1.876 sec.
@I [HLS-100] Command "source C:/Xilinx2016/Vivado_HLS/2015.4/common/technology/xilinx/interface/axi4.gen "
@I [HLS-100] Command 'ap_source' returned 0; elapsed 0.004Total elapsed time: 1.880 sec.
@I [HLS-100] Command "source C:/Xilinx2016/Vivado_HLS/2015.4/common/technology/xilinx/interface/nativeAXI4.gen "
@I [HLS-100] Command "source C:/Xilinx2016/Vivado_HLS/2015.4/common/technology/xilinx/interface/saxilite.gen "
@I [HLS-100] Command 'ap_source' returned 0; elapsed 0.009Total elapsed time: 1.889 sec.
@I [HLS-100] Command "source C:/Xilinx2016/Vivado_HLS/2015.4/common/technology/xilinx/interface/maxi.gen "
@I [HLS-100] Command 'ap_source' returned 0; elapsed 0.014Total elapsed time: 1.903 sec.
@I [HLS-100] Command 'ap_source' returned 0; elapsed 0.023Total elapsed time: 1.903 sec.
@I [HLS-100] Command "source C:/Xilinx2016/Vivado_HLS/2015.4/common/technology/xilinx/scripts/xilinxcoregen.gen "
@I [HLS-100] Command 'ap_source' returned 0; elapsed 0.016Total elapsed time: 1.919 sec.
@I [HLS-100] Command "source C:/Xilinx2016/Vivado_HLS/2015.4/common/technology/xilinx/interface/XilEDKCoreGen.gen "
@I [HLS-100] Command 'ap_source' returned 0; elapsed 0.011Total elapsed time: 1.930 sec.
@I [HLS-100] Command "source C:/Xilinx2016/Vivado_HLS/2015.4/common/technology/xilinx/ip/dds_compiler.gen "
@I [HLS-100] Command 'ap_source' returned 0; elapsed 0.005Total elapsed time: 1.936 sec.
@I [HLS-100] Command "source C:/Xilinx2016/Vivado_HLS/2015.4/common/technology/xilinx/ip/util.gen "
@I [HLS-100] Command 'ap_source' returned 0; elapsed 0.001Total elapsed time: 1.937 sec.
@I [HLS-100] Command "source C:/Xilinx2016/Vivado_HLS/2015.4/common/technology/xilinx/ip/xfft.gen "
@I [HLS-100] Command 'ap_source' returned 0; elapsed 0.154Total elapsed time: 2.91 sec.
@I [HLS-100] Command "source C:/Xilinx2016/Vivado_HLS/2015.4/common/technology/xilinx/ip/xfir.gen "
@I [HLS-100] Command 'ap_source' returned 0; elapsed 0.05Total elapsed time: 2.141 sec.
@I [HLS-100] Command 'ap_source' returned 0; elapsed 0.268Total elapsed time: 2.141 sec.
@I [HLS-100] Command "source C:/Xilinx2016/Vivado_HLS/2015.4/common/technology/xilinx/common/dsp48.gen "
@I [HLS-100] Command 'ap_source' returned 0; elapsed 0.001Total elapsed time: 2.143 sec.
@I [HLS-100] Command 'ap_source' returned 0; elapsed 0.272Total elapsed time: 2.143 sec.
@I [HLS-100] Command 'ap_source' returned 0; elapsed 0.272Total elapsed time: 2.143 sec.
@I [HLS-100] Command "source C:/Xilinx2016/Vivado_HLS/2015.4/common/technology/xilinx/zynq/zynq_fpv6.gen "
@I [HLS-100] Command "source C:/Xilinx2016/Vivado_HLS/2015.4/common/technology/xilinx/common/xilinx_fpv6.gen "
@I [HLS-100] Command 'ap_source' returned 0; elapsed 0.002Total elapsed time: 2.145 sec.
@I [HLS-100] Command 'ap_source' returned 0; elapsed 0.002Total elapsed time: 2.145 sec.
@I [HLS-100] Command "source F:/FPGA/exp/DispCheck/solution1/.autopilot/db/global.setting.tcl "
@I [HLS-100] Command 'ap_source' returned 0; elapsed 0.001Total elapsed time: 2.172 sec.
@I [HLS-100] Command "source F:/FPGA/exp/DispCheck/solution1/.autopilot/db/global.setting.tcl "
@I [HLS-100] Command 'ap_source' returned 0; elapsed 0.001Total elapsed time: 2.173 sec.
@I [HLS-100] Command "source F:/FPGA/exp/DispCheck/solution1/.autopilot/db/cmpy_complex_top_cordic_base.compgen.tcl "
@I [HLS-100] Command 'ap_source' returned 0; elapsed 0.001Total elapsed time: 2.175 sec.
@I [HLS-100] Command "source F:/FPGA/exp/DispCheck/solution1/.autopilot/db/cmpy_complex_top_myatan2_complex_ap_fixed_s.compgen.tcl "
@I [HLS-100] Command 'ap_source' returned 0; elapsed 0.024Total elapsed time: 2.199 sec.
@I [HLS-100] Command "source F:/FPGA/exp/DispCheck/solution1/.autopilot/db/cmpy_complex_top_Loop_1_proc143.compgen.tcl "
@I [HLS-100] Command 'ap_source' returned 0; elapsed 0Total elapsed time: 2.200 sec.
@I [HLS-100] Command "source F:/FPGA/exp/DispCheck/solution1/.autopilot/db/cmpy_complex_top_cordic_base_1.compgen.tcl "
@I [HLS-100] Command 'ap_source' returned 0; elapsed 0.001Total elapsed time: 2.201 sec.
@I [HLS-100] Command "source F:/FPGA/exp/DispCheck/solution1/.autopilot/db/cmpy_complex_top_fxp_sqrt_20_2_20_2_s.compgen.tcl "
@I [HLS-100] Command 'ap_source' returned 0; elapsed 0.001Total elapsed time: 2.202 sec.
@I [HLS-100] Command "source F:/FPGA/exp/DispCheck/solution1/.autopilot/db/cmpy_complex_top_Loop_2_proc.compgen.tcl "
@I [HLS-100] Command 'ap_source' returned 0; elapsed 0Total elapsed time: 2.203 sec.
@I [HLS-100] Command "source F:/FPGA/exp/DispCheck/solution1/.autopilot/db/cmpy_complex_top.compgen.tcl "
@I [HLS-100] Command 'ap_source' returned 0; elapsed 0.063Total elapsed time: 2.267 sec.
@I [HLS-100] Command "source F:/FPGA/exp/DispCheck/solution1/.autopilot/db/global.setting.tcl "
@I [HLS-100] Command 'ap_source' returned 0; elapsed 0.001Total elapsed time: 2.353 sec.
@I [HLS-100] Command "source F:/FPGA/exp/DispCheck/solution1/.autopilot/db/global.setting.tcl "
@I [HLS-100] Command 'ap_source' returned 0; elapsed 0Total elapsed time: 2.354 sec.
@I [HLS-100] Command "source F:/FPGA/exp/DispCheck/solution1/.autopilot/db/cmpy_complex_top_cordic_base.compgen.tcl "
@I [HLS-100] Command 'ap_source' returned 0; elapsed 0.001Total elapsed time: 2.356 sec.
@I [HLS-100] Command "source F:/FPGA/exp/DispCheck/solution1/.autopilot/db/cmpy_complex_top_myatan2_complex_ap_fixed_s.compgen.tcl "
@I [HLS-100] Command 'ap_source' returned 0; elapsed 0.001Total elapsed time: 2.357 sec.
@I [HLS-100] Command "source F:/FPGA/exp/DispCheck/solution1/.autopilot/db/cmpy_complex_top_Loop_1_proc143.compgen.tcl "
@I [HLS-100] Command 'ap_source' returned 0; elapsed 0.001Total elapsed time: 2.358 sec.
@I [HLS-100] Command "source F:/FPGA/exp/DispCheck/solution1/.autopilot/db/cmpy_complex_top_cordic_base_1.compgen.tcl "
@I [HLS-100] Command 'ap_source' returned 0; elapsed 0.001Total elapsed time: 2.359 sec.
@I [HLS-100] Command "source F:/FPGA/exp/DispCheck/solution1/.autopilot/db/cmpy_complex_top_fxp_sqrt_20_2_20_2_s.compgen.tcl "
@I [HLS-100] Command 'ap_source' returned 0; elapsed 0Total elapsed time: 2.359 sec.
@I [HLS-100] Command "source F:/FPGA/exp/DispCheck/solution1/.autopilot/db/cmpy_complex_top_Loop_2_proc.compgen.tcl "
@I [HLS-100] Command 'ap_source' returned 0; elapsed 0.001Total elapsed time: 2.360 sec.
@I [HLS-100] Command "source F:/FPGA/exp/DispCheck/solution1/.autopilot/db/cmpy_complex_top.compgen.tcl "
@I [HLS-100] Command "source F:/FPGA/exp/DispCheck/solution1/.autopilot/db/cmpy_complex_top.rtl_wrap.cfg.tcl "
@I [HLS-100] Command 'ap_source' returned 0; elapsed 0.001Total elapsed time: 2.362 sec.
@I [HLS-100] Command "source F:/FPGA/exp/DispCheck/solution1/.autopilot/db/cmpy_complex_top.rtl_wrap.cfg.tcl "
@I [HLS-100] Command 'ap_source' returned 0; elapsed 0Total elapsed time: 2.363 sec.
@I [HLS-100] Command "source F:/FPGA/exp/DispCheck/solution1/.autopilot/db/cmpy_complex_top.rtl_wrap.cfg.tcl "
@I [HLS-100] Command 'ap_source' returned 0; elapsed 0Total elapsed time: 2.364 sec.
@I [HLS-100] Command "source F:/FPGA/exp/DispCheck/solution1/.autopilot/db/cmpy_complex_top.tbgen.tcl "
@I [HLS-100] Command 'ap_source' returned 0; elapsed 0.001Total elapsed time: 2.365 sec.
@I [HLS-100] Command "source F:/FPGA/exp/DispCheck/solution1/.autopilot/db/cmpy_complex_top.tbgen.tcl "
@I [HLS-100] Command 'ap_source' returned 0; elapsed 0.001Total elapsed time: 2.366 sec.
@I [HLS-100] Command 'ap_source' returned 0; elapsed 0.113Total elapsed time: 2.473 sec.
@I [HLS-100] Command "source F:/FPGA/exp/DispCheck/solution1/.autopilot/db/global.setting.tcl "
@I [HLS-100] Command 'ap_source' returned 0; elapsed 0.037Total elapsed time: 2.561 sec.
@I [HLS-100] Command "source F:/FPGA/exp/DispCheck/solution1/.autopilot/db/global.setting.tcl "
@I [HLS-100] Command 'ap_source' returned 0; elapsed 0.001Total elapsed time: 2.563 sec.
@I [HLS-100] Command "source F:/FPGA/exp/DispCheck/solution1/.autopilot/db/cmpy_complex_top_cordic_base.compgen.tcl "
@I [HLS-100] Command 'ap_source' returned 0; elapsed 0.001Total elapsed time: 2.564 sec.
@I [HLS-100] Command "source F:/FPGA/exp/DispCheck/solution1/.autopilot/db/cmpy_complex_top_myatan2_complex_ap_fixed_s.compgen.tcl "
@I [HLS-100] Command 'ap_source' returned 0; elapsed 0.001Total elapsed time: 2.565 sec.
@I [HLS-100] Command "source F:/FPGA/exp/DispCheck/solution1/.autopilot/db/cmpy_complex_top_Loop_1_proc143.compgen.tcl "
@I [HLS-100] Command 'ap_source' returned 0; elapsed 0Total elapsed time: 2.565 sec.
@I [HLS-100] Command "source F:/FPGA/exp/DispCheck/solution1/.autopilot/db/cmpy_complex_top_cordic_base_1.compgen.tcl "
@I [HLS-100] Command 'ap_source' returned 0; elapsed 0.001Total elapsed time: 2.566 sec.
@I [HLS-100] Command "source F:/FPGA/exp/DispCheck/solution1/.autopilot/db/cmpy_complex_top_fxp_sqrt_20_2_20_2_s.compgen.tcl "
@I [HLS-100] Command 'ap_source' returned 0; elapsed 0Total elapsed time: 2.566 sec.
@I [HLS-100] Command "source F:/FPGA/exp/DispCheck/solution1/.autopilot/db/cmpy_complex_top_Loop_2_proc.compgen.tcl "
@I [HLS-100] Command 'ap_source' returned 0; elapsed 0Total elapsed time: 2.567 sec.
@I [HLS-100] Command "source F:/FPGA/exp/DispCheck/solution1/.autopilot/db/cmpy_complex_top.compgen.tcl "
@I [HLS-100] Command 'ap_source' returned 0; elapsed 0.037Total elapsed time: 2.604 sec.
@I [HLS-100] Command "source F:/FPGA/exp/DispCheck/solution1/.autopilot/db/global.setting.tcl "
@I [HLS-100] Command 'ap_source' returned 0; elapsed 0.001Total elapsed time: 3.194 sec.
@I [HLS-100] Command "source F:/FPGA/exp/DispCheck/solution1/.autopilot/db/cmpy_complex_top.constraint.tcl "
@I [HLS-100] Command 'ap_source' returned 0; elapsed 0.001Total elapsed time: 3.203 sec.
@I [HLS-100] Command "source F:/FPGA/exp/DispCheck/solution1/.autopilot/db/cmpy_complex_top.rtl_wrap.cfg.tcl "
@I [HLS-100] Command 'ap_source' returned 0; elapsed 0.001Total elapsed time: 3.467 sec.
@I [HLS-100] Command "source F:/FPGA/exp/DispCheck/solution1/.autopilot/db/cmpy_complex_top.rtl_wrap.cfg.tcl "
@I [HLS-100] Command 'ap_source' returned 0; elapsed 0.001Total elapsed time: 3.468 sec.
@I [HLS-100] Command "source F:/FPGA/exp/DispCheck/solution1/.autopilot/db/cmpy_complex_top.rtl_wrap.cfg.tcl "
@I [HLS-100] Command 'ap_source' returned 0; elapsed 0.001Total elapsed time: 3.470 sec.
@I [HLS-100] Command "source F:/FPGA/exp/DispCheck/solution1/.autopilot/db/cmpy_complex_top.tbgen.tcl "
@I [HLS-100] Command 'ap_source' returned 0; elapsed 0Total elapsed time: 3.470 sec.
@I [HLS-100] Command "source F:/FPGA/exp/DispCheck/solution1/.autopilot/db/cmpy_complex_top.tbgen.tcl "
@I [HLS-100] Command 'ap_source' returned 0; elapsed 0.001Total elapsed time: 3.472 sec.
@I [HLS-100] Command "source F:/FPGA/exp/DispCheck/solution1/.autopilot/db/global.setting.tcl "
@I [HLS-100] Command 'ap_source' returned 0; elapsed 0.001Total elapsed time: 3.524 sec.
@I [HLS-100] Command "source F:/FPGA/exp/DispCheck/solution1/.autopilot/db/global.setting.tcl "
@I [HLS-100] Command 'ap_source' returned 0; elapsed 0Total elapsed time: 3.615 sec.
@I [HLS-100] Command "source F:/FPGA/exp/DispCheck/solution1/.autopilot/db/global.setting.tcl "
@I [HLS-100] Command 'ap_source' returned 0; elapsed 0.001Total elapsed time: 3.629 sec.
@I [HLS-100] Command "source F:/FPGA/exp/DispCheck/solution1/.autopilot/db/cmpy_complex_top.rtl_wrap.cfg.tcl "
@I [HLS-100] Command 'ap_source' returned 0; elapsed 0.001Total elapsed time: 3.633 sec.
@I [HLS-100] Command "source F:/FPGA/exp/DispCheck/solution1/.autopilot/db/cmpy_complex_top.rtl_wrap.cfg.tcl "
@I [HLS-100] Command 'ap_source' returned 0; elapsed 0.001Total elapsed time: 3.635 sec.
@I [HLS-100] Command "source F:/FPGA/exp/DispCheck/solution1/.autopilot/db/cmpy_complex_top.tbgen.tcl "
@I [HLS-100] Command 'ap_source' returned 0; elapsed 0.033Total elapsed time: 3.668 sec.
@I [HLS-100] Command "source F:/FPGA/exp/DispCheck/solution1/.autopilot/db/cmpy_complex_top.tbgen.tcl "
@I [HLS-100] Command 'ap_source' returned 0; elapsed 0Total elapsed time: 3.668 sec.
@I [HLS-100] Command "source F:/FPGA/exp/DispCheck/solution1/.autopilot/db/cmpy_complex_top.rtl_wrap.cfg.tcl "
@I [HLS-100] Command 'ap_source' returned 0; elapsed 0.001Total elapsed time: 3.720 sec.
@I [HLS-100] Command "source F:/FPGA/exp/DispCheck/solution1/.autopilot/db/cmpy_complex_top.rtl_wrap.cfg.tcl "
@I [HLS-100] Command 'ap_source' returned 0; elapsed 0.001Total elapsed time: 3.721 sec.
@I [HLS-100] Command "source F:/FPGA/exp/DispCheck/solution1/.autopilot/db/cmpy_complex_top.tbgen.tcl "
@I [HLS-100] Command 'ap_source' returned 0; elapsed 0.001Total elapsed time: 3.723 sec.
@I [HLS-100] Command "source F:/FPGA/exp/DispCheck/solution1/.autopilot/db/cmpy_complex_top.tbgen.tcl "
@I [HLS-100] Command 'ap_source' returned 0; elapsed 0.001Total elapsed time: 3.724 sec.
@I [HLS-100] Command "source F:/FPGA/exp/DispCheck/solution1/.autopilot/db/cmpy_complex_top.rtl_wrap.cfg.tcl "
@I [HLS-100] Command 'ap_source' returned 0; elapsed 0.001Total elapsed time: 3.774 sec.
@I [HLS-100] Command "source F:/FPGA/exp/DispCheck/solution1/.autopilot/db/cmpy_complex_top.rtl_wrap.cfg.tcl "
@I [HLS-100] Command 'ap_source' returned 0; elapsed 0.001Total elapsed time: 3.776 sec.
@I [HLS-100] Command "source F:/FPGA/exp/DispCheck/solution1/.autopilot/db/cmpy_complex_top.tbgen.tcl "
@I [HLS-100] Command 'ap_source' returned 0; elapsed 0.001Total elapsed time: 3.777 sec.
@I [HLS-100] Command "source F:/FPGA/exp/DispCheck/solution1/.autopilot/db/cmpy_complex_top.tbgen.tcl "
@I [HLS-100] Command 'ap_source' returned 0; elapsed 0.001Total elapsed time: 3.778 sec.
@I [HLS-100] Command "source F:/FPGA/exp/DispCheck/solution1/.autopilot/db/cmpy_complex_top.constraint.tcl "
@I [HLS-100] Command 'ap_source' returned 0; elapsed 0.001Total elapsed time: 3.834 sec.
@I [HLS-100] Command "source F:/FPGA/exp/DispCheck/solution1/.autopilot/db/global.setting.tcl "
@I [HLS-100] Command 'ap_source' returned 0; elapsed 0Total elapsed time: 3.878 sec.
@I [HLS-100] Command "source F:/FPGA/exp/DispCheck/solution1/.autopilot/db/global.setting.tcl "
@I [HLS-100] Command 'ap_source' returned 0; elapsed 0Total elapsed time: 3.913 sec.
@I [HLS-100] Command "source F:/FPGA/exp/DispCheck/solution1/.autopilot/db/cmpy_complex_top.constraint.tcl "
@I [HLS-100] Command 'ap_source' returned 0; elapsed 0.001Total elapsed time: 3.919 sec.
@I [HLS-100] Command "source F:/FPGA/exp/DispCheck/solution1/.autopilot/db/cmpy_complex_top.constraint.tcl "
@I [HLS-100] Command 'ap_source' returned 0; elapsed 0Total elapsed time: 3.921 sec.
@I [HLS-100] Command "source C:/Xilinx2016/Vivado_HLS/2015.4/common/technology/generic/autopilot/common.gen "
@I [HLS-100] Command "source C:/Xilinx2016/Vivado_HLS/2015.4/common/technology/generic/autopilot/APCoreGen.gen "
@I [HLS-100] Command 'ap_source' returned 0; elapsed 0.001Total elapsed time: 3.996 sec.
@I [HLS-100] Command 'ap_source' returned 0; elapsed 0.003Total elapsed time: 3.997 sec.
@I [HLS-100] Command "source C:/Xilinx2016/Vivado_HLS/2015.4/common/technology/generic/autopilot/op.gen "
@I [HLS-100] Command 'ap_source' returned 0; elapsed 0.001Total elapsed time: 3.998 sec.
@I [HLS-100] Command "source C:/Xilinx2016/Vivado_HLS/2015.4/common/technology/generic/autopilot/op_simcore.gen "
@I [HLS-100] Command 'ap_source' returned 0; elapsed 0.003Total elapsed time: 4.1 sec.
@I [HLS-100] Command "source C:/Xilinx2016/Vivado_HLS/2015.4/common/technology/generic/autopilot/interface.gen "
@I [HLS-100] Command 'ap_source' returned 0; elapsed 0Total elapsed time: 4.1 sec.
@I [HLS-100] Command "source F:/FPGA/exp/DispCheck/solution1/.autopilot/db/global.setting.tcl "
@I [HLS-100] Command 'ap_source' returned 0; elapsed 0.039Total elapsed time: 4.40 sec.
@I [HLS-100] Command "source C:/Xilinx2016/Vivado_HLS/2015.4/common/technology/xilinx/zynq/zynq.gen "
@I [HLS-100] Command "source C:/Xilinx2016/Vivado_HLS/2015.4/common/technology/xilinx/common/virtex.gen "
@I [HLS-100] Command "source C:/Xilinx2016/Vivado_HLS/2015.4/common/technology/xilinx/common/xilinx.gen "
@I [HLS-100] Command "source C:/Xilinx2016/Vivado_HLS/2015.4/common/technology/xilinx/interface/plb46.gen "
@I [HLS-100] Command 'ap_source' returned 0; elapsed 0.002Total elapsed time: 4.44 sec.
@I [HLS-100] Command "source C:/Xilinx2016/Vivado_HLS/2015.4/common/technology/xilinx/interface/fsl.gen "
@I [HLS-100] Command 'ap_source' returned 0; elapsed 0.001Total elapsed time: 4.45 sec.
@I [HLS-100] Command "source C:/Xilinx2016/Vivado_HLS/2015.4/common/technology/xilinx/interface/axi4.gen "
@I [HLS-100] Command 'ap_source' returned 0; elapsed 0.003Total elapsed time: 4.48 sec.
@I [HLS-100] Command "source C:/Xilinx2016/Vivado_HLS/2015.4/common/technology/xilinx/interface/nativeAXI4.gen "
@I [HLS-100] Command "source C:/Xilinx2016/Vivado_HLS/2015.4/common/technology/xilinx/interface/saxilite.gen "
@I [HLS-100] Command 'ap_source' returned 0; elapsed 0.005Total elapsed time: 4.53 sec.
@I [HLS-100] Command "source C:/Xilinx2016/Vivado_HLS/2015.4/common/technology/xilinx/interface/maxi.gen "
@I [HLS-100] Command 'ap_source' returned 0; elapsed 0.011Total elapsed time: 4.65 sec.
@I [HLS-100] Command 'ap_source' returned 0; elapsed 0.017Total elapsed time: 4.65 sec.
@I [HLS-100] Command "source C:/Xilinx2016/Vivado_HLS/2015.4/common/technology/xilinx/scripts/xilinxcoregen.gen "
@I [HLS-100] Command 'ap_source' returned 0; elapsed 0.013Total elapsed time: 4.78 sec.
@I [HLS-100] Command "source C:/Xilinx2016/Vivado_HLS/2015.4/common/technology/xilinx/interface/XilEDKCoreGen.gen "
@I [HLS-100] Command 'ap_source' returned 0; elapsed 0.013Total elapsed time: 4.91 sec.
@I [HLS-100] Command "source C:/Xilinx2016/Vivado_HLS/2015.4/common/technology/xilinx/ip/dds_compiler.gen "
@I [HLS-100] Command 'ap_source' returned 0; elapsed 0.007Total elapsed time: 4.99 sec.
@I [HLS-100] Command "source C:/Xilinx2016/Vivado_HLS/2015.4/common/technology/xilinx/ip/util.gen "
@I [HLS-100] Command 'ap_source' returned 0; elapsed 0Total elapsed time: 4.99 sec.
@I [HLS-100] Command "source C:/Xilinx2016/Vivado_HLS/2015.4/common/technology/xilinx/ip/xfft.gen "
@I [HLS-100] Command 'ap_source' returned 0; elapsed 0.171Total elapsed time: 4.271 sec.
@I [HLS-100] Command "source C:/Xilinx2016/Vivado_HLS/2015.4/common/technology/xilinx/ip/xfir.gen "
@I [HLS-100] Command 'ap_source' returned 0; elapsed 0.045Total elapsed time: 4.316 sec.
@I [HLS-100] Command 'ap_source' returned 0; elapsed 0.273Total elapsed time: 4.316 sec.
@I [HLS-100] Command "source C:/Xilinx2016/Vivado_HLS/2015.4/common/technology/xilinx/common/dsp48.gen "
@I [HLS-100] Command 'ap_source' returned 0; elapsed 0Total elapsed time: 4.318 sec.
@I [HLS-100] Command 'ap_source' returned 0; elapsed 0.276Total elapsed time: 4.318 sec.
@I [HLS-100] Command 'ap_source' returned 0; elapsed 0.276Total elapsed time: 4.318 sec.
@I [HLS-100] Command "source C:/Xilinx2016/Vivado_HLS/2015.4/common/technology/xilinx/zynq/zynq_fpv6.gen "
@I [HLS-100] Command "source C:/Xilinx2016/Vivado_HLS/2015.4/common/technology/xilinx/common/xilinx_fpv6.gen "
@I [HLS-100] Command 'ap_source' returned 0; elapsed 0.002Total elapsed time: 4.320 sec.
@I [HLS-100] Command 'ap_source' returned 0; elapsed 0.002Total elapsed time: 4.320 sec.
@I [HLS-100] Command "source F:/FPGA/exp/DispCheck/solution1/.autopilot/db/global.setting.tcl "
@I [HLS-100] Command 'ap_source' returned 0; elapsed 0.001Total elapsed time: 11.670 sec.
@I [HLS-100] Command "source C:/Xilinx2016/Vivado_HLS/2015.4/common/technology/generic/autopilot/common.gen "
@I [HLS-100] Command "source C:/Xilinx2016/Vivado_HLS/2015.4/common/technology/generic/autopilot/APCoreGen.gen "
@I [HLS-100] Command 'ap_source' returned 0; elapsed 0.001Total elapsed time: 11.677 sec.
@I [HLS-100] Command 'ap_source' returned 0; elapsed 0.002Total elapsed time: 11.677 sec.
@I [HLS-100] Command "source C:/Xilinx2016/Vivado_HLS/2015.4/common/technology/generic/autopilot/op.gen "
@I [HLS-100] Command 'ap_source' returned 0; elapsed 0.001Total elapsed time: 11.678 sec.
@I [HLS-100] Command "source C:/Xilinx2016/Vivado_HLS/2015.4/common/technology/generic/autopilot/op_simcore.gen "
@I [HLS-100] Command 'ap_source' returned 0; elapsed 0.001Total elapsed time: 11.679 sec.
@I [HLS-100] Command "source C:/Xilinx2016/Vivado_HLS/2015.4/common/technology/generic/autopilot/interface.gen "
@I [HLS-100] Command 'ap_source' returned 0; elapsed 0Total elapsed time: 11.679 sec.
@I [HLS-100] Command "source F:/FPGA/exp/DispCheck/solution1/.autopilot/db/global.setting.tcl "
@I [HLS-100] Command 'ap_source' returned 0; elapsed 0.021Total elapsed time: 11.701 sec.
@I [HLS-100] Command "source C:/Xilinx2016/Vivado_HLS/2015.4/common/technology/xilinx/zynq/zynq.gen "
@I [HLS-100] Command "source C:/Xilinx2016/Vivado_HLS/2015.4/common/technology/xilinx/common/virtex.gen "
@I [HLS-100] Command "source C:/Xilinx2016/Vivado_HLS/2015.4/common/technology/xilinx/common/xilinx.gen "
@I [HLS-100] Command "source C:/Xilinx2016/Vivado_HLS/2015.4/common/technology/xilinx/interface/plb46.gen "
@I [HLS-100] Command 'ap_source' returned 0; elapsed 0.001Total elapsed time: 11.703 sec.
@I [HLS-100] Command "source C:/Xilinx2016/Vivado_HLS/2015.4/common/technology/xilinx/interface/fsl.gen "
@I [HLS-100] Command 'ap_source' returned 0; elapsed 0.001Total elapsed time: 11.704 sec.
@I [HLS-100] Command "source C:/Xilinx2016/Vivado_HLS/2015.4/common/technology/xilinx/interface/axi4.gen "
@I [HLS-100] Command 'ap_source' returned 0; elapsed 0.003Total elapsed time: 11.707 sec.
@I [HLS-100] Command "source C:/Xilinx2016/Vivado_HLS/2015.4/common/technology/xilinx/interface/nativeAXI4.gen "
@I [HLS-100] Command "source C:/Xilinx2016/Vivado_HLS/2015.4/common/technology/xilinx/interface/saxilite.gen "
@I [HLS-100] Command 'ap_source' returned 0; elapsed 0.005Total elapsed time: 11.712 sec.
@I [HLS-100] Command "source C:/Xilinx2016/Vivado_HLS/2015.4/common/technology/xilinx/interface/maxi.gen "
@I [HLS-100] Command 'ap_source' returned 0; elapsed 0.012Total elapsed time: 11.724 sec.
@I [HLS-100] Command 'ap_source' returned 0; elapsed 0.017Total elapsed time: 11.724 sec.
@I [HLS-100] Command "source C:/Xilinx2016/Vivado_HLS/2015.4/common/technology/xilinx/scripts/xilinxcoregen.gen "
@I [HLS-100] Command 'ap_source' returned 0; elapsed 0.013Total elapsed time: 11.737 sec.
@I [HLS-100] Command "source C:/Xilinx2016/Vivado_HLS/2015.4/common/technology/xilinx/interface/XilEDKCoreGen.gen "
@I [HLS-100] Command 'ap_source' returned 0; elapsed 0.011Total elapsed time: 11.748 sec.
@I [HLS-100] Command "source C:/Xilinx2016/Vivado_HLS/2015.4/common/technology/xilinx/ip/dds_compiler.gen "
@I [HLS-100] Command 'ap_source' returned 0; elapsed 0.005Total elapsed time: 11.753 sec.
@I [HLS-100] Command "source C:/Xilinx2016/Vivado_HLS/2015.4/common/technology/xilinx/ip/util.gen "
@I [HLS-100] Command 'ap_source' returned 0; elapsed 0Total elapsed time: 11.753 sec.
@I [HLS-100] Command "source C:/Xilinx2016/Vivado_HLS/2015.4/common/technology/xilinx/ip/xfft.gen "
@I [HLS-100] Command 'ap_source' returned 0; elapsed 0.166Total elapsed time: 11.918 sec.
@I [HLS-100] Command "source C:/Xilinx2016/Vivado_HLS/2015.4/common/technology/xilinx/ip/xfir.gen "
@I [HLS-100] Command 'ap_source' returned 0; elapsed 0.049Total elapsed time: 11.967 sec.
@I [HLS-100] Command 'ap_source' returned 0; elapsed 0.266Total elapsed time: 11.967 sec.
@I [HLS-100] Command "source C:/Xilinx2016/Vivado_HLS/2015.4/common/technology/xilinx/common/dsp48.gen "
@I [HLS-100] Command 'ap_source' returned 0; elapsed 0.001Total elapsed time: 11.969 sec.
@I [HLS-100] Command 'ap_source' returned 0; elapsed 0.269Total elapsed time: 11.969 sec.
@I [HLS-100] Command 'ap_source' returned 0; elapsed 0.269Total elapsed time: 11.969 sec.
@I [HLS-100] Command "source C:/Xilinx2016/Vivado_HLS/2015.4/common/technology/xilinx/zynq/zynq_fpv6.gen "
@I [HLS-100] Command "source C:/Xilinx2016/Vivado_HLS/2015.4/common/technology/xilinx/common/xilinx_fpv6.gen "
@I [HLS-100] Command 'ap_source' returned 0; elapsed 0.002Total elapsed time: 11.972 sec.
@I [HLS-100] Command 'ap_source' returned 0; elapsed 0.003Total elapsed time: 11.972 sec.
@I [HLS-100] Command "source F:/FPGA/exp/DispCheck/solution1/.autopilot/db/global.setting.tcl "
@I [HLS-100] Command 'ap_source' returned 0; elapsed 0.001Total elapsed time: 12.40 sec.
@I [IMPL-8] Starting RTL evaluation using Vivado ...
@I [HLS-100] Command "source F:/FPGA/exp/DispCheck/solution1/.autopilot/db/global.setting.tcl "
@I [HLS-100] Command 'ap_source' returned 0; elapsed 0.001Total elapsed time: 12.46 sec.
@I [HLS-100] Command "source F:/FPGA/exp/DispCheck/solution1/.autopilot/db/global.setting.tcl "
@I [HLS-100] Command 'ap_source' returned 0; elapsed 0Total elapsed time: 12.54 sec.
@I [HLS-100] Command "source C:/Xilinx2016/Vivado_HLS/2015.4/common/technology/generic/autopilot/common.gen "
@I [HLS-100] Command "source C:/Xilinx2016/Vivado_HLS/2015.4/common/technology/generic/autopilot/APCoreGen.gen "
@I [HLS-100] Command 'ap_source' returned 0; elapsed 0.003Total elapsed time: 12.60 sec.
@I [HLS-100] Command 'ap_source' returned 0; elapsed 0.004Total elapsed time: 12.61 sec.
@I [HLS-100] Command "source C:/Xilinx2016/Vivado_HLS/2015.4/common/technology/generic/autopilot/op.gen "
@I [HLS-100] Command 'ap_source' returned 0; elapsed 0.001Total elapsed time: 12.62 sec.
@I [HLS-100] Command "source C:/Xilinx2016/Vivado_HLS/2015.4/common/technology/generic/autopilot/op_simcore.gen "
@I [HLS-100] Command 'ap_source' returned 0; elapsed 0.002Total elapsed time: 12.64 sec.
@I [HLS-100] Command "source C:/Xilinx2016/Vivado_HLS/2015.4/common/technology/generic/autopilot/interface.gen "
@I [HLS-100] Command 'ap_source' returned 0; elapsed 0.001Total elapsed time: 12.65 sec.
@I [HLS-100] Command "source F:/FPGA/exp/DispCheck/solution1/.autopilot/db/global.setting.tcl "
@I [HLS-100] Command 'ap_source' returned 0; elapsed 0.001Total elapsed time: 12.66 sec.
@I [HLS-100] Command "source C:/Xilinx2016/Vivado_HLS/2015.4/common/technology/xilinx/zynq/zynq.gen "
@I [HLS-100] Command "source C:/Xilinx2016/Vivado_HLS/2015.4/common/technology/xilinx/common/virtex.gen "
@I [HLS-100] Command "source C:/Xilinx2016/Vivado_HLS/2015.4/common/technology/xilinx/common/xilinx.gen "
@I [HLS-100] Command "source C:/Xilinx2016/Vivado_HLS/2015.4/common/technology/xilinx/interface/plb46.gen "
@I [HLS-100] Command 'ap_source' returned 0; elapsed 0.002Total elapsed time: 12.69 sec.
@I [HLS-100] Command "source C:/Xilinx2016/Vivado_HLS/2015.4/common/technology/xilinx/interface/fsl.gen "
@I [HLS-100] Command 'ap_source' returned 0; elapsed 0.001Total elapsed time: 12.70 sec.
@I [HLS-100] Command "source C:/Xilinx2016/Vivado_HLS/2015.4/common/technology/xilinx/interface/axi4.gen "
@I [HLS-100] Command 'ap_source' returned 0; elapsed 0.003Total elapsed time: 12.73 sec.
@I [HLS-100] Command "source C:/Xilinx2016/Vivado_HLS/2015.4/common/technology/xilinx/interface/nativeAXI4.gen "
@I [HLS-100] Command "source C:/Xilinx2016/Vivado_HLS/2015.4/common/technology/xilinx/interface/saxilite.gen "
@I [HLS-100] Command 'ap_source' returned 0; elapsed 0.006Total elapsed time: 12.79 sec.
@I [HLS-100] Command "source C:/Xilinx2016/Vivado_HLS/2015.4/common/technology/xilinx/interface/maxi.gen "
@I [HLS-100] Command 'ap_source' returned 0; elapsed 0.01Total elapsed time: 12.89 sec.
@I [HLS-100] Command 'ap_source' returned 0; elapsed 0.016Total elapsed time: 12.89 sec.
@I [HLS-100] Command "source C:/Xilinx2016/Vivado_HLS/2015.4/common/technology/xilinx/scripts/xilinxcoregen.gen "
@I [HLS-100] Command 'ap_source' returned 0; elapsed 0.012Total elapsed time: 12.101 sec.
@I [HLS-100] Command "source C:/Xilinx2016/Vivado_HLS/2015.4/common/technology/xilinx/interface/XilEDKCoreGen.gen "
@I [HLS-100] Command 'ap_source' returned 0; elapsed 0.014Total elapsed time: 12.115 sec.
@I [HLS-100] Command "source C:/Xilinx2016/Vivado_HLS/2015.4/common/technology/xilinx/ip/dds_compiler.gen "
@I [HLS-100] Command 'ap_source' returned 0; elapsed 0.005Total elapsed time: 12.120 sec.
@I [HLS-100] Command "source C:/Xilinx2016/Vivado_HLS/2015.4/common/technology/xilinx/ip/util.gen "
@I [HLS-100] Command 'ap_source' returned 0; elapsed 0Total elapsed time: 12.120 sec.
@I [HLS-100] Command "source C:/Xilinx2016/Vivado_HLS/2015.4/common/technology/xilinx/ip/xfft.gen "
@I [HLS-100] Command 'ap_source' returned 0; elapsed 0.165Total elapsed time: 12.285 sec.
@I [HLS-100] Command "source C:/Xilinx2016/Vivado_HLS/2015.4/common/technology/xilinx/ip/xfir.gen "
@I [HLS-100] Command 'ap_source' returned 0; elapsed 0.046Total elapsed time: 12.331 sec.
@I [HLS-100] Command 'ap_source' returned 0; elapsed 0.264Total elapsed time: 12.331 sec.
@I [HLS-100] Command "source C:/Xilinx2016/Vivado_HLS/2015.4/common/technology/xilinx/common/dsp48.gen "
@I [HLS-100] Command 'ap_source' returned 0; elapsed 0Total elapsed time: 12.332 sec.
@I [HLS-100] Command 'ap_source' returned 0; elapsed 0.266Total elapsed time: 12.332 sec.
@I [HLS-100] Command 'ap_source' returned 0; elapsed 0.266Total elapsed time: 12.332 sec.
@I [HLS-100] Command "source C:/Xilinx2016/Vivado_HLS/2015.4/common/technology/xilinx/zynq/zynq_fpv6.gen "
@I [HLS-100] Command "source C:/Xilinx2016/Vivado_HLS/2015.4/common/technology/xilinx/common/xilinx_fpv6.gen "
@I [HLS-100] Command 'ap_source' returned 0; elapsed 0.002Total elapsed time: 12.334 sec.
@I [HLS-100] Command 'ap_source' returned 0; elapsed 0.002Total elapsed time: 12.334 sec.
@I [HLS-100] Command "source F:/FPGA/exp/DispCheck/solution1/.autopilot/db/global.setting.tcl "
@I [HLS-100] Command 'ap_source' returned 0; elapsed 0.001Total elapsed time: 12.397 sec.
@I [HLS-100] Command "source F:/FPGA/exp/DispCheck/solution1/.autopilot/db/global.setting.tcl "
@I [HLS-100] Command 'ap_source' returned 0; elapsed 0Total elapsed time: 12.397 sec.
@I [HLS-100] Command "source F:/FPGA/exp/DispCheck/solution1/.autopilot/db/cmpy_complex_top_cordic_base.compgen.tcl "
@I [HLS-100] Command 'ap_source' returned 0; elapsed 0Total elapsed time: 12.398 sec.
@I [HLS-100] Command "source F:/FPGA/exp/DispCheck/solution1/.autopilot/db/cmpy_complex_top_myatan2_complex_ap_fixed_s.compgen.tcl "
@I [HLS-100] Command 'ap_source' returned 0; elapsed 0Total elapsed time: 12.399 sec.
@I [HLS-100] Command "source F:/FPGA/exp/DispCheck/solution1/.autopilot/db/cmpy_complex_top_Loop_1_proc143.compgen.tcl "
@I [HLS-100] Command 'ap_source' returned 0; elapsed 0.001Total elapsed time: 12.400 sec.
@I [HLS-100] Command "source F:/FPGA/exp/DispCheck/solution1/.autopilot/db/cmpy_complex_top_cordic_base_1.compgen.tcl "
@I [HLS-100] Command 'ap_source' returned 0; elapsed 0Total elapsed time: 12.400 sec.
@I [HLS-100] Command "source F:/FPGA/exp/DispCheck/solution1/.autopilot/db/cmpy_complex_top_fxp_sqrt_20_2_20_2_s.compgen.tcl "
@I [HLS-100] Command 'ap_source' returned 0; elapsed 0.001Total elapsed time: 12.401 sec.
@I [HLS-100] Command "source F:/FPGA/exp/DispCheck/solution1/.autopilot/db/cmpy_complex_top_Loop_2_proc.compgen.tcl "
@I [HLS-100] Command 'ap_source' returned 0; elapsed 0.001Total elapsed time: 12.402 sec.
@I [HLS-100] Command "source F:/FPGA/exp/DispCheck/solution1/.autopilot/db/cmpy_complex_top.compgen.tcl "
@I [HLS-100] Command 'ap_source' returned 0; elapsed 0.044Total elapsed time: 12.446 sec.
@I [HLS-100] Command "source F:/FPGA/exp/DispCheck/solution1/.autopilot/db/global.setting.tcl "
@I [HLS-100] Command 'ap_source' returned 0; elapsed 0.001Total elapsed time: 12.541 sec.
@I [HLS-100] Command "source F:/FPGA/exp/DispCheck/solution1/.autopilot/db/cmpy_complex_top.constraint.tcl "
@I [HLS-100] Command 'ap_source' returned 0; elapsed 0Total elapsed time: 12.545 sec.
@I [HLS-100] Command "source C:/Xilinx2016/Vivado_HLS/2015.4/common/technology/generic/autopilot/common.gen "
@I [HLS-100] Command "source C:/Xilinx2016/Vivado_HLS/2015.4/common/technology/generic/autopilot/APCoreGen.gen "
@I [HLS-100] Command 'ap_source' returned 0; elapsed 0.002Total elapsed time: 12.571 sec.
@I [HLS-100] Command 'ap_source' returned 0; elapsed 0.002Total elapsed time: 12.571 sec.
@I [HLS-100] Command "source C:/Xilinx2016/Vivado_HLS/2015.4/common/technology/generic/autopilot/op.gen "
@I [HLS-100] Command 'ap_source' returned 0; elapsed 0Total elapsed time: 12.572 sec.
@I [HLS-100] Command "source C:/Xilinx2016/Vivado_HLS/2015.4/common/technology/generic/autopilot/op_simcore.gen "
@I [HLS-100] Command 'ap_source' returned 0; elapsed 0.003Total elapsed time: 12.575 sec.
@I [HLS-100] Command "source C:/Xilinx2016/Vivado_HLS/2015.4/common/technology/generic/autopilot/interface.gen "
@I [HLS-100] Command 'ap_source' returned 0; elapsed 0Total elapsed time: 12.575 sec.
@I [HLS-100] Command "source F:/FPGA/exp/DispCheck/solution1/.autopilot/db/global.setting.tcl "
@I [HLS-100] Command 'ap_source' returned 0; elapsed 0.042Total elapsed time: 12.617 sec.
@I [HLS-100] Command "source C:/Xilinx2016/Vivado_HLS/2015.4/common/technology/xilinx/zynq/zynq.gen "
@I [HLS-100] Command "source C:/Xilinx2016/Vivado_HLS/2015.4/common/technology/xilinx/common/virtex.gen "
@I [HLS-100] Command "source C:/Xilinx2016/Vivado_HLS/2015.4/common/technology/xilinx/common/xilinx.gen "
@I [HLS-100] Command "source C:/Xilinx2016/Vivado_HLS/2015.4/common/technology/xilinx/interface/plb46.gen "
@I [HLS-100] Command 'ap_source' returned 0; elapsed 0.001Total elapsed time: 12.619 sec.
@I [HLS-100] Command "source C:/Xilinx2016/Vivado_HLS/2015.4/common/technology/xilinx/interface/fsl.gen "
@I [HLS-100] Command 'ap_source' returned 0; elapsed 0.001Total elapsed time: 12.620 sec.
@I [HLS-100] Command "source C:/Xilinx2016/Vivado_HLS/2015.4/common/technology/xilinx/interface/axi4.gen "
@I [HLS-100] Command 'ap_source' returned 0; elapsed 0.003Total elapsed time: 12.623 sec.
@I [HLS-100] Command "source C:/Xilinx2016/Vivado_HLS/2015.4/common/technology/xilinx/interface/nativeAXI4.gen "
@I [HLS-100] Command "source C:/Xilinx2016/Vivado_HLS/2015.4/common/technology/xilinx/interface/saxilite.gen "
@I [HLS-100] Command 'ap_source' returned 0; elapsed 0.006Total elapsed time: 12.630 sec.
@I [HLS-100] Command "source C:/Xilinx2016/Vivado_HLS/2015.4/common/technology/xilinx/interface/maxi.gen "
@I [HLS-100] Command 'ap_source' returned 0; elapsed 0.009Total elapsed time: 12.639 sec.
@I [HLS-100] Command 'ap_source' returned 0; elapsed 0.016Total elapsed time: 12.639 sec.
@I [HLS-100] Command "source C:/Xilinx2016/Vivado_HLS/2015.4/common/technology/xilinx/scripts/xilinxcoregen.gen "
@I [HLS-100] Command 'ap_source' returned 0; elapsed 0.011Total elapsed time: 12.650 sec.
@I [HLS-100] Command "source C:/Xilinx2016/Vivado_HLS/2015.4/common/technology/xilinx/interface/XilEDKCoreGen.gen "
@I [HLS-100] Command 'ap_source' returned 0; elapsed 0.015Total elapsed time: 12.665 sec.
@I [HLS-100] Command "source C:/Xilinx2016/Vivado_HLS/2015.4/common/technology/xilinx/ip/dds_compiler.gen "
@I [HLS-100] Command 'ap_source' returned 0; elapsed 0.007Total elapsed time: 12.673 sec.
@I [HLS-100] Command "source C:/Xilinx2016/Vivado_HLS/2015.4/common/technology/xilinx/ip/util.gen "
@I [HLS-100] Command 'ap_source' returned 0; elapsed 0Total elapsed time: 12.673 sec.
@I [HLS-100] Command "source C:/Xilinx2016/Vivado_HLS/2015.4/common/technology/xilinx/ip/xfft.gen "
@I [HLS-100] Command 'ap_source' returned 0; elapsed 0.168Total elapsed time: 12.841 sec.
@I [HLS-100] Command "source C:/Xilinx2016/Vivado_HLS/2015.4/common/technology/xilinx/ip/xfir.gen "
@I [HLS-100] Command 'ap_source' returned 0; elapsed 0.046Total elapsed time: 12.887 sec.
@I [HLS-100] Command 'ap_source' returned 0; elapsed 0.269Total elapsed time: 12.887 sec.
@I [HLS-100] Command "source C:/Xilinx2016/Vivado_HLS/2015.4/common/technology/xilinx/common/dsp48.gen "
@I [HLS-100] Command 'ap_source' returned 0; elapsed 0.001Total elapsed time: 12.890 sec.
@I [HLS-100] Command 'ap_source' returned 0; elapsed 0.273Total elapsed time: 12.890 sec.
@I [HLS-100] Command 'ap_source' returned 0; elapsed 0.273Total elapsed time: 12.890 sec.
@I [HLS-100] Command "source C:/Xilinx2016/Vivado_HLS/2015.4/common/technology/xilinx/zynq/zynq_fpv6.gen "
@I [HLS-100] Command "source C:/Xilinx2016/Vivado_HLS/2015.4/common/technology/xilinx/common/xilinx_fpv6.gen "
@I [HLS-100] Command 'ap_source' returned 0; elapsed 0.003Total elapsed time: 12.894 sec.
@I [HLS-100] Command 'ap_source' returned 0; elapsed 0.004Total elapsed time: 12.894 sec.
@I [HLS-100] Command "source F:/FPGA/exp/DispCheck/solution1/.autopilot/db/global.setting.tcl "
@I [HLS-100] Command 'ap_source' returned 0; elapsed 0.001Total elapsed time: 12.981 sec.
@I [HLS-100] Command 'export_design' returned 0; elapsed 325.528Total elapsed time: 326.952 sec.
@I [HLS-100] Command 'ap_source' returned 0; elapsed 326.181Total elapsed time: 326.952 sec.
@I [HLS-100] Command "cleanup_all "
@I [HLS-100] Command 'cleanup_all' returned 0; elapsed 0.001Total elapsed time: 326.953 sec.
