

================================================================
== Vivado HLS Report for 'cmpy_complex_top_fxp_sqrt_20_2_20_2_s'
================================================================
* Date:           Mon Feb 08 23:42:42 2016

* Version:        2015.4 (Build 1412921 on Wed Nov 18 09:58:55 AM 2015)
* Project:        DispCheck
* Solution:       solution1
* Product family: zynq
* Target device:  xc7z020clg484-1


================================================================
== Performance Estimates
================================================================
+ Timing (ns): 
    * Summary: 
    +--------+-------+----------+------------+
    |  Clock | Target| Estimated| Uncertainty|
    +--------+-------+----------+------------+
    |ap_clk  |  10.00|      8.64|        1.25|
    +--------+-------+----------+------------+

+ Latency (clock cycles): 
    * Summary: 
    +-----+-----+-----+-----+----------+
    |  Latency  |  Interval | Pipeline |
    | min | max | min | max |   Type   |
    +-----+-----+-----+-----+----------+
    |   10|   10|    1|    1| function |
    +-----+-----+-----+-----+----------+

    + Detail: 
        * Instance: 
        N/A

        * Loop: 
        N/A

============================================================
+ Verbose Summary: Synthesis Manager
============================================================
InlineROM: 1
ExposeGlobal: 0
============================================================
+ Verbose Summary: CDFG Model
============================================================
IsTopModel: 0
ResetActiveHigh: 1
IsCombinational: 0
IsDatapathOnly: 0
HasWiredReturn: 1
HasMFsm: 2
HasVarLatency: 0
IsPipeline: 1
IsRtlPipelined: 1
IsInstanceOverlapped: 0
IsDontTouch: 0
HasImplIP: 0
IsGatedGlobalClock: 0

+ Individual pipeline summary: 
  * Pipeline-0: initiation interval (II) = 1, depth = 11


============================================================
+ Verbose Summary: Schedule
============================================================
* Number of FSM states: 11
* Pipeline: 1
  Pipeline-0: II = 1, D = 11, States = { 1 2 3 4 5 6 7 8 9 10 11 }
* Dataflow Pipeline: 0

* FSM state transitions: 
1 --> 
	2  / true
2 --> 
	3  / true
3 --> 
	4  / true
4 --> 
	5  / true
5 --> 
	6  / true
6 --> 
	7  / true
7 --> 
	8  / true
8 --> 
	9  / true
9 --> 
	10  / true
10 --> 
	11  / true
11 --> 
* FSM state operations: 

 <State 1>: 4.40ns
ST_1: in_val_V_read_1 [1/1] 0.00ns
_ZlsILi22ELb1EE11ap_int_baseIXT_EXT0_EXleT_Li64EEERKS1_i.exit16.0_ifconv:0  %in_val_V_read_1 = call i20 @_ssdm_op_Read.ap_auto.i20(i20 %in_val_V_read)

ST_1: tmp_cast [1/1] 0.00ns
_ZlsILi22ELb1EE11ap_int_baseIXT_EXT0_EXleT_Li64EEERKS1_i.exit16.0_ifconv:1  %tmp_cast = zext i20 %in_val_V_read_1 to i21

ST_1: tmp_150_s [1/1] 2.20ns
_ZlsILi22ELb1EE11ap_int_baseIXT_EXT0_EXleT_Li64EEERKS1_i.exit16.0_ifconv:2  %tmp_150_s = add i21 %tmp_cast, -1048575

ST_1: tmp_3 [1/1] 0.00ns
_ZlsILi22ELb1EE11ap_int_baseIXT_EXT0_EXleT_Li64EEERKS1_i.exit16.0_ifconv:3  %tmp_3 = call i20 @_ssdm_op_PartSelect.i20.i21.i32.i32(i21 %tmp_150_s, i32 1, i32 20)

ST_1: tmp_4 [1/1] 0.00ns
_ZlsILi22ELb1EE11ap_int_baseIXT_EXT0_EXleT_Li64EEERKS1_i.exit16.0_ifconv:4  %tmp_4 = call i1 @_ssdm_op_BitSelect.i1.i21.i32(i21 %tmp_150_s, i32 20)

ST_1: p_0353_1_1_in [1/1] 0.00ns
_ZlsILi22ELb1EE11ap_int_baseIXT_EXT0_EXleT_Li64EEERKS1_i.exit16.0_ifconv:6  %p_0353_1_1_in = call i22 @_ssdm_op_BitConcatenate.i22.i20.i2(i20 %tmp_3, i2 0)

ST_1: p_0353_1_1 [1/1] 2.20ns
_ZlsILi22ELb1EE11ap_int_baseIXT_EXT0_EXleT_Li64EEERKS1_i.exit16.0_ifconv:7  %p_0353_1_1 = add i22 %p_0353_1_1_in, 1572864

ST_1: tmp_5 [1/1] 0.00ns
_ZlsILi22ELb1EE11ap_int_baseIXT_EXT0_EXleT_Li64EEERKS1_i.exit16.0_ifconv:9  %tmp_5 = call i1 @_ssdm_op_BitSelect.i1.i22.i32(i22 %p_0353_1_1, i32 21)

ST_1: tmp_8 [1/1] 0.00ns
_ZlsILi22ELb1EE11ap_int_baseIXT_EXT0_EXleT_Li64EEERKS1_i.exit16.0_ifconv:11  %tmp_8 = call i1 @_ssdm_op_BitSelect.i1.i21.i32(i21 %tmp_150_s, i32 20)


 <State 2>: 8.64ns
ST_2: p_s [1/1] 1.37ns
_ZlsILi22ELb1EE11ap_int_baseIXT_EXT0_EXleT_Li64EEERKS1_i.exit16.0_ifconv:5  %p_s = select i1 %tmp_4, i3 0, i3 -4

ST_2: q_V_1_1 [1/1] 1.37ns
_ZlsILi22ELb1EE11ap_int_baseIXT_EXT0_EXleT_Li64EEERKS1_i.exit16.0_ifconv:8  %q_V_1_1 = select i1 %tmp_4, i3 2, i3 -2

ST_2: tmp_6 [1/1] 0.00ns
_ZlsILi22ELb1EE11ap_int_baseIXT_EXT0_EXleT_Li64EEERKS1_i.exit16.0_ifconv:10  %tmp_6 = shl i22 %p_0353_1_1, 1

ST_2: tmp_1 [1/1] 0.00ns
_ZlsILi22ELb1EE11ap_int_baseIXT_EXT0_EXleT_Li64EEERKS1_i.exit16.0_ifconv:12  %tmp_1 = call i22 @_ssdm_op_BitConcatenate.i22.i1.i21(i1 %tmp_8, i21 0)

ST_2: tmp_2 [1/1] 1.85ns
_ZlsILi22ELb1EE11ap_int_baseIXT_EXT0_EXleT_Li64EEERKS1_i.exit16.0_ifconv:13  %tmp_2 = add i22 %tmp_1, -786432

ST_2: s_V_1_2 [1/1] 1.85ns
_ZlsILi22ELb1EE11ap_int_baseIXT_EXT0_EXleT_Li64EEERKS1_i.exit16.0_ifconv:14  %s_V_1_2 = sub i22 %tmp_6, %tmp_2

ST_2: tmp [1/1] 1.85ns
_ZlsILi22ELb1EE11ap_int_baseIXT_EXT0_EXleT_Li64EEERKS1_i.exit16.0_ifconv:15  %tmp = add i22 %tmp_6, -1310720

ST_2: s_V_2_2 [1/1] 1.85ns
_ZlsILi22ELb1EE11ap_int_baseIXT_EXT0_EXleT_Li64EEERKS1_i.exit16.0_ifconv:16  %s_V_2_2 = add i22 %tmp_1, %tmp

ST_2: p_0305_1_in_in_2 [1/1] 1.37ns
_ZlsILi22ELb1EE11ap_int_baseIXT_EXT0_EXleT_Li64EEERKS1_i.exit16.0_ifconv:17  %p_0305_1_in_in_2 = select i1 %tmp_5, i3 %p_s, i3 %q_V_1_1

ST_2: p_0353_1_2 [1/1] 1.37ns
_ZlsILi22ELb1EE11ap_int_baseIXT_EXT0_EXleT_Li64EEERKS1_i.exit16.0_ifconv:18  %p_0353_1_2 = select i1 %tmp_5, i22 %s_V_2_2, i22 %s_V_1_2

ST_2: q_V_1_2 [1/1] 0.00ns
_ZlsILi22ELb1EE11ap_int_baseIXT_EXT0_EXleT_Li64EEERKS1_i.exit16.0_ifconv:19  %q_V_1_2 = or i3 %p_0305_1_in_in_2, 1

ST_2: tmp_10 [1/1] 0.00ns
_ZlsILi22ELb1EE11ap_int_baseIXT_EXT0_EXleT_Li64EEERKS1_i.exit16.0_ifconv:20  %tmp_10 = call i1 @_ssdm_op_BitSelect.i1.i22.i32(i22 %p_0353_1_2, i32 21)

ST_2: tmp_12 [1/1] 0.00ns
_ZlsILi22ELb1EE11ap_int_baseIXT_EXT0_EXleT_Li64EEERKS1_i.exit16.0_ifconv:21  %tmp_12 = shl i22 %p_0353_1_2, 1

ST_2: r_V_5_3 [1/1] 0.00ns
_ZlsILi22ELb1EE11ap_int_baseIXT_EXT0_EXleT_Li64EEERKS1_i.exit16.0_ifconv:22  %r_V_5_3 = call i22 @_ssdm_op_BitConcatenate.i22.i3.i19(i3 %q_V_1_2, i19 0)

ST_2: tmp_156_3 [1/1] 0.00ns
_ZlsILi22ELb1EE11ap_int_baseIXT_EXT0_EXleT_Li64EEERKS1_i.exit16.0_ifconv:23  %tmp_156_3 = or i22 %r_V_5_3, 131072

ST_2: s_V_1_3 [1/1] 2.20ns
_ZlsILi22ELb1EE11ap_int_baseIXT_EXT0_EXleT_Li64EEERKS1_i.exit16.0_ifconv:24  %s_V_1_3 = sub i22 %tmp_12, %tmp_156_3

ST_2: r_V_7_3 [1/1] 0.00ns
_ZlsILi22ELb1EE11ap_int_baseIXT_EXT0_EXleT_Li64EEERKS1_i.exit16.0_ifconv:25  %r_V_7_3 = call i22 @_ssdm_op_BitConcatenate.i22.i3.i19(i3 %p_0305_1_in_in_2, i19 0)

ST_2: tmp_159_3 [1/1] 0.00ns
_ZlsILi22ELb1EE11ap_int_baseIXT_EXT0_EXleT_Li64EEERKS1_i.exit16.0_ifconv:26  %tmp_159_3 = or i22 %r_V_7_3, 393216

ST_2: s_V_2_3 [1/1] 2.20ns
_ZlsILi22ELb1EE11ap_int_baseIXT_EXT0_EXleT_Li64EEERKS1_i.exit16.0_ifconv:27  %s_V_2_3 = add i22 %tmp_12, %tmp_159_3

ST_2: p_0353_1_3 [1/1] 1.37ns
_ZlsILi22ELb1EE11ap_int_baseIXT_EXT0_EXleT_Li64EEERKS1_i.exit16.0_ifconv:28  %p_0353_1_3 = select i1 %tmp_10, i22 %s_V_2_3, i22 %s_V_1_3

ST_2: tmp_7 [1/1] 1.37ns
_ZlsILi22ELb1EE11ap_int_baseIXT_EXT0_EXleT_Li64EEERKS1_i.exit16.0_ifconv:29  %tmp_7 = select i1 %tmp_10, i3 %p_0305_1_in_in_2, i3 %q_V_1_2

ST_2: tmp_14 [1/1] 0.00ns
_ZlsILi22ELb1EE11ap_int_baseIXT_EXT0_EXleT_Li64EEERKS1_i.exit16.0_ifconv:32  %tmp_14 = call i1 @_ssdm_op_BitSelect.i1.i22.i32(i22 %p_0353_1_3, i32 21)


 <State 3>: 7.14ns
ST_3: q_star_V_3 [1/1] 0.00ns
_ZlsILi22ELb1EE11ap_int_baseIXT_EXT0_EXleT_Li64EEERKS1_i.exit16.0_ifconv:30  %q_star_V_3 = call i4 @_ssdm_op_BitConcatenate.i4.i3.i1(i3 %tmp_7, i1 false)

ST_3: q_V_1_3 [1/1] 0.00ns
_ZlsILi22ELb1EE11ap_int_baseIXT_EXT0_EXleT_Li64EEERKS1_i.exit16.0_ifconv:31  %q_V_1_3 = or i4 %q_star_V_3, 1

ST_3: tmp_16 [1/1] 0.00ns
_ZlsILi22ELb1EE11ap_int_baseIXT_EXT0_EXleT_Li64EEERKS1_i.exit16.0_ifconv:33  %tmp_16 = shl i22 %p_0353_1_3, 1

ST_3: r_V_5_4 [1/1] 0.00ns
_ZlsILi22ELb1EE11ap_int_baseIXT_EXT0_EXleT_Li64EEERKS1_i.exit16.0_ifconv:34  %r_V_5_4 = call i22 @_ssdm_op_BitConcatenate.i22.i4.i18(i4 %q_V_1_3, i18 0)

ST_3: tmp_156_4 [1/1] 0.00ns
_ZlsILi22ELb1EE11ap_int_baseIXT_EXT0_EXleT_Li64EEERKS1_i.exit16.0_ifconv:35  %tmp_156_4 = or i22 %r_V_5_4, 65536

ST_3: s_V_1_4 [1/1] 2.20ns
_ZlsILi22ELb1EE11ap_int_baseIXT_EXT0_EXleT_Li64EEERKS1_i.exit16.0_ifconv:36  %s_V_1_4 = sub i22 %tmp_16, %tmp_156_4

ST_3: r_V_7_4 [1/1] 0.00ns
_ZlsILi22ELb1EE11ap_int_baseIXT_EXT0_EXleT_Li64EEERKS1_i.exit16.0_ifconv:37  %r_V_7_4 = call i22 @_ssdm_op_BitConcatenate.i22.i3.i19(i3 %tmp_7, i19 0)

ST_3: tmp_159_4 [1/1] 0.00ns
_ZlsILi22ELb1EE11ap_int_baseIXT_EXT0_EXleT_Li64EEERKS1_i.exit16.0_ifconv:38  %tmp_159_4 = or i22 %r_V_7_4, 196608

ST_3: s_V_2_4 [1/1] 2.20ns
_ZlsILi22ELb1EE11ap_int_baseIXT_EXT0_EXleT_Li64EEERKS1_i.exit16.0_ifconv:39  %s_V_2_4 = add i22 %tmp_16, %tmp_159_4

ST_3: p_0353_1_4 [1/1] 1.37ns
_ZlsILi22ELb1EE11ap_int_baseIXT_EXT0_EXleT_Li64EEERKS1_i.exit16.0_ifconv:40  %p_0353_1_4 = select i1 %tmp_14, i22 %s_V_2_4, i22 %s_V_1_4

ST_3: tmp_9 [1/1] 1.37ns
_ZlsILi22ELb1EE11ap_int_baseIXT_EXT0_EXleT_Li64EEERKS1_i.exit16.0_ifconv:41  %tmp_9 = select i1 %tmp_14, i4 %q_star_V_3, i4 %q_V_1_3

ST_3: q_star_V_4 [1/1] 0.00ns
_ZlsILi22ELb1EE11ap_int_baseIXT_EXT0_EXleT_Li64EEERKS1_i.exit16.0_ifconv:42  %q_star_V_4 = call i5 @_ssdm_op_BitConcatenate.i5.i4.i1(i4 %tmp_9, i1 false)

ST_3: q_V_1_4 [1/1] 0.00ns
_ZlsILi22ELb1EE11ap_int_baseIXT_EXT0_EXleT_Li64EEERKS1_i.exit16.0_ifconv:43  %q_V_1_4 = or i5 %q_star_V_4, 1

ST_3: tmp_18 [1/1] 0.00ns
_ZlsILi22ELb1EE11ap_int_baseIXT_EXT0_EXleT_Li64EEERKS1_i.exit16.0_ifconv:44  %tmp_18 = call i1 @_ssdm_op_BitSelect.i1.i22.i32(i22 %p_0353_1_4, i32 21)

ST_3: tmp_20 [1/1] 0.00ns
_ZlsILi22ELb1EE11ap_int_baseIXT_EXT0_EXleT_Li64EEERKS1_i.exit16.0_ifconv:45  %tmp_20 = shl i22 %p_0353_1_4, 1

ST_3: r_V_5_5 [1/1] 0.00ns
_ZlsILi22ELb1EE11ap_int_baseIXT_EXT0_EXleT_Li64EEERKS1_i.exit16.0_ifconv:46  %r_V_5_5 = call i22 @_ssdm_op_BitConcatenate.i22.i5.i17(i5 %q_V_1_4, i17 0)

ST_3: tmp_156_5 [1/1] 0.00ns
_ZlsILi22ELb1EE11ap_int_baseIXT_EXT0_EXleT_Li64EEERKS1_i.exit16.0_ifconv:47  %tmp_156_5 = or i22 %r_V_5_5, 32768

ST_3: s_V_1_5 [1/1] 2.20ns
_ZlsILi22ELb1EE11ap_int_baseIXT_EXT0_EXleT_Li64EEERKS1_i.exit16.0_ifconv:48  %s_V_1_5 = sub i22 %tmp_20, %tmp_156_5

ST_3: r_V_7_5 [1/1] 0.00ns
_ZlsILi22ELb1EE11ap_int_baseIXT_EXT0_EXleT_Li64EEERKS1_i.exit16.0_ifconv:49  %r_V_7_5 = call i22 @_ssdm_op_BitConcatenate.i22.i4.i18(i4 %tmp_9, i18 0)

ST_3: tmp_159_5 [1/1] 0.00ns
_ZlsILi22ELb1EE11ap_int_baseIXT_EXT0_EXleT_Li64EEERKS1_i.exit16.0_ifconv:50  %tmp_159_5 = or i22 %r_V_7_5, 98304

ST_3: s_V_2_5 [1/1] 2.20ns
_ZlsILi22ELb1EE11ap_int_baseIXT_EXT0_EXleT_Li64EEERKS1_i.exit16.0_ifconv:51  %s_V_2_5 = add i22 %tmp_20, %tmp_159_5

ST_3: p_0353_1_5 [1/1] 1.37ns
_ZlsILi22ELb1EE11ap_int_baseIXT_EXT0_EXleT_Li64EEERKS1_i.exit16.0_ifconv:52  %p_0353_1_5 = select i1 %tmp_18, i22 %s_V_2_5, i22 %s_V_1_5

ST_3: tmp_11 [1/1] 1.37ns
_ZlsILi22ELb1EE11ap_int_baseIXT_EXT0_EXleT_Li64EEERKS1_i.exit16.0_ifconv:53  %tmp_11 = select i1 %tmp_18, i5 %q_star_V_4, i5 %q_V_1_4

ST_3: tmp_22 [1/1] 0.00ns
_ZlsILi22ELb1EE11ap_int_baseIXT_EXT0_EXleT_Li64EEERKS1_i.exit16.0_ifconv:56  %tmp_22 = call i1 @_ssdm_op_BitSelect.i1.i22.i32(i22 %p_0353_1_5, i32 21)


 <State 4>: 7.14ns
ST_4: q_star_V_5 [1/1] 0.00ns
_ZlsILi22ELb1EE11ap_int_baseIXT_EXT0_EXleT_Li64EEERKS1_i.exit16.0_ifconv:54  %q_star_V_5 = call i6 @_ssdm_op_BitConcatenate.i6.i5.i1(i5 %tmp_11, i1 false)

ST_4: q_V_1_5 [1/1] 0.00ns
_ZlsILi22ELb1EE11ap_int_baseIXT_EXT0_EXleT_Li64EEERKS1_i.exit16.0_ifconv:55  %q_V_1_5 = or i6 %q_star_V_5, 1

ST_4: tmp_24 [1/1] 0.00ns
_ZlsILi22ELb1EE11ap_int_baseIXT_EXT0_EXleT_Li64EEERKS1_i.exit16.0_ifconv:57  %tmp_24 = shl i22 %p_0353_1_5, 1

ST_4: r_V_5_6 [1/1] 0.00ns
_ZlsILi22ELb1EE11ap_int_baseIXT_EXT0_EXleT_Li64EEERKS1_i.exit16.0_ifconv:58  %r_V_5_6 = call i22 @_ssdm_op_BitConcatenate.i22.i6.i16(i6 %q_V_1_5, i16 0)

ST_4: tmp_156_6 [1/1] 0.00ns
_ZlsILi22ELb1EE11ap_int_baseIXT_EXT0_EXleT_Li64EEERKS1_i.exit16.0_ifconv:59  %tmp_156_6 = or i22 %r_V_5_6, 16384

ST_4: s_V_1_6 [1/1] 2.20ns
_ZlsILi22ELb1EE11ap_int_baseIXT_EXT0_EXleT_Li64EEERKS1_i.exit16.0_ifconv:60  %s_V_1_6 = sub i22 %tmp_24, %tmp_156_6

ST_4: r_V_7_6 [1/1] 0.00ns
_ZlsILi22ELb1EE11ap_int_baseIXT_EXT0_EXleT_Li64EEERKS1_i.exit16.0_ifconv:61  %r_V_7_6 = call i22 @_ssdm_op_BitConcatenate.i22.i5.i17(i5 %tmp_11, i17 0)

ST_4: tmp_159_6 [1/1] 0.00ns
_ZlsILi22ELb1EE11ap_int_baseIXT_EXT0_EXleT_Li64EEERKS1_i.exit16.0_ifconv:62  %tmp_159_6 = or i22 %r_V_7_6, 49152

ST_4: s_V_2_6 [1/1] 2.20ns
_ZlsILi22ELb1EE11ap_int_baseIXT_EXT0_EXleT_Li64EEERKS1_i.exit16.0_ifconv:63  %s_V_2_6 = add i22 %tmp_24, %tmp_159_6

ST_4: p_0353_1_6 [1/1] 1.37ns
_ZlsILi22ELb1EE11ap_int_baseIXT_EXT0_EXleT_Li64EEERKS1_i.exit16.0_ifconv:64  %p_0353_1_6 = select i1 %tmp_22, i22 %s_V_2_6, i22 %s_V_1_6

ST_4: tmp_13 [1/1] 1.37ns
_ZlsILi22ELb1EE11ap_int_baseIXT_EXT0_EXleT_Li64EEERKS1_i.exit16.0_ifconv:65  %tmp_13 = select i1 %tmp_22, i6 %q_star_V_5, i6 %q_V_1_5

ST_4: q_star_V_6 [1/1] 0.00ns
_ZlsILi22ELb1EE11ap_int_baseIXT_EXT0_EXleT_Li64EEERKS1_i.exit16.0_ifconv:66  %q_star_V_6 = call i7 @_ssdm_op_BitConcatenate.i7.i6.i1(i6 %tmp_13, i1 false)

ST_4: q_V_1_6 [1/1] 0.00ns
_ZlsILi22ELb1EE11ap_int_baseIXT_EXT0_EXleT_Li64EEERKS1_i.exit16.0_ifconv:67  %q_V_1_6 = or i7 %q_star_V_6, 1

ST_4: tmp_26 [1/1] 0.00ns
_ZlsILi22ELb1EE11ap_int_baseIXT_EXT0_EXleT_Li64EEERKS1_i.exit16.0_ifconv:68  %tmp_26 = call i1 @_ssdm_op_BitSelect.i1.i22.i32(i22 %p_0353_1_6, i32 21)

ST_4: tmp_28 [1/1] 0.00ns
_ZlsILi22ELb1EE11ap_int_baseIXT_EXT0_EXleT_Li64EEERKS1_i.exit16.0_ifconv:69  %tmp_28 = shl i22 %p_0353_1_6, 1

ST_4: r_V_5_7 [1/1] 0.00ns
_ZlsILi22ELb1EE11ap_int_baseIXT_EXT0_EXleT_Li64EEERKS1_i.exit16.0_ifconv:70  %r_V_5_7 = call i22 @_ssdm_op_BitConcatenate.i22.i7.i15(i7 %q_V_1_6, i15 0)

ST_4: tmp_156_7 [1/1] 0.00ns
_ZlsILi22ELb1EE11ap_int_baseIXT_EXT0_EXleT_Li64EEERKS1_i.exit16.0_ifconv:71  %tmp_156_7 = or i22 %r_V_5_7, 8192

ST_4: s_V_1_7 [1/1] 2.20ns
_ZlsILi22ELb1EE11ap_int_baseIXT_EXT0_EXleT_Li64EEERKS1_i.exit16.0_ifconv:72  %s_V_1_7 = sub i22 %tmp_28, %tmp_156_7

ST_4: r_V_7_7 [1/1] 0.00ns
_ZlsILi22ELb1EE11ap_int_baseIXT_EXT0_EXleT_Li64EEERKS1_i.exit16.0_ifconv:73  %r_V_7_7 = call i22 @_ssdm_op_BitConcatenate.i22.i6.i16(i6 %tmp_13, i16 0)

ST_4: tmp_159_7 [1/1] 0.00ns
_ZlsILi22ELb1EE11ap_int_baseIXT_EXT0_EXleT_Li64EEERKS1_i.exit16.0_ifconv:74  %tmp_159_7 = or i22 %r_V_7_7, 24576

ST_4: s_V_2_7 [1/1] 2.20ns
_ZlsILi22ELb1EE11ap_int_baseIXT_EXT0_EXleT_Li64EEERKS1_i.exit16.0_ifconv:75  %s_V_2_7 = add i22 %tmp_28, %tmp_159_7

ST_4: p_0353_1_7 [1/1] 1.37ns
_ZlsILi22ELb1EE11ap_int_baseIXT_EXT0_EXleT_Li64EEERKS1_i.exit16.0_ifconv:76  %p_0353_1_7 = select i1 %tmp_26, i22 %s_V_2_7, i22 %s_V_1_7

ST_4: tmp_15 [1/1] 1.37ns
_ZlsILi22ELb1EE11ap_int_baseIXT_EXT0_EXleT_Li64EEERKS1_i.exit16.0_ifconv:77  %tmp_15 = select i1 %tmp_26, i7 %q_star_V_6, i7 %q_V_1_6

ST_4: tmp_30 [1/1] 0.00ns
_ZlsILi22ELb1EE11ap_int_baseIXT_EXT0_EXleT_Li64EEERKS1_i.exit16.0_ifconv:80  %tmp_30 = call i1 @_ssdm_op_BitSelect.i1.i22.i32(i22 %p_0353_1_7, i32 21)


 <State 5>: 7.14ns
ST_5: q_star_V_7 [1/1] 0.00ns
_ZlsILi22ELb1EE11ap_int_baseIXT_EXT0_EXleT_Li64EEERKS1_i.exit16.0_ifconv:78  %q_star_V_7 = call i8 @_ssdm_op_BitConcatenate.i8.i7.i1(i7 %tmp_15, i1 false)

ST_5: q_V_1_7 [1/1] 0.00ns
_ZlsILi22ELb1EE11ap_int_baseIXT_EXT0_EXleT_Li64EEERKS1_i.exit16.0_ifconv:79  %q_V_1_7 = or i8 %q_star_V_7, 1

ST_5: tmp_32 [1/1] 0.00ns
_ZlsILi22ELb1EE11ap_int_baseIXT_EXT0_EXleT_Li64EEERKS1_i.exit16.0_ifconv:81  %tmp_32 = shl i22 %p_0353_1_7, 1

ST_5: r_V_5_8 [1/1] 0.00ns
_ZlsILi22ELb1EE11ap_int_baseIXT_EXT0_EXleT_Li64EEERKS1_i.exit16.0_ifconv:82  %r_V_5_8 = call i22 @_ssdm_op_BitConcatenate.i22.i8.i14(i8 %q_V_1_7, i14 0)

ST_5: tmp_156_8 [1/1] 0.00ns
_ZlsILi22ELb1EE11ap_int_baseIXT_EXT0_EXleT_Li64EEERKS1_i.exit16.0_ifconv:83  %tmp_156_8 = or i22 %r_V_5_8, 4096

ST_5: s_V_1_8 [1/1] 2.20ns
_ZlsILi22ELb1EE11ap_int_baseIXT_EXT0_EXleT_Li64EEERKS1_i.exit16.0_ifconv:84  %s_V_1_8 = sub i22 %tmp_32, %tmp_156_8

ST_5: r_V_7_8 [1/1] 0.00ns
_ZlsILi22ELb1EE11ap_int_baseIXT_EXT0_EXleT_Li64EEERKS1_i.exit16.0_ifconv:85  %r_V_7_8 = call i22 @_ssdm_op_BitConcatenate.i22.i7.i15(i7 %tmp_15, i15 0)

ST_5: tmp_159_8 [1/1] 0.00ns
_ZlsILi22ELb1EE11ap_int_baseIXT_EXT0_EXleT_Li64EEERKS1_i.exit16.0_ifconv:86  %tmp_159_8 = or i22 %r_V_7_8, 12288

ST_5: s_V_2_8 [1/1] 2.20ns
_ZlsILi22ELb1EE11ap_int_baseIXT_EXT0_EXleT_Li64EEERKS1_i.exit16.0_ifconv:87  %s_V_2_8 = add i22 %tmp_32, %tmp_159_8

ST_5: p_0353_1_8 [1/1] 1.37ns
_ZlsILi22ELb1EE11ap_int_baseIXT_EXT0_EXleT_Li64EEERKS1_i.exit16.0_ifconv:88  %p_0353_1_8 = select i1 %tmp_30, i22 %s_V_2_8, i22 %s_V_1_8

ST_5: tmp_17 [1/1] 1.37ns
_ZlsILi22ELb1EE11ap_int_baseIXT_EXT0_EXleT_Li64EEERKS1_i.exit16.0_ifconv:89  %tmp_17 = select i1 %tmp_30, i8 %q_star_V_7, i8 %q_V_1_7

ST_5: q_star_V_8 [1/1] 0.00ns
_ZlsILi22ELb1EE11ap_int_baseIXT_EXT0_EXleT_Li64EEERKS1_i.exit16.0_ifconv:90  %q_star_V_8 = call i9 @_ssdm_op_BitConcatenate.i9.i8.i1(i8 %tmp_17, i1 false)

ST_5: q_V_1_8 [1/1] 0.00ns
_ZlsILi22ELb1EE11ap_int_baseIXT_EXT0_EXleT_Li64EEERKS1_i.exit16.0_ifconv:91  %q_V_1_8 = or i9 %q_star_V_8, 1

ST_5: tmp_34 [1/1] 0.00ns
_ZlsILi22ELb1EE11ap_int_baseIXT_EXT0_EXleT_Li64EEERKS1_i.exit16.0_ifconv:92  %tmp_34 = call i1 @_ssdm_op_BitSelect.i1.i22.i32(i22 %p_0353_1_8, i32 21)

ST_5: tmp_36 [1/1] 0.00ns
_ZlsILi22ELb1EE11ap_int_baseIXT_EXT0_EXleT_Li64EEERKS1_i.exit16.0_ifconv:93  %tmp_36 = shl i22 %p_0353_1_8, 1

ST_5: r_V_5_9 [1/1] 0.00ns
_ZlsILi22ELb1EE11ap_int_baseIXT_EXT0_EXleT_Li64EEERKS1_i.exit16.0_ifconv:94  %r_V_5_9 = call i22 @_ssdm_op_BitConcatenate.i22.i9.i13(i9 %q_V_1_8, i13 0)

ST_5: tmp_156_9 [1/1] 0.00ns
_ZlsILi22ELb1EE11ap_int_baseIXT_EXT0_EXleT_Li64EEERKS1_i.exit16.0_ifconv:95  %tmp_156_9 = or i22 %r_V_5_9, 2048

ST_5: s_V_1_9 [1/1] 2.20ns
_ZlsILi22ELb1EE11ap_int_baseIXT_EXT0_EXleT_Li64EEERKS1_i.exit16.0_ifconv:96  %s_V_1_9 = sub i22 %tmp_36, %tmp_156_9

ST_5: r_V_7_9 [1/1] 0.00ns
_ZlsILi22ELb1EE11ap_int_baseIXT_EXT0_EXleT_Li64EEERKS1_i.exit16.0_ifconv:97  %r_V_7_9 = call i22 @_ssdm_op_BitConcatenate.i22.i8.i14(i8 %tmp_17, i14 0)

ST_5: tmp_159_9 [1/1] 0.00ns
_ZlsILi22ELb1EE11ap_int_baseIXT_EXT0_EXleT_Li64EEERKS1_i.exit16.0_ifconv:98  %tmp_159_9 = or i22 %r_V_7_9, 6144

ST_5: s_V_2_9 [1/1] 2.20ns
_ZlsILi22ELb1EE11ap_int_baseIXT_EXT0_EXleT_Li64EEERKS1_i.exit16.0_ifconv:99  %s_V_2_9 = add i22 %tmp_36, %tmp_159_9

ST_5: p_0353_1_9 [1/1] 1.37ns
_ZlsILi22ELb1EE11ap_int_baseIXT_EXT0_EXleT_Li64EEERKS1_i.exit16.0_ifconv:100  %p_0353_1_9 = select i1 %tmp_34, i22 %s_V_2_9, i22 %s_V_1_9

ST_5: tmp_19 [1/1] 1.37ns
_ZlsILi22ELb1EE11ap_int_baseIXT_EXT0_EXleT_Li64EEERKS1_i.exit16.0_ifconv:101  %tmp_19 = select i1 %tmp_34, i9 %q_star_V_8, i9 %q_V_1_8

ST_5: tmp_38 [1/1] 0.00ns
_ZlsILi22ELb1EE11ap_int_baseIXT_EXT0_EXleT_Li64EEERKS1_i.exit16.0_ifconv:104  %tmp_38 = call i1 @_ssdm_op_BitSelect.i1.i22.i32(i22 %p_0353_1_9, i32 21)


 <State 6>: 7.14ns
ST_6: q_star_V_9 [1/1] 0.00ns
_ZlsILi22ELb1EE11ap_int_baseIXT_EXT0_EXleT_Li64EEERKS1_i.exit16.0_ifconv:102  %q_star_V_9 = call i10 @_ssdm_op_BitConcatenate.i10.i9.i1(i9 %tmp_19, i1 false)

ST_6: q_V_1_9 [1/1] 0.00ns
_ZlsILi22ELb1EE11ap_int_baseIXT_EXT0_EXleT_Li64EEERKS1_i.exit16.0_ifconv:103  %q_V_1_9 = or i10 %q_star_V_9, 1

ST_6: tmp_40 [1/1] 0.00ns
_ZlsILi22ELb1EE11ap_int_baseIXT_EXT0_EXleT_Li64EEERKS1_i.exit16.0_ifconv:105  %tmp_40 = shl i22 %p_0353_1_9, 1

ST_6: r_V_5_s [1/1] 0.00ns
_ZlsILi22ELb1EE11ap_int_baseIXT_EXT0_EXleT_Li64EEERKS1_i.exit16.0_ifconv:106  %r_V_5_s = call i22 @_ssdm_op_BitConcatenate.i22.i10.i12(i10 %q_V_1_9, i12 0)

ST_6: tmp_156_s [1/1] 0.00ns
_ZlsILi22ELb1EE11ap_int_baseIXT_EXT0_EXleT_Li64EEERKS1_i.exit16.0_ifconv:107  %tmp_156_s = or i22 %r_V_5_s, 1024

ST_6: s_V_1_s [1/1] 2.20ns
_ZlsILi22ELb1EE11ap_int_baseIXT_EXT0_EXleT_Li64EEERKS1_i.exit16.0_ifconv:108  %s_V_1_s = sub i22 %tmp_40, %tmp_156_s

ST_6: r_V_7_s [1/1] 0.00ns
_ZlsILi22ELb1EE11ap_int_baseIXT_EXT0_EXleT_Li64EEERKS1_i.exit16.0_ifconv:109  %r_V_7_s = call i22 @_ssdm_op_BitConcatenate.i22.i9.i13(i9 %tmp_19, i13 0)

ST_6: tmp_159_s [1/1] 0.00ns
_ZlsILi22ELb1EE11ap_int_baseIXT_EXT0_EXleT_Li64EEERKS1_i.exit16.0_ifconv:110  %tmp_159_s = or i22 %r_V_7_s, 3072

ST_6: s_V_2_s [1/1] 2.20ns
_ZlsILi22ELb1EE11ap_int_baseIXT_EXT0_EXleT_Li64EEERKS1_i.exit16.0_ifconv:111  %s_V_2_s = add i22 %tmp_40, %tmp_159_s

ST_6: p_0353_1_s [1/1] 1.37ns
_ZlsILi22ELb1EE11ap_int_baseIXT_EXT0_EXleT_Li64EEERKS1_i.exit16.0_ifconv:112  %p_0353_1_s = select i1 %tmp_38, i22 %s_V_2_s, i22 %s_V_1_s

ST_6: tmp_21 [1/1] 1.37ns
_ZlsILi22ELb1EE11ap_int_baseIXT_EXT0_EXleT_Li64EEERKS1_i.exit16.0_ifconv:113  %tmp_21 = select i1 %tmp_38, i10 %q_star_V_9, i10 %q_V_1_9

ST_6: q_star_V_s [1/1] 0.00ns
_ZlsILi22ELb1EE11ap_int_baseIXT_EXT0_EXleT_Li64EEERKS1_i.exit16.0_ifconv:114  %q_star_V_s = call i11 @_ssdm_op_BitConcatenate.i11.i10.i1(i10 %tmp_21, i1 false)

ST_6: q_V_1_s [1/1] 0.00ns
_ZlsILi22ELb1EE11ap_int_baseIXT_EXT0_EXleT_Li64EEERKS1_i.exit16.0_ifconv:115  %q_V_1_s = or i11 %q_star_V_s, 1

ST_6: tmp_41 [1/1] 0.00ns
_ZlsILi22ELb1EE11ap_int_baseIXT_EXT0_EXleT_Li64EEERKS1_i.exit16.0_ifconv:116  %tmp_41 = call i1 @_ssdm_op_BitSelect.i1.i22.i32(i22 %p_0353_1_s, i32 21)

ST_6: tmp_42 [1/1] 0.00ns
_ZlsILi22ELb1EE11ap_int_baseIXT_EXT0_EXleT_Li64EEERKS1_i.exit16.0_ifconv:117  %tmp_42 = shl i22 %p_0353_1_s, 1

ST_6: r_V_s [1/1] 0.00ns
_ZlsILi22ELb1EE11ap_int_baseIXT_EXT0_EXleT_Li64EEERKS1_i.exit16.0_ifconv:118  %r_V_s = call i22 @_ssdm_op_BitConcatenate.i22.i11.i11(i11 %q_V_1_s, i11 0)

ST_6: tmp_156_1 [1/1] 0.00ns
_ZlsILi22ELb1EE11ap_int_baseIXT_EXT0_EXleT_Li64EEERKS1_i.exit16.0_ifconv:119  %tmp_156_1 = or i22 %r_V_s, 512

ST_6: s_V_1_1 [1/1] 2.20ns
_ZlsILi22ELb1EE11ap_int_baseIXT_EXT0_EXleT_Li64EEERKS1_i.exit16.0_ifconv:120  %s_V_1_1 = sub i22 %tmp_42, %tmp_156_1

ST_6: r_V_6_s [1/1] 0.00ns
_ZlsILi22ELb1EE11ap_int_baseIXT_EXT0_EXleT_Li64EEERKS1_i.exit16.0_ifconv:121  %r_V_6_s = call i22 @_ssdm_op_BitConcatenate.i22.i10.i12(i10 %tmp_21, i12 0)

ST_6: tmp_159_1 [1/1] 0.00ns
_ZlsILi22ELb1EE11ap_int_baseIXT_EXT0_EXleT_Li64EEERKS1_i.exit16.0_ifconv:122  %tmp_159_1 = or i22 %r_V_6_s, 1536

ST_6: s_V_2_1 [1/1] 2.20ns
_ZlsILi22ELb1EE11ap_int_baseIXT_EXT0_EXleT_Li64EEERKS1_i.exit16.0_ifconv:123  %s_V_2_1 = add i22 %tmp_42, %tmp_159_1

ST_6: p_0353_1_10 [1/1] 1.37ns
_ZlsILi22ELb1EE11ap_int_baseIXT_EXT0_EXleT_Li64EEERKS1_i.exit16.0_ifconv:124  %p_0353_1_10 = select i1 %tmp_41, i22 %s_V_2_1, i22 %s_V_1_1

ST_6: tmp_23 [1/1] 1.37ns
_ZlsILi22ELb1EE11ap_int_baseIXT_EXT0_EXleT_Li64EEERKS1_i.exit16.0_ifconv:125  %tmp_23 = select i1 %tmp_41, i11 %q_star_V_s, i11 %q_V_1_s

ST_6: tmp_43 [1/1] 0.00ns
_ZlsILi22ELb1EE11ap_int_baseIXT_EXT0_EXleT_Li64EEERKS1_i.exit16.0_ifconv:128  %tmp_43 = call i1 @_ssdm_op_BitSelect.i1.i22.i32(i22 %p_0353_1_10, i32 21)


 <State 7>: 7.14ns
ST_7: q_star_V_1 [1/1] 0.00ns
_ZlsILi22ELb1EE11ap_int_baseIXT_EXT0_EXleT_Li64EEERKS1_i.exit16.0_ifconv:126  %q_star_V_1 = call i12 @_ssdm_op_BitConcatenate.i12.i11.i1(i11 %tmp_23, i1 false)

ST_7: q_V_1_10 [1/1] 0.00ns
_ZlsILi22ELb1EE11ap_int_baseIXT_EXT0_EXleT_Li64EEERKS1_i.exit16.0_ifconv:127  %q_V_1_10 = or i12 %q_star_V_1, 1

ST_7: tmp_47 [1/1] 0.00ns
_ZlsILi22ELb1EE11ap_int_baseIXT_EXT0_EXleT_Li64EEERKS1_i.exit16.0_ifconv:129  %tmp_47 = shl i22 %p_0353_1_10, 1

ST_7: r_V_1 [1/1] 0.00ns
_ZlsILi22ELb1EE11ap_int_baseIXT_EXT0_EXleT_Li64EEERKS1_i.exit16.0_ifconv:130  %r_V_1 = call i22 @_ssdm_op_BitConcatenate.i22.i12.i10(i12 %q_V_1_10, i10 0)

ST_7: tmp_156_2 [1/1] 0.00ns
_ZlsILi22ELb1EE11ap_int_baseIXT_EXT0_EXleT_Li64EEERKS1_i.exit16.0_ifconv:131  %tmp_156_2 = or i22 %r_V_1, 256

ST_7: s_V_1_10 [1/1] 2.20ns
_ZlsILi22ELb1EE11ap_int_baseIXT_EXT0_EXleT_Li64EEERKS1_i.exit16.0_ifconv:132  %s_V_1_10 = sub i22 %tmp_47, %tmp_156_2

ST_7: r_V_6_1 [1/1] 0.00ns
_ZlsILi22ELb1EE11ap_int_baseIXT_EXT0_EXleT_Li64EEERKS1_i.exit16.0_ifconv:133  %r_V_6_1 = call i22 @_ssdm_op_BitConcatenate.i22.i11.i11(i11 %tmp_23, i11 0)

ST_7: tmp_159_2 [1/1] 0.00ns
_ZlsILi22ELb1EE11ap_int_baseIXT_EXT0_EXleT_Li64EEERKS1_i.exit16.0_ifconv:134  %tmp_159_2 = or i22 %r_V_6_1, 768

ST_7: s_V_2_10 [1/1] 2.20ns
_ZlsILi22ELb1EE11ap_int_baseIXT_EXT0_EXleT_Li64EEERKS1_i.exit16.0_ifconv:135  %s_V_2_10 = add i22 %tmp_47, %tmp_159_2

ST_7: p_0353_1_11 [1/1] 1.37ns
_ZlsILi22ELb1EE11ap_int_baseIXT_EXT0_EXleT_Li64EEERKS1_i.exit16.0_ifconv:136  %p_0353_1_11 = select i1 %tmp_43, i22 %s_V_2_10, i22 %s_V_1_10

ST_7: tmp_25 [1/1] 1.37ns
_ZlsILi22ELb1EE11ap_int_baseIXT_EXT0_EXleT_Li64EEERKS1_i.exit16.0_ifconv:137  %tmp_25 = select i1 %tmp_43, i12 %q_star_V_1, i12 %q_V_1_10

ST_7: q_star_V_2 [1/1] 0.00ns
_ZlsILi22ELb1EE11ap_int_baseIXT_EXT0_EXleT_Li64EEERKS1_i.exit16.0_ifconv:138  %q_star_V_2 = call i13 @_ssdm_op_BitConcatenate.i13.i12.i1(i12 %tmp_25, i1 false)

ST_7: q_V_1_11 [1/1] 0.00ns
_ZlsILi22ELb1EE11ap_int_baseIXT_EXT0_EXleT_Li64EEERKS1_i.exit16.0_ifconv:139  %q_V_1_11 = or i13 %q_star_V_2, 1

ST_7: tmp_48 [1/1] 0.00ns
_ZlsILi22ELb1EE11ap_int_baseIXT_EXT0_EXleT_Li64EEERKS1_i.exit16.0_ifconv:140  %tmp_48 = call i1 @_ssdm_op_BitSelect.i1.i22.i32(i22 %p_0353_1_11, i32 21)

ST_7: tmp_49 [1/1] 0.00ns
_ZlsILi22ELb1EE11ap_int_baseIXT_EXT0_EXleT_Li64EEERKS1_i.exit16.0_ifconv:141  %tmp_49 = shl i22 %p_0353_1_11, 1

ST_7: r_V_2 [1/1] 0.00ns
_ZlsILi22ELb1EE11ap_int_baseIXT_EXT0_EXleT_Li64EEERKS1_i.exit16.0_ifconv:142  %r_V_2 = call i22 @_ssdm_op_BitConcatenate.i22.i13.i9(i13 %q_V_1_11, i9 0)

ST_7: tmp_156_10 [1/1] 0.00ns
_ZlsILi22ELb1EE11ap_int_baseIXT_EXT0_EXleT_Li64EEERKS1_i.exit16.0_ifconv:143  %tmp_156_10 = or i22 %r_V_2, 128

ST_7: s_V_1_11 [1/1] 2.20ns
_ZlsILi22ELb1EE11ap_int_baseIXT_EXT0_EXleT_Li64EEERKS1_i.exit16.0_ifconv:144  %s_V_1_11 = sub i22 %tmp_49, %tmp_156_10

ST_7: r_V_6_2 [1/1] 0.00ns
_ZlsILi22ELb1EE11ap_int_baseIXT_EXT0_EXleT_Li64EEERKS1_i.exit16.0_ifconv:145  %r_V_6_2 = call i22 @_ssdm_op_BitConcatenate.i22.i12.i10(i12 %tmp_25, i10 0)

ST_7: tmp_159_10 [1/1] 0.00ns
_ZlsILi22ELb1EE11ap_int_baseIXT_EXT0_EXleT_Li64EEERKS1_i.exit16.0_ifconv:146  %tmp_159_10 = or i22 %r_V_6_2, 384

ST_7: s_V_2_11 [1/1] 2.20ns
_ZlsILi22ELb1EE11ap_int_baseIXT_EXT0_EXleT_Li64EEERKS1_i.exit16.0_ifconv:147  %s_V_2_11 = add i22 %tmp_49, %tmp_159_10

ST_7: p_0353_1_12 [1/1] 1.37ns
_ZlsILi22ELb1EE11ap_int_baseIXT_EXT0_EXleT_Li64EEERKS1_i.exit16.0_ifconv:148  %p_0353_1_12 = select i1 %tmp_48, i22 %s_V_2_11, i22 %s_V_1_11

ST_7: tmp_27 [1/1] 1.37ns
_ZlsILi22ELb1EE11ap_int_baseIXT_EXT0_EXleT_Li64EEERKS1_i.exit16.0_ifconv:149  %tmp_27 = select i1 %tmp_48, i13 %q_star_V_2, i13 %q_V_1_11

ST_7: tmp_50 [1/1] 0.00ns
_ZlsILi22ELb1EE11ap_int_baseIXT_EXT0_EXleT_Li64EEERKS1_i.exit16.0_ifconv:152  %tmp_50 = call i1 @_ssdm_op_BitSelect.i1.i22.i32(i22 %p_0353_1_12, i32 21)


 <State 8>: 7.14ns
ST_8: q_star_V_10 [1/1] 0.00ns
_ZlsILi22ELb1EE11ap_int_baseIXT_EXT0_EXleT_Li64EEERKS1_i.exit16.0_ifconv:150  %q_star_V_10 = call i14 @_ssdm_op_BitConcatenate.i14.i13.i1(i13 %tmp_27, i1 false)

ST_8: q_V_1_12 [1/1] 0.00ns
_ZlsILi22ELb1EE11ap_int_baseIXT_EXT0_EXleT_Li64EEERKS1_i.exit16.0_ifconv:151  %q_V_1_12 = or i14 %q_star_V_10, 1

ST_8: tmp_51 [1/1] 0.00ns
_ZlsILi22ELb1EE11ap_int_baseIXT_EXT0_EXleT_Li64EEERKS1_i.exit16.0_ifconv:153  %tmp_51 = shl i22 %p_0353_1_12, 1

ST_8: r_V_3 [1/1] 0.00ns
_ZlsILi22ELb1EE11ap_int_baseIXT_EXT0_EXleT_Li64EEERKS1_i.exit16.0_ifconv:154  %r_V_3 = call i22 @_ssdm_op_BitConcatenate.i22.i14.i8(i14 %q_V_1_12, i8 0)

ST_8: tmp_156_11 [1/1] 0.00ns
_ZlsILi22ELb1EE11ap_int_baseIXT_EXT0_EXleT_Li64EEERKS1_i.exit16.0_ifconv:155  %tmp_156_11 = or i22 %r_V_3, 64

ST_8: s_V_1_12 [1/1] 2.20ns
_ZlsILi22ELb1EE11ap_int_baseIXT_EXT0_EXleT_Li64EEERKS1_i.exit16.0_ifconv:156  %s_V_1_12 = sub i22 %tmp_51, %tmp_156_11

ST_8: r_V_6_3 [1/1] 0.00ns
_ZlsILi22ELb1EE11ap_int_baseIXT_EXT0_EXleT_Li64EEERKS1_i.exit16.0_ifconv:157  %r_V_6_3 = call i22 @_ssdm_op_BitConcatenate.i22.i13.i9(i13 %tmp_27, i9 0)

ST_8: tmp_159_11 [1/1] 0.00ns
_ZlsILi22ELb1EE11ap_int_baseIXT_EXT0_EXleT_Li64EEERKS1_i.exit16.0_ifconv:158  %tmp_159_11 = or i22 %r_V_6_3, 192

ST_8: s_V_2_12 [1/1] 2.20ns
_ZlsILi22ELb1EE11ap_int_baseIXT_EXT0_EXleT_Li64EEERKS1_i.exit16.0_ifconv:159  %s_V_2_12 = add i22 %tmp_51, %tmp_159_11

ST_8: p_0353_1_13 [1/1] 1.37ns
_ZlsILi22ELb1EE11ap_int_baseIXT_EXT0_EXleT_Li64EEERKS1_i.exit16.0_ifconv:160  %p_0353_1_13 = select i1 %tmp_50, i22 %s_V_2_12, i22 %s_V_1_12

ST_8: tmp_29 [1/1] 1.37ns
_ZlsILi22ELb1EE11ap_int_baseIXT_EXT0_EXleT_Li64EEERKS1_i.exit16.0_ifconv:161  %tmp_29 = select i1 %tmp_50, i14 %q_star_V_10, i14 %q_V_1_12

ST_8: q_star_V_11 [1/1] 0.00ns
_ZlsILi22ELb1EE11ap_int_baseIXT_EXT0_EXleT_Li64EEERKS1_i.exit16.0_ifconv:162  %q_star_V_11 = call i15 @_ssdm_op_BitConcatenate.i15.i14.i1(i14 %tmp_29, i1 false)

ST_8: q_V_1_13 [1/1] 0.00ns
_ZlsILi22ELb1EE11ap_int_baseIXT_EXT0_EXleT_Li64EEERKS1_i.exit16.0_ifconv:163  %q_V_1_13 = or i15 %q_star_V_11, 1

ST_8: tmp_52 [1/1] 0.00ns
_ZlsILi22ELb1EE11ap_int_baseIXT_EXT0_EXleT_Li64EEERKS1_i.exit16.0_ifconv:164  %tmp_52 = call i1 @_ssdm_op_BitSelect.i1.i22.i32(i22 %p_0353_1_13, i32 21)

ST_8: tmp_53 [1/1] 0.00ns
_ZlsILi22ELb1EE11ap_int_baseIXT_EXT0_EXleT_Li64EEERKS1_i.exit16.0_ifconv:165  %tmp_53 = shl i22 %p_0353_1_13, 1

ST_8: r_V_4 [1/1] 0.00ns
_ZlsILi22ELb1EE11ap_int_baseIXT_EXT0_EXleT_Li64EEERKS1_i.exit16.0_ifconv:166  %r_V_4 = call i22 @_ssdm_op_BitConcatenate.i22.i15.i7(i15 %q_V_1_13, i7 0)

ST_8: tmp_156_12 [1/1] 0.00ns
_ZlsILi22ELb1EE11ap_int_baseIXT_EXT0_EXleT_Li64EEERKS1_i.exit16.0_ifconv:167  %tmp_156_12 = or i22 %r_V_4, 32

ST_8: s_V_1_13 [1/1] 2.20ns
_ZlsILi22ELb1EE11ap_int_baseIXT_EXT0_EXleT_Li64EEERKS1_i.exit16.0_ifconv:168  %s_V_1_13 = sub i22 %tmp_53, %tmp_156_12

ST_8: r_V_6_4 [1/1] 0.00ns
_ZlsILi22ELb1EE11ap_int_baseIXT_EXT0_EXleT_Li64EEERKS1_i.exit16.0_ifconv:169  %r_V_6_4 = call i22 @_ssdm_op_BitConcatenate.i22.i14.i8(i14 %tmp_29, i8 0)

ST_8: tmp_159_12 [1/1] 0.00ns
_ZlsILi22ELb1EE11ap_int_baseIXT_EXT0_EXleT_Li64EEERKS1_i.exit16.0_ifconv:170  %tmp_159_12 = or i22 %r_V_6_4, 96

ST_8: s_V_2_13 [1/1] 2.20ns
_ZlsILi22ELb1EE11ap_int_baseIXT_EXT0_EXleT_Li64EEERKS1_i.exit16.0_ifconv:171  %s_V_2_13 = add i22 %tmp_53, %tmp_159_12

ST_8: p_0353_1_14 [1/1] 1.37ns
_ZlsILi22ELb1EE11ap_int_baseIXT_EXT0_EXleT_Li64EEERKS1_i.exit16.0_ifconv:172  %p_0353_1_14 = select i1 %tmp_52, i22 %s_V_2_13, i22 %s_V_1_13

ST_8: tmp_31 [1/1] 1.37ns
_ZlsILi22ELb1EE11ap_int_baseIXT_EXT0_EXleT_Li64EEERKS1_i.exit16.0_ifconv:173  %tmp_31 = select i1 %tmp_52, i15 %q_star_V_11, i15 %q_V_1_13

ST_8: tmp_54 [1/1] 0.00ns
_ZlsILi22ELb1EE11ap_int_baseIXT_EXT0_EXleT_Li64EEERKS1_i.exit16.0_ifconv:176  %tmp_54 = call i1 @_ssdm_op_BitSelect.i1.i22.i32(i22 %p_0353_1_14, i32 21)


 <State 9>: 7.14ns
ST_9: q_star_V_12 [1/1] 0.00ns
_ZlsILi22ELb1EE11ap_int_baseIXT_EXT0_EXleT_Li64EEERKS1_i.exit16.0_ifconv:174  %q_star_V_12 = call i16 @_ssdm_op_BitConcatenate.i16.i15.i1(i15 %tmp_31, i1 false)

ST_9: q_V_1_14 [1/1] 0.00ns
_ZlsILi22ELb1EE11ap_int_baseIXT_EXT0_EXleT_Li64EEERKS1_i.exit16.0_ifconv:175  %q_V_1_14 = or i16 %q_star_V_12, 1

ST_9: tmp_55 [1/1] 0.00ns
_ZlsILi22ELb1EE11ap_int_baseIXT_EXT0_EXleT_Li64EEERKS1_i.exit16.0_ifconv:177  %tmp_55 = shl i22 %p_0353_1_14, 1

ST_9: r_V_5 [1/1] 0.00ns
_ZlsILi22ELb1EE11ap_int_baseIXT_EXT0_EXleT_Li64EEERKS1_i.exit16.0_ifconv:178  %r_V_5 = call i22 @_ssdm_op_BitConcatenate.i22.i16.i6(i16 %q_V_1_14, i6 0)

ST_9: tmp_156_13 [1/1] 0.00ns
_ZlsILi22ELb1EE11ap_int_baseIXT_EXT0_EXleT_Li64EEERKS1_i.exit16.0_ifconv:179  %tmp_156_13 = or i22 %r_V_5, 16

ST_9: s_V_1_14 [1/1] 2.20ns
_ZlsILi22ELb1EE11ap_int_baseIXT_EXT0_EXleT_Li64EEERKS1_i.exit16.0_ifconv:180  %s_V_1_14 = sub i22 %tmp_55, %tmp_156_13

ST_9: r_V_6_5 [1/1] 0.00ns
_ZlsILi22ELb1EE11ap_int_baseIXT_EXT0_EXleT_Li64EEERKS1_i.exit16.0_ifconv:181  %r_V_6_5 = call i22 @_ssdm_op_BitConcatenate.i22.i15.i7(i15 %tmp_31, i7 0)

ST_9: tmp_159_13 [1/1] 0.00ns
_ZlsILi22ELb1EE11ap_int_baseIXT_EXT0_EXleT_Li64EEERKS1_i.exit16.0_ifconv:182  %tmp_159_13 = or i22 %r_V_6_5, 48

ST_9: s_V_2_14 [1/1] 2.20ns
_ZlsILi22ELb1EE11ap_int_baseIXT_EXT0_EXleT_Li64EEERKS1_i.exit16.0_ifconv:183  %s_V_2_14 = add i22 %tmp_55, %tmp_159_13

ST_9: p_0353_1_15 [1/1] 1.37ns
_ZlsILi22ELb1EE11ap_int_baseIXT_EXT0_EXleT_Li64EEERKS1_i.exit16.0_ifconv:184  %p_0353_1_15 = select i1 %tmp_54, i22 %s_V_2_14, i22 %s_V_1_14

ST_9: tmp_33 [1/1] 1.37ns
_ZlsILi22ELb1EE11ap_int_baseIXT_EXT0_EXleT_Li64EEERKS1_i.exit16.0_ifconv:185  %tmp_33 = select i1 %tmp_54, i16 %q_star_V_12, i16 %q_V_1_14

ST_9: q_star_V_13 [1/1] 0.00ns
_ZlsILi22ELb1EE11ap_int_baseIXT_EXT0_EXleT_Li64EEERKS1_i.exit16.0_ifconv:186  %q_star_V_13 = call i17 @_ssdm_op_BitConcatenate.i17.i16.i1(i16 %tmp_33, i1 false)

ST_9: q_V_1_15 [1/1] 0.00ns
_ZlsILi22ELb1EE11ap_int_baseIXT_EXT0_EXleT_Li64EEERKS1_i.exit16.0_ifconv:187  %q_V_1_15 = or i17 %q_star_V_13, 1

ST_9: tmp_56 [1/1] 0.00ns
_ZlsILi22ELb1EE11ap_int_baseIXT_EXT0_EXleT_Li64EEERKS1_i.exit16.0_ifconv:188  %tmp_56 = call i1 @_ssdm_op_BitSelect.i1.i22.i32(i22 %p_0353_1_15, i32 21)

ST_9: tmp_57 [1/1] 0.00ns
_ZlsILi22ELb1EE11ap_int_baseIXT_EXT0_EXleT_Li64EEERKS1_i.exit16.0_ifconv:189  %tmp_57 = shl i22 %p_0353_1_15, 1

ST_9: r_V_6 [1/1] 0.00ns
_ZlsILi22ELb1EE11ap_int_baseIXT_EXT0_EXleT_Li64EEERKS1_i.exit16.0_ifconv:190  %r_V_6 = call i22 @_ssdm_op_BitConcatenate.i22.i17.i5(i17 %q_V_1_15, i5 0)

ST_9: tmp_156_14 [1/1] 0.00ns
_ZlsILi22ELb1EE11ap_int_baseIXT_EXT0_EXleT_Li64EEERKS1_i.exit16.0_ifconv:191  %tmp_156_14 = or i22 %r_V_6, 8

ST_9: s_V_1_15 [1/1] 2.20ns
_ZlsILi22ELb1EE11ap_int_baseIXT_EXT0_EXleT_Li64EEERKS1_i.exit16.0_ifconv:192  %s_V_1_15 = sub i22 %tmp_57, %tmp_156_14

ST_9: r_V_6_6 [1/1] 0.00ns
_ZlsILi22ELb1EE11ap_int_baseIXT_EXT0_EXleT_Li64EEERKS1_i.exit16.0_ifconv:193  %r_V_6_6 = call i22 @_ssdm_op_BitConcatenate.i22.i16.i6(i16 %tmp_33, i6 0)

ST_9: tmp_159_14 [1/1] 0.00ns
_ZlsILi22ELb1EE11ap_int_baseIXT_EXT0_EXleT_Li64EEERKS1_i.exit16.0_ifconv:194  %tmp_159_14 = or i22 %r_V_6_6, 24

ST_9: s_V_2_15 [1/1] 2.20ns
_ZlsILi22ELb1EE11ap_int_baseIXT_EXT0_EXleT_Li64EEERKS1_i.exit16.0_ifconv:195  %s_V_2_15 = add i22 %tmp_57, %tmp_159_14

ST_9: p_0353_1_16 [1/1] 1.37ns
_ZlsILi22ELb1EE11ap_int_baseIXT_EXT0_EXleT_Li64EEERKS1_i.exit16.0_ifconv:196  %p_0353_1_16 = select i1 %tmp_56, i22 %s_V_2_15, i22 %s_V_1_15

ST_9: tmp_35 [1/1] 1.37ns
_ZlsILi22ELb1EE11ap_int_baseIXT_EXT0_EXleT_Li64EEERKS1_i.exit16.0_ifconv:197  %tmp_35 = select i1 %tmp_56, i17 %q_star_V_13, i17 %q_V_1_15

ST_9: tmp_58 [1/1] 0.00ns
_ZlsILi22ELb1EE11ap_int_baseIXT_EXT0_EXleT_Li64EEERKS1_i.exit16.0_ifconv:200  %tmp_58 = call i1 @_ssdm_op_BitSelect.i1.i22.i32(i22 %p_0353_1_16, i32 21)


 <State 10>: 7.14ns
ST_10: q_star_V_14 [1/1] 0.00ns
_ZlsILi22ELb1EE11ap_int_baseIXT_EXT0_EXleT_Li64EEERKS1_i.exit16.0_ifconv:198  %q_star_V_14 = call i18 @_ssdm_op_BitConcatenate.i18.i17.i1(i17 %tmp_35, i1 false)

ST_10: q_V_1_16 [1/1] 0.00ns
_ZlsILi22ELb1EE11ap_int_baseIXT_EXT0_EXleT_Li64EEERKS1_i.exit16.0_ifconv:199  %q_V_1_16 = or i18 %q_star_V_14, 1

ST_10: tmp_59 [1/1] 0.00ns
_ZlsILi22ELb1EE11ap_int_baseIXT_EXT0_EXleT_Li64EEERKS1_i.exit16.0_ifconv:201  %tmp_59 = shl i22 %p_0353_1_16, 1

ST_10: r_V_7 [1/1] 0.00ns
_ZlsILi22ELb1EE11ap_int_baseIXT_EXT0_EXleT_Li64EEERKS1_i.exit16.0_ifconv:202  %r_V_7 = call i22 @_ssdm_op_BitConcatenate.i22.i18.i4(i18 %q_V_1_16, i4 0)

ST_10: tmp_156_15 [1/1] 0.00ns
_ZlsILi22ELb1EE11ap_int_baseIXT_EXT0_EXleT_Li64EEERKS1_i.exit16.0_ifconv:203  %tmp_156_15 = or i22 %r_V_7, 4

ST_10: s_V_1_16 [1/1] 2.20ns
_ZlsILi22ELb1EE11ap_int_baseIXT_EXT0_EXleT_Li64EEERKS1_i.exit16.0_ifconv:204  %s_V_1_16 = sub i22 %tmp_59, %tmp_156_15

ST_10: r_V_6_7 [1/1] 0.00ns
_ZlsILi22ELb1EE11ap_int_baseIXT_EXT0_EXleT_Li64EEERKS1_i.exit16.0_ifconv:205  %r_V_6_7 = call i22 @_ssdm_op_BitConcatenate.i22.i17.i5(i17 %tmp_35, i5 0)

ST_10: tmp_159_15 [1/1] 0.00ns
_ZlsILi22ELb1EE11ap_int_baseIXT_EXT0_EXleT_Li64EEERKS1_i.exit16.0_ifconv:206  %tmp_159_15 = or i22 %r_V_6_7, 12

ST_10: s_V_2_16 [1/1] 2.20ns
_ZlsILi22ELb1EE11ap_int_baseIXT_EXT0_EXleT_Li64EEERKS1_i.exit16.0_ifconv:207  %s_V_2_16 = add i22 %tmp_59, %tmp_159_15

ST_10: p_0353_1_17 [1/1] 1.37ns
_ZlsILi22ELb1EE11ap_int_baseIXT_EXT0_EXleT_Li64EEERKS1_i.exit16.0_ifconv:208  %p_0353_1_17 = select i1 %tmp_58, i22 %s_V_2_16, i22 %s_V_1_16

ST_10: tmp_37 [1/1] 1.37ns
_ZlsILi22ELb1EE11ap_int_baseIXT_EXT0_EXleT_Li64EEERKS1_i.exit16.0_ifconv:209  %tmp_37 = select i1 %tmp_58, i18 %q_star_V_14, i18 %q_V_1_16

ST_10: q_star_V_15 [1/1] 0.00ns
_ZlsILi22ELb1EE11ap_int_baseIXT_EXT0_EXleT_Li64EEERKS1_i.exit16.0_ifconv:210  %q_star_V_15 = call i19 @_ssdm_op_BitConcatenate.i19.i18.i1(i18 %tmp_37, i1 false)

ST_10: q_V_1_17 [1/1] 0.00ns
_ZlsILi22ELb1EE11ap_int_baseIXT_EXT0_EXleT_Li64EEERKS1_i.exit16.0_ifconv:211  %q_V_1_17 = or i19 %q_star_V_15, 1

ST_10: tmp_60 [1/1] 0.00ns
_ZlsILi22ELb1EE11ap_int_baseIXT_EXT0_EXleT_Li64EEERKS1_i.exit16.0_ifconv:212  %tmp_60 = call i1 @_ssdm_op_BitSelect.i1.i22.i32(i22 %p_0353_1_17, i32 21)

ST_10: tmp_61 [1/1] 0.00ns
_ZlsILi22ELb1EE11ap_int_baseIXT_EXT0_EXleT_Li64EEERKS1_i.exit16.0_ifconv:213  %tmp_61 = shl i22 %p_0353_1_17, 1

ST_10: r_V_8 [1/1] 0.00ns
_ZlsILi22ELb1EE11ap_int_baseIXT_EXT0_EXleT_Li64EEERKS1_i.exit16.0_ifconv:214  %r_V_8 = call i22 @_ssdm_op_BitConcatenate.i22.i19.i3(i19 %q_V_1_17, i3 0)

ST_10: tmp_156_16 [1/1] 0.00ns
_ZlsILi22ELb1EE11ap_int_baseIXT_EXT0_EXleT_Li64EEERKS1_i.exit16.0_ifconv:215  %tmp_156_16 = or i22 %r_V_8, 2

ST_10: s_V_1_17 [1/1] 2.20ns
_ZlsILi22ELb1EE11ap_int_baseIXT_EXT0_EXleT_Li64EEERKS1_i.exit16.0_ifconv:216  %s_V_1_17 = sub i22 %tmp_61, %tmp_156_16

ST_10: r_V_6_8 [1/1] 0.00ns
_ZlsILi22ELb1EE11ap_int_baseIXT_EXT0_EXleT_Li64EEERKS1_i.exit16.0_ifconv:217  %r_V_6_8 = call i22 @_ssdm_op_BitConcatenate.i22.i18.i4(i18 %tmp_37, i4 0)

ST_10: tmp_159_16 [1/1] 0.00ns
_ZlsILi22ELb1EE11ap_int_baseIXT_EXT0_EXleT_Li64EEERKS1_i.exit16.0_ifconv:218  %tmp_159_16 = or i22 %r_V_6_8, 6

ST_10: s_V_2_17 [1/1] 2.20ns
_ZlsILi22ELb1EE11ap_int_baseIXT_EXT0_EXleT_Li64EEERKS1_i.exit16.0_ifconv:219  %s_V_2_17 = add i22 %tmp_61, %tmp_159_16

ST_10: p_0353_1_18 [1/1] 1.37ns
_ZlsILi22ELb1EE11ap_int_baseIXT_EXT0_EXleT_Li64EEERKS1_i.exit16.0_ifconv:220  %p_0353_1_18 = select i1 %tmp_60, i22 %s_V_2_17, i22 %s_V_1_17

ST_10: tmp_39 [1/1] 1.37ns
_ZlsILi22ELb1EE11ap_int_baseIXT_EXT0_EXleT_Li64EEERKS1_i.exit16.0_ifconv:221  %tmp_39 = select i1 %tmp_60, i19 %q_star_V_15, i19 %q_V_1_17

ST_10: tmp_62 [1/1] 0.00ns
_ZlsILi22ELb1EE11ap_int_baseIXT_EXT0_EXleT_Li64EEERKS1_i.exit16.0_ifconv:224  %tmp_62 = call i1 @_ssdm_op_BitSelect.i1.i22.i32(i22 %p_0353_1_18, i32 21)


 <State 11>: 7.31ns
ST_11: q_star_V_16 [1/1] 0.00ns
_ZlsILi22ELb1EE11ap_int_baseIXT_EXT0_EXleT_Li64EEERKS1_i.exit16.0_ifconv:222  %q_star_V_16 = call i20 @_ssdm_op_BitConcatenate.i20.i19.i1(i19 %tmp_39, i1 false)

ST_11: q_V_1_18 [1/1] 0.00ns
_ZlsILi22ELb1EE11ap_int_baseIXT_EXT0_EXleT_Li64EEERKS1_i.exit16.0_ifconv:223  %q_V_1_18 = or i20 %q_star_V_16, 1

ST_11: tmp_63 [1/1] 0.00ns
_ZlsILi22ELb1EE11ap_int_baseIXT_EXT0_EXleT_Li64EEERKS1_i.exit16.0_ifconv:225  %tmp_63 = shl i22 %p_0353_1_18, 1

ST_11: r_V_9 [1/1] 0.00ns
_ZlsILi22ELb1EE11ap_int_baseIXT_EXT0_EXleT_Li64EEERKS1_i.exit16.0_ifconv:226  %r_V_9 = call i22 @_ssdm_op_BitConcatenate.i22.i20.i2(i20 %q_V_1_18, i2 0)

ST_11: r_V_5_1 [1/1] 0.00ns
_ZlsILi22ELb1EE11ap_int_baseIXT_EXT0_EXleT_Li64EEERKS1_i.exit16.0_ifconv:227  %r_V_5_1 = or i22 %r_V_9, 1

ST_11: s_V_1_18 [1/1] 2.20ns
_ZlsILi22ELb1EE11ap_int_baseIXT_EXT0_EXleT_Li64EEERKS1_i.exit16.0_ifconv:228  %s_V_1_18 = sub i22 %tmp_63, %r_V_5_1

ST_11: r_V_6_9 [1/1] 0.00ns
_ZlsILi22ELb1EE11ap_int_baseIXT_EXT0_EXleT_Li64EEERKS1_i.exit16.0_ifconv:229  %r_V_6_9 = call i22 @_ssdm_op_BitConcatenate.i22.i19.i3(i19 %tmp_39, i3 0)

ST_11: r_V_7_1 [1/1] 0.00ns
_ZlsILi22ELb1EE11ap_int_baseIXT_EXT0_EXleT_Li64EEERKS1_i.exit16.0_ifconv:230  %r_V_7_1 = or i22 %r_V_6_9, 3

ST_11: s_V_2_18 [1/1] 2.20ns
_ZlsILi22ELb1EE11ap_int_baseIXT_EXT0_EXleT_Li64EEERKS1_i.exit16.0_ifconv:231  %s_V_2_18 = add i22 %tmp_63, %r_V_7_1

ST_11: p_0353_1_19 [1/1] 1.37ns
_ZlsILi22ELb1EE11ap_int_baseIXT_EXT0_EXleT_Li64EEERKS1_i.exit16.0_ifconv:232  %p_0353_1_19 = select i1 %tmp_62, i22 %s_V_2_18, i22 %s_V_1_18

ST_11: tmp_64 [1/1] 0.00ns
_ZlsILi22ELb1EE11ap_int_baseIXT_EXT0_EXleT_Li64EEERKS1_i.exit16.0_ifconv:233  %tmp_64 = trunc i20 %q_V_1_18 to i19

ST_11: tmp_65 [1/1] 0.00ns
_ZlsILi22ELb1EE11ap_int_baseIXT_EXT0_EXleT_Li64EEERKS1_i.exit16.0_ifconv:234  %tmp_65 = shl i19 %tmp_39, 1

ST_11: tmp_44 [1/1] 1.37ns
_ZlsILi22ELb1EE11ap_int_baseIXT_EXT0_EXleT_Li64EEERKS1_i.exit16.0_ifconv:235  %tmp_44 = select i1 %tmp_62, i19 %tmp_65, i19 %tmp_64

ST_11: q_star_V_17 [1/1] 0.00ns
_ZlsILi22ELb1EE11ap_int_baseIXT_EXT0_EXleT_Li64EEERKS1_i.exit16.0_ifconv:236  %q_star_V_17 = call i20 @_ssdm_op_BitConcatenate.i20.i19.i1(i19 %tmp_44, i1 false)

ST_11: q_V_1_19 [1/1] 0.00ns
_ZlsILi22ELb1EE11ap_int_baseIXT_EXT0_EXleT_Li64EEERKS1_i.exit16.0_ifconv:237  %q_V_1_19 = or i20 %q_star_V_17, 1

ST_11: tmp_s [1/1] 2.37ns
_ZlsILi22ELb1EE11ap_int_baseIXT_EXT0_EXleT_Li64EEERKS1_i.exit16.0_ifconv:238  %tmp_s = icmp sgt i22 %p_0353_1_19, 0

ST_11: q_V [1/1] 2.08ns
_ZlsILi22ELb1EE11ap_int_baseIXT_EXT0_EXleT_Li64EEERKS1_i.exit16.0_ifconv:239  %q_V = add i20 %q_V_1_19, 1

ST_11: tmp_45 [1/1] 0.00ns
_ZlsILi22ELb1EE11ap_int_baseIXT_EXT0_EXleT_Li64EEERKS1_i.exit16.0_ifconv:240  %tmp_45 = call i19 @_ssdm_op_PartSelect.i19.i20.i32.i32(i20 %q_V, i32 1, i32 19)

ST_11: tmp_46 [1/1] 1.37ns
_ZlsILi22ELb1EE11ap_int_baseIXT_EXT0_EXleT_Li64EEERKS1_i.exit16.0_ifconv:241  %tmp_46 = select i1 %tmp_s, i19 %tmp_45, i19 %tmp_44

ST_11: stg_254 [1/1] 0.00ns
_ZlsILi22ELb1EE11ap_int_baseIXT_EXT0_EXleT_Li64EEERKS1_i.exit16.0_ifconv:242  ret i19 %tmp_46



============================================================
+ Verbose Summary: Binding
============================================================
N/A
* FSMD analyzer results:
  - Output states:
  - Chain level:
	State 1
	State 2
	State 3
	State 4
	State 5
	State 6
	State 7
	State 8
	State 9
	State 10
	State 11


============================================================
+ Verbose Summary: Datapath Resource usage 
============================================================
N/A
