Copyright 1986-2015 Xilinx, Inc. All Rights Reserved.
------------------------------------------------------------------------------------
| Tool Version : Vivado v.2015.4 (win64) Build 1412921 Wed Nov 18 09:43:45 MST 2015
| Date         : Mon Feb 08 23:58:21 2016
| Host         : DESKTOP-SG5D71V running 64-bit major release  (build 9200)
| Command      : report_timing -file ./report/cmpy_complex_top_timing_synth.rpt
| Design       : cmpy_complex_top
| Device       : 7z020-clg484
| Speed File   : -1  PRODUCTION 1.11 2014-09-11
------------------------------------------------------------------------------------

Timing Report

Slack (MET) :             3.444ns  (required time - arrival time)
  Source:                 cmpy_complex_top_Loop_2_proc_U0/mul_reg_1069_reg[1]/C
                            (rising edge-triggered cell FDRE clocked by ap_clk  {rise@0.000ns fall@5.000ns period=10.000ns})
  Destination:            cmpy_complex_top_Loop_2_proc_U0/tmp_145_reg_1079_reg[16]/D
                            (rising edge-triggered cell FDRE clocked by ap_clk  {rise@0.000ns fall@5.000ns period=10.000ns})
  Path Group:             ap_clk
  Path Type:              Setup (Max at Slow Process Corner)
  Requirement:            10.000ns  (ap_clk rise@10.000ns - ap_clk rise@0.000ns)
  Data Path Delay:        6.424ns  (logic 4.821ns (75.047%)  route 1.603ns (24.953%))
  Logic Levels:           22  (CARRY4=19 LUT1=1 LUT3=2)
  Clock Path Skew:        -0.174ns (DCD - SCD + CPR)
    Destination Clock Delay (DCD):    1.563ns = ( 11.563 - 10.000 ) 
    Source Clock Delay      (SCD):    1.737ns
    Clock Pessimism Removal (CPR):    0.000ns
  Clock Uncertainty:      0.035ns  ((TSJ^2 + TIJ^2)^1/2 + DJ) / 2 + PE
    Total System Jitter     (TSJ):    0.071ns
    Total Input Jitter      (TIJ):    0.000ns
    Discrete Jitter          (DJ):    0.000ns
    Phase Error              (PE):    0.000ns

    Location             Delay type                Incr(ns)  Path(ns)    Netlist Resource(s)
  -------------------------------------------------------------------    -------------------
                         (clock ap_clk rise edge)     0.000     0.000 r  
                                                      0.000     0.000 r  ap_clk (IN)
                         net (fo=2553, unset)         1.737     1.737    cmpy_complex_top_Loop_2_proc_U0/ap_clk
                         FDRE                                         r  cmpy_complex_top_Loop_2_proc_U0/mul_reg_1069_reg[1]/C
  -------------------------------------------------------------------    -------------------
                         FDRE (Prop_fdre_C_Q)         0.478     2.215 f  cmpy_complex_top_Loop_2_proc_U0/mul_reg_1069_reg[1]/Q
                         net (fo=1, unplaced)         0.311     2.526    cmpy_complex_top_Loop_2_proc_U0/mul_reg_1069[1]
                         LUT1 (Prop_lut1_I0_O)        0.295     2.821 r  cmpy_complex_top_Loop_2_proc_U0/tmp_145_reg_1079[3]_i_75/O
                         net (fo=1, unplaced)         0.000     2.821    cmpy_complex_top_Loop_2_proc_U0/tmp_145_reg_1079[3]_i_75_n_0
                         CARRY4 (Prop_carry4_S[1]_CO[3])
                                                      0.533     3.354 r  cmpy_complex_top_Loop_2_proc_U0/tmp_145_reg_1079_reg[3]_i_68/CO[3]
                         net (fo=1, unplaced)         0.009     3.363    cmpy_complex_top_Loop_2_proc_U0/tmp_145_reg_1079_reg[3]_i_68_n_0
                         CARRY4 (Prop_carry4_CI_CO[3])
                                                      0.117     3.480 r  cmpy_complex_top_Loop_2_proc_U0/tmp_145_reg_1079_reg[3]_i_63/CO[3]
                         net (fo=1, unplaced)         0.000     3.480    cmpy_complex_top_Loop_2_proc_U0/tmp_145_reg_1079_reg[3]_i_63_n_0
                         CARRY4 (Prop_carry4_CI_CO[3])
                                                      0.117     3.597 r  cmpy_complex_top_Loop_2_proc_U0/tmp_145_reg_1079_reg[3]_i_58/CO[3]
                         net (fo=1, unplaced)         0.000     3.597    cmpy_complex_top_Loop_2_proc_U0/tmp_145_reg_1079_reg[3]_i_58_n_0
                         CARRY4 (Prop_carry4_CI_CO[3])
                                                      0.117     3.714 r  cmpy_complex_top_Loop_2_proc_U0/tmp_145_reg_1079_reg[3]_i_53/CO[3]
                         net (fo=1, unplaced)         0.000     3.714    cmpy_complex_top_Loop_2_proc_U0/tmp_145_reg_1079_reg[3]_i_53_n_0
                         CARRY4 (Prop_carry4_CI_CO[3])
                                                      0.117     3.831 r  cmpy_complex_top_Loop_2_proc_U0/tmp_145_reg_1079_reg[3]_i_48/CO[3]
                         net (fo=1, unplaced)         0.000     3.831    cmpy_complex_top_Loop_2_proc_U0/tmp_145_reg_1079_reg[3]_i_48_n_0
                         CARRY4 (Prop_carry4_CI_CO[3])
                                                      0.117     3.948 r  cmpy_complex_top_Loop_2_proc_U0/tmp_145_reg_1079_reg[3]_i_43/CO[3]
                         net (fo=1, unplaced)         0.000     3.948    cmpy_complex_top_Loop_2_proc_U0/tmp_145_reg_1079_reg[3]_i_43_n_0
                         CARRY4 (Prop_carry4_CI_CO[3])
                                                      0.117     4.065 r  cmpy_complex_top_Loop_2_proc_U0/tmp_145_reg_1079_reg[3]_i_38/CO[3]
                         net (fo=1, unplaced)         0.000     4.065    cmpy_complex_top_Loop_2_proc_U0/tmp_145_reg_1079_reg[3]_i_38_n_0
                         CARRY4 (Prop_carry4_CI_CO[3])
                                                      0.117     4.182 r  cmpy_complex_top_Loop_2_proc_U0/tmp_145_reg_1079_reg[3]_i_33/CO[3]
                         net (fo=1, unplaced)         0.000     4.182    cmpy_complex_top_Loop_2_proc_U0/tmp_145_reg_1079_reg[3]_i_33_n_0
                         CARRY4 (Prop_carry4_CI_CO[3])
                                                      0.117     4.299 r  cmpy_complex_top_Loop_2_proc_U0/tmp_145_reg_1079_reg[3]_i_28/CO[3]
                         net (fo=1, unplaced)         0.000     4.299    cmpy_complex_top_Loop_2_proc_U0/tmp_145_reg_1079_reg[3]_i_28_n_0
                         CARRY4 (Prop_carry4_CI_CO[3])
                                                      0.117     4.416 r  cmpy_complex_top_Loop_2_proc_U0/tmp_145_reg_1079_reg[3]_i_23/CO[3]
                         net (fo=1, unplaced)         0.000     4.416    cmpy_complex_top_Loop_2_proc_U0/tmp_145_reg_1079_reg[3]_i_23_n_0
                         CARRY4 (Prop_carry4_CI_CO[3])
                                                      0.117     4.533 r  cmpy_complex_top_Loop_2_proc_U0/tmp_145_reg_1079_reg[3]_i_18/CO[3]
                         net (fo=1, unplaced)         0.000     4.533    cmpy_complex_top_Loop_2_proc_U0/tmp_145_reg_1079_reg[3]_i_18_n_0
                         CARRY4 (Prop_carry4_CI_CO[3])
                                                      0.117     4.650 r  cmpy_complex_top_Loop_2_proc_U0/tmp_145_reg_1079_reg[3]_i_13/CO[3]
                         net (fo=1, unplaced)         0.000     4.650    cmpy_complex_top_Loop_2_proc_U0/tmp_145_reg_1079_reg[3]_i_13_n_0
                         CARRY4 (Prop_carry4_CI_CO[3])
                                                      0.117     4.767 r  cmpy_complex_top_Loop_2_proc_U0/tmp_145_reg_1079_reg[3]_i_8/CO[3]
                         net (fo=1, unplaced)         0.000     4.767    cmpy_complex_top_Loop_2_proc_U0/tmp_145_reg_1079_reg[3]_i_8_n_0
                         CARRY4 (Prop_carry4_CI_CO[3])
                                                      0.117     4.884 r  cmpy_complex_top_Loop_2_proc_U0/tmp_145_reg_1079_reg[3]_i_3/CO[3]
                         net (fo=1, unplaced)         0.000     4.884    cmpy_complex_top_Loop_2_proc_U0/tmp_145_reg_1079_reg[3]_i_3_n_0
                         CARRY4 (Prop_carry4_CI_O[0])
                                                      0.232     5.116 f  cmpy_complex_top_Loop_2_proc_U0/tmp_145_reg_1079_reg[3]_i_2/O[0]
                         net (fo=2, unplaced)         0.322     5.438    cmpy_complex_top_Loop_2_proc_U0/tmp_1065_fu_547_p4[0]
                         LUT3 (Prop_lut3_I2_O)        0.295     5.733 r  cmpy_complex_top_Loop_2_proc_U0/tmp_145_reg_1079[4]_i_3/O
                         net (fo=1, unplaced)         0.334     6.067    cmpy_complex_top_Loop_2_proc_U0/tmp_145_reg_1079[4]_i_3_n_0
                         CARRY4 (Prop_carry4_CYINIT_CO[3])
                                                      0.595     6.662 r  cmpy_complex_top_Loop_2_proc_U0/tmp_145_reg_1079_reg[4]_i_2/CO[3]
                         net (fo=1, unplaced)         0.009     6.671    cmpy_complex_top_Loop_2_proc_U0/tmp_145_reg_1079_reg[4]_i_2_n_0
                         CARRY4 (Prop_carry4_CI_CO[3])
                                                      0.117     6.788 r  cmpy_complex_top_Loop_2_proc_U0/tmp_145_reg_1079_reg[8]_i_2/CO[3]
                         net (fo=1, unplaced)         0.000     6.788    cmpy_complex_top_Loop_2_proc_U0/tmp_145_reg_1079_reg[8]_i_2_n_0
                         CARRY4 (Prop_carry4_CI_CO[3])
                                                      0.117     6.905 r  cmpy_complex_top_Loop_2_proc_U0/tmp_145_reg_1079_reg[12]_i_2/CO[3]
                         net (fo=1, unplaced)         0.000     6.905    cmpy_complex_top_Loop_2_proc_U0/tmp_145_reg_1079_reg[12]_i_2_n_0
                         CARRY4 (Prop_carry4_CI_O[3])
                                                      0.331     7.236 r  cmpy_complex_top_Loop_2_proc_U0/tmp_145_reg_1079_reg[16]_i_2/O[3]
                         net (fo=1, unplaced)         0.618     7.854    cmpy_complex_top_Loop_2_proc_U0/neg_ti_fu_567_p2[16]
                         LUT3 (Prop_lut3_I1_O)        0.307     8.161 r  cmpy_complex_top_Loop_2_proc_U0/tmp_145_reg_1079[16]_i_1/O
                         net (fo=1, unplaced)         0.000     8.161    cmpy_complex_top_Loop_2_proc_U0/tmp_145_fu_577_p3[16]
                         FDRE                                         r  cmpy_complex_top_Loop_2_proc_U0/tmp_145_reg_1079_reg[16]/D
  -------------------------------------------------------------------    -------------------

                         (clock ap_clk rise edge)    10.000    10.000 r  
                                                      0.000    10.000 r  ap_clk (IN)
                         net (fo=2553, unset)         1.563    11.563    cmpy_complex_top_Loop_2_proc_U0/ap_clk
                         FDRE                                         r  cmpy_complex_top_Loop_2_proc_U0/tmp_145_reg_1079_reg[16]/C
                         clock pessimism              0.000    11.563    
                         clock uncertainty           -0.035    11.528    
                         FDRE (Setup_fdre_C_D)        0.077    11.605    cmpy_complex_top_Loop_2_proc_U0/tmp_145_reg_1079_reg[16]
  -------------------------------------------------------------------
                         required time                         11.605    
                         arrival time                          -8.161    
  -------------------------------------------------------------------
                         slack                                  3.444    




