#-----------------------------------------------------------
# Vivado v2015.4 (64-bit)
# SW Build 1412921 on Wed Nov 18 09:43:45 MST 2015
# IP Build 1412160 on Tue Nov 17 13:47:24 MST 2015
# Start of session at: Mon Feb 08 23:59:10 2016
# Process ID: 10620
# Current directory: F:/FPGA/PyramidCon_x/solution2/impl/ip
# Command line: vivado.exe -notrace -mode batch -source run_ippack.tcl
# Log file: F:/FPGA/PyramidCon_x/solution2/impl/ip/vivado.log
# Journal file: F:/FPGA/PyramidCon_x/solution2/impl/ip\vivado.jou
#-----------------------------------------------------------
source run_ippack.tcl -notrace
INFO: [IP_Flow 19-234] Refreshing IP repositories
INFO: [IP_Flow 19-1704] No user IP repositories specified
INFO: [IP_Flow 19-2313] Loaded Vivado IP repository 'C:/Xilinx2016/Vivado/2015.4/data/ip'.
WARNING: [IP_Flow 19-3374] An attempt to modify the value of disabled parameter 'ovflo' from 'false' to '1' has been ignored for IP 'fft_config1_s_core'
INFO: [IP_Flow 19-1686] Generating 'Synthesis' target for IP 'fft_config1_s_core'...
INFO: [IP_Flow 19-1686] Generating 'Simulation' target for IP 'fft_config1_s_core'...
WARNING: [IP_Flow 19-3374] An attempt to modify the value of disabled parameter 'ovflo' from 'false' to '1' has been ignored for IP 'fft_config2_s_core'
INFO: [IP_Flow 19-1686] Generating 'Synthesis' target for IP 'fft_config2_s_core'...
INFO: [IP_Flow 19-1686] Generating 'Simulation' target for IP 'fft_config2_s_core'...
****** Webtalk v2015.4 (64-bit)
  **** SW Build 1412921 on Wed Nov 18 09:43:45 MST 2015
  **** IP Build 1412160 on Tue Nov 17 13:47:24 MST 2015
    ** Copyright 1986-2015 Xilinx, Inc. All Rights Reserved.

source F:/FPGA/PyramidCon_x/solution2/impl/ip/tmp.hw/webtalk/labtool_webtalk.tcl -notrace
webtalk_transmit: Time (s): cpu = 00:00:00 ; elapsed = 00:00:07 . Memory (MB): peak = 49.238 ; gain = 0.000
INFO: [Common 17-206] Exiting Webtalk at Mon Feb 08 23:59:33 2016...
close_project: Time (s): cpu = 00:00:00 ; elapsed = 00:00:08 . Memory (MB): peak = 297.789 ; gain = 0.000
TDATA of AXI4-Stream interface 'pyrFilOut_V' contains sub-fields not aligned to byte boundaries. The resulting layout may not be compatible with the connecting interface.
INFO: [IP_Flow 19-234] Refreshing IP repositories
INFO: [IP_Flow 19-1704] No user IP repositories specified
INFO: [IP_Flow 19-2313] Loaded Vivado IP repository 'C:/Xilinx2016/Vivado/2015.4/data/ip'.
INFO: [Common 17-206] Exiting Vivado at Mon Feb 08 23:59:35 2016...
