@I [SIM-47] Using XSIM for RTL simulation.
@I [SIM-14] Instrumenting C test bench ...
   Build using "C:/Xilinx2016/Vivado_HLS/2015.4/msys/bin/g++.exe"
   Compiling apatb_cmpy_complex_top.cpp
   Compiling disp.cpp_pre.cpp.tb.cpp
   Compiling disp_test.cpp_pre.cpp.tb.cpp
   Generating cosim.tv.exe
@I [SIM-302] Starting C TB testing ... 
@I [SIM-333] Generating C post check test bench ...
@I [SIM-12] Generating RTL test bench ...
@I [SIM-323] Starting verilog simulation. 
@I [SIM-15] Starting XSIM ...
@I [SIM-316] Starting C post checking ...
Read data 0
0.000000 0.000000 0.000000 0.000000
 0.000000 0.000000 0.000000 0.000000
 0.000000 0.000000 0.000000 0.000000
 0.000000 0.000000 0.000000 0.000000
 0.000000 0.000000 0.000000 0.000000
 0.000000 0.000000 0.000000 0.000000
 0.000000 0.000000 0.000000 0.000000
 0.000000 0.000000 0.000000 0.000000
 0.000000 0.000000 0.000000 0.000000
 0.000000 0.000000 0.000000 0.000000
 0.000000 0.000000 0.000000 0.000000
 0.000000 0.000000 0.000000 0.000000
 0.000000 0.000000 0.000000 0.000000
 0.000000 0.000000 0.000000 0.000000
 0.000000 0.000000 0.000000 0.000000
 0.000000 0.000000 0.000000 0.000000
 0.000000 0.000000 0.000000 0.000000
 0.000000 0.000000 0.000000 0.000000
 0.000000 0.000000 0.000000 0.000000
 0.000000 0.000000 0.000000 0.000000
 0.000000 0.000000 0.000000 0.000000
 0.000000 0.000000 0.000000 0.000000
 0.000000 0.000000 0.000000 0.000000
 0.000000 0.000000 0.000000 0.000000
 0.000000 0.000000 0.000000 0.000000
 0.000000 0.000000 0.000000 0.000000
 0.000000 0.000000 0.000000 0.000000
 0.000000 0.000000 0.000000 0.000000
 0.000000 0.000000 0.000000 0.000000
 0.000000 0.000000 0.000000 0.000000
 0.000000 0.000000 0.000000 0.000000
 0.000000 0.000000 0.000000 0.000000
 0.000000 0.000000 0.000000 0.000000
 0.000000 0.000000 0.000000 0.000000
 0.000000 0.000000 0.000000 0.000000
 0.000000 0.000000 0.000000 0.000000
 0.000000 0.000000 0.000000 0.000000
 0.000000 0.000000 0.000000 0.000000
 0.000000 0.000000 0.000000 0.000000
 0.000000 0.000000 0.000000 0.000000
 0.000000 0.000000 0.000000 0.000000
 0.000000 0.000000 0.000000 0.000000
 0.000000 0.000000 0.000000 0.000000
 0.000000 0.000000 0.000000 0.000000
 0.000000 0.000000 0.000000 0.000000
 0.000000 0.000000 0.000000 0.000000
 0.000000 0.000000 0.000000 0.000000
 0.000000 0.000000 0.000000 0.000000
 0.000000 0.000000 0.000000 0.000000
 0.000000 0.000000 0.000000 0.000000
 0.000000 0.000000 0.000000 0.000000
 0.000000 0.000000 0.000000 0.000000
 0.000000 0.000000 0.000000 0.000000
 0.000000 0.000000 0.000000 0.000000
 0.000000 0.000000 0.000000 0.000000
 0.000000 0.000000 0.000000 0.000000
 0.000000 0.000000 0.000000 0.000000
 0.000000 0.000000 0.000000 0.000000
 0.000000 0.000000 0.000000 0.000000
 0.000000 0.000000 0.000000 0.000000
 0.000000 0.000000 0.000000 0.000000
 0.000000 0.000000 0.000000 0.000000
 0.000000 0.000000 0.000000 0.000000
 0.000000 0.000000 0.000000 0.000000
 0.000000 0.000000 0.000000 0.000000
 0.000000 0.000000 0.000000 0.000000
 0.000000 0.000000 0.000000 0.000000
 0.000000 0.000000 0.000000 0.000000
 0.000000 0.000000 0.000000 0.000000
 0.000000 0.000000 0.000000 0.000000
 0.000000 0.000000 0.000000 0.000000
 0.000000 0.000000 0.000000 0.000000
 0.000000 0.000000 0.000000 0.000000
 0.000000 0.000000 0.000000 0.000000
 0.000000 0.000000 0.000000 0.000000
 0.000000 0.000000 0.000000 0.000000
 0.000000 0.000000 0.000000 0.000000
 0.000000 0.000000 0.000000 0.000000
 0.000000 0.000000 0.000000 0.000000
 0.000000 0.000000 0.000000 0.000000
 0.000000 0.000000 0.000000 0.000000
 0.000000 0.000000 0.000000 0.000000
 0.000000 0.000000 0.000000 0.000000
 0.000000 0.000000 0.000000 0.000000
 0.000000 0.000000 0.000000 0.000000
 0.000000 0.000000 0.000000 0.000000
 0.000000 0.000000 0.000000 0.000000
 0.000000 0.000000 0.000000 0.000000
 0.000000 0.000000 0.000000 0.000000
 0.000000 0.000000 0.000000 0.000000
 0.000000 0.000000 0.000000 0.000000
 0.000000 0.000000 0.000000 0.000000
 0.000000 0.000000 0.000000 0.000000
 0.000000 0.000000 0.000000 0.000000
 0.000000 0.000000 0.000000 0.000000
 0.000000 0.000000 0.000000 0.000000
 0.000000 0.000000 0.000000 0.000000
 0.000000 0.000000 0.000000 0.000000
 0.000000 0.000000 0.000000 0.000000
 0.000000 0.000000 0.000000 0.000000
 0.000000 0.000000 0.000000 0.000000
 0.000000 0.000000 0.000000 0.000000
 0.000000 0.000000 0.000000 0.000000
 0.000000 0.000000 0.000000 0.000000
 0.000000 0.000000 0.000000 0.000000
 0.000000 0.000000 0.000000 0.000000
 0.000000 0.000000 0.000000 0.000000
 0.000000 0.000000 0.000000 0.000000
 0.000000 0.000000 0.000000 0.000000
 0.000000 0.000000 0.000000 0.000000
 0.000000 0.000000 0.000000 0.000000
 0.000000 0.000000 0.000000 0.000000
 0.000000 0.000000 0.000000 0.000000
 0.000000 0.000000 0.000000 0.000000
 0.000000 0.000000 0.000000 0.000000
 0.000000 0.000000 0.000000 0.000000
 0.000000 0.000000 0.000000 0.000000
 0.000000 0.000000 0.000000 0.000000
 0.000000 0.000000 0.000000 0.000000
 0.000000 0.000000 0.000000 0.000000
 0.000000 0.000000 0.000000 0.000000
 0.000000 0.000000 0.000000 0.000000
 0.000000 0.000000 0.000000 0.000000
 0.000000 0.000000 0.000000 0.000000
 0.000000 0.000000 0.000000 0.000000
 0.000000 0.000000 0.000000 0.000000
 0.000000 0.000000 0.000000 0.000000
 0.000000 0.000000 0.000000 0.000000
 0.000000 0.000000 0.000000 0.000000
 0.000000 0.000000 0.000000 0.000000
 0.000000 0.000000 0.000000 0.000000
 0.000000 0.000000 0.000000 0.000000
 0.000000 0.000000 0.000000 0.000000
 0.000000 0.000000 0.000000 0.000000
 0.000000 0.000000 0.000000 0.000000
 0.000000 0.000000 0.000000 0.000000
 0.000000 0.000000 0.000000 0.000000
 0.000000 0.000000 0.000000 0.000000
 0.000000 0.000000 0.000000 0.000000
 0.000000 0.000000 0.000000 0.000000
 0.000000 0.000000 0.000000 0.000000
 0.000000 0.000000 0.000000 0.000000
 0.000000 0.000000 0.000000 0.000000
 0.000000 0.000000 0.000000 0.000000
 0.000000 0.000000 0.000000 0.000000
 0.000000 0.000000 0.000000 0.000000
 0.000000 0.000000 0.000000 0.000000
 0.000000 0.000000 0.000000 0.000000
 0.000000 0.000000 0.000000 0.000000
 0.000000 0.000000 0.000000 0.000000
 0.000000 0.000000 0.000000 0.000000
 0.000000 0.000000 0.000000 0.000000
 0.000000 0.000000 0.000000 0.000000
 0.000000 0.000000 0.000000 0.000000
 0.000000 0.000000 0.000000 0.000000
 0.000000 0.000000 0.000000 0.000000
 0.000000 0.000000 0.000000 0.000000
 0.000000 0.000000 0.000000 0.000000
 0.000000 0.000000 0.000000 0.000000
 0.000000 0.000000 0.000000 0.000000
 0.000000 0.000000 0.000000 0.000000
 0.000000 0.000000 0.000000 0.000000
 0.000000 0.000000 0.000000 0.000000
 0.000000 0.000000 0.000000 0.000000
 0.000000 0.000000 0.000000 0.000000
 0.000000 0.000000 0.000000 0.000000
 0.000000 0.000000 0.000000 0.000000
 0.000000 0.000000 0.000000 0.000000
 0.000000 0.000000 0.000000 0.000000
 0.000000 0.000000 0.000000 0.000000
 0.000000 0.000000 0.000000 0.000000
 0.000000 0.000000 0.000000 0.000000
 0.000000 0.000000 0.000000 0.000000
 0.000000 0.000000 0.000000 0.000000
 0.000000 0.000000 0.000000 0.000000
 0.000000 0.000000 0.000000 0.000000
 0.000000 0.000000 0.000000 0.000000
 0.000000 0.000000 0.000000 0.000000
 0.000000 0.000000 0.000000 0.000000
 0.000000 0.000000 0.000000 0.000000
 0.000000 0.000000 0.000000 0.000000
 0.000000 0.000000 0.000000 0.000000
 0.000000 0.000000 0.000000 0.000000
 0.000000 0.000000 0.000000 0.000000
 0.000000 0.000000 0.000000 0.000000
 0.000000 0.000000 0.000000 0.000000
 0.000000 0.000000 0.000000 0.000000
 0.000000 0.000000 0.000000 0.000000
 0.000000 0.000000 0.000000 0.000000
 0.000000 0.000000 0.000000 0.000000
 0.000000 0.000000 0.000000 0.000000
 0.000000 0.000000 0.000000 0.000000
 0.000000 0.000000 0.000000 0.000000
 0.000000 0.000000 0.000000 0.000000
 0.000000 0.000000 0.000000 0.000000
 0.000000 0.000000 0.000000 0.000000
 0.000000 0.000000 0.000000 0.000000
 0.000000 0.000000 0.000000 0.000000
 0.000000 0.000000 0.000000 0.000000
 0.000000 0.000000 0.000000 0.000000
 0.000000 0.000000 0.000000 0.000000
 0.000000 0.000000 0.000000 0.000000
 0.000000 0.000000 0.000000 0.000000
 0.000000 0.000000 0.000000 0.000000
 0.000000 0.000000 0.000000 0.000000
 0.000000 0.000000 0.000000 0.000000
 0.000000 0.000000 0.000000 0.000000
 0.000000 0.000000 0.000000 0.000000
 0.000000 0.000000 0.000000 0.000000
 0.000000 0.000000 0.000000 0.000000
 0.000000 0.000000 0.000000 0.000000
 0.000000 0.000000 0.000000 0.000000
 0.000000 0.000000 0.000000 0.000000
 0.000000 0.000000 0.000000 0.000000
 0.000000 0.000000 0.000000 0.000000
 0.000000 0.000000 0.000000 0.000000
 0.000000 0.000000 0.000000 0.000000
 0.000000 0.000000 0.000000 0.000000
 0.000000 0.000000 0.000000 0.000000
 0.000000 0.000000 0.000000 0.000000
 0.000000 0.000000 0.000000 0.000000
 0.000000 0.000000 0.000000 0.000000
 0.000000 0.000000 0.000000 0.000000
 0.000000 0.000000 0.000000 0.000000
 0.000000 0.000000 0.000000 0.000000
 0.000000 0.000000 0.000000 0.000000
 0.000000 0.000000 0.000000 0.000000
 0.000000 0.000000 0.000000 0.000000
 0.000000 0.000000 0.000000 0.000000
 0.000000 0.000000 0.000000 0.000000
 0.000000 0.000000 0.000000 0.000000
 0.000000 0.000000 0.000000 0.000000
 0.000000 0.000000 0.000000 0.000000
 0.000000 0.000000 0.000000 0.000000
 0.000000 0.000000 0.000000 0.000000
 0.000000 0.000000 0.000000 0.000000
 0.000000 0.000000 0.000000 0.000000
 0.000000 0.000000 0.000000 0.000000
 0.000000 0.000000 0.000000 0.000000
 0.000000 0.000000 0.000000 0.000000
 0.000000 0.000000 0.000000 0.000000
 0.000000 0.000000 0.000000 0.000000
 0.000000 0.000000 0.000000 0.000000
 0.000000 0.000000 0.000000 0.000000
 0.000000 0.000000 0.000000 0.000000
 0.000000 0.000000 0.000000 0.000000
 0.000000 0.000000 0.000000 0.000000
 0.000000 0.000000 0.000000 0.000000
 0.000000 0.000000 0.000000 0.000000
 0.000000 0.000000 0.000000 0.000000
 0.000000 0.000000 0.000000 0.000000
 0.000000 0.000000 0.000000 0.000000
 0.000000 0.000000 0.000000 0.000000
 0.000000 0.000000 0.000000 0.000000
 0.000000 0.000000 0.000000 0.000000
 0.000000 0.000000 0.000000 0.000000
 0.000000 0.000000 0.000000 0.000000
 0.000000 0.000000 0.000000 0.000000
 0.000000 0.000000 0.000000 0.000000
 0.000000 0.000000 0.000000 0.000000
 0.000000 0.000000 0.000000 0.000000
 0.000000 0.000000 0.000000 0.000000
 0.000000 0.000000 0.000000 0.000000
 0.000000 0.000000 0.000000 0.000000
 0.000000 0.000000 0.000000 0.000000
 0.000000 0.000000 0.000000 0.000000
 0.000000 0.000000 0.000000 0.000000
 0.000000 0.000000 0.000000 0.000000
 0.000000 0.000000 0.000000 0.000000
 0.000000 0.000000 0.000000 0.000000
 0.000000 0.000000 0.000000 0.000000
 0.000000 0.000000 0.000000 0.000000
 0.000000 0.000000 0.000000 0.000000
 0.000000 0.000000 0.000000 0.000000
 0.000000 0.000000 0.000000 0.000000
 0.000000 0.000000 0.000000 0.000000
 0.000000 0.000000 0.000000 0.000000
 0.000000 0.000000 0.000000 0.000000
 0.000000 0.000000 0.000000 0.000000
 0.000000 0.000000 0.000000 0.000000
 0.000000 0.000000 0.000000 0.000000
 0.000000 0.000000 0.000000 0.000000
 0.000000 0.000000 0.000000 0.000000
 0.000000 0.000000 0.000000 0.000000
 0.000000 0.000000 0.000000 0.000000
 0.000000 0.000000 0.000000 0.000000
 0.000000 0.000000 0.000000 0.000000
 0.000000 0.000000 0.000000 0.000000
 0.000000 0.000000 0.000000 0.000000
 0.000000 0.000000 0.000000 0.000000
 0.000000 0.000000 0.000000 0.000000
 0.000000 0.000000 0.000000 0.000000
 0.000000 0.000000 0.000000 0.000000
 0.000000 0.000000 0.000000 0.000000
 0.000000 0.000000 0.000000 0.000000
 0.000000 0.000000 0.000000 0.000000
 0.000000 0.000000 0.000000 0.000000
 0.000000 0.000000 0.000000 0.000000
 0.000000 0.000000 0.000000 0.000000
 0.000000 0.000000 0.000000 0.000000
 0.000000 0.000000 0.000000 0.000000
 0.000000 0.000000 0.000000 0.000000
 0.000000 0.000000 0.000000 0.000000
 0.000000 0.000000 0.000000 0.000000
 0.000000 0.000000 0.000000 0.000000
 0.000000 0.000000 0.000000 0.000000
 0.000000 0.000000 0.000000 0.000000
 0.000000 0.000000 0.000000 0.000000
 0.000000 0.000000 0.000000 0.000000
 0.000000 0.000000 0.000000 0.000000
 0.000000 0.000000 0.000000 0.000000
 0.000000 0.000000 0.000000 0.000000
 0.000000 0.000000 0.000000 0.000000
 0.000000 0.000000 0.000000 0.000000
 0.000000 0.000000 0.000000 0.000000
 0.000000 0.000000 0.000000 0.000000
 0.000000 0.000000 0.000000 0.000000
 0.000000 0.000000 0.000000 0.000000
 0.000000 0.000000 0.000000 0.000000
 0.000000 0.000000 0.000000 0.000000
 0.000000 0.000000 0.000000 0.000000
 0.000000 0.000000 0.000000 0.000000
 0.000000 0.000000 0.000000 0.000000
 0.000000 0.000000 0.000000 0.000000
 0.000000 0.000000 0.000000 0.000000
 0.000000 0.000000 0.000000 0.000000
 0.000000 0.000000 0.000000 0.000000
 0.000000 0.000000 0.000000 0.000000
 0.000000 0.000000 0.000000 0.000000
 0.000000 0.000000 0.000000 0.000000
 0.000000 0.000000 0.000000 0.000000
 0.000000 0.000000 0.000000 0.000000
 0.000000 0.000000 0.000000 0.000000
 0.000000 0.000000 0.000000 0.000000
 0.000000 0.000000 0.000000 0.000000
 0.000000 0.000000 0.000000 0.000000
 0.000000 0.000000 0.000000 0.000000
 0.000000 0.000000 0.000000 0.000000
 0.000000 0.000000 0.000000 0.000000
 0.000000 0.000000 0.000000 0.000000
 0.000000 0.000000 0.000000 0.000000
 0.000000 0.000000 0.000000 0.000000
 0.000000 0.000000 0.000000 0.000000
 0.000000 0.000000 0.000000 0.000000
 0.000000 0.000000 0.000000 0.000000
 0.000000 0.000000 0.000000 0.000000
 0.000000 0.000000 0.000000 0.000000
 0.000000 0.000000 0.000000 0.000000
 0.000000 0.000000 0.000000 0.000000
 0.000000 0.000000 0.000000 0.000000
 0.000000 0.000000 0.000000 0.000000
 0.000000 0.000000 0.000000 0.000000
 0.000000 0.000000 0.000000 0.000000
 0.000000 0.000000 0.000000 0.000000
 0.000000 0.000000 0.000000 0.000000
 0.000000 0.000000 0.000000 0.000000
 0.000000 0.000000 0.000000 0.000000
 0.000000 0.000000 0.000000 0.000000
 0.000000 0.000000 0.000000 0.000000
 0.000000 0.000000 0.000000 0.000000
 0.000000 0.000000 0.000000 0.000000
 0.000000 0.000000 0.000000 0.000000
 0.000000 0.000000 0.000000 0.000000
 0.000000 0.000000 0.000000 0.000000
 0.000000 0.000000 0.000000 0.000000
 0.000000 0.000000 0.000000 0.000000
 0.000000 0.000000 0.000000 0.000000
 0.000000 0.000000 0.000000 0.000000
 0.000000 0.000000 0.000000 0.000000
 0.000000 0.000000 0.000000 0.000000
 0.000000 0.000000 0.000000 0.000000
 0.000000 0.000000 0.000000 0.000000
 0.000000 0.000000 0.000000 0.000000
 0.000000 0.000000 0.000000 0.000000
 0.000000 0.000000 0.000000 0.000000
 0.000000 0.000000 0.000000 0.000000
 0.000000 0.000000 0.000000 0.000000
 0.000000 0.000000 0.000000 0.000000
 0.000000 0.000000 0.000000 0.000000
 0.000000 0.000000 0.000000 0.000000
 0.000000 0.000000 0.000000 0.000000
 0.000000 0.000000 0.000000 0.000000
 0.000000 0.000000 0.000000 0.000000
 0.000000 0.000000 0.000000 0.000000
 0.000000 0.000000 0.000000 0.000000
 0.000000 0.000000 0.000000 0.000000
 0.000000 0.000000 0.000000 0.000000
 0.000000 0.000000 0.000000 0.000000
 0.000000 0.000000 0.000000 0.000000
 0.000000 0.000000 0.000000 0.000000
 0.000000 0.000000 0.000000 0.000000
 0.000000 0.000000 0.000000 0.000000
 0.000000 0.000000 0.000000 0.000000
 0.000000 0.000000 0.000000 0.000000
 0.000000 0.000000 0.000000 0.000000
 0.000000 0.000000 0.000000 0.000000
 0.000000 0.000000 0.000000 0.000000
 0.000000 0.000000 0.000000 0.000000
 0.000000 0.000000 0.000000 0.000000
 0.000000 0.000000 0.000000 0.000000
 0.000000 0.000000 0.000000 0.000000
 0.000000 0.000000 0.000000 0.000000
 0.000000 0.000000 0.000000 0.000000
 0.000000 0.000000 0.000000 0.000000
 0.000000 0.000000 0.000000 0.000000
 0.000000 0.000000 0.000000 0.000000
 0.000000 0.000000 0.000000 0.000000
 0.000000 0.000000 0.000000 0.000000
 0.000000 0.000000 0.000000 0.000000
 0.000000 0.000000 0.000000 0.000000
 0.000000 0.000000 0.000000 0.000000
 0.000000 0.000000 0.000000 0.000000
 0.000000 0.000000 0.000000 0.000000
 0.000000 0.000000 0.000000 0.000000
 0.000000 0.000000 0.000000 0.000000
 0.000000 0.000000 0.000000 0.000000
 0.000000 0.000000 0.000000 0.000000
 0.000000 0.000000 0.000000 0.000000
 0.000000 0.000000 0.000000 0.000000
 0.000000 0.000000 0.000000 0.000000
 0.000000 0.000000 0.000000 0.000000
 0.000000 0.000000 0.000000 0.000000
 0.000000 0.000000 0.000000 0.000000
 0.000000 0.000000 0.000000 0.000000
 0.000000 0.000000 0.000000 0.000000
 0.000000 0.000000 0.000000 0.000000
 0.000000 0.000000 0.000000 0.000000
 0.000000 0.000000 0.000000 0.000000
 0.000000 0.000000 0.000000 0.000000
 0.000000 0.000000 0.000000 0.000000
 0.000000 0.000000 0.000000 0.000000
 0.000000 0.000000 0.000000 0.000000
 0.000000 0.000000 0.000000 0.000000
 0.000000 0.000000 0.000000 0.000000
 0.000000 0.000000 0.000000 0.000000
 0.000000 0.000000 0.000000 0.000000
 0.000000 0.000000 0.000000 0.000000
 0.000000 0.000000 0.000000 0.000000
 0.000000 0.000000 0.000000 0.000000
 0.000000 0.000000 0.000000 0.000000
 0.000000 0.000000 0.000000 0.000000
 0.000000 0.000000 0.000000 0.000000
 0.000000 0.000000 0.000000 0.000000
 0.000000 0.000000 0.000000 0.000000
 0.000000 0.000000 0.000000 0.000000
 0.000000 0.000000 0.000000 0.000000
 0.000000 0.000000 0.000000 0.000000
 0.000000 0.000000 0.000000 0.000000
 0.000000 0.000000 0.000000 0.000000
 0.000000 0.000000 0.000000 0.000000
 0.000000 0.000000 0.000000 0.000000
 0.000000 0.000000 0.000000 0.000000
 0.000000 0.000000 0.000000 0.000000
 0.000000 0.000000 0.000000 0.000000
 0.000000 0.000000 0.000000 0.000000
 0.000000 0.000000 0.000000 0.000000
 0.000000 0.000000 0.000000 0.000000
 0.000000 0.000000 0.000000 0.000000
 0.000000 0.000000 0.000000 0.000000
 0.000000 0.000000 0.000000 0.000000
 0.000000 0.000000 0.000000 0.000000
 0.000000 0.000000 0.000000 0.000000
 0.000000 0.000000 0.000000 0.000000
 0.000000 0.000000 0.000000 0.000000
 0.000000 0.000000 0.000000 0.000000
 0.000000 0.000000 0.000000 0.000000
 0.000000 0.000000 0.000000 0.000000
 0.000000 0.000000 0.000000 0.000000
 0.000000 0.000000 0.000000 0.000000
 0.000000 0.000000 0.000000 0.000000
 0.000000 0.000000 0.000000 0.000000
 0.000000 0.000000 0.000000 0.000000
 0.000000 0.000000 0.000000 0.000000
 0.000000 0.000000 0.000000 0.000000
 0.000000 0.000000 0.000000 0.000000
 0.000000 0.000000 0.000000 0.000000
 0.000000 0.000000 0.000000 0.000000
 0.000000 0.000000 0.000000 0.000000
 0.000000 0.000000 0.000000 0.000000
 0.000000 0.000000 0.000000 0.000000
 0.000000 0.000000 0.000000 0.000000
 0.000000 0.000000 0.000000 0.000000
 0.000000 0.000000 0.000000 0.000000
 0.000000 0.000000 0.000000 0.000000
 0.000000 0.000000 0.000000 0.000000
 0.000000 0.000000 0.000000 0.000000
 0.000000 0.000000 0.000000 0.000000
 0.000000 0.000000 0.000000 0.000000
 0.000000 0.000000 0.000000 0.000000
 0.000000 0.000000 0.000000 0.000000
 0.000000 0.000000 0.000000 0.000000
 0.000000 0.000000 0.000000 0.000000
 0.000000 0.000000 0.000000 0.000000
 0.000000 0.000000 0.000000 0.000000
 0.000000 0.000000 0.000000 0.000000
 0.000000 0.000000 0.000000 0.000000
 0.000000 0.000000 0.000000 0.000000
 0.000000 0.000000 0.000000 0.000000
 0.000000 0.000000 0.000000 0.000000
 0.000000 0.000000 0.000000 0.000000
 0.000000 0.000000 0.000000 0.000000
 0.000000 0.000000 0.000000 0.000000
 0.000000 0.000000 0.000000 0.000000
 0.000000 0.000000 0.000000 0.000000
 0.000000 0.000000 0.000000 0.000000
 0.000000 0.000000 0.000000 0.000000
 0.000000 0.000000 0.000000 0.000000
 0.000000 0.000000 0.000000 0.000000
 0.000000 0.000000 0.000000 0.000000
 0.000000 0.000000 0.000000 0.000000
 0.000000 0.000000 0.000000 0.000000
 0.000000 0.000000 0.000000 0.000000
 

F:\FPGA\exp\DispCheck\solution1\sim\verilog>call xelab xil_defaultlib.apatb_cmpy_complex_top_top -prj cmpy_complex_top.prj --lib "ieee_proposed=./ieee_proposed" -s cmpy_complex_top  
Vivado Simulator 2015.4
Copyright 1986-1999, 2001-2015 Xilinx, Inc. All Rights Reserved.
Running: C:/Xilinx2016/Vivado/2015.4/bin/unwrapped/win64.o/xelab.exe xil_defaultlib.apatb_cmpy_complex_top_top -prj cmpy_complex_top.prj --lib ieee_proposed=./ieee_proposed -s cmpy_complex_top 
Multi-threading is on. Using 2 slave threads.
INFO: [VRFC 10-2263] Analyzing Verilog file "F:/FPGA/exp/DispCheck/solution1/sim/verilog/AESL_axi_s_cmp.v" into library xil_defaultlib
INFO: [VRFC 10-311] analyzing module AESL_axi_s_cmp
INFO: [VRFC 10-2263] Analyzing Verilog file "F:/FPGA/exp/DispCheck/solution1/sim/verilog/AESL_axi_s_prealign_V.v" into library xil_defaultlib
INFO: [VRFC 10-311] analyzing module AESL_axi_s_prealign_V
INFO: [VRFC 10-2263] Analyzing Verilog file "F:/FPGA/exp/DispCheck/solution1/sim/verilog/AESL_axi_s_sig.v" into library xil_defaultlib
INFO: [VRFC 10-311] analyzing module AESL_axi_s_sig
INFO: [VRFC 10-2263] Analyzing Verilog file "F:/FPGA/exp/DispCheck/solution1/sim/verilog/AESL_axi_s_sigRef.v" into library xil_defaultlib
INFO: [VRFC 10-311] analyzing module AESL_axi_s_sigRef
INFO: [VRFC 10-2263] Analyzing Verilog file "F:/FPGA/exp/DispCheck/solution1/sim/verilog/AESL_fifo.v" into library xil_defaultlib
INFO: [VRFC 10-311] analyzing module fifo
INFO: [VRFC 10-2263] Analyzing Verilog file "F:/FPGA/exp/DispCheck/solution1/sim/verilog/cmpy_complex_top.autotb.v" into library xil_defaultlib
INFO: [VRFC 10-311] analyzing module apatb_cmpy_complex_top_top
INFO: [VRFC 10-2458] undeclared symbol ap_clk, assumed default net type wire [F:/FPGA/exp/DispCheck/solution1/sim/verilog/cmpy_complex_top.autotb.v:138]
INFO: [VRFC 10-2458] undeclared symbol ap_rst_n, assumed default net type wire [F:/FPGA/exp/DispCheck/solution1/sim/verilog/cmpy_complex_top.autotb.v:139]
INFO: [VRFC 10-2458] undeclared symbol ap_rst_n_n, assumed default net type wire [F:/FPGA/exp/DispCheck/solution1/sim/verilog/cmpy_complex_top.autotb.v:164]
INFO: [VRFC 10-2263] Analyzing Verilog file "F:/FPGA/exp/DispCheck/solution1/sim/verilog/cmpy_complex_top.v" into library xil_defaultlib
INFO: [VRFC 10-311] analyzing module cmpy_complex_top
INFO: [VRFC 10-2263] Analyzing Verilog file "F:/FPGA/exp/DispCheck/solution1/sim/verilog/cmpy_complex_top_cordic_base.v" into library xil_defaultlib
INFO: [VRFC 10-311] analyzing module cmpy_complex_top_cordic_base
INFO: [VRFC 10-2263] Analyzing Verilog file "F:/FPGA/exp/DispCheck/solution1/sim/verilog/cmpy_complex_top_cordic_base_1.v" into library xil_defaultlib
INFO: [VRFC 10-311] analyzing module cmpy_complex_top_cordic_base_1
INFO: [VRFC 10-2263] Analyzing Verilog file "F:/FPGA/exp/DispCheck/solution1/sim/verilog/cmpy_complex_top_fxp_sqrt_20_2_20_2_s.v" into library xil_defaultlib
INFO: [VRFC 10-311] analyzing module cmpy_complex_top_fxp_sqrt_20_2_20_2_s
INFO: [VRFC 10-2263] Analyzing Verilog file "F:/FPGA/exp/DispCheck/solution1/sim/verilog/cmpy_complex_top_Loop_1_proc143.v" into library xil_defaultlib
INFO: [VRFC 10-311] analyzing module cmpy_complex_top_Loop_1_proc143
INFO: [VRFC 10-2263] Analyzing Verilog file "F:/FPGA/exp/DispCheck/solution1/sim/verilog/cmpy_complex_top_Loop_2_proc.v" into library xil_defaultlib
INFO: [VRFC 10-311] analyzing module cmpy_complex_top_Loop_2_proc
INFO: [VRFC 10-2263] Analyzing Verilog file "F:/FPGA/exp/DispCheck/solution1/sim/verilog/cmpy_complex_top_mul_19ns_20s_39_3.v" into library xil_defaultlib
INFO: [VRFC 10-311] analyzing module cmpy_complex_top_mul_19ns_20s_39_3_Mul3S_0
INFO: [VRFC 10-311] analyzing module cmpy_complex_top_mul_19ns_20s_39_3
INFO: [VRFC 10-2263] Analyzing Verilog file "F:/FPGA/exp/DispCheck/solution1/sim/verilog/cmpy_complex_top_mul_40ns_38s_77_7.v" into library xil_defaultlib
INFO: [VRFC 10-311] analyzing module cmpy_complex_top_mul_40ns_38s_77_7_MulnS_0
INFO: [VRFC 10-311] analyzing module cmpy_complex_top_mul_40ns_38s_77_7
INFO: [VRFC 10-2263] Analyzing Verilog file "F:/FPGA/exp/DispCheck/solution1/sim/verilog/cmpy_complex_top_mul_mul_10s_18s_28_1.v" into library xil_defaultlib
INFO: [VRFC 10-311] analyzing module cmpy_complex_top_mul_mul_10s_18s_28_1_DSP48_0
INFO: [VRFC 10-311] analyzing module cmpy_complex_top_mul_mul_10s_18s_28_1
INFO: [VRFC 10-2263] Analyzing Verilog file "F:/FPGA/exp/DispCheck/solution1/sim/verilog/cmpy_complex_top_myatan2_complex_ap_fixed_s.v" into library xil_defaultlib
INFO: [VRFC 10-311] analyzing module cmpy_complex_top_myatan2_complex_ap_fixed_s
INFO: [VRFC 10-2263] Analyzing Verilog file "F:/FPGA/exp/DispCheck/solution1/sim/verilog/cmpy_complex_top_refAtans_V.v" into library xil_defaultlib
INFO: [VRFC 10-311] analyzing module cmpy_complex_top_refAtans_V
INFO: [VRFC 10-2263] Analyzing Verilog file "F:/FPGA/exp/DispCheck/solution1/sim/verilog/cmpy_complex_top_refAtans_V_memcore.v" into library xil_defaultlib
INFO: [VRFC 10-311] analyzing module cmpy_complex_top_refAtans_V_memcore_ram
INFO: [VRFC 10-311] analyzing module cmpy_complex_top_refAtans_V_memcore
INFO: [VRFC 10-2263] Analyzing Verilog file "F:/FPGA/exp/DispCheck/solution1/sim/verilog/FIFO_cmpy_complex_top_factor_V_channel.v" into library xil_defaultlib
INFO: [VRFC 10-311] analyzing module FIFO_cmpy_complex_top_factor_V_channel_shiftReg
INFO: [VRFC 10-311] analyzing module FIFO_cmpy_complex_top_factor_V_channel
INFO: [VRFC 10-2458] undeclared symbol shiftReg_ce, assumed default net type wire [F:/FPGA/exp/DispCheck/solution1/sim/verilog/FIFO_cmpy_complex_top_factor_V_channel.v:111]
INFO: [VRFC 10-2263] Analyzing Verilog file "F:/FPGA/exp/DispCheck/solution1/sim/verilog/FIFO_cmpy_complex_top_nL_channel.v" into library xil_defaultlib
INFO: [VRFC 10-311] analyzing module FIFO_cmpy_complex_top_nL_channel_shiftReg
INFO: [VRFC 10-311] analyzing module FIFO_cmpy_complex_top_nL_channel
INFO: [VRFC 10-2458] undeclared symbol shiftReg_ce, assumed default net type wire [F:/FPGA/exp/DispCheck/solution1/sim/verilog/FIFO_cmpy_complex_top_nL_channel.v:111]
Starting static elaboration
Completed static elaboration
Starting simulation data flow analysis
Completed simulation data flow analysis
Time Resolution for simulation is 1ps
Compiling module xil_defaultlib.cmpy_complex_top_refAtans_V_memc...
Compiling module xil_defaultlib.cmpy_complex_top_refAtans_V_memc...
Compiling module xil_defaultlib.cmpy_complex_top_refAtans_V(Addr...
Compiling module xil_defaultlib.cmpy_complex_top_cordic_base
Compiling module xil_defaultlib.cmpy_complex_top_myatan2_complex...
Compiling module xil_defaultlib.cmpy_complex_top_Loop_1_proc143
Compiling module xil_defaultlib.cmpy_complex_top_cordic_base_1
Compiling module xil_defaultlib.cmpy_complex_top_fxp_sqrt_20_2_2...
Compiling module xil_defaultlib.cmpy_complex_top_mul_40ns_38s_77...
Compiling module xil_defaultlib.cmpy_complex_top_mul_40ns_38s_77...
Compiling module xil_defaultlib.cmpy_complex_top_mul_19ns_20s_39...
Compiling module xil_defaultlib.cmpy_complex_top_mul_19ns_20s_39...
Compiling module xil_defaultlib.cmpy_complex_top_mul_mul_10s_18s...
Compiling module xil_defaultlib.cmpy_complex_top_mul_mul_10s_18s...
Compiling module xil_defaultlib.cmpy_complex_top_Loop_2_proc
Compiling module xil_defaultlib.FIFO_cmpy_complex_top_nL_channel...
Compiling module xil_defaultlib.FIFO_cmpy_complex_top_nL_channel
Compiling module xil_defaultlib.FIFO_cmpy_complex_top_factor_V_c...
Compiling module xil_defaultlib.FIFO_cmpy_complex_top_factor_V_c...
Compiling module xil_defaultlib.cmpy_complex_top
Compiling module xil_defaultlib.fifo(DEPTH=1024,WIDTH=24)
Compiling module xil_defaultlib.AESL_axi_s_sig
Compiling module xil_defaultlib.fifo(DEPTH=2048,WIDTH=24)
Compiling module xil_defaultlib.AESL_axi_s_sigRef
Compiling module xil_defaultlib.AESL_axi_s_prealign_V
Compiling module xil_defaultlib.fifo(DEPTH=1024,WIDTH=40)
Compiling module xil_defaultlib.AESL_axi_s_cmp
Compiling module xil_defaultlib.apatb_cmpy_complex_top_top
Waiting for 1 sub-compilation(s) to finish...
Built simulation snapshot cmpy_complex_top

****** Webtalk v2015.4 (64-bit)
  **** SW Build 1412921 on Wed Nov 18 09:43:45 MST 2015
  **** IP Build 1412160 on Tue Nov 17 13:47:24 MST 2015
    ** Copyright 1986-2015 Xilinx, Inc. All Rights Reserved.

source F:/FPGA/exp/DispCheck/solution1/sim/verilog/xsim.dir/cmpy_complex_top/webtalk/xsim_webtalk.tcl -notrace
INFO: [Common 17-206] Exiting Webtalk at Mon Feb 08 23:46:04 2016...

****** xsim v2015.4 (64-bit)
  **** SW Build 1412921 on Wed Nov 18 09:43:45 MST 2015
  **** IP Build 1412160 on Tue Nov 17 13:47:24 MST 2015
    ** Copyright 1986-2015 Xilinx, Inc. All Rights Reserved.

source xsim.dir/cmpy_complex_top/xsim_script.tcl
# xsim {cmpy_complex_top} -maxdeltaid 10000 -autoloadwcfg -tclbatch {cmpy_complex_top.tcl}
Vivado Simulator 2015.4
Time resolution is 1 ps
source cmpy_complex_top.tcl
## run all
$finish called at time : 16025 ns : File "F:/FPGA/exp/DispCheck/solution1/sim/verilog/cmpy_complex_top.autotb.v" Line 510
## quit
INFO: [Common 17-206] Exiting xsim at Mon Feb 08 23:46:14 2016...
Read data 0
0.000000 0.000000 0.000000 0.000000
 0.000000 0.000000 0.000000 0.000000
 0.000000 0.000000 0.000000 0.000000
 0.000000 0.000000 0.000000 0.000000
 0.000000 0.000000 0.000000 0.000000
 0.000000 0.000000 0.000000 0.000000
 0.000000 0.000000 0.000000 0.000000
 0.000000 0.000000 0.000000 0.000000
 0.000000 0.000000 0.000000 0.000000
 0.000000 0.000000 0.000000 0.000000
 0.000000 0.000000 0.000000 0.000000
 0.000000 0.000000 0.000000 0.000000
 0.000000 0.000000 0.000000 0.000000
 0.000000 0.000000 0.000000 0.000000
 0.000000 0.000000 0.000000 0.000000
 0.000000 0.000000 0.000000 0.000000
 0.000000 0.000000 0.000000 0.000000
 0.000000 0.000000 0.000000 0.000000
 0.000000 0.000000 0.000000 0.000000
 0.000000 0.000000 0.000000 0.000000
 0.000000 0.000000 0.000000 0.000000
 0.000000 0.000000 0.000000 0.000000
 0.000000 0.000000 0.000000 0.000000
 0.000000 0.000000 0.000000 0.000000
 0.000000 0.000000 0.000000 0.000000
 0.000000 0.000000 0.000000 0.000000
 0.000000 0.000000 0.000000 0.000000
 0.000000 0.000000 0.000000 0.000000
 0.000000 0.000000 0.000000 0.000000
 0.000000 0.000000 0.000000 0.000000
 0.000000 0.000000 0.000000 0.000000
 0.000000 0.000000 0.000000 0.000000
 0.000000 0.000000 0.000000 0.000000
 0.000000 0.000000 0.000000 0.000000
 0.000000 0.000000 0.000000 0.000000
 0.000000 0.000000 0.000000 0.000000
 0.000000 0.000000 0.000000 0.000000
 0.000000 0.000000 0.000000 0.000000
 0.000000 0.000000 0.000000 0.000000
 0.000000 0.000000 0.000000 0.000000
 0.000000 0.000000 0.000000 0.000000
 0.000000 0.000000 0.000000 0.000000
 0.000000 0.000000 0.000000 0.000000
 0.000000 0.000000 0.000000 0.000000
 0.000000 0.000000 0.000000 0.000000
 0.000000 0.000000 0.000000 0.000000
 0.000000 0.000000 0.000000 0.000000
 0.000000 0.000000 0.000000 0.000000
 0.000000 0.000000 0.000000 0.000000
 0.000000 0.000000 0.000000 0.000000
 0.000000 0.000000 0.000000 0.000000
 0.000000 0.000000 0.000000 0.000000
 0.000000 0.000000 0.000000 0.000000
 0.000000 0.000000 0.000000 0.000000
 0.000000 0.000000 0.000000 0.000000
 0.000000 0.000000 0.000000 0.000000
 0.000000 0.000000 0.000000 0.000000
 0.000000 0.000000 0.000000 0.000000
 0.000000 0.000000 0.000000 0.000000
 0.000000 0.000000 0.000000 0.000000
 0.000000 0.000000 0.000000 0.000000
 0.000000 0.000000 0.000000 0.000000
 0.000000 0.000000 0.000000 0.000000
 0.000000 0.000000 0.000000 0.000000
 0.000000 0.000000 0.000000 0.000000
 0.000000 0.000000 0.000000 0.000000
 0.000000 0.000000 0.000000 0.000000
 0.000000 0.000000 0.000000 0.000000
 0.000000 0.000000 0.000000 0.000000
 0.000000 0.000000 0.000000 0.000000
 0.000000 0.000000 0.000000 0.000000
 0.000000 0.000000 0.000000 0.000000
 0.000000 0.000000 0.000000 0.000000
 0.000000 0.000000 0.000000 0.000000
 0.000000 0.000000 0.000000 0.000000
 0.000000 0.000000 0.000000 0.000000
 0.000000 0.000000 0.000000 0.000000
 0.000000 0.000000 0.000000 0.000000
 0.000000 0.000000 0.000000 0.000000
 0.000000 0.000000 0.000000 0.000000
 0.000000 0.000000 0.000000 0.000000
 0.000000 0.000000 0.000000 0.000000
 0.000000 0.000000 0.000000 0.000000
 0.000000 0.000000 0.000000 0.000000
 0.000000 0.000000 0.000000 0.000000
 0.000000 0.000000 0.000000 0.000000
 0.000000 0.000000 0.000000 0.000000
 0.000000 0.000000 0.000000 0.000000
 0.000000 0.000000 0.000000 0.000000
 0.000000 0.000000 0.000000 0.000000
 0.000000 0.000000 0.000000 0.000000
 0.000000 0.000000 0.000000 0.000000
 0.000000 0.000000 0.000000 0.000000
 0.000000 0.000000 0.000000 0.000000
 0.000000 0.000000 0.000000 0.000000
 0.000000 0.000000 0.000000 0.000000
 0.000000 0.000000 0.000000 0.000000
 0.000000 0.000000 0.000000 0.000000
 0.000000 0.000000 0.000000 0.000000
 0.000000 0.000000 0.000000 0.000000
 0.000000 0.000000 0.000000 0.000000
 0.000000 0.000000 0.000000 0.000000
 0.000000 0.000000 0.000000 0.000000
 0.000000 0.000000 0.000000 0.000000
 0.000000 0.000000 0.000000 0.000000
 0.000000 0.000000 0.000000 0.000000
 0.000000 0.000000 0.000000 0.000000
 0.000000 0.000000 0.000000 0.000000
 0.000000 0.000000 0.000000 0.000000
 0.000000 0.000000 0.000000 0.000000
 0.000000 0.000000 0.000000 0.000000
 0.000000 0.000000 0.000000 0.000000
 0.000000 0.000000 0.000000 0.000000
 0.000000 0.000000 0.000000 0.000000
 0.000000 0.000000 0.000000 0.000000
 0.000000 0.000000 0.000000 0.000000
 0.000000 0.000000 0.000000 0.000000
 0.000000 0.000000 0.000000 0.000000
 0.000000 0.000000 0.000000 0.000000
 0.000000 0.000000 0.000000 0.000000
 0.000000 0.000000 0.000000 0.000000
 0.000000 0.000000 0.000000 0.000000
 0.000000 0.000000 0.000000 0.000000
 0.000000 0.000000 0.000000 0.000000
 0.000000 0.000000 0.000000 0.000000
 0.000000 0.000000 0.000000 0.000000
 0.000000 0.000000 0.000000 0.000000
 0.000000 0.000000 0.000000 0.000000
 0.000000 0.000000 0.000000 0.000000
 0.000000 0.000000 0.000000 0.000000
 0.000000 0.000000 0.000000 0.000000
 0.000000 0.000000 0.000000 0.000000
 0.000000 0.000000 0.000000 0.000000
 0.000000 0.000000 0.000000 0.000000
 0.000000 0.000000 0.000000 0.000000
 0.000000 0.000000 0.000000 0.000000
 0.000000 0.000000 0.000000 0.000000
 0.000000 0.000000 0.000000 0.000000
 0.000000 0.000000 0.000000 0.000000
 0.000000 0.000000 0.000000 0.000000
 0.000000 0.000000 0.000000 0.000000
 0.000000 0.000000 0.000000 0.000000
 0.000000 0.000000 0.000000 0.000000
 0.000000 0.000000 0.000000 0.000000
 0.000000 0.000000 0.000000 0.000000
 0.000000 0.000000 0.000000 0.000000
 0.000000 0.000000 0.000000 0.000000
 0.000000 0.000000 0.000000 0.000000
 0.000000 0.000000 0.000000 0.000000
 0.000000 0.000000 0.000000 0.000000
 0.000000 0.000000 0.000000 0.000000
 0.000000 0.000000 0.000000 0.000000
 0.000000 0.000000 0.000000 0.000000
 0.000000 0.000000 0.000000 0.000000
 0.000000 0.000000 0.000000 0.000000
 0.000000 0.000000 0.000000 0.000000
 0.000000 0.000000 0.000000 0.000000
 0.000000 0.000000 0.000000 0.000000
 0.000000 0.000000 0.000000 0.000000
 0.000000 0.000000 0.000000 0.000000
 0.000000 0.000000 0.000000 0.000000
 0.000000 0.000000 0.000000 0.000000
 0.000000 0.000000 0.000000 0.000000
 0.000000 0.000000 0.000000 0.000000
 0.000000 0.000000 0.000000 0.000000
 0.000000 0.000000 0.000000 0.000000
 0.000000 0.000000 0.000000 0.000000
 0.000000 0.000000 0.000000 0.000000
 0.000000 0.000000 0.000000 0.000000
 0.000000 0.000000 0.000000 0.000000
 0.000000 0.000000 0.000000 0.000000
 0.000000 0.000000 0.000000 0.000000
 0.000000 0.000000 0.000000 0.000000
 0.000000 0.000000 0.000000 0.000000
 0.000000 0.000000 0.000000 0.000000
 0.000000 0.000000 0.000000 0.000000
 0.000000 0.000000 0.000000 0.000000
 0.000000 0.000000 0.000000 0.000000
 0.000000 0.000000 0.000000 0.000000
 0.000000 0.000000 0.000000 0.000000
 0.000000 0.000000 0.000000 0.000000
 0.000000 0.000000 0.000000 0.000000
 0.000000 0.000000 0.000000 0.000000
 0.000000 0.000000 0.000000 0.000000
 0.000000 0.000000 0.000000 0.000000
 0.000000 0.000000 0.000000 0.000000
 0.000000 0.000000 0.000000 0.000000
 0.000000 0.000000 0.000000 0.000000
 0.000000 0.000000 0.000000 0.000000
 0.000000 0.000000 0.000000 0.000000
 0.000000 0.000000 0.000000 0.000000
 0.000000 0.000000 0.000000 0.000000
 0.000000 0.000000 0.000000 0.000000
 0.000000 0.000000 0.000000 0.000000
 0.000000 0.000000 0.000000 0.000000
 0.000000 0.000000 0.000000 0.000000
 0.000000 0.000000 0.000000 0.000000
 0.000000 0.000000 0.000000 0.000000
 0.000000 0.000000 0.000000 0.000000
 0.000000 0.000000 0.000000 0.000000
 0.000000 0.000000 0.000000 0.000000
 0.000000 0.000000 0.000000 0.000000
 0.000000 0.000000 0.000000 0.000000
 0.000000 0.000000 0.000000 0.000000
 0.000000 0.000000 0.000000 0.000000
 0.000000 0.000000 0.000000 0.000000
 0.000000 0.000000 0.000000 0.000000
 0.000000 0.000000 0.000000 0.000000
 0.000000 0.000000 0.000000 0.000000
 0.000000 0.000000 0.000000 0.000000
 0.000000 0.000000 0.000000 0.000000
 0.000000 0.000000 0.000000 0.000000
 0.000000 0.000000 0.000000 0.000000
 0.000000 0.000000 0.000000 0.000000
 0.000000 0.000000 0.000000 0.000000
 0.000000 0.000000 0.000000 0.000000
 0.000000 0.000000 0.000000 0.000000
 0.000000 0.000000 0.000000 0.000000
 0.000000 0.000000 0.000000 0.000000
 0.000000 0.000000 0.000000 0.000000
 0.000000 0.000000 0.000000 0.000000
 0.000000 0.000000 0.000000 0.000000
 0.000000 0.000000 0.000000 0.000000
 0.000000 0.000000 0.000000 0.000000
 0.000000 0.000000 0.000000 0.000000
 0.000000 0.000000 0.000000 0.000000
 0.000000 0.000000 0.000000 0.000000
 0.000000 0.000000 0.000000 0.000000
 0.000000 0.000000 0.000000 0.000000
 0.000000 0.000000 0.000000 0.000000
 0.000000 0.000000 0.000000 0.000000
 0.000000 0.000000 0.000000 0.000000
 0.000000 0.000000 0.000000 0.000000
 0.000000 0.000000 0.000000 0.000000
 0.000000 0.000000 0.000000 0.000000
 0.000000 0.000000 0.000000 0.000000
 0.000000 0.000000 0.000000 0.000000
 0.000000 0.000000 0.000000 0.000000
 0.000000 0.000000 0.000000 0.000000
 0.000000 0.000000 0.000000 0.000000
 0.000000 0.000000 0.000000 0.000000
 0.000000 0.000000 0.000000 0.000000
 0.000000 0.000000 0.000000 0.000000
 0.000000 0.000000 0.000000 0.000000
 0.000000 0.000000 0.000000 0.000000
 0.000000 0.000000 0.000000 0.000000
 0.000000 0.000000 0.000000 0.000000
 0.000000 0.000000 0.000000 0.000000
 0.000000 0.000000 0.000000 0.000000
 0.000000 0.000000 0.000000 0.000000
 0.000000 0.000000 0.000000 0.000000
 0.000000 0.000000 0.000000 0.000000
 0.000000 0.000000 0.000000 0.000000
 0.000000 0.000000 0.000000 0.000000
 0.000000 0.000000 0.000000 0.000000
 0.000000 0.000000 0.000000 0.000000
 0.000000 0.000000 0.000000 0.000000
 0.000000 0.000000 0.000000 0.000000
 0.000000 0.000000 0.000000 0.000000
 0.000000 0.000000 0.000000 0.000000
 0.000000 0.000000 0.000000 0.000000
 0.000000 0.000000 0.000000 0.000000
 0.000000 0.000000 0.000000 0.000000
 0.000000 0.000000 0.000000 0.000000
 0.000000 0.000000 0.000000 0.000000
 0.000000 0.000000 0.000000 0.000000
 0.000000 0.000000 0.000000 0.000000
 0.000000 0.000000 0.000000 0.000000
 0.000000 0.000000 0.000000 0.000000
 0.000000 0.000000 0.000000 0.000000
 0.000000 0.000000 0.000000 0.000000
 0.000000 0.000000 0.000000 0.000000
 0.000000 0.000000 0.000000 0.000000
 0.000000 0.000000 0.000000 0.000000
 0.000000 0.000000 0.000000 0.000000
 0.000000 0.000000 0.000000 0.000000
 0.000000 0.000000 0.000000 0.000000
 0.000000 0.000000 0.000000 0.000000
 0.000000 0.000000 0.000000 0.000000
 0.000000 0.000000 0.000000 0.000000
 0.000000 0.000000 0.000000 0.000000
 0.000000 0.000000 0.000000 0.000000
 0.000000 0.000000 0.000000 0.000000
 0.000000 0.000000 0.000000 0.000000
 0.000000 0.000000 0.000000 0.000000
 0.000000 0.000000 0.000000 0.000000
 0.000000 0.000000 0.000000 0.000000
 0.000000 0.000000 0.000000 0.000000
 0.000000 0.000000 0.000000 0.000000
 0.000000 0.000000 0.000000 0.000000
 0.000000 0.000000 0.000000 0.000000
 0.000000 0.000000 0.000000 0.000000
 0.000000 0.000000 0.000000 0.000000
 0.000000 0.000000 0.000000 0.000000
 0.000000 0.000000 0.000000 0.000000
 0.000000 0.000000 0.000000 0.000000
 0.000000 0.000000 0.000000 0.000000
 0.000000 0.000000 0.000000 0.000000
 0.000000 0.000000 0.000000 0.000000
 0.000000 0.000000 0.000000 0.000000
 0.000000 0.000000 0.000000 0.000000
 0.000000 0.000000 0.000000 0.000000
 0.000000 0.000000 0.000000 0.000000
 0.000000 0.000000 0.000000 0.000000
 0.000000 0.000000 0.000000 0.000000
 0.000000 0.000000 0.000000 0.000000
 0.000000 0.000000 0.000000 0.000000
 0.000000 0.000000 0.000000 0.000000
 0.000000 0.000000 0.000000 0.000000
 0.000000 0.000000 0.000000 0.000000
 0.000000 0.000000 0.000000 0.000000
 0.000000 0.000000 0.000000 0.000000
 0.000000 0.000000 0.000000 0.000000
 0.000000 0.000000 0.000000 0.000000
 0.000000 0.000000 0.000000 0.000000
 0.000000 0.000000 0.000000 0.000000
 0.000000 0.000000 0.000000 0.000000
 0.000000 0.000000 0.000000 0.000000
 0.000000 0.000000 0.000000 0.000000
 0.000000 0.000000 0.000000 0.000000
 0.000000 0.000000 0.000000 0.000000
 0.000000 0.000000 0.000000 0.000000
 0.000000 0.000000 0.000000 0.000000
 0.000000 0.000000 0.000000 0.000000
 0.000000 0.000000 0.000000 0.000000
 0.000000 0.000000 0.000000 0.000000
 0.000000 0.000000 0.000000 0.000000
 0.000000 0.000000 0.000000 0.000000
 0.000000 0.000000 0.000000 0.000000
 0.000000 0.000000 0.000000 0.000000
 0.000000 0.000000 0.000000 0.000000
 0.000000 0.000000 0.000000 0.000000
 0.000000 0.000000 0.000000 0.000000
 0.000000 0.000000 0.000000 0.000000
 0.000000 0.000000 0.000000 0.000000
 0.000000 0.000000 0.000000 0.000000
 0.000000 0.000000 0.000000 0.000000
 0.000000 0.000000 0.000000 0.000000
 0.000000 0.000000 0.000000 0.000000
 0.000000 0.000000 0.000000 0.000000
 0.000000 0.000000 0.000000 0.000000
 0.000000 0.000000 0.000000 0.000000
 0.000000 0.000000 0.000000 0.000000
 0.000000 0.000000 0.000000 0.000000
 0.000000 0.000000 0.000000 0.000000
 0.000000 0.000000 0.000000 0.000000
 0.000000 0.000000 0.000000 0.000000
 0.000000 0.000000 0.000000 0.000000
 0.000000 0.000000 0.000000 0.000000
 0.000000 0.000000 0.000000 0.000000
 0.000000 0.000000 0.000000 0.000000
 0.000000 0.000000 0.000000 0.000000
 0.000000 0.000000 0.000000 0.000000
 0.000000 0.000000 0.000000 0.000000
 0.000000 0.000000 0.000000 0.000000
 0.000000 0.000000 0.000000 0.000000
 0.000000 0.000000 0.000000 0.000000
 0.000000 0.000000 0.000000 0.000000
 0.000000 0.000000 0.000000 0.000000
 0.000000 0.000000 0.000000 0.000000
 0.000000 0.000000 0.000000 0.000000
 0.000000 0.000000 0.000000 0.000000
 0.000000 0.000000 0.000000 0.000000
 0.000000 0.000000 0.000000 0.000000
 0.000000 0.000000 0.000000 0.000000
 0.000000 0.000000 0.000000 0.000000
 0.000000 0.000000 0.000000 0.000000
 0.000000 0.000000 0.000000 0.000000
 0.000000 0.000000 0.000000 0.000000
 0.000000 0.000000 0.000000 0.000000
 0.000000 0.000000 0.000000 0.000000
 0.000000 0.000000 0.000000 0.000000
 0.000000 0.000000 0.000000 0.000000
 0.000000 0.000000 0.000000 0.000000
 0.000000 0.000000 0.000000 0.000000
 0.000000 0.000000 0.000000 0.000000
 0.000000 0.000000 0.000000 0.000000
 0.000000 0.000000 0.000000 0.000000
 0.000000 0.000000 0.000000 0.000000
 0.000000 0.000000 0.000000 0.000000
 0.000000 0.000000 0.000000 0.000000
 0.000000 0.000000 0.000000 0.000000
 0.000000 0.000000 0.000000 0.000000
 0.000000 0.000000 0.000000 0.000000
 0.000000 0.000000 0.000000 0.000000
 0.000000 0.000000 0.000000 0.000000
 0.000000 0.000000 0.000000 0.000000
 0.000000 0.000000 0.000000 0.000000
 0.000000 0.000000 0.000000 0.000000
 0.000000 0.000000 0.000000 0.000000
 0.000000 0.000000 0.000000 0.000000
 0.000000 0.000000 0.000000 0.000000
 0.000000 0.000000 0.000000 0.000000
 0.000000 0.000000 0.000000 0.000000
 0.000000 0.000000 0.000000 0.000000
 0.000000 0.000000 0.000000 0.000000
 0.000000 0.000000 0.000000 0.000000
 0.000000 0.000000 0.000000 0.000000
 0.000000 0.000000 0.000000 0.000000
 0.000000 0.000000 0.000000 0.000000
 0.000000 0.000000 0.000000 0.000000
 0.000000 0.000000 0.000000 0.000000
 0.000000 0.000000 0.000000 0.000000
 0.000000 0.000000 0.000000 0.000000
 0.000000 0.000000 0.000000 0.000000
 0.000000 0.000000 0.000000 0.000000
 0.000000 0.000000 0.000000 0.000000
 0.000000 0.000000 0.000000 0.000000
 0.000000 0.000000 0.000000 0.000000
 0.000000 0.000000 0.000000 0.000000
 0.000000 0.000000 0.000000 0.000000
 0.000000 0.000000 0.000000 0.000000
 0.000000 0.000000 0.000000 0.000000
 0.000000 0.000000 0.000000 0.000000
 0.000000 0.000000 0.000000 0.000000
 0.000000 0.000000 0.000000 0.000000
 0.000000 0.000000 0.000000 0.000000
 0.000000 0.000000 0.000000 0.000000
 0.000000 0.000000 0.000000 0.000000
 0.000000 0.000000 0.000000 0.000000
 0.000000 0.000000 0.000000 0.000000
 0.000000 0.000000 0.000000 0.000000
 0.000000 0.000000 0.000000 0.000000
 0.000000 0.000000 0.000000 0.000000
 0.000000 0.000000 0.000000 0.000000
 0.000000 0.000000 0.000000 0.000000
 0.000000 0.000000 0.000000 0.000000
 0.000000 0.000000 0.000000 0.000000
 0.000000 0.000000 0.000000 0.000000
 0.000000 0.000000 0.000000 0.000000
 0.000000 0.000000 0.000000 0.000000
 0.000000 0.000000 0.000000 0.000000
 0.000000 0.000000 0.000000 0.000000
 0.000000 0.000000 0.000000 0.000000
 0.000000 0.000000 0.000000 0.000000
 0.000000 0.000000 0.000000 0.000000
 0.000000 0.000000 0.000000 0.000000
 0.000000 0.000000 0.000000 0.000000
 0.000000 0.000000 0.000000 0.000000
 0.000000 0.000000 0.000000 0.000000
 0.000000 0.000000 0.000000 0.000000
 0.000000 0.000000 0.000000 0.000000
 0.000000 0.000000 0.000000 0.000000
 0.000000 0.000000 0.000000 0.000000
 0.000000 0.000000 0.000000 0.000000
 0.000000 0.000000 0.000000 0.000000
 0.000000 0.000000 0.000000 0.000000
 0.000000 0.000000 0.000000 0.000000
 0.000000 0.000000 0.000000 0.000000
 0.000000 0.000000 0.000000 0.000000
 0.000000 0.000000 0.000000 0.000000
 0.000000 0.000000 0.000000 0.000000
 0.000000 0.000000 0.000000 0.000000
 0.000000 0.000000 0.000000 0.000000
 0.000000 0.000000 0.000000 0.000000
 0.000000 0.000000 0.000000 0.000000
 0.000000 0.000000 0.000000 0.000000
 0.000000 0.000000 0.000000 0.000000
 0.000000 0.000000 0.000000 0.000000
 0.000000 0.000000 0.000000 0.000000
 0.000000 0.000000 0.000000 0.000000
 0.000000 0.000000 0.000000 0.000000
 0.000000 0.000000 0.000000 0.000000
 0.000000 0.000000 0.000000 0.000000
 0.000000 0.000000 0.000000 0.000000
 0.000000 0.000000 0.000000 0.000000
 0.000000 0.000000 0.000000 0.000000
 0.000000 0.000000 0.000000 0.000000
 0.000000 0.000000 0.000000 0.000000
 0.000000 0.000000 0.000000 0.000000
 0.000000 0.000000 0.000000 0.000000
 0.000000 0.000000 0.000000 0.000000
 0.000000 0.000000 0.000000 0.000000
 0.000000 0.000000 0.000000 0.000000
 0.000000 0.000000 0.000000 0.000000
 0.000000 0.000000 0.000000 0.000000
 0.000000 0.000000 0.000000 0.000000
 0.000000 0.000000 0.000000 0.000000
 0.000000 0.000000 0.000000 0.000000
 0.000000 0.000000 0.000000 0.000000
 0.000000 0.000000 0.000000 0.000000
 0.000000 0.000000 0.000000 0.000000
 0.000000 0.000000 0.000000 0.000000
 0.000000 0.000000 0.000000 0.000000
 0.000000 0.000000 0.000000 0.000000
 0.000000 0.000000 0.000000 0.000000
 0.000000 0.000000 0.000000 0.000000
 0.000000 0.000000 0.000000 0.000000
 0.000000 0.000000 0.000000 0.000000
 0.000000 0.000000 0.000000 0.000000
 0.000000 0.000000 0.000000 0.000000
 0.000000 0.000000 0.000000 0.000000
 0.000000 0.000000 0.000000 0.000000
 0.000000 0.000000 0.000000 0.000000
 0.000000 0.000000 0.000000 0.000000
 0.000000 0.000000 0.000000 0.000000
 0.000000 0.000000 0.000000 0.000000
 0.000000 0.000000 0.000000 0.000000
 0.000000 0.000000 0.000000 0.000000
 0.000000 0.000000 0.000000 0.000000
 0.000000 0.000000 0.000000 0.000000
 0.000000 0.000000 0.000000 0.000000
 0.000000 0.000000 0.000000 0.000000
 0.000000 0.000000 0.000000 0.000000
 0.000000 0.000000 0.000000 0.000000
 0.000000 0.000000 0.000000 0.000000
 0.000000 0.000000 0.000000 0.000000
 0.000000 0.000000 0.000000 0.000000
 0.000000 0.000000 0.000000 0.000000
 0.000000 0.000000 0.000000 0.000000
 0.000000 0.000000 0.000000 0.000000
 0.000000 0.000000 0.000000 0.000000
 
@I [SIM-1000] *** C/RTL co-simulation finished: PASS ***
