#-----------------------------------------------------------
# xsim v2015.4.1 (64-bit)
# SW Build 1431336 on Fri Dec 11 14:52:45 MST 2015
# IP Build 1427053 on Mon Dec  7 12:56:29 MST 2015
# Start of session at: Sun Jan 10 01:51:01 2016
# Process ID: 35932
# Current directory: D:/3DTV/Hardware/FPGA/PyramidCon/solution1/sim/verilog
# Command line: xsim.exe -mode tcl -source {xsim.dir/pyrconstuct_top/xsim_script.tcl}
# Log file: D:/3DTV/Hardware/FPGA/PyramidCon/solution1/sim/verilog/xsim.log
# Journal file: D:/3DTV/Hardware/FPGA/PyramidCon/solution1/sim/verilog\xsim.jou
#-----------------------------------------------------------
source xsim.dir/pyrconstuct_top/xsim_script.tcl
# xsim {pyrconstuct_top} -maxdeltaid 10000 -autoloadwcfg -tclbatch {pyrconstuct_top.tcl}
Vivado Simulator 2015.4
Time resolution is 1 ps
source pyrconstuct_top.tcl
## log_wave /
WARNING: [Simtcl 6-142] log_wave skipped an HDL object or scope because of this problem: WARNING: Simulation object /apatb_pyrconstuct_top_top/next_trigger_ready_cnt was not traceable in the design for the following reason:
Vivado Simulator does not yet support tracing of Verilog named events.

## run all
$finish called at time : 44715 ns : File "D:/3DTV/Hardware/FPGA/PyramidCon/solution1/sim/verilog/pyrconstuct_top.autotb.v" Line 357
run: Time (s): cpu = 00:00:00 ; elapsed = 00:00:21 . Memory (MB): peak = 59.008 ; gain = 0.000
## quit
INFO: [Common 17-206] Exiting xsim at Sun Jan 10 01:51:29 2016...
