

================================================================
== Vivado HLS Report for 'pyrconstuct_top'
================================================================
* Date:           Mon Feb 08 23:46:33 2016

* Version:        2015.4 (Build 1412921 on Wed Nov 18 09:58:55 AM 2015)
* Project:        PyramidCon_x
* Solution:       solution2
* Product family: zynq
* Target device:  xc7z020clg484-1


================================================================
== Performance Estimates
================================================================
+ Timing (ns): 
    * Summary: 
    +--------+-------+----------+------------+
    |  Clock | Target| Estimated| Uncertainty|
    +--------+-------+----------+------------+
    |ap_clk  |   5.00|      6.80|        0.63|
    +--------+-------+----------+------------+

+ Latency (clock cycles): 
    * Summary: 
    +------+------+------+------+----------+
    |   Latency   |   Interval  | Pipeline |
    |  min |  max |  min |  max |   Type   |
    +------+------+------+------+----------+
    |  2042|  2042|  1654|  1654| dataflow |
    +------+------+------+------+----------+

    + Detail: 
        * Instance: 
        +-----------------------------------------------------+---------------------------------------+------+------+------+------+---------+
        |                                                     |                                       |   Latency   |   Interval  | Pipeline|
        |                       Instance                      |                 Module                |  min |  max |  min |  max |   Type  |
        +-----------------------------------------------------+---------------------------------------+------+------+------+------+---------+
        |stg_28_pyrconstuct_top_Block_codeRepl26_proc_fu_168  |pyrconstuct_top_Block_codeRepl26_proc  |     0|     0|     0|     0|   none  |
        |grp_pyrconstuct_top_Loop_1_proc_fu_161               |pyrconstuct_top_Loop_1_proc            |   513|   513|   513|   513|   none  |
        |grp_fft_config1_s_fu_178                             |fft_config1_s                          |  1653|  1653|  1653|  1653|   none  |
        |grp_pyrconstuct_top_Loop_2_proc_fu_154               |pyrconstuct_top_Loop_2_proc            |   513|   513|   513|   513|   none  |
        |grp_pyrconstuct_top_Loop_3_proc_fu_128               |pyrconstuct_top_Loop_3_proc            |  1527|  1527|  1527|  1527|   none  |
        |grp_pyrconstuct_top_Loop_4_proc_fu_147               |pyrconstuct_top_Loop_4_proc            |   514|   514|   514|   514|   none  |
        |stg_38_pyrconstuct_top_Block_proc_fu_173             |pyrconstuct_top_Block_proc             |     0|     0|     0|     0|   none  |
        |grp_fft_config2_s_fu_186                             |fft_config2_s                          |  1653|  1653|  1653|  1653|   none  |
        |grp_pyrconstuct_top_Loop_5_proc_fu_140               |pyrconstuct_top_Loop_5_proc            |   514|   514|   514|   514|   none  |
        +-----------------------------------------------------+---------------------------------------+------+------+------+------+---------+

        * Loop: 
        N/A



================================================================
== Utilization Estimates
================================================================
* Summary: 
+-----------------+---------+-------+--------+-------+
|       Name      | BRAM_18K| DSP48E|   FF   |  LUT  |
+-----------------+---------+-------+--------+-------+
|DSP              |        -|      -|       -|      -|
|Expression       |        -|      -|       0|      1|
|FIFO             |       16|      -|     416|    622|
|Instance         |        7|     26|   13961|  11336|
|Memory           |        4|      -|       0|      0|
|Multiplexer      |        -|      -|       -|      4|
|Register         |        -|      -|      17|      -|
+-----------------+---------+-------+--------+-------+
|Total            |       27|     26|   14394|  11963|
+-----------------+---------+-------+--------+-------+
|Available        |      280|    220|  106400|  53200|
+-----------------+---------+-------+--------+-------+
|Utilization (%)  |        9|     11|      13|     22|
+-----------------+---------+-------+--------+-------+

+ Detail: 
    * Instance: 
    +------------------------------------------+---------------------------------------+---------+-------+------+------+
    |                 Instance                 |                 Module                | BRAM_18K| DSP48E|  FF  |  LUT |
    +------------------------------------------+---------------------------------------+---------+-------+------+------+
    |fft_config1_U0                            |fft_config1_s                          |        3|     12|  5803|  4642|
    |fft_config2_U0                            |fft_config2_s                          |        3|     12|  7903|  6262|
    |pyrconstuct_top_Block_codeRepl26_proc_U0  |pyrconstuct_top_Block_codeRepl26_proc  |        0|      0|     2|     1|
    |pyrconstuct_top_Block_proc_U0             |pyrconstuct_top_Block_proc             |        0|      0|     2|     1|
    |pyrconstuct_top_Loop_1_proc_U0            |pyrconstuct_top_Loop_1_proc            |        0|      0|    13|    27|
    |pyrconstuct_top_Loop_2_proc_U0            |pyrconstuct_top_Loop_2_proc            |        0|      0|    13|    27|
    |pyrconstuct_top_Loop_3_proc_U0            |pyrconstuct_top_Loop_3_proc            |        1|      2|   190|   289|
    |pyrconstuct_top_Loop_4_proc_U0            |pyrconstuct_top_Loop_4_proc            |        0|      0|    17|    27|
    |pyrconstuct_top_Loop_5_proc_U0            |pyrconstuct_top_Loop_5_proc            |        0|      0|    18|    60|
    +------------------------------------------+---------------------------------------+---------+-------+------+------+
    |Total                                     |                                       |        7|     26| 13961| 11336|
    +------------------------------------------+---------------------------------------+---------+-------+------+------+

    * DSP48: 
    N/A

    * Memory: 
    +------------------------------+--------------------------------------------+---------+---+----+------+-----+------+-------------+
    |            Memory            |                   Module                   | BRAM_18K| FF| LUT| Words| Bits| Banks| W*Bits*Banks|
    +------------------------------+--------------------------------------------+---------+---+----+------+-----+------+-------------+
    |imgOutTmpBlockRam_M_real_V_U  |pyrconstuct_top_imgOutTmpBlockRam_M_real_V  |        2|  0|   0|   512|   24|     2|        24576|
    |imgOutTmpBlockRam_M_imag_V_U  |pyrconstuct_top_imgOutTmpBlockRam_M_real_V  |        2|  0|   0|   512|   24|     2|        24576|
    +------------------------------+--------------------------------------------+---------+---+----+------+-----+------+-------------+
    |Total                         |                                            |        4|  0|   0|  1024|   48|     4|        49152|
    +------------------------------+--------------------------------------------+---------+---+----+------+-----+------+-------------+

    * FIFO: 
    +------------------------------+---------+----+-----+------+-----+---------+
    |             Name             | BRAM_18K| FF | LUT | Depth| Bits| Size:D*B|
    +------------------------------+---------+----+-----+------+-----+---------+
    |fftPyrOut_M_imag_V_U          |        3|  63|  117|  1520|   24|    36480|
    |fftPyrOut_M_real_V_U          |        3|  63|  117|  1520|   24|    36480|
    |fft_config2_data_V_U          |        0|   5|   28|     1|   16|       16|
    |fft_config_data_V_channel_U   |        0|   5|   20|     1|    8|        8|
    |ifftPyrOut_channel_U          |        3|  78|   91|   512|   48|    24576|
    |imgInTmp2_channel_U           |        2|  62|   79|   512|   32|    16384|
    |imgInTmp_channel_U            |        2|  62|   79|   512|   32|    16384|
    |imgOutTmpFFTStream_channel_U  |        3|  78|   91|   512|   48|    24576|
    +------------------------------+---------+----+-----+------+-----+---------+
    |Total                         |       16| 416|  622|  5090|  232|   154904|
    +------------------------------+---------+----+-----+------+-----+---------+

    * Expression: 
    +-----------------------------------------+----------+-------+---+----+------------+------------+
    |              Variable Name              | Operation| DSP48E| FF| LUT| Bitwidth P0| Bitwidth P1|
    +-----------------------------------------+----------+-------+---+----+------------+------------+
    |pyrconstuct_top_Loop_3_proc_U0_ap_start  |    and   |      0|  0|   1|           1|           1|
    +-----------------------------------------+----------+-------+---+----+------------+------------+
    |Total                                    |          |      0|  0|   1|           1|           1|
    +-----------------------------------------+----------+-------+---+----+------------+------------+

    * Multiplexer: 
    +------------------------------------------------------------------------------------+----+-----------+-----+-----------+
    |                                        Name                                        | LUT| Input Size| Bits| Total Bits|
    +------------------------------------------------------------------------------------+----+-----------+-----+-----------+
    |ap_chn_write_pyrconstuct_top_Loop_2_proc_U0_imgOutTmpBlockRam_M_imag_V              |   1|          2|    1|          2|
    |ap_chn_write_pyrconstuct_top_Loop_2_proc_U0_imgOutTmpBlockRam_M_real_V              |   1|          2|    1|          2|
    |ap_sig_ready_pyrconstuct_top_Loop_2_proc_U0_imgOutTmpBlockRam_M_imag_V_pipo_status  |   1|          2|    1|          2|
    |ap_sig_ready_pyrconstuct_top_Loop_2_proc_U0_imgOutTmpBlockRam_M_real_V_pipo_status  |   1|          2|    1|          2|
    +------------------------------------------------------------------------------------+----+-----------+-----+-----------+
    |Total                                                                               |   4|          8|    4|          8|
    +------------------------------------------------------------------------------------+----+-----------+-----+-----------+

    * Register: 
    +------------------------------------------------------------------------------------+---+----+-----+-----------+
    |                                        Name                                        | FF| LUT| Bits| Const Bits|
    +------------------------------------------------------------------------------------+---+----+-----+-----------+
    |ap_CS                                                                               |  1|   0|    1|          0|
    |ap_reg_procdone_fft_config1_U0                                                      |  1|   0|    1|          0|
    |ap_reg_procdone_fft_config2_U0                                                      |  1|   0|    1|          0|
    |ap_reg_procdone_pyrconstuct_top_Block_codeRepl26_proc_U0                            |  1|   0|    1|          0|
    |ap_reg_procdone_pyrconstuct_top_Block_proc_U0                                       |  1|   0|    1|          0|
    |ap_reg_procdone_pyrconstuct_top_Loop_1_proc_U0                                      |  1|   0|    1|          0|
    |ap_reg_procdone_pyrconstuct_top_Loop_2_proc_U0                                      |  1|   0|    1|          0|
    |ap_reg_procdone_pyrconstuct_top_Loop_3_proc_U0                                      |  1|   0|    1|          0|
    |ap_reg_procdone_pyrconstuct_top_Loop_4_proc_U0                                      |  1|   0|    1|          0|
    |ap_reg_procdone_pyrconstuct_top_Loop_5_proc_U0                                      |  1|   0|    1|          0|
    |ap_reg_ready_pyrconstuct_top_Loop_2_proc_U0_imgOutTmpBlockRam_M_imag_V_pipo_status  |  1|   0|    1|          0|
    |ap_reg_ready_pyrconstuct_top_Loop_2_proc_U0_imgOutTmpBlockRam_M_real_V_pipo_status  |  1|   0|    1|          0|
    |fft_config1_U0_ap_start                                                             |  1|   0|    1|          0|
    |fft_config2_U0_ap_start                                                             |  1|   0|    1|          0|
    |pyrconstuct_top_Loop_2_proc_U0_ap_start                                             |  1|   0|    1|          0|
    |pyrconstuct_top_Loop_4_proc_U0_ap_start                                             |  1|   0|    1|          0|
    |pyrconstuct_top_Loop_5_proc_U0_ap_start                                             |  1|   0|    1|          0|
    +------------------------------------------------------------------------------------+---+----+-----+-----------+
    |Total                                                                               | 17|   0|   17|          0|
    +------------------------------------------------------------------------------------+---+----+-----+-----------+



================================================================
== Interface
================================================================
* Summary: 
+--------------------+-----+-----+------------+-----------------+--------------+
|      RTL Ports     | Dir | Bits|  Protocol  |  Source Object  |    C Type    |
+--------------------+-----+-----+------------+-----------------+--------------+
|ap_clk              |  in |    1| ap_ctrl_hs | pyrconstuct_top | return value |
|ap_rst_n            |  in |    1| ap_ctrl_hs | pyrconstuct_top | return value |
|ap_start            |  in |    1| ap_ctrl_hs | pyrconstuct_top | return value |
|ap_done             | out |    1| ap_ctrl_hs | pyrconstuct_top | return value |
|ap_idle             | out |    1| ap_ctrl_hs | pyrconstuct_top | return value |
|ap_ready            | out |    1| ap_ctrl_hs | pyrconstuct_top | return value |
|imgIn_TDATA         |  in |   32|    axis    |      imgIn      |    pointer   |
|imgIn_TVALID        |  in |    1|    axis    |      imgIn      |    pointer   |
|imgIn_TREADY        | out |    1|    axis    |      imgIn      |    pointer   |
|pyrFilOut_V_TDATA   | out |   40|    axis    |   pyrFilOut_V   |    pointer   |
|pyrFilOut_V_TVALID  | out |    1|    axis    |   pyrFilOut_V   |    pointer   |
|pyrFilOut_V_TREADY  |  in |    1|    axis    |   pyrFilOut_V   |    pointer   |
|nL                  |  in |   32|   ap_none  |        nL       |    scalar    |
+--------------------+-----+-----+------------+-----------------+--------------+

