@I [HLS-0] Workspace C:/Users/Peachy/Desktop/SeniorProj/PyramidCon_x/solution2 opened at Fri Feb 12 17:08:59 +0700 2016
@I [HLS-100] Command "config_clock -quiet -name default -period 5 -default=false "
@I [SYN-201] Setting up clock 'default' with a period of 5ns.
@I [HLS-100] Command 'config_clock' returned 0; elapsed 0Total elapsed time: 0.501 sec.
@I [HLS-100] Command "open_platform DefaultPlatform "
@I [HLS-100] Command 'open_platform' returned 0; elapsed 0Total elapsed time: 0.501 sec.
@I [HLS-100] Command "import_lib C:/Xilinx/Vivado_HLS/2015.4/common/technology/xilinx/zynq/zynq "
@I [HLS-100] Command "source C:/Xilinx/Vivado_HLS/2015.4/common/technology/xilinx/common/xilinx.lib "
@I [HLS-100] Command "source C:/Xilinx/Vivado_HLS/2015.4/common/technology/xilinx/interface/xilinx_interface.lib "
@I [HLS-100] Command "source C:/Xilinx/Vivado_HLS/2015.4/common/technology/xilinx/interface/plb46.lib "
@I [HLS-100] Command 'ap_source' returned 0; elapsed 0Total elapsed time: 0.501 sec.
@I [HLS-100] Command "source C:/Xilinx/Vivado_HLS/2015.4/common/technology/xilinx/interface/fsl.lib "
@I [HLS-100] Command 'ap_source' returned 0; elapsed 0Total elapsed time: 0.501 sec.
@I [HLS-100] Command "source C:/Xilinx/Vivado_HLS/2015.4/common/technology/xilinx/interface/axi4.lib "
@I [HLS-100] Command 'ap_source' returned 0; elapsed 0Total elapsed time: 0.501 sec.
@I [HLS-100] Command "source C:/Xilinx/Vivado_HLS/2015.4/common/technology/xilinx/interface/maxi.lib "
@I [HLS-100] Command 'ap_source' returned 0; elapsed 0Total elapsed time: 0.501 sec.
@I [HLS-100] Command "source C:/Xilinx/Vivado_HLS/2015.4/common/technology/xilinx/interface/saxilite.lib "
@I [HLS-100] Command 'ap_source' returned 0; elapsed 0Total elapsed time: 0.501 sec.
@I [HLS-100] Command 'ap_source' returned 0; elapsed 0Total elapsed time: 0.501 sec.
@I [HLS-100] Command "source C:/Xilinx/Vivado_HLS/2015.4/common/technology/xilinx/common/dsp48.lib "
@I [HLS-100] Command 'ap_source' returned 0; elapsed 0Total elapsed time: 0.501 sec.
@I [HLS-100] Command "source C:/Xilinx/Vivado_HLS/2015.4/common/technology/xilinx/ip/dds_compiler.lib "
@I [HLS-100] Command 'ap_source' returned 0; elapsed 0Total elapsed time: 0.501 sec.
@I [HLS-100] Command "source C:/Xilinx/Vivado_HLS/2015.4/common/technology/xilinx/ip/xfft.lib "
@I [HLS-100] Command 'ap_source' returned 0; elapsed 0Total elapsed time: 0.501 sec.
@I [HLS-100] Command "source C:/Xilinx/Vivado_HLS/2015.4/common/technology/xilinx/ip/xfir.lib "
@I [HLS-100] Command 'ap_source' returned 0; elapsed 0Total elapsed time: 0.501 sec.
@I [HLS-100] Command 'ap_source' returned 0; elapsed 0Total elapsed time: 0.501 sec.
@I [HLS-100] Command "source C:/Xilinx/Vivado_HLS/2015.4/common/technology/xilinx/common/xilinx_old.lib "
@I [HLS-100] Command 'ap_source' returned 0; elapsed 0Total elapsed time: 0.501 sec.
@I [HLS-100] Command "source C:/Xilinx/Vivado_HLS/2015.4/common/technology/xilinx/common/xilinx_vivado.lib "
@I [HLS-100] Command 'ap_source' returned 0; elapsed 0Total elapsed time: 0.501 sec.
@I [HLS-100] Command "source C:/Xilinx/Vivado_HLS/2015.4/common/technology/xilinx/common/xilinx.hlp "
@I [HLS-100] Command "source C:/Xilinx/Vivado_HLS/2015.4/common/technology/xilinx/common/target_info.tcl "
@I [HLS-100] Command 'ap_source' returned 0; elapsed 0Total elapsed time: 0.516 sec.
@I [HLS-100] Command "source C:/Xilinx/Vivado_HLS/2015.4/common/technology/xilinx/interface/xilinx_interface.hlp "
@I [HLS-100] Command "source C:/Xilinx/Vivado_HLS/2015.4/common/technology/xilinx/interface/maxi.hlp "
@I [HLS-100] Command 'ap_source' returned 0; elapsed 0Total elapsed time: 0.516 sec.
@I [HLS-100] Command "source C:/Xilinx/Vivado_HLS/2015.4/common/technology/xilinx/interface/saxilite.hlp "
@I [HLS-100] Command 'ap_source' returned 0; elapsed 0Total elapsed time: 0.516 sec.
@I [HLS-100] Command 'ap_source' returned 0; elapsed 0Total elapsed time: 0.516 sec.
@I [HLS-100] Command "source C:/Xilinx/Vivado_HLS/2015.4/common/technology/xilinx/common/dsp48.hlp "
@I [HLS-100] Command 'ap_source' returned 0; elapsed 0Total elapsed time: 0.516 sec.
@I [HLS-100] Command 'ap_source' returned 0; elapsed 0.016Total elapsed time: 0.516 sec.
@I [HLS-100] Command "source C:/Xilinx/Vivado_HLS/2015.4/common/technology/xilinx/zynq/dsp48e1.hlp "
@I [HLS-100] Command 'ap_source' returned 0; elapsed 0Total elapsed time: 0.516 sec.
@I [HLS-100] Command "get_default_platform "
@I [HLS-100] Command 'get_default_platform' returned 0; elapsed 0Total elapsed time: 0.516 sec.
@I [HLS-100] Command "config_chip_info -quiet -resource  {SLICE 13300}  {LUT 53200}     {FF 106400} {DSP48E 220}   {BRAM 280}  "
@I [HLS-100] Command 'config_chip_info' returned 0; elapsed 0Total elapsed time: 0.516 sec.
@I [HLS-100] Command "config_chip_info -quiet -speed medium "
@I [HLS-100] Command 'config_chip_info' returned 0; elapsed 0Total elapsed time: 0.516 sec.
@I [HLS-100] Command 'import_lib' returned 0; elapsed 0.016Total elapsed time: 0.516 sec.
@I [HLS-100] Command "source C:/Xilinx/Vivado_HLS/2015.4/common/technology/xilinx/zynq/zynq.gen "
@I [HLS-100] Command "source C:/Xilinx/Vivado_HLS/2015.4/common/technology/xilinx/common/virtex.gen "
@I [HLS-100] Command "source C:/Xilinx/Vivado_HLS/2015.4/common/technology/xilinx/common/xilinx.gen "
@I [HLS-100] Command "source C:/Xilinx/Vivado_HLS/2015.4/common/technology/xilinx/interface/plb46.gen "
@I [HLS-100] Command 'ap_source' returned 0; elapsed 0Total elapsed time: 0.516 sec.
@I [HLS-100] Command "source C:/Xilinx/Vivado_HLS/2015.4/common/technology/xilinx/interface/fsl.gen "
@I [HLS-100] Command 'ap_source' returned 0; elapsed 0Total elapsed time: 0.516 sec.
@I [HLS-100] Command "source C:/Xilinx/Vivado_HLS/2015.4/common/technology/xilinx/interface/axi4.gen "
@I [HLS-100] Command 'ap_source' returned 0; elapsed 0Total elapsed time: 0.516 sec.
@I [HLS-100] Command "source C:/Xilinx/Vivado_HLS/2015.4/common/technology/xilinx/interface/nativeAXI4.gen "
@I [HLS-100] Command "source C:/Xilinx/Vivado_HLS/2015.4/common/technology/xilinx/interface/saxilite.gen "
@I [HLS-100] Command 'ap_source' returned 0; elapsed 0Total elapsed time: 0.516 sec.
@I [HLS-100] Command "source C:/Xilinx/Vivado_HLS/2015.4/common/technology/xilinx/interface/maxi.gen "
@I [HLS-100] Command 'ap_source' returned 0; elapsed 0.015Total elapsed time: 0.532 sec.
@I [HLS-100] Command 'ap_source' returned 0; elapsed 0.015Total elapsed time: 0.532 sec.
@I [HLS-100] Command "source C:/Xilinx/Vivado_HLS/2015.4/common/technology/xilinx/scripts/xilinxcoregen.gen "
@I [HLS-100] Command 'ap_source' returned 0; elapsed 0Total elapsed time: 0.532 sec.
@I [HLS-100] Command "source C:/Xilinx/Vivado_HLS/2015.4/common/technology/xilinx/interface/XilEDKCoreGen.gen "
@I [HLS-100] Command 'ap_source' returned 0; elapsed 0.016Total elapsed time: 0.547 sec.
@I [HLS-100] Command "source C:/Xilinx/Vivado_HLS/2015.4/common/technology/xilinx/ip/dds_compiler.gen "
@I [HLS-100] Command 'ap_source' returned 0; elapsed 0Total elapsed time: 0.547 sec.
@I [HLS-100] Command "source C:/Xilinx/Vivado_HLS/2015.4/common/technology/xilinx/ip/util.gen "
@I [HLS-100] Command 'ap_source' returned 0; elapsed 0Total elapsed time: 0.547 sec.
@I [HLS-100] Command "source C:/Xilinx/Vivado_HLS/2015.4/common/technology/xilinx/ip/xfft.gen "
@I [HLS-100] Command 'ap_source' returned 0; elapsed 0.078Total elapsed time: 0.626 sec.
@I [HLS-100] Command "source C:/Xilinx/Vivado_HLS/2015.4/common/technology/xilinx/ip/xfir.gen "
@I [HLS-100] Command "source C:/Xilinx/Vivado_HLS/2015.4/tps/tcl/tcllib1.11.1/struct/list.tcl "
@I [HLS-100] Command "source C:/Xilinx/Vivado_HLS/2015.4/tps/tcl/tcllib1.11.1/cmdline/cmdline.tcl "
@I [HLS-100] Command 'ap_source' returned 0; elapsed 0Total elapsed time: 0.641 sec.
@I [HLS-100] Command 'ap_source' returned 0; elapsed 0Total elapsed time: 0.641 sec.
@I [HLS-100] Command "source C:/Xilinx/Vivado_HLS/2015.4/tps/tcl/tcllib1.11.1/math/bignum.tcl "
@I [HLS-100] Command 'ap_source' returned 0; elapsed 0Total elapsed time: 0.641 sec.
@I [HLS-100] Command 'ap_source' returned 0; elapsed 0.033Total elapsed time: 0.659 sec.
@I [HLS-100] Command 'ap_source' returned 0; elapsed 0.142Total elapsed time: 0.659 sec.
@I [HLS-100] Command "source C:/Xilinx/Vivado_HLS/2015.4/common/technology/xilinx/common/dsp48.gen "
@I [HLS-100] Command 'ap_source' returned 0; elapsed 0Total elapsed time: 0.659 sec.
@I [HLS-100] Command 'ap_source' returned 0; elapsed 0.142Total elapsed time: 0.659 sec.
@I [HLS-100] Command 'ap_source' returned 0; elapsed 0.142Total elapsed time: 0.659 sec.
@I [HLS-100] Command "open_platform DefaultPlatform "
@I [HLS-100] Command 'open_platform' returned 0; elapsed 0Total elapsed time: 0.659 sec.
@I [HLS-100] Command "import_lib C:/Xilinx/Vivado_HLS/2015.4/common/technology/xilinx/zynq/zynq_fpv6 "
@I [HLS-100] Command "source C:/Xilinx/Vivado_HLS/2015.4/common/technology/xilinx/common/xilinx_fpv7.lib "
@I [HLS-100] Command "source C:/Xilinx/Vivado_HLS/2015.4/common/technology/xilinx/common/xilinx_hp.lib "
@I [HLS-100] Command 'ap_source' returned 0; elapsed 0Total elapsed time: 0.659 sec.
@I [HLS-100] Command 'ap_source' returned 0; elapsed 0Total elapsed time: 0.659 sec.
@I [HLS-100] Command "source C:/Xilinx/Vivado_HLS/2015.4/common/technology/xilinx/common/xilinx_fpv.hlp "
@I [HLS-100] Command "source C:/Xilinx/Vivado_HLS/2015.4/common/technology/xilinx/common/xilinx.hlp "
@I [HLS-100] Command "source C:/Xilinx/Vivado_HLS/2015.4/common/technology/xilinx/common/target_info.tcl "
@I [HLS-100] Command 'ap_source' returned 0; elapsed 0Total elapsed time: 0.659 sec.
@I [HLS-100] Command "source C:/Xilinx/Vivado_HLS/2015.4/common/technology/xilinx/interface/xilinx_interface.hlp "
@I [HLS-100] Command "source C:/Xilinx/Vivado_HLS/2015.4/common/technology/xilinx/interface/maxi.hlp "
@I [HLS-100] Command 'ap_source' returned 0; elapsed 0Total elapsed time: 0.659 sec.
@I [HLS-100] Command "source C:/Xilinx/Vivado_HLS/2015.4/common/technology/xilinx/interface/saxilite.hlp "
@I [HLS-100] Command 'ap_source' returned 0; elapsed 0Total elapsed time: 0.659 sec.
@I [HLS-100] Command 'ap_source' returned 0; elapsed 0Total elapsed time: 0.659 sec.
@I [HLS-100] Command "source C:/Xilinx/Vivado_HLS/2015.4/common/technology/xilinx/common/dsp48.hlp "
@I [HLS-100] Command 'ap_source' returned 0; elapsed 0Total elapsed time: 0.659 sec.
@I [HLS-100] Command 'ap_source' returned 0; elapsed 0Total elapsed time: 0.659 sec.
@I [HLS-100] Command 'ap_source' returned 0; elapsed 0Total elapsed time: 0.659 sec.
@I [HLS-100] Command "source C:/Xilinx/Vivado_HLS/2015.4/common/technology/xilinx/zynq/zynq_hp.hlp "
@I [HLS-100] Command 'ap_source' returned 0; elapsed 0Total elapsed time: 0.659 sec.
@I [HLS-100] Command 'import_lib' returned 0; elapsed 0.016Total elapsed time: 0.675 sec.
@I [HLS-100] Command "source C:/Xilinx/Vivado_HLS/2015.4/common/technology/xilinx/zynq/zynq_fpv6.gen "
@I [HLS-100] Command "source C:/Xilinx/Vivado_HLS/2015.4/common/technology/xilinx/common/xilinx_fpv6.gen "
@I [HLS-100] Command 'ap_source' returned 0; elapsed 0Total elapsed time: 0.675 sec.
@I [HLS-100] Command 'ap_source' returned 0; elapsed 0Total elapsed time: 0.675 sec.
@I [HLS-100] Command "set_part xc7z020clg484-1 "
@I [HLS-100] Command "add_library xilinx/zynq/zynq:xc7z020:clg484:-1 "
@I [HLS-100] Command "get_default_platform "
@I [HLS-100] Command 'get_default_platform' returned 0; elapsed 0Total elapsed time: 0.675 sec.
@I [HLS-100] Command "license_isbetapart xc7z020 "
@I [HLS-100] Command 'license_isbetapart' returned 1; elapsed 0.016Total elapsed time: 0.690 sec.
@I [HLS-100] Command "get_default_platform "
@I [HLS-100] Command 'get_default_platform' returned 0; elapsed 0Total elapsed time: 0.690 sec.
@I [HLS-100] Command "config_chip_info -quiet -resource  {SLICE 13300}  {LUT 53200}     {FF 106400} {DSP48E 220}   {BRAM 280}  "
@I [HLS-100] Command 'config_chip_info' returned 0; elapsed 0Total elapsed time: 0.690 sec.
@I [HLS-100] Command "config_chip_info -quiet -speed slow "
@I [HLS-100] Command 'config_chip_info' returned 0; elapsed 0Total elapsed time: 0.690 sec.
@I [HLS-100] Command 'add_library' returned 0; elapsed 0.016Total elapsed time: 0.690 sec.
@I [HLS-100] Command "add_library xilinx/zynq/zynq_fpv6 "
@I [HLS-100] Command "get_default_platform "
@I [HLS-100] Command 'get_default_platform' returned 0; elapsed 0Total elapsed time: 0.690 sec.
@I [HLS-100] Command 'add_library' returned 0; elapsed 0Total elapsed time: 0.690 sec.
@I [HLS-10] Setting target device to 'xc7z020clg484-1'
@I [HLS-100] Command 'set_part' returned 0; elapsed 0.016Total elapsed time: 0.690 sec.
@I [HLS-100] Command "get_default_platform "
@I [HLS-100] Command 'get_default_platform' returned 0; elapsed 0Total elapsed time: 0.690 sec.
@I [HLS-100] Command "config_chip_info -quiet -resource  {SLICE 13300}  {LUT 53200}     {FF 106400} {DSP48E 220}   {BRAM 280}  "
@I [HLS-100] Command 'config_chip_info' returned 0; elapsed 0Total elapsed time: 0.690 sec.
@I [HLS-100] Command "config_chip_info -quiet -speed slow "
@I [HLS-100] Command 'config_chip_info' returned 0; elapsed 0Total elapsed time: 0.690 sec.
@I [HLS-100] Command 'open_solution' returned 0; elapsed 0.206Total elapsed time: 0.690 sec.
@I [HLS-100] Command "export_design -evaluate verilog -format ip_catalog -vendor pitchaya -display_name PyrConstruction "
@I [HLS-100] Command "source C:/Users/Peachy/Desktop/SeniorProj/PyramidCon_x/solution2/.autopilot/db/global.setting.tcl "
@I [HLS-100] Command 'ap_source' returned 0; elapsed 0Total elapsed time: 0.706 sec.
@I [HLS-100] Command "source C:/Xilinx/Vivado_HLS/2015.4/common/technology/generic/autopilot/common.gen "
@I [HLS-100] Command "source C:/Xilinx/Vivado_HLS/2015.4/common/technology/generic/autopilot/APCoreGen.gen "
@I [HLS-100] Command 'ap_source' returned 0; elapsed 0.016Total elapsed time: 0.722 sec.
@I [HLS-100] Command 'ap_source' returned 0; elapsed 0.016Total elapsed time: 0.722 sec.
@I [HLS-100] Command "source C:/Xilinx/Vivado_HLS/2015.4/common/technology/generic/autopilot/op.gen "
@I [HLS-100] Command 'ap_source' returned 0; elapsed 0Total elapsed time: 0.722 sec.
@I [HLS-100] Command "source C:/Xilinx/Vivado_HLS/2015.4/common/technology/generic/autopilot/op_simcore.gen "
@I [HLS-100] Command 'ap_source' returned 0; elapsed 0Total elapsed time: 0.722 sec.
@I [HLS-100] Command "source C:/Xilinx/Vivado_HLS/2015.4/common/technology/generic/autopilot/interface.gen "
@I [HLS-100] Command 'ap_source' returned 0; elapsed 0Total elapsed time: 0.722 sec.
@I [HLS-100] Command "source C:/Users/Peachy/Desktop/SeniorProj/PyramidCon_x/solution2/.autopilot/db/global.setting.tcl "
@I [HLS-100] Command 'ap_source' returned 0; elapsed 0Total elapsed time: 0.722 sec.
@I [HLS-100] Command "source C:/Xilinx/Vivado_HLS/2015.4/common/technology/xilinx/zynq/zynq.gen "
@I [HLS-100] Command "source C:/Xilinx/Vivado_HLS/2015.4/common/technology/xilinx/common/virtex.gen "
@I [HLS-100] Command "source C:/Xilinx/Vivado_HLS/2015.4/common/technology/xilinx/common/xilinx.gen "
@I [HLS-100] Command "source C:/Xilinx/Vivado_HLS/2015.4/common/technology/xilinx/interface/plb46.gen "
@I [HLS-100] Command 'ap_source' returned 0; elapsed 0Total elapsed time: 0.722 sec.
@I [HLS-100] Command "source C:/Xilinx/Vivado_HLS/2015.4/common/technology/xilinx/interface/fsl.gen "
@I [HLS-100] Command 'ap_source' returned 0; elapsed 0Total elapsed time: 0.722 sec.
@I [HLS-100] Command "source C:/Xilinx/Vivado_HLS/2015.4/common/technology/xilinx/interface/axi4.gen "
@I [HLS-100] Command 'ap_source' returned 0; elapsed 0Total elapsed time: 0.722 sec.
@I [HLS-100] Command "source C:/Xilinx/Vivado_HLS/2015.4/common/technology/xilinx/interface/nativeAXI4.gen "
@I [HLS-100] Command "source C:/Xilinx/Vivado_HLS/2015.4/common/technology/xilinx/interface/saxilite.gen "
@I [HLS-100] Command 'ap_source' returned 0; elapsed 0Total elapsed time: 0.722 sec.
@I [HLS-100] Command "source C:/Xilinx/Vivado_HLS/2015.4/common/technology/xilinx/interface/maxi.gen "
@I [HLS-100] Command 'ap_source' returned 0; elapsed 0.016Total elapsed time: 0.737 sec.
@I [HLS-100] Command 'ap_source' returned 0; elapsed 0.016Total elapsed time: 0.737 sec.
@I [HLS-100] Command "source C:/Xilinx/Vivado_HLS/2015.4/common/technology/xilinx/scripts/xilinxcoregen.gen "
@I [HLS-100] Command 'ap_source' returned 0; elapsed 0Total elapsed time: 0.737 sec.
@I [HLS-100] Command "source C:/Xilinx/Vivado_HLS/2015.4/common/technology/xilinx/interface/XilEDKCoreGen.gen "
@I [HLS-100] Command 'ap_source' returned 0; elapsed 0.015Total elapsed time: 0.753 sec.
@I [HLS-100] Command "source C:/Xilinx/Vivado_HLS/2015.4/common/technology/xilinx/ip/dds_compiler.gen "
@I [HLS-100] Command 'ap_source' returned 0; elapsed 0Total elapsed time: 0.753 sec.
@I [HLS-100] Command "source C:/Xilinx/Vivado_HLS/2015.4/common/technology/xilinx/ip/util.gen "
@I [HLS-100] Command 'ap_source' returned 0; elapsed 0Total elapsed time: 0.753 sec.
@I [HLS-100] Command "source C:/Xilinx/Vivado_HLS/2015.4/common/technology/xilinx/ip/xfft.gen "
@I [HLS-100] Command 'ap_source' returned 0; elapsed 0.078Total elapsed time: 0.831 sec.
@I [HLS-100] Command "source C:/Xilinx/Vivado_HLS/2015.4/common/technology/xilinx/ip/xfir.gen "
@I [HLS-100] Command 'ap_source' returned 0; elapsed 0.016Total elapsed time: 0.847 sec.
@I [HLS-100] Command 'ap_source' returned 0; elapsed 0.125Total elapsed time: 0.847 sec.
@I [HLS-100] Command "source C:/Xilinx/Vivado_HLS/2015.4/common/technology/xilinx/common/dsp48.gen "
@I [HLS-100] Command 'ap_source' returned 0; elapsed 0Total elapsed time: 0.847 sec.
@I [HLS-100] Command 'ap_source' returned 0; elapsed 0.125Total elapsed time: 0.847 sec.
@I [HLS-100] Command 'ap_source' returned 0; elapsed 0.125Total elapsed time: 0.847 sec.
@I [HLS-100] Command "source C:/Xilinx/Vivado_HLS/2015.4/common/technology/xilinx/zynq/zynq_fpv6.gen "
@I [HLS-100] Command "source C:/Xilinx/Vivado_HLS/2015.4/common/technology/xilinx/common/xilinx_fpv6.gen "
@I [HLS-100] Command 'ap_source' returned 0; elapsed 0Total elapsed time: 0.847 sec.
@I [HLS-100] Command 'ap_source' returned 0; elapsed 0Total elapsed time: 0.847 sec.
@I [HLS-100] Command "source C:/Users/Peachy/Desktop/SeniorProj/PyramidCon_x/solution2/.autopilot/db/global.setting.tcl "
@I [HLS-100] Command 'ap_source' returned 0; elapsed 0Total elapsed time: 0.862 sec.
@I [IMPL-8] Exporting RTL as an IP in IP-XACT.
@I [HLS-100] Command "source C:/Users/Peachy/Desktop/SeniorProj/PyramidCon_x/solution2/.autopilot/db/global.setting.tcl "
@I [HLS-100] Command 'ap_source' returned 0; elapsed 0Total elapsed time: 0.862 sec.
@I [HLS-100] Command "source C:/Users/Peachy/Desktop/SeniorProj/PyramidCon_x/solution2/.autopilot/db/global.setting.tcl "
@I [HLS-100] Command 'ap_source' returned 0; elapsed 0Total elapsed time: 0.878 sec.
@I [HLS-100] Command "source C:/Xilinx/Vivado_HLS/2015.4/common/technology/generic/autopilot/common.gen "
@I [HLS-100] Command "source C:/Xilinx/Vivado_HLS/2015.4/common/technology/generic/autopilot/APCoreGen.gen "
@I [HLS-100] Command 'ap_source' returned 0; elapsed 0Total elapsed time: 0.878 sec.
@I [HLS-100] Command 'ap_source' returned 0; elapsed 0Total elapsed time: 0.878 sec.
@I [HLS-100] Command "source C:/Xilinx/Vivado_HLS/2015.4/common/technology/generic/autopilot/op.gen "
@I [HLS-100] Command 'ap_source' returned 0; elapsed 0Total elapsed time: 0.878 sec.
@I [HLS-100] Command "source C:/Xilinx/Vivado_HLS/2015.4/common/technology/generic/autopilot/op_simcore.gen "
@I [HLS-100] Command 'ap_source' returned 0; elapsed 0Total elapsed time: 0.878 sec.
@I [HLS-100] Command "source C:/Xilinx/Vivado_HLS/2015.4/common/technology/generic/autopilot/interface.gen "
@I [HLS-100] Command 'ap_source' returned 0; elapsed 0Total elapsed time: 0.878 sec.
@I [HLS-100] Command "source C:/Users/Peachy/Desktop/SeniorProj/PyramidCon_x/solution2/.autopilot/db/global.setting.tcl "
@I [HLS-100] Command 'ap_source' returned 0; elapsed 0Total elapsed time: 0.878 sec.
@I [HLS-100] Command "source C:/Xilinx/Vivado_HLS/2015.4/common/technology/xilinx/zynq/zynq.gen "
@I [HLS-100] Command "source C:/Xilinx/Vivado_HLS/2015.4/common/technology/xilinx/common/virtex.gen "
@I [HLS-100] Command "source C:/Xilinx/Vivado_HLS/2015.4/common/technology/xilinx/common/xilinx.gen "
@I [HLS-100] Command "source C:/Xilinx/Vivado_HLS/2015.4/common/technology/xilinx/interface/plb46.gen "
@I [HLS-100] Command 'ap_source' returned 0; elapsed 0Total elapsed time: 0.878 sec.
@I [HLS-100] Command "source C:/Xilinx/Vivado_HLS/2015.4/common/technology/xilinx/interface/fsl.gen "
@I [HLS-100] Command 'ap_source' returned 0; elapsed 0Total elapsed time: 0.878 sec.
@I [HLS-100] Command "source C:/Xilinx/Vivado_HLS/2015.4/common/technology/xilinx/interface/axi4.gen "
@I [HLS-100] Command 'ap_source' returned 0; elapsed 0Total elapsed time: 0.878 sec.
@I [HLS-100] Command "source C:/Xilinx/Vivado_HLS/2015.4/common/technology/xilinx/interface/nativeAXI4.gen "
@I [HLS-100] Command "source C:/Xilinx/Vivado_HLS/2015.4/common/technology/xilinx/interface/saxilite.gen "
@I [HLS-100] Command 'ap_source' returned 0; elapsed 0Total elapsed time: 0.878 sec.
@I [HLS-100] Command "source C:/Xilinx/Vivado_HLS/2015.4/common/technology/xilinx/interface/maxi.gen "
@I [HLS-100] Command 'ap_source' returned 0; elapsed 0.016Total elapsed time: 0.893 sec.
@I [HLS-100] Command 'ap_source' returned 0; elapsed 0.016Total elapsed time: 0.893 sec.
@I [HLS-100] Command "source C:/Xilinx/Vivado_HLS/2015.4/common/technology/xilinx/scripts/xilinxcoregen.gen "
@I [HLS-100] Command 'ap_source' returned 0; elapsed 0Total elapsed time: 0.893 sec.
@I [HLS-100] Command "source C:/Xilinx/Vivado_HLS/2015.4/common/technology/xilinx/interface/XilEDKCoreGen.gen "
@I [HLS-100] Command 'ap_source' returned 0; elapsed 0.015Total elapsed time: 0.909 sec.
@I [HLS-100] Command "source C:/Xilinx/Vivado_HLS/2015.4/common/technology/xilinx/ip/dds_compiler.gen "
@I [HLS-100] Command 'ap_source' returned 0; elapsed 0Total elapsed time: 0.909 sec.
@I [HLS-100] Command "source C:/Xilinx/Vivado_HLS/2015.4/common/technology/xilinx/ip/util.gen "
@I [HLS-100] Command 'ap_source' returned 0; elapsed 0Total elapsed time: 0.909 sec.
@I [HLS-100] Command "source C:/Xilinx/Vivado_HLS/2015.4/common/technology/xilinx/ip/xfft.gen "
@I [HLS-100] Command 'ap_source' returned 0; elapsed 0.079Total elapsed time: 0.987 sec.
@I [HLS-100] Command "source C:/Xilinx/Vivado_HLS/2015.4/common/technology/xilinx/ip/xfir.gen "
@I [HLS-100] Command 'ap_source' returned 0; elapsed 0.015Total elapsed time: 1.3 sec.
@I [HLS-100] Command 'ap_source' returned 0; elapsed 0.125Total elapsed time: 1.3 sec.
@I [HLS-100] Command "source C:/Xilinx/Vivado_HLS/2015.4/common/technology/xilinx/common/dsp48.gen "
@I [HLS-100] Command 'ap_source' returned 0; elapsed 0Total elapsed time: 1.3 sec.
@I [HLS-100] Command 'ap_source' returned 0; elapsed 0.125Total elapsed time: 1.3 sec.
@I [HLS-100] Command 'ap_source' returned 0; elapsed 0.125Total elapsed time: 1.3 sec.
@I [HLS-100] Command "source C:/Xilinx/Vivado_HLS/2015.4/common/technology/xilinx/zynq/zynq_fpv6.gen "
@I [HLS-100] Command "source C:/Xilinx/Vivado_HLS/2015.4/common/technology/xilinx/common/xilinx_fpv6.gen "
@I [HLS-100] Command 'ap_source' returned 0; elapsed 0Total elapsed time: 1.3 sec.
@I [HLS-100] Command 'ap_source' returned 0; elapsed 0Total elapsed time: 1.3 sec.
@I [HLS-100] Command "source C:/Users/Peachy/Desktop/SeniorProj/PyramidCon_x/solution2/.autopilot/db/global.setting.tcl "
@I [HLS-100] Command 'ap_source' returned 0; elapsed 0Total elapsed time: 1.18 sec.
@I [HLS-100] Command "source C:/Users/Peachy/Desktop/SeniorProj/PyramidCon_x/solution2/.autopilot/db/global.setting.tcl "
@I [HLS-100] Command 'ap_source' returned 0; elapsed 0Total elapsed time: 1.18 sec.
@I [HLS-100] Command "source C:/Users/Peachy/Desktop/SeniorProj/PyramidCon_x/solution2/.autopilot/db/fft_config1_s.compgen.tcl "
@I [HLS-100] Command 'ap_source' returned 0; elapsed 0Total elapsed time: 1.18 sec.
@I [HLS-100] Command "source C:/Users/Peachy/Desktop/SeniorProj/PyramidCon_x/solution2/.autopilot/db/fft_config2_s.compgen.tcl "
@I [HLS-100] Command 'ap_source' returned 0; elapsed 0.015Total elapsed time: 1.34 sec.
@I [HLS-100] Command "source C:/Users/Peachy/Desktop/SeniorProj/PyramidCon_x/solution2/.autopilot/db/pyrconstuct_top_Block_codeRepl20_proc.compgen.tcl "
@I [HLS-100] Command 'ap_source' returned 0; elapsed 0Total elapsed time: 1.34 sec.
@I [HLS-100] Command "source C:/Users/Peachy/Desktop/SeniorProj/PyramidCon_x/solution2/.autopilot/db/pyrconstuct_top_Loop_1_proc.compgen.tcl "
@I [HLS-100] Command 'ap_source' returned 0; elapsed 0Total elapsed time: 1.34 sec.
@I [HLS-100] Command "source C:/Users/Peachy/Desktop/SeniorProj/PyramidCon_x/solution2/.autopilot/db/fft_config1_s.compgen.tcl "
@I [HLS-100] Command 'ap_source' returned 0; elapsed 0Total elapsed time: 1.34 sec.
@I [HLS-100] Command "source C:/Users/Peachy/Desktop/SeniorProj/PyramidCon_x/solution2/.autopilot/db/pyrconstuct_top_Loop_2_proc.compgen.tcl "
@I [HLS-100] Command 'ap_source' returned 0; elapsed 0.016Total elapsed time: 1.50 sec.
@I [HLS-100] Command "source C:/Users/Peachy/Desktop/SeniorProj/PyramidCon_x/solution2/.autopilot/db/pyrconstuct_top_Loop_3_proc.compgen.tcl "
@I [HLS-100] Command 'ap_source' returned 0; elapsed 0Total elapsed time: 1.50 sec.
@I [HLS-100] Command "source C:/Users/Peachy/Desktop/SeniorProj/PyramidCon_x/solution2/.autopilot/db/pyrconstuct_top_Loop_4_proc.compgen.tcl "
@I [HLS-100] Command 'ap_source' returned 0; elapsed 0Total elapsed time: 1.50 sec.
@I [HLS-100] Command "source C:/Users/Peachy/Desktop/SeniorProj/PyramidCon_x/solution2/.autopilot/db/pyrconstuct_top_Block_proc.compgen.tcl "
@I [HLS-100] Command 'ap_source' returned 0; elapsed 0Total elapsed time: 1.50 sec.
@I [HLS-100] Command "source C:/Users/Peachy/Desktop/SeniorProj/PyramidCon_x/solution2/.autopilot/db/fft_config2_s.compgen.tcl "
@I [HLS-100] Command 'ap_source' returned 0; elapsed 0Total elapsed time: 1.50 sec.
@I [HLS-100] Command "source C:/Users/Peachy/Desktop/SeniorProj/PyramidCon_x/solution2/.autopilot/db/pyrconstuct_top_Loop_5_proc.compgen.tcl "
@I [HLS-100] Command 'ap_source' returned 0; elapsed 0Total elapsed time: 1.50 sec.
@I [HLS-100] Command "source C:/Users/Peachy/Desktop/SeniorProj/PyramidCon_x/solution2/.autopilot/db/pyrconstuct_top.compgen.tcl "
@I [HLS-100] Command 'ap_source' returned 0; elapsed 0.047Total elapsed time: 1.97 sec.
@I [HLS-100] Command "source C:/Users/Peachy/Desktop/SeniorProj/PyramidCon_x/solution2/.autopilot/db/global.setting.tcl "
@I [HLS-100] Command 'ap_source' returned 0; elapsed 0Total elapsed time: 1.253 sec.
@I [HLS-100] Command "source C:/Users/Peachy/Desktop/SeniorProj/PyramidCon_x/solution2/.autopilot/db/global.setting.tcl "
@I [HLS-100] Command 'ap_source' returned 0; elapsed 0Total elapsed time: 1.253 sec.
@I [HLS-100] Command "source C:/Users/Peachy/Desktop/SeniorProj/PyramidCon_x/solution2/.autopilot/db/fft_config1_s.compgen.tcl "
@I [HLS-100] Command 'ap_source' returned 0; elapsed 0Total elapsed time: 1.253 sec.
@I [HLS-100] Command "source C:/Users/Peachy/Desktop/SeniorProj/PyramidCon_x/solution2/.autopilot/db/fft_config2_s.compgen.tcl "
@I [HLS-100] Command 'ap_source' returned 0; elapsed 0Total elapsed time: 1.253 sec.
@I [HLS-100] Command "source C:/Users/Peachy/Desktop/SeniorProj/PyramidCon_x/solution2/.autopilot/db/pyrconstuct_top_Block_codeRepl20_proc.compgen.tcl "
@I [HLS-100] Command 'ap_source' returned 0; elapsed 0Total elapsed time: 1.253 sec.
@I [HLS-100] Command "source C:/Users/Peachy/Desktop/SeniorProj/PyramidCon_x/solution2/.autopilot/db/pyrconstuct_top_Loop_1_proc.compgen.tcl "
@I [HLS-100] Command 'ap_source' returned 0; elapsed 0Total elapsed time: 1.253 sec.
@I [HLS-100] Command "source C:/Users/Peachy/Desktop/SeniorProj/PyramidCon_x/solution2/.autopilot/db/fft_config1_s.compgen.tcl "
@I [HLS-100] Command 'ap_source' returned 0; elapsed 0Total elapsed time: 1.253 sec.
@I [HLS-100] Command "source C:/Users/Peachy/Desktop/SeniorProj/PyramidCon_x/solution2/.autopilot/db/pyrconstuct_top_Loop_2_proc.compgen.tcl "
@I [HLS-100] Command 'ap_source' returned 0; elapsed 0Total elapsed time: 1.253 sec.
@I [HLS-100] Command "source C:/Users/Peachy/Desktop/SeniorProj/PyramidCon_x/solution2/.autopilot/db/pyrconstuct_top_Loop_3_proc.compgen.tcl "
@I [HLS-100] Command 'ap_source' returned 0; elapsed 0Total elapsed time: 1.253 sec.
@I [HLS-100] Command "source C:/Users/Peachy/Desktop/SeniorProj/PyramidCon_x/solution2/.autopilot/db/pyrconstuct_top_Loop_4_proc.compgen.tcl "
@I [HLS-100] Command 'ap_source' returned 0; elapsed 0Total elapsed time: 1.253 sec.
@I [HLS-100] Command "source C:/Users/Peachy/Desktop/SeniorProj/PyramidCon_x/solution2/.autopilot/db/pyrconstuct_top_Block_proc.compgen.tcl "
@I [HLS-100] Command 'ap_source' returned 0; elapsed 0Total elapsed time: 1.253 sec.
@I [HLS-100] Command "source C:/Users/Peachy/Desktop/SeniorProj/PyramidCon_x/solution2/.autopilot/db/fft_config2_s.compgen.tcl "
@I [HLS-100] Command 'ap_source' returned 0; elapsed 0.016Total elapsed time: 1.268 sec.
@I [HLS-100] Command "source C:/Users/Peachy/Desktop/SeniorProj/PyramidCon_x/solution2/.autopilot/db/pyrconstuct_top_Loop_5_proc.compgen.tcl "
@I [HLS-100] Command 'ap_source' returned 0; elapsed 0Total elapsed time: 1.268 sec.
@I [HLS-100] Command "source C:/Users/Peachy/Desktop/SeniorProj/PyramidCon_x/solution2/.autopilot/db/pyrconstuct_top.compgen.tcl "
@I [HLS-100] Command "source C:/Users/Peachy/Desktop/SeniorProj/PyramidCon_x/solution2/.autopilot/db/pyrconstuct_top.rtl_wrap.cfg.tcl "
@I [HLS-100] Command 'ap_source' returned 0; elapsed 0Total elapsed time: 1.268 sec.
@I [HLS-100] Command "source C:/Users/Peachy/Desktop/SeniorProj/PyramidCon_x/solution2/.autopilot/db/pyrconstuct_top.rtl_wrap.cfg.tcl "
@I [HLS-100] Command 'ap_source' returned 0; elapsed 0Total elapsed time: 1.268 sec.
@I [HLS-100] Command "source C:/Users/Peachy/Desktop/SeniorProj/PyramidCon_x/solution2/.autopilot/db/pyrconstuct_top.rtl_wrap.cfg.tcl "
@I [HLS-100] Command 'ap_source' returned 0; elapsed 0Total elapsed time: 1.268 sec.
@I [HLS-100] Command "source C:/Users/Peachy/Desktop/SeniorProj/PyramidCon_x/solution2/.autopilot/db/pyrconstuct_top.tbgen.tcl "
@I [HLS-100] Command 'ap_source' returned 0; elapsed 0Total elapsed time: 1.268 sec.
@I [HLS-100] Command "source C:/Users/Peachy/Desktop/SeniorProj/PyramidCon_x/solution2/.autopilot/db/pyrconstuct_top.tbgen.tcl "
@I [HLS-100] Command 'ap_source' returned 0; elapsed 0Total elapsed time: 1.268 sec.
@I [HLS-100] Command 'ap_source' returned 0; elapsed 0.047Total elapsed time: 1.315 sec.
@I [HLS-100] Command "source C:/Users/Peachy/Desktop/SeniorProj/PyramidCon_x/solution2/.autopilot/db/global.setting.tcl "
@I [HLS-100] Command 'ap_source' returned 0; elapsed 0.016Total elapsed time: 1.347 sec.
@I [HLS-100] Command "source C:/Users/Peachy/Desktop/SeniorProj/PyramidCon_x/solution2/.autopilot/db/global.setting.tcl "
@I [HLS-100] Command 'ap_source' returned 0; elapsed 0Total elapsed time: 1.347 sec.
@I [HLS-100] Command "source C:/Users/Peachy/Desktop/SeniorProj/PyramidCon_x/solution2/.autopilot/db/fft_config1_s.compgen.tcl "
@I [HLS-100] Command 'ap_source' returned 0; elapsed 0Total elapsed time: 1.347 sec.
@I [HLS-100] Command "source C:/Users/Peachy/Desktop/SeniorProj/PyramidCon_x/solution2/.autopilot/db/fft_config2_s.compgen.tcl "
@I [HLS-100] Command 'ap_source' returned 0; elapsed 0Total elapsed time: 1.347 sec.
@I [HLS-100] Command "source C:/Users/Peachy/Desktop/SeniorProj/PyramidCon_x/solution2/.autopilot/db/pyrconstuct_top_Block_codeRepl20_proc.compgen.tcl "
@I [HLS-100] Command 'ap_source' returned 0; elapsed 0Total elapsed time: 1.347 sec.
@I [HLS-100] Command "source C:/Users/Peachy/Desktop/SeniorProj/PyramidCon_x/solution2/.autopilot/db/pyrconstuct_top_Loop_1_proc.compgen.tcl "
@I [HLS-100] Command 'ap_source' returned 0; elapsed 0Total elapsed time: 1.347 sec.
@I [HLS-100] Command "source C:/Users/Peachy/Desktop/SeniorProj/PyramidCon_x/solution2/.autopilot/db/fft_config1_s.compgen.tcl "
@I [HLS-100] Command 'ap_source' returned 0; elapsed 0Total elapsed time: 1.347 sec.
@I [HLS-100] Command "source C:/Users/Peachy/Desktop/SeniorProj/PyramidCon_x/solution2/.autopilot/db/pyrconstuct_top_Loop_2_proc.compgen.tcl "
@I [HLS-100] Command 'ap_source' returned 0; elapsed 0Total elapsed time: 1.347 sec.
@I [HLS-100] Command "source C:/Users/Peachy/Desktop/SeniorProj/PyramidCon_x/solution2/.autopilot/db/pyrconstuct_top_Loop_3_proc.compgen.tcl "
@I [HLS-100] Command 'ap_source' returned 0; elapsed 0Total elapsed time: 1.347 sec.
@I [HLS-100] Command "source C:/Users/Peachy/Desktop/SeniorProj/PyramidCon_x/solution2/.autopilot/db/pyrconstuct_top_Loop_4_proc.compgen.tcl "
@I [HLS-100] Command 'ap_source' returned 0; elapsed 0Total elapsed time: 1.347 sec.
@I [HLS-100] Command "source C:/Users/Peachy/Desktop/SeniorProj/PyramidCon_x/solution2/.autopilot/db/pyrconstuct_top_Block_proc.compgen.tcl "
@I [HLS-100] Command 'ap_source' returned 0; elapsed 0Total elapsed time: 1.347 sec.
@I [HLS-100] Command "source C:/Users/Peachy/Desktop/SeniorProj/PyramidCon_x/solution2/.autopilot/db/fft_config2_s.compgen.tcl "
@I [HLS-100] Command 'ap_source' returned 0; elapsed 0Total elapsed time: 1.347 sec.
@I [HLS-100] Command "source C:/Users/Peachy/Desktop/SeniorProj/PyramidCon_x/solution2/.autopilot/db/pyrconstuct_top_Loop_5_proc.compgen.tcl "
@I [HLS-100] Command 'ap_source' returned 0; elapsed 0Total elapsed time: 1.347 sec.
@I [HLS-100] Command "source C:/Users/Peachy/Desktop/SeniorProj/PyramidCon_x/solution2/.autopilot/db/pyrconstuct_top.compgen.tcl "
@I [HLS-100] Command 'ap_source' returned 0; elapsed 0.015Total elapsed time: 1.378 sec.
@I [HLS-100] Command "source C:/Users/Peachy/Desktop/SeniorProj/PyramidCon_x/solution2/.autopilot/db/global.setting.tcl "
@I [HLS-100] Command 'ap_source' returned 0; elapsed 0Total elapsed time: 1.659 sec.
@I [HLS-100] Command "source C:/Users/Peachy/Desktop/SeniorProj/PyramidCon_x/solution2/.autopilot/db/pyrconstuct_top.constraint.tcl "
@I [HLS-100] Command 'ap_source' returned 0; elapsed 0Total elapsed time: 1.659 sec.
@I [HLS-100] Command "source C:/Users/Peachy/Desktop/SeniorProj/PyramidCon_x/solution2/.autopilot/db/pyrconstuct_top.rtl_wrap.cfg.tcl "
@I [HLS-100] Command 'ap_source' returned 0; elapsed 0Total elapsed time: 1.815 sec.
@I [HLS-100] Command "source C:/Users/Peachy/Desktop/SeniorProj/PyramidCon_x/solution2/.autopilot/db/pyrconstuct_top.rtl_wrap.cfg.tcl "
@I [HLS-100] Command 'ap_source' returned 0; elapsed 0Total elapsed time: 1.815 sec.
@I [HLS-100] Command "source C:/Users/Peachy/Desktop/SeniorProj/PyramidCon_x/solution2/.autopilot/db/pyrconstuct_top.rtl_wrap.cfg.tcl "
@I [HLS-100] Command 'ap_source' returned 0; elapsed 0Total elapsed time: 1.815 sec.
@I [HLS-100] Command "source C:/Users/Peachy/Desktop/SeniorProj/PyramidCon_x/solution2/.autopilot/db/pyrconstuct_top.tbgen.tcl "
@I [HLS-100] Command 'ap_source' returned 0; elapsed 0Total elapsed time: 1.815 sec.
@I [HLS-100] Command "source C:/Users/Peachy/Desktop/SeniorProj/PyramidCon_x/solution2/.autopilot/db/pyrconstuct_top.tbgen.tcl "
@I [HLS-100] Command 'ap_source' returned 0; elapsed 0Total elapsed time: 1.815 sec.
@I [HLS-100] Command "source C:/Users/Peachy/Desktop/SeniorProj/PyramidCon_x/solution2/.autopilot/db/global.setting.tcl "
@I [HLS-100] Command 'ap_source' returned 0; elapsed 0Total elapsed time: 1.831 sec.
@I [HLS-100] Command "source C:/Users/Peachy/Desktop/SeniorProj/PyramidCon_x/solution2/.autopilot/db/global.setting.tcl "
@I [HLS-100] Command 'ap_source' returned 0; elapsed 0Total elapsed time: 1.847 sec.
@I [HLS-100] Command "source C:/Users/Peachy/Desktop/SeniorProj/PyramidCon_x/solution2/.autopilot/db/global.setting.tcl "
@I [HLS-100] Command 'ap_source' returned 0; elapsed 0Total elapsed time: 1.862 sec.
@I [HLS-100] Command "source C:/Users/Peachy/Desktop/SeniorProj/PyramidCon_x/solution2/.autopilot/db/pyrconstuct_top.rtl_wrap.cfg.tcl "
@I [HLS-100] Command 'ap_source' returned 0; elapsed 0Total elapsed time: 1.862 sec.
@I [HLS-100] Command "source C:/Users/Peachy/Desktop/SeniorProj/PyramidCon_x/solution2/.autopilot/db/pyrconstuct_top.rtl_wrap.cfg.tcl "
@I [HLS-100] Command 'ap_source' returned 0; elapsed 0Total elapsed time: 1.862 sec.
@I [HLS-100] Command "source C:/Users/Peachy/Desktop/SeniorProj/PyramidCon_x/solution2/.autopilot/db/pyrconstuct_top.tbgen.tcl "
@I [HLS-100] Command 'ap_source' returned 0; elapsed 0Total elapsed time: 1.862 sec.
@I [HLS-100] Command "source C:/Users/Peachy/Desktop/SeniorProj/PyramidCon_x/solution2/.autopilot/db/pyrconstuct_top.tbgen.tcl "
@I [HLS-100] Command 'ap_source' returned 0; elapsed 0Total elapsed time: 1.862 sec.
@I [HLS-100] Command "source C:/Users/Peachy/Desktop/SeniorProj/PyramidCon_x/solution2/.autopilot/db/pyrconstuct_top.rtl_wrap.cfg.tcl "
@I [HLS-100] Command 'ap_source' returned 0; elapsed 0Total elapsed time: 1.878 sec.
@I [HLS-100] Command "source C:/Users/Peachy/Desktop/SeniorProj/PyramidCon_x/solution2/.autopilot/db/pyrconstuct_top.rtl_wrap.cfg.tcl "
@I [HLS-100] Command 'ap_source' returned 0; elapsed 0Total elapsed time: 1.878 sec.
@I [HLS-100] Command "source C:/Users/Peachy/Desktop/SeniorProj/PyramidCon_x/solution2/.autopilot/db/pyrconstuct_top.tbgen.tcl "
@I [HLS-100] Command 'ap_source' returned 0; elapsed 0Total elapsed time: 1.878 sec.
@I [HLS-100] Command "source C:/Users/Peachy/Desktop/SeniorProj/PyramidCon_x/solution2/.autopilot/db/pyrconstuct_top.tbgen.tcl "
@I [HLS-100] Command 'ap_source' returned 0; elapsed 0.016Total elapsed time: 1.894 sec.
@I [HLS-100] Command "source C:/Users/Peachy/Desktop/SeniorProj/PyramidCon_x/solution2/.autopilot/db/pyrconstuct_top.rtl_wrap.cfg.tcl "
@I [HLS-100] Command 'ap_source' returned 0; elapsed 0Total elapsed time: 1.894 sec.
@I [HLS-100] Command "source C:/Users/Peachy/Desktop/SeniorProj/PyramidCon_x/solution2/.autopilot/db/pyrconstuct_top.rtl_wrap.cfg.tcl "
@I [HLS-100] Command 'ap_source' returned 0; elapsed 0Total elapsed time: 1.894 sec.
@I [HLS-100] Command "source C:/Users/Peachy/Desktop/SeniorProj/PyramidCon_x/solution2/.autopilot/db/pyrconstuct_top.tbgen.tcl "
@I [HLS-100] Command 'ap_source' returned 0; elapsed 0.016Total elapsed time: 1.909 sec.
@I [HLS-100] Command "source C:/Users/Peachy/Desktop/SeniorProj/PyramidCon_x/solution2/.autopilot/db/pyrconstuct_top.tbgen.tcl "
@I [HLS-100] Command 'ap_source' returned 0; elapsed 0Total elapsed time: 1.909 sec.
@I [HLS-100] Command "source C:/Users/Peachy/Desktop/SeniorProj/PyramidCon_x/solution2/.autopilot/db/pyrconstuct_top.constraint.tcl "
@I [HLS-100] Command 'ap_source' returned 0; elapsed 0Total elapsed time: 1.925 sec.
@I [HLS-100] Command "source C:/Users/Peachy/Desktop/SeniorProj/PyramidCon_x/solution2/.autopilot/db/global.setting.tcl "
@I [HLS-100] Command 'ap_source' returned 0; elapsed 0Total elapsed time: 1.940 sec.
@I [HLS-100] Command "source C:/Users/Peachy/Desktop/SeniorProj/PyramidCon_x/solution2/.autopilot/db/global.setting.tcl "
@I [HLS-100] Command 'ap_source' returned 0; elapsed 0Total elapsed time: 1.956 sec.
@I [HLS-100] Command "source C:/Users/Peachy/Desktop/SeniorProj/PyramidCon_x/solution2/.autopilot/db/pyrconstuct_top.constraint.tcl "
@I [HLS-100] Command 'ap_source' returned 0; elapsed 0Total elapsed time: 1.972 sec.
@I [HLS-100] Command "source C:/Users/Peachy/Desktop/SeniorProj/PyramidCon_x/solution2/.autopilot/db/pyrconstuct_top.constraint.tcl "
@I [HLS-100] Command 'ap_source' returned 0; elapsed 0Total elapsed time: 1.972 sec.
@I [HLS-100] Command "source C:/Xilinx/Vivado_HLS/2015.4/common/technology/generic/autopilot/common.gen "
@I [HLS-100] Command "source C:/Xilinx/Vivado_HLS/2015.4/common/technology/generic/autopilot/APCoreGen.gen "
@I [HLS-100] Command 'ap_source' returned 0; elapsed 0Total elapsed time: 2.19 sec.
@I [HLS-100] Command 'ap_source' returned 0; elapsed 0Total elapsed time: 2.19 sec.
@I [HLS-100] Command "source C:/Xilinx/Vivado_HLS/2015.4/common/technology/generic/autopilot/op.gen "
@I [HLS-100] Command 'ap_source' returned 0; elapsed 0Total elapsed time: 2.19 sec.
@I [HLS-100] Command "source C:/Xilinx/Vivado_HLS/2015.4/common/technology/generic/autopilot/op_simcore.gen "
@I [HLS-100] Command 'ap_source' returned 0; elapsed 0Total elapsed time: 2.19 sec.
@I [HLS-100] Command "source C:/Xilinx/Vivado_HLS/2015.4/common/technology/generic/autopilot/interface.gen "
@I [HLS-100] Command 'ap_source' returned 0; elapsed 0Total elapsed time: 2.19 sec.
@I [HLS-100] Command "source C:/Users/Peachy/Desktop/SeniorProj/PyramidCon_x/solution2/.autopilot/db/global.setting.tcl "
@I [HLS-100] Command 'ap_source' returned 0; elapsed 0Total elapsed time: 2.19 sec.
@I [HLS-100] Command "source C:/Xilinx/Vivado_HLS/2015.4/common/technology/xilinx/zynq/zynq.gen "
@I [HLS-100] Command "source C:/Xilinx/Vivado_HLS/2015.4/common/technology/xilinx/common/virtex.gen "
@I [HLS-100] Command "source C:/Xilinx/Vivado_HLS/2015.4/common/technology/xilinx/common/xilinx.gen "
@I [HLS-100] Command "source C:/Xilinx/Vivado_HLS/2015.4/common/technology/xilinx/interface/plb46.gen "
@I [HLS-100] Command 'ap_source' returned 0; elapsed 0Total elapsed time: 2.19 sec.
@I [HLS-100] Command "source C:/Xilinx/Vivado_HLS/2015.4/common/technology/xilinx/interface/fsl.gen "
@I [HLS-100] Command 'ap_source' returned 0; elapsed 0.016Total elapsed time: 2.34 sec.
@I [HLS-100] Command "source C:/Xilinx/Vivado_HLS/2015.4/common/technology/xilinx/interface/axi4.gen "
@I [HLS-100] Command 'ap_source' returned 0; elapsed 0Total elapsed time: 2.34 sec.
@I [HLS-100] Command "source C:/Xilinx/Vivado_HLS/2015.4/common/technology/xilinx/interface/nativeAXI4.gen "
@I [HLS-100] Command "source C:/Xilinx/Vivado_HLS/2015.4/common/technology/xilinx/interface/saxilite.gen "
@I [HLS-100] Command 'ap_source' returned 0; elapsed 0Total elapsed time: 2.34 sec.
@I [HLS-100] Command "source C:/Xilinx/Vivado_HLS/2015.4/common/technology/xilinx/interface/maxi.gen "
@I [HLS-100] Command 'ap_source' returned 0; elapsed 0Total elapsed time: 2.34 sec.
@I [HLS-100] Command 'ap_source' returned 0; elapsed 0Total elapsed time: 2.34 sec.
@I [HLS-100] Command "source C:/Xilinx/Vivado_HLS/2015.4/common/technology/xilinx/scripts/xilinxcoregen.gen "
@I [HLS-100] Command 'ap_source' returned 0; elapsed 0.015Total elapsed time: 2.50 sec.
@I [HLS-100] Command "source C:/Xilinx/Vivado_HLS/2015.4/common/technology/xilinx/interface/XilEDKCoreGen.gen "
@I [HLS-100] Command 'ap_source' returned 0; elapsed 0Total elapsed time: 2.50 sec.
@I [HLS-100] Command "source C:/Xilinx/Vivado_HLS/2015.4/common/technology/xilinx/ip/dds_compiler.gen "
@I [HLS-100] Command 'ap_source' returned 0; elapsed 0.016Total elapsed time: 2.65 sec.
@I [HLS-100] Command "source C:/Xilinx/Vivado_HLS/2015.4/common/technology/xilinx/ip/util.gen "
@I [HLS-100] Command 'ap_source' returned 0; elapsed 0Total elapsed time: 2.65 sec.
@I [HLS-100] Command "source C:/Xilinx/Vivado_HLS/2015.4/common/technology/xilinx/ip/xfft.gen "
@I [HLS-100] Command 'ap_source' returned 0; elapsed 0.078Total elapsed time: 2.144 sec.
@I [HLS-100] Command "source C:/Xilinx/Vivado_HLS/2015.4/common/technology/xilinx/ip/xfir.gen "
@I [HLS-100] Command 'ap_source' returned 0; elapsed 0.016Total elapsed time: 2.159 sec.
@I [HLS-100] Command 'ap_source' returned 0; elapsed 0.141Total elapsed time: 2.159 sec.
@I [HLS-100] Command "source C:/Xilinx/Vivado_HLS/2015.4/common/technology/xilinx/common/dsp48.gen "
@I [HLS-100] Command 'ap_source' returned 0; elapsed 0Total elapsed time: 2.159 sec.
@I [HLS-100] Command 'ap_source' returned 0; elapsed 0.141Total elapsed time: 2.159 sec.
@I [HLS-100] Command 'ap_source' returned 0; elapsed 0.141Total elapsed time: 2.159 sec.
@I [HLS-100] Command "source C:/Xilinx/Vivado_HLS/2015.4/common/technology/xilinx/zynq/zynq_fpv6.gen "
@I [HLS-100] Command "source C:/Xilinx/Vivado_HLS/2015.4/common/technology/xilinx/common/xilinx_fpv6.gen "
@I [HLS-100] Command 'ap_source' returned 0; elapsed 0Total elapsed time: 2.159 sec.
@I [HLS-100] Command 'ap_source' returned 0; elapsed 0Total elapsed time: 2.159 sec.
@I [HLS-100] Command "source C:/Users/Peachy/Desktop/SeniorProj/PyramidCon_x/solution2/.autopilot/db/global.setting.tcl "
@I [HLS-100] Command 'ap_source' returned 0; elapsed 0Total elapsed time: 13.270 sec.
@I [HLS-100] Command "source C:/Xilinx/Vivado_HLS/2015.4/common/technology/generic/autopilot/common.gen "
@I [HLS-100] Command "source C:/Xilinx/Vivado_HLS/2015.4/common/technology/generic/autopilot/APCoreGen.gen "
@I [HLS-100] Command 'ap_source' returned 0; elapsed 0Total elapsed time: 13.270 sec.
@I [HLS-100] Command 'ap_source' returned 0; elapsed 0Total elapsed time: 13.270 sec.
@I [HLS-100] Command "source C:/Xilinx/Vivado_HLS/2015.4/common/technology/generic/autopilot/op.gen "
@I [HLS-100] Command 'ap_source' returned 0; elapsed 0Total elapsed time: 13.270 sec.
@I [HLS-100] Command "source C:/Xilinx/Vivado_HLS/2015.4/common/technology/generic/autopilot/op_simcore.gen "
@I [HLS-100] Command 'ap_source' returned 0; elapsed 0Total elapsed time: 13.270 sec.
@I [HLS-100] Command "source C:/Xilinx/Vivado_HLS/2015.4/common/technology/generic/autopilot/interface.gen "
@I [HLS-100] Command 'ap_source' returned 0; elapsed 0Total elapsed time: 13.270 sec.
@I [HLS-100] Command "source C:/Users/Peachy/Desktop/SeniorProj/PyramidCon_x/solution2/.autopilot/db/global.setting.tcl "
@I [HLS-100] Command 'ap_source' returned 0; elapsed 0Total elapsed time: 13.270 sec.
@I [HLS-100] Command "source C:/Xilinx/Vivado_HLS/2015.4/common/technology/xilinx/zynq/zynq.gen "
@I [HLS-100] Command "source C:/Xilinx/Vivado_HLS/2015.4/common/technology/xilinx/common/virtex.gen "
@I [HLS-100] Command "source C:/Xilinx/Vivado_HLS/2015.4/common/technology/xilinx/common/xilinx.gen "
@I [HLS-100] Command "source C:/Xilinx/Vivado_HLS/2015.4/common/technology/xilinx/interface/plb46.gen "
@I [HLS-100] Command 'ap_source' returned 0; elapsed 0Total elapsed time: 13.286 sec.
@I [HLS-100] Command "source C:/Xilinx/Vivado_HLS/2015.4/common/technology/xilinx/interface/fsl.gen "
@I [HLS-100] Command 'ap_source' returned 0; elapsed 0Total elapsed time: 13.286 sec.
@I [HLS-100] Command "source C:/Xilinx/Vivado_HLS/2015.4/common/technology/xilinx/interface/axi4.gen "
@I [HLS-100] Command 'ap_source' returned 0; elapsed 0Total elapsed time: 13.286 sec.
@I [HLS-100] Command "source C:/Xilinx/Vivado_HLS/2015.4/common/technology/xilinx/interface/nativeAXI4.gen "
@I [HLS-100] Command "source C:/Xilinx/Vivado_HLS/2015.4/common/technology/xilinx/interface/saxilite.gen "
@I [HLS-100] Command 'ap_source' returned 0; elapsed 0Total elapsed time: 13.286 sec.
@I [HLS-100] Command "source C:/Xilinx/Vivado_HLS/2015.4/common/technology/xilinx/interface/maxi.gen "
@I [HLS-100] Command 'ap_source' returned 0; elapsed 0Total elapsed time: 13.286 sec.
@I [HLS-100] Command 'ap_source' returned 0; elapsed 0Total elapsed time: 13.286 sec.
@I [HLS-100] Command "source C:/Xilinx/Vivado_HLS/2015.4/common/technology/xilinx/scripts/xilinxcoregen.gen "
@I [HLS-100] Command 'ap_source' returned 0; elapsed 0.016Total elapsed time: 13.301 sec.
@I [HLS-100] Command "source C:/Xilinx/Vivado_HLS/2015.4/common/technology/xilinx/interface/XilEDKCoreGen.gen "
@I [HLS-100] Command 'ap_source' returned 0; elapsed 0Total elapsed time: 13.301 sec.
@I [HLS-100] Command "source C:/Xilinx/Vivado_HLS/2015.4/common/technology/xilinx/ip/dds_compiler.gen "
@I [HLS-100] Command 'ap_source' returned 0; elapsed 0Total elapsed time: 13.301 sec.
@I [HLS-100] Command "source C:/Xilinx/Vivado_HLS/2015.4/common/technology/xilinx/ip/util.gen "
@I [HLS-100] Command 'ap_source' returned 0; elapsed 0Total elapsed time: 13.301 sec.
@I [HLS-100] Command "source C:/Xilinx/Vivado_HLS/2015.4/common/technology/xilinx/ip/xfft.gen "
@I [HLS-100] Command 'ap_source' returned 0; elapsed 0.078Total elapsed time: 13.380 sec.
@I [HLS-100] Command "source C:/Xilinx/Vivado_HLS/2015.4/common/technology/xilinx/ip/xfir.gen "
@I [HLS-100] Command 'ap_source' returned 0; elapsed 0.031Total elapsed time: 13.411 sec.
@I [HLS-100] Command 'ap_source' returned 0; elapsed 0.125Total elapsed time: 13.411 sec.
@I [HLS-100] Command "source C:/Xilinx/Vivado_HLS/2015.4/common/technology/xilinx/common/dsp48.gen "
@I [HLS-100] Command 'ap_source' returned 0; elapsed 0Total elapsed time: 13.411 sec.
@I [HLS-100] Command 'ap_source' returned 0; elapsed 0.14Total elapsed time: 13.411 sec.
@I [HLS-100] Command 'ap_source' returned 0; elapsed 0.14Total elapsed time: 13.411 sec.
@I [HLS-100] Command "source C:/Xilinx/Vivado_HLS/2015.4/common/technology/xilinx/zynq/zynq_fpv6.gen "
@I [HLS-100] Command "source C:/Xilinx/Vivado_HLS/2015.4/common/technology/xilinx/common/xilinx_fpv6.gen "
@I [HLS-100] Command 'ap_source' returned 0; elapsed 0Total elapsed time: 13.411 sec.
@I [HLS-100] Command 'ap_source' returned 0; elapsed 0Total elapsed time: 13.411 sec.
@I [HLS-100] Command "source C:/Users/Peachy/Desktop/SeniorProj/PyramidCon_x/solution2/.autopilot/db/global.setting.tcl "
@I [HLS-100] Command 'ap_source' returned 0; elapsed 0Total elapsed time: 13.411 sec.
@I [IMPL-8] Starting RTL evaluation using Vivado ...
@I [HLS-100] Command "source C:/Users/Peachy/Desktop/SeniorProj/PyramidCon_x/solution2/.autopilot/db/global.setting.tcl "
@I [HLS-100] Command 'ap_source' returned 0; elapsed 0Total elapsed time: 13.411 sec.
@I [HLS-100] Command "source C:/Users/Peachy/Desktop/SeniorProj/PyramidCon_x/solution2/.autopilot/db/global.setting.tcl "
@I [HLS-100] Command 'ap_source' returned 0; elapsed 0Total elapsed time: 13.426 sec.
@I [HLS-100] Command "source C:/Xilinx/Vivado_HLS/2015.4/common/technology/generic/autopilot/common.gen "
@I [HLS-100] Command "source C:/Xilinx/Vivado_HLS/2015.4/common/technology/generic/autopilot/APCoreGen.gen "
@I [HLS-100] Command 'ap_source' returned 0; elapsed 0Total elapsed time: 13.426 sec.
@I [HLS-100] Command 'ap_source' returned 0; elapsed 0Total elapsed time: 13.426 sec.
@I [HLS-100] Command "source C:/Xilinx/Vivado_HLS/2015.4/common/technology/generic/autopilot/op.gen "
@I [HLS-100] Command 'ap_source' returned 0; elapsed 0Total elapsed time: 13.426 sec.
@I [HLS-100] Command "source C:/Xilinx/Vivado_HLS/2015.4/common/technology/generic/autopilot/op_simcore.gen "
@I [HLS-100] Command 'ap_source' returned 0; elapsed 0Total elapsed time: 13.426 sec.
@I [HLS-100] Command "source C:/Xilinx/Vivado_HLS/2015.4/common/technology/generic/autopilot/interface.gen "
@I [HLS-100] Command 'ap_source' returned 0; elapsed 0Total elapsed time: 13.426 sec.
@I [HLS-100] Command "source C:/Users/Peachy/Desktop/SeniorProj/PyramidCon_x/solution2/.autopilot/db/global.setting.tcl "
@I [HLS-100] Command 'ap_source' returned 0; elapsed 0Total elapsed time: 13.426 sec.
@I [HLS-100] Command "source C:/Xilinx/Vivado_HLS/2015.4/common/technology/xilinx/zynq/zynq.gen "
@I [HLS-100] Command "source C:/Xilinx/Vivado_HLS/2015.4/common/technology/xilinx/common/virtex.gen "
@I [HLS-100] Command "source C:/Xilinx/Vivado_HLS/2015.4/common/technology/xilinx/common/xilinx.gen "
@I [HLS-100] Command "source C:/Xilinx/Vivado_HLS/2015.4/common/technology/xilinx/interface/plb46.gen "
@I [HLS-100] Command 'ap_source' returned 0; elapsed 0Total elapsed time: 13.426 sec.
@I [HLS-100] Command "source C:/Xilinx/Vivado_HLS/2015.4/common/technology/xilinx/interface/fsl.gen "
@I [HLS-100] Command 'ap_source' returned 0; elapsed 0Total elapsed time: 13.426 sec.
@I [HLS-100] Command "source C:/Xilinx/Vivado_HLS/2015.4/common/technology/xilinx/interface/axi4.gen "
@I [HLS-100] Command 'ap_source' returned 0; elapsed 0.015Total elapsed time: 13.442 sec.
@I [HLS-100] Command "source C:/Xilinx/Vivado_HLS/2015.4/common/technology/xilinx/interface/nativeAXI4.gen "
@I [HLS-100] Command "source C:/Xilinx/Vivado_HLS/2015.4/common/technology/xilinx/interface/saxilite.gen "
@I [HLS-100] Command 'ap_source' returned 0; elapsed 0Total elapsed time: 13.442 sec.
@I [HLS-100] Command "source C:/Xilinx/Vivado_HLS/2015.4/common/technology/xilinx/interface/maxi.gen "
@I [HLS-100] Command 'ap_source' returned 0; elapsed 0Total elapsed time: 13.442 sec.
@I [HLS-100] Command 'ap_source' returned 0; elapsed 0Total elapsed time: 13.442 sec.
@I [HLS-100] Command "source C:/Xilinx/Vivado_HLS/2015.4/common/technology/xilinx/scripts/xilinxcoregen.gen "
@I [HLS-100] Command 'ap_source' returned 0; elapsed 0.016Total elapsed time: 13.458 sec.
@I [HLS-100] Command "source C:/Xilinx/Vivado_HLS/2015.4/common/technology/xilinx/interface/XilEDKCoreGen.gen "
@I [HLS-100] Command 'ap_source' returned 0; elapsed 0Total elapsed time: 13.458 sec.
@I [HLS-100] Command "source C:/Xilinx/Vivado_HLS/2015.4/common/technology/xilinx/ip/dds_compiler.gen "
@I [HLS-100] Command 'ap_source' returned 0; elapsed 0Total elapsed time: 13.458 sec.
@I [HLS-100] Command "source C:/Xilinx/Vivado_HLS/2015.4/common/technology/xilinx/ip/util.gen "
@I [HLS-100] Command 'ap_source' returned 0; elapsed 0Total elapsed time: 13.458 sec.
@I [HLS-100] Command "source C:/Xilinx/Vivado_HLS/2015.4/common/technology/xilinx/ip/xfft.gen "
@I [HLS-100] Command 'ap_source' returned 0; elapsed 0.078Total elapsed time: 13.536 sec.
@I [HLS-100] Command "source C:/Xilinx/Vivado_HLS/2015.4/common/technology/xilinx/ip/xfir.gen "
@I [HLS-100] Command 'ap_source' returned 0; elapsed 0.031Total elapsed time: 13.567 sec.
@I [HLS-100] Command 'ap_source' returned 0; elapsed 0.14Total elapsed time: 13.567 sec.
@I [HLS-100] Command "source C:/Xilinx/Vivado_HLS/2015.4/common/technology/xilinx/common/dsp48.gen "
@I [HLS-100] Command 'ap_source' returned 0; elapsed 0Total elapsed time: 13.567 sec.
@I [HLS-100] Command 'ap_source' returned 0; elapsed 0.14Total elapsed time: 13.567 sec.
@I [HLS-100] Command 'ap_source' returned 0; elapsed 0.14Total elapsed time: 13.567 sec.
@I [HLS-100] Command "source C:/Xilinx/Vivado_HLS/2015.4/common/technology/xilinx/zynq/zynq_fpv6.gen "
@I [HLS-100] Command "source C:/Xilinx/Vivado_HLS/2015.4/common/technology/xilinx/common/xilinx_fpv6.gen "
@I [HLS-100] Command 'ap_source' returned 0; elapsed 0Total elapsed time: 13.567 sec.
@I [HLS-100] Command 'ap_source' returned 0; elapsed 0Total elapsed time: 13.567 sec.
@I [HLS-100] Command "source C:/Users/Peachy/Desktop/SeniorProj/PyramidCon_x/solution2/.autopilot/db/global.setting.tcl "
@I [HLS-100] Command 'ap_source' returned 0; elapsed 0Total elapsed time: 13.567 sec.
@I [HLS-100] Command "source C:/Users/Peachy/Desktop/SeniorProj/PyramidCon_x/solution2/.autopilot/db/global.setting.tcl "
@I [HLS-100] Command 'ap_source' returned 0; elapsed 0Total elapsed time: 13.567 sec.
@I [HLS-100] Command "source C:/Users/Peachy/Desktop/SeniorProj/PyramidCon_x/solution2/.autopilot/db/fft_config1_s.compgen.tcl "
@I [HLS-100] Command 'ap_source' returned 0; elapsed 0.016Total elapsed time: 13.583 sec.
@I [HLS-100] Command "source C:/Users/Peachy/Desktop/SeniorProj/PyramidCon_x/solution2/.autopilot/db/fft_config2_s.compgen.tcl "
@I [HLS-100] Command 'ap_source' returned 0; elapsed 0Total elapsed time: 13.583 sec.
@I [HLS-100] Command "source C:/Users/Peachy/Desktop/SeniorProj/PyramidCon_x/solution2/.autopilot/db/pyrconstuct_top_Block_codeRepl20_proc.compgen.tcl "
@I [HLS-100] Command 'ap_source' returned 0; elapsed 0Total elapsed time: 13.583 sec.
@I [HLS-100] Command "source C:/Users/Peachy/Desktop/SeniorProj/PyramidCon_x/solution2/.autopilot/db/pyrconstuct_top_Loop_1_proc.compgen.tcl "
@I [HLS-100] Command 'ap_source' returned 0; elapsed 0Total elapsed time: 13.583 sec.
@I [HLS-100] Command "source C:/Users/Peachy/Desktop/SeniorProj/PyramidCon_x/solution2/.autopilot/db/fft_config1_s.compgen.tcl "
@I [HLS-100] Command 'ap_source' returned 0; elapsed 0.016Total elapsed time: 13.598 sec.
@I [HLS-100] Command "source C:/Users/Peachy/Desktop/SeniorProj/PyramidCon_x/solution2/.autopilot/db/pyrconstuct_top_Loop_2_proc.compgen.tcl "
@I [HLS-100] Command 'ap_source' returned 0; elapsed 0Total elapsed time: 13.598 sec.
@I [HLS-100] Command "source C:/Users/Peachy/Desktop/SeniorProj/PyramidCon_x/solution2/.autopilot/db/pyrconstuct_top_Loop_3_proc.compgen.tcl "
@I [HLS-100] Command 'ap_source' returned 0; elapsed 0Total elapsed time: 13.598 sec.
@I [HLS-100] Command "source C:/Users/Peachy/Desktop/SeniorProj/PyramidCon_x/solution2/.autopilot/db/pyrconstuct_top_Loop_4_proc.compgen.tcl "
@I [HLS-100] Command 'ap_source' returned 0; elapsed 0Total elapsed time: 13.598 sec.
@I [HLS-100] Command "source C:/Users/Peachy/Desktop/SeniorProj/PyramidCon_x/solution2/.autopilot/db/pyrconstuct_top_Block_proc.compgen.tcl "
@I [HLS-100] Command 'ap_source' returned 0; elapsed 0Total elapsed time: 13.598 sec.
@I [HLS-100] Command "source C:/Users/Peachy/Desktop/SeniorProj/PyramidCon_x/solution2/.autopilot/db/fft_config2_s.compgen.tcl "
@I [HLS-100] Command 'ap_source' returned 0; elapsed 0Total elapsed time: 13.598 sec.
@I [HLS-100] Command "source C:/Users/Peachy/Desktop/SeniorProj/PyramidCon_x/solution2/.autopilot/db/pyrconstuct_top_Loop_5_proc.compgen.tcl "
@I [HLS-100] Command 'ap_source' returned 0; elapsed 0Total elapsed time: 13.598 sec.
@I [HLS-100] Command "source C:/Users/Peachy/Desktop/SeniorProj/PyramidCon_x/solution2/.autopilot/db/pyrconstuct_top.compgen.tcl "
@I [HLS-100] Command 'ap_source' returned 0; elapsed 0.031Total elapsed time: 13.630 sec.
@I [HLS-100] Command "source C:/Users/Peachy/Desktop/SeniorProj/PyramidCon_x/solution2/.autopilot/db/global.setting.tcl "
@I [HLS-100] Command 'ap_source' returned 0; elapsed 0Total elapsed time: 13.786 sec.
@I [HLS-100] Command "source C:/Users/Peachy/Desktop/SeniorProj/PyramidCon_x/solution2/.autopilot/db/pyrconstuct_top.constraint.tcl "
@I [HLS-100] Command 'ap_source' returned 0; elapsed 0Total elapsed time: 13.786 sec.
@I [HLS-100] Command "source C:/Xilinx/Vivado_HLS/2015.4/common/technology/generic/autopilot/common.gen "
@I [HLS-100] Command "source C:/Xilinx/Vivado_HLS/2015.4/common/technology/generic/autopilot/APCoreGen.gen "
@I [HLS-100] Command 'ap_source' returned 0; elapsed 0Total elapsed time: 13.817 sec.
@I [HLS-100] Command 'ap_source' returned 0; elapsed 0Total elapsed time: 13.817 sec.
@I [HLS-100] Command "source C:/Xilinx/Vivado_HLS/2015.4/common/technology/generic/autopilot/op.gen "
@I [HLS-100] Command 'ap_source' returned 0; elapsed 0Total elapsed time: 13.817 sec.
@I [HLS-100] Command "source C:/Xilinx/Vivado_HLS/2015.4/common/technology/generic/autopilot/op_simcore.gen "
@I [HLS-100] Command 'ap_source' returned 0; elapsed 0Total elapsed time: 13.817 sec.
@I [HLS-100] Command "source C:/Xilinx/Vivado_HLS/2015.4/common/technology/generic/autopilot/interface.gen "
@I [HLS-100] Command 'ap_source' returned 0; elapsed 0Total elapsed time: 13.817 sec.
@I [HLS-100] Command "source C:/Users/Peachy/Desktop/SeniorProj/PyramidCon_x/solution2/.autopilot/db/global.setting.tcl "
@I [HLS-100] Command 'ap_source' returned 0; elapsed 0Total elapsed time: 13.817 sec.
@I [HLS-100] Command "source C:/Xilinx/Vivado_HLS/2015.4/common/technology/xilinx/zynq/zynq.gen "
@I [HLS-100] Command "source C:/Xilinx/Vivado_HLS/2015.4/common/technology/xilinx/common/virtex.gen "
@I [HLS-100] Command "source C:/Xilinx/Vivado_HLS/2015.4/common/technology/xilinx/common/xilinx.gen "
@I [HLS-100] Command "source C:/Xilinx/Vivado_HLS/2015.4/common/technology/xilinx/interface/plb46.gen "
@I [HLS-100] Command 'ap_source' returned 0; elapsed 0Total elapsed time: 13.817 sec.
@I [HLS-100] Command "source C:/Xilinx/Vivado_HLS/2015.4/common/technology/xilinx/interface/fsl.gen "
@I [HLS-100] Command 'ap_source' returned 0; elapsed 0Total elapsed time: 13.817 sec.
@I [HLS-100] Command "source C:/Xilinx/Vivado_HLS/2015.4/common/technology/xilinx/interface/axi4.gen "
@I [HLS-100] Command 'ap_source' returned 0; elapsed 0Total elapsed time: 13.817 sec.
@I [HLS-100] Command "source C:/Xilinx/Vivado_HLS/2015.4/common/technology/xilinx/interface/nativeAXI4.gen "
@I [HLS-100] Command "source C:/Xilinx/Vivado_HLS/2015.4/common/technology/xilinx/interface/saxilite.gen "
@I [HLS-100] Command 'ap_source' returned 0; elapsed 0Total elapsed time: 13.817 sec.
@I [HLS-100] Command "source C:/Xilinx/Vivado_HLS/2015.4/common/technology/xilinx/interface/maxi.gen "
@I [HLS-100] Command 'ap_source' returned 0; elapsed 0.016Total elapsed time: 13.833 sec.
@I [HLS-100] Command 'ap_source' returned 0; elapsed 0.016Total elapsed time: 13.833 sec.
@I [HLS-100] Command "source C:/Xilinx/Vivado_HLS/2015.4/common/technology/xilinx/scripts/xilinxcoregen.gen "
@I [HLS-100] Command 'ap_source' returned 0; elapsed 0Total elapsed time: 13.833 sec.
@I [HLS-100] Command "source C:/Xilinx/Vivado_HLS/2015.4/common/technology/xilinx/interface/XilEDKCoreGen.gen "
@I [HLS-100] Command 'ap_source' returned 0; elapsed 0.016Total elapsed time: 13.848 sec.
@I [HLS-100] Command "source C:/Xilinx/Vivado_HLS/2015.4/common/technology/xilinx/ip/dds_compiler.gen "
@I [HLS-100] Command 'ap_source' returned 0; elapsed 0Total elapsed time: 13.848 sec.
@I [HLS-100] Command "source C:/Xilinx/Vivado_HLS/2015.4/common/technology/xilinx/ip/util.gen "
@I [HLS-100] Command 'ap_source' returned 0; elapsed 0Total elapsed time: 13.848 sec.
@I [HLS-100] Command "source C:/Xilinx/Vivado_HLS/2015.4/common/technology/xilinx/ip/xfft.gen "
@I [HLS-100] Command 'ap_source' returned 0; elapsed 0.078Total elapsed time: 13.926 sec.
@I [HLS-100] Command "source C:/Xilinx/Vivado_HLS/2015.4/common/technology/xilinx/ip/xfir.gen "
@I [HLS-100] Command 'ap_source' returned 0; elapsed 0.015Total elapsed time: 13.942 sec.
@I [HLS-100] Command 'ap_source' returned 0; elapsed 0.125Total elapsed time: 13.942 sec.
@I [HLS-100] Command "source C:/Xilinx/Vivado_HLS/2015.4/common/technology/xilinx/common/dsp48.gen "
@I [HLS-100] Command 'ap_source' returned 0; elapsed 0Total elapsed time: 13.942 sec.
@I [HLS-100] Command 'ap_source' returned 0; elapsed 0.125Total elapsed time: 13.942 sec.
@I [HLS-100] Command 'ap_source' returned 0; elapsed 0.125Total elapsed time: 13.942 sec.
@I [HLS-100] Command "source C:/Xilinx/Vivado_HLS/2015.4/common/technology/xilinx/zynq/zynq_fpv6.gen "
@I [HLS-100] Command "source C:/Xilinx/Vivado_HLS/2015.4/common/technology/xilinx/common/xilinx_fpv6.gen "
@I [HLS-100] Command 'ap_source' returned 0; elapsed 0.016Total elapsed time: 13.958 sec.
@I [HLS-100] Command 'ap_source' returned 0; elapsed 0.016Total elapsed time: 13.958 sec.
@I [HLS-100] Command "source C:/Users/Peachy/Desktop/SeniorProj/PyramidCon_x/solution2/.autopilot/db/global.setting.tcl "
@I [HLS-100] Command 'ap_source' returned 0; elapsed 0Total elapsed time: 13.989 sec.
@I [HLS-100] Command 'export_design' returned 0; elapsed 2043.11Total elapsed time: 2043.796 sec.
@I [HLS-100] Command 'ap_source' returned 0; elapsed 2043.31Total elapsed time: 2043.796 sec.
@I [HLS-100] Command "cleanup_all "
@I [HLS-100] Command 'cleanup_all' returned 0; elapsed 0Total elapsed time: 2043.796 sec.
