

================================================================
== Vivado HLS Report for 'pyrconstuct_top_Loop_5_proc'
================================================================
* Date:           Fri Feb 12 16:58:24 2016

* Version:        2015.4 (Build 1412921 on Wed Nov 18 09:58:55 AM 2015)
* Project:        PyramidCon_x
* Solution:       solution2
* Product family: zynq
* Target device:  xc7z020clg484-1


================================================================
== Performance Estimates
================================================================
+ Timing (ns): 
    * Summary: 
    +--------+-------+----------+------------+
    |  Clock | Target| Estimated| Uncertainty|
    +--------+-------+----------+------------+
    |ap_clk  |   5.00|      2.96|        0.63|
    +--------+-------+----------+------------+

+ Latency (clock cycles): 
    * Summary: 
    +-----+-----+-----+-----+---------+
    |  Latency  |  Interval | Pipeline|
    | min | max | min | max |   Type  |
    +-----+-----+-----+-----+---------+
    |  514|  514|  514|  514|   none  |
    +-----+-----+-----+-----+---------+

    + Detail: 
        * Instance: 
        N/A

        * Loop: 
        +----------+-----+-----+----------+-----------+-----------+------+----------+
        |          |  Latency  | Iteration|  Initiation Interval  | Trip |          |
        | Loop Name| min | max |  Latency |  achieved |   target  | Count| Pipelined|
        +----------+-----+-----+----------+-----------+-----------+------+----------+
        |- Loop 1  |  512|  512|         2|          1|          1|   512|    yes   |
        +----------+-----+-----+----------+-----------+-----------+------+----------+

============================================================
+ Verbose Summary: Synthesis Manager
============================================================
InlineROM: 1
ExposeGlobal: 0
============================================================
+ Verbose Summary: CDFG Model
============================================================
IsTopModel: 0
ResetActiveHigh: 1
IsCombinational: 2
IsDatapathOnly: 0
HasWiredReturn: 1
HasMFsm: 0
HasVarLatency: 1
IsPipeline: 0
IsRtlPipelined: 0
IsInstanceOverlapped: 0
IsDontTouch: 0
HasImplIP: 0
IsGatedGlobalClock: 0

+ Individual pipeline summary: 
  * Pipeline-0: initiation interval (II) = 1, depth = 2


============================================================
+ Verbose Summary: Schedule
============================================================
* Number of FSM states: 4
* Pipeline: 1
  Pipeline-0: II = 1, D = 2, States = { 2 3 }
* Dataflow Pipeline: 0

* FSM state transitions: 
1 --> 
	2  / true
2 --> 
	4  / (exitcond)
	3  / (!exitcond)
3 --> 
	2  / true
4 --> 
* FSM state operations: 

 <State 1>: 1.57ns
ST_1: stg_5 [1/1] 0.00ns
newFuncRoot:0  call void (...)* @_ssdm_op_SpecInterface(i24* %pyrFilOut_V_M_imag_V, i24* %pyrFilOut_V_M_real_V, [5 x i8]* @p_str274, i32 0, i32 0, i32 0, i32 1520, [1 x i8]* @p_str275, [1 x i8]* @p_str275, [1 x i8]* @p_str275, [1 x i8]* @p_str275)

ST_1: stg_6 [1/1] 0.00ns
newFuncRoot:1  call void (...)* @_ssdm_op_SpecInterface(i48* %ifftPyrOut, [8 x i8]* @ap_fifo_str, i32 0, i32 0, i32 0, i32 0, [1 x i8]* @p_str, [1 x i8]* @p_str, [1 x i8]* @p_str, [1 x i8]* @p_str)

ST_1: stg_7 [1/1] 1.57ns
newFuncRoot:2  br label %0


 <State 2>: 2.07ns
ST_2: i7 [1/1] 0.00ns
:0  %i7 = phi i10 [ 0, %newFuncRoot ], [ %i, %"ap_fixed_base<24, 11, true, 5, 3, 0>.exit" ]

ST_2: exitcond [1/1] 2.07ns
:1  %exitcond = icmp eq i10 %i7, -512

ST_2: i [1/1] 1.84ns
:2  %i = add i10 %i7, 1

ST_2: stg_11 [1/1] 0.00ns
:3  br i1 %exitcond, label %.exitStub, label %"ap_fixed_base<24, 11, true, 5, 3, 0>.exit"


 <State 3>: 2.96ns
ST_3: empty [1/1] 0.00ns
ap_fixed_base<24, 11, true, 5, 3, 0>.exit:0  %empty = call i32 (...)* @_ssdm_op_SpecLoopTripCount(i64 512, i64 512, i64 512)

ST_3: tmp_s [1/1] 0.00ns
ap_fixed_base<24, 11, true, 5, 3, 0>.exit:1  %tmp_s = call i32 (...)* @_ssdm_op_SpecRegionBegin([12 x i8]* @p_str277)

ST_3: stg_14 [1/1] 0.00ns
ap_fixed_base<24, 11, true, 5, 3, 0>.exit:2  call void (...)* @_ssdm_op_SpecPipeline(i32 1, i32 1, i32 1, i32 0, [1 x i8]* @p_str275) nounwind

ST_3: ifftPyrOut_read [1/1] 1.00ns
ap_fixed_base<24, 11, true, 5, 3, 0>.exit:3  %ifftPyrOut_read = call i48 @_ssdm_op_Read.ap_fifo.volatile.i48P(i48* %ifftPyrOut)

ST_3: tmp_9 [1/1] 0.00ns
ap_fixed_base<24, 11, true, 5, 3, 0>.exit:4  %tmp_9 = call i14 @_ssdm_op_PartSelect.i14.i48.i32.i32(i48 %ifftPyrOut_read, i32 10, i32 23)

ST_3: p_Val2_2_cast [1/1] 0.00ns
ap_fixed_base<24, 11, true, 5, 3, 0>.exit:5  %p_Val2_2_cast = sext i14 %tmp_9 to i15

ST_3: tmp [1/1] 0.00ns
ap_fixed_base<24, 11, true, 5, 3, 0>.exit:6  %tmp = call i1 @_ssdm_op_BitSelect.i1.i48.i32(i48 %ifftPyrOut_read, i32 9)

ST_3: tmp_31_cast [1/1] 0.00ns
ap_fixed_base<24, 11, true, 5, 3, 0>.exit:7  %tmp_31_cast = zext i1 %tmp to i15

ST_3: p_Val2_s [1/1] 1.96ns
ap_fixed_base<24, 11, true, 5, 3, 0>.exit:8  %p_Val2_s = add i15 %tmp_31_cast, %p_Val2_2_cast

ST_3: tmp_1 [1/1] 0.00ns
ap_fixed_base<24, 11, true, 5, 3, 0>.exit:9  %tmp_1 = call i14 @_ssdm_op_PartSelect.i14.i48.i32.i32(i48 %ifftPyrOut_read, i32 34, i32 47)

ST_3: p_Val2_4_cast [1/1] 0.00ns
ap_fixed_base<24, 11, true, 5, 3, 0>.exit:10  %p_Val2_4_cast = sext i14 %tmp_1 to i15

ST_3: tmp_2 [1/1] 0.00ns
ap_fixed_base<24, 11, true, 5, 3, 0>.exit:11  %tmp_2 = call i1 @_ssdm_op_BitSelect.i1.i48.i32(i48 %ifftPyrOut_read, i32 33)

ST_3: tmp_34_cast [1/1] 0.00ns
ap_fixed_base<24, 11, true, 5, 3, 0>.exit:12  %tmp_34_cast = zext i1 %tmp_2 to i15

ST_3: p_Val2_2 [1/1] 1.96ns
ap_fixed_base<24, 11, true, 5, 3, 0>.exit:13  %p_Val2_2 = add i15 %tmp_34_cast, %p_Val2_4_cast

ST_3: cast [1/1] 0.00ns
ap_fixed_base<24, 11, true, 5, 3, 0>.exit:14  %cast = sext i15 %p_Val2_s to i24

ST_3: cast5 [1/1] 0.00ns
ap_fixed_base<24, 11, true, 5, 3, 0>.exit:15  %cast5 = sext i15 %p_Val2_2 to i24

ST_3: stg_28 [1/1] 0.00ns
ap_fixed_base<24, 11, true, 5, 3, 0>.exit:16  call void @_ssdm_op_Write.axis.volatile.i24P.i24P(i24* %pyrFilOut_V_M_real_V, i24* %pyrFilOut_V_M_imag_V, i24 %cast, i24 %cast5)

ST_3: empty_72 [1/1] 0.00ns
ap_fixed_base<24, 11, true, 5, 3, 0>.exit:17  %empty_72 = call i32 (...)* @_ssdm_op_SpecRegionEnd([12 x i8]* @p_str277, i32 %tmp_s)

ST_3: stg_30 [1/1] 0.00ns
ap_fixed_base<24, 11, true, 5, 3, 0>.exit:18  br label %0


 <State 4>: 0.00ns
ST_4: stg_31 [1/1] 0.00ns
.exitStub:0  ret void



============================================================
+ Verbose Summary: Binding
============================================================
N/A
* FSMD analyzer results:
  - Output states:
  - Chain level:
	State 1
	State 2
	State 3
	State 4


============================================================
+ Verbose Summary: Datapath Resource usage 
============================================================
N/A
