

================================================================
== Vivado HLS Report for 'pyrconstuct_top_Loop_5_proc'
================================================================
* Date:           Fri Feb 12 16:58:25 2016

* Version:        2015.4 (Build 1412921 on Wed Nov 18 09:58:55 AM 2015)
* Project:        PyramidCon_x
* Solution:       solution2
* Product family: zynq
* Target device:  xc7z020clg484-1


================================================================
== Performance Estimates
================================================================
+ Timing (ns): 
    * Summary: 
    +--------+-------+----------+------------+
    |  Clock | Target| Estimated| Uncertainty|
    +--------+-------+----------+------------+
    |ap_clk  |   5.00|      2.96|        0.63|
    +--------+-------+----------+------------+

+ Latency (clock cycles): 
    * Summary: 
    +-----+-----+-----+-----+---------+
    |  Latency  |  Interval | Pipeline|
    | min | max | min | max |   Type  |
    +-----+-----+-----+-----+---------+
    |  514|  514|  514|  514|   none  |
    +-----+-----+-----+-----+---------+

    + Detail: 
        * Instance: 
        N/A

        * Loop: 
        +----------+-----+-----+----------+-----------+-----------+------+----------+
        |          |  Latency  | Iteration|  Initiation Interval  | Trip |          |
        | Loop Name| min | max |  Latency |  achieved |   target  | Count| Pipelined|
        +----------+-----+-----+----------+-----------+-----------+------+----------+
        |- Loop 1  |  512|  512|         2|          1|          1|   512|    yes   |
        +----------+-----+-----+----------+-----------+-----------+------+----------+



================================================================
== Utilization Estimates
================================================================
* Summary: 
+-----------------+---------+-------+--------+-------+
|       Name      | BRAM_18K| DSP48E|   FF   |  LUT  |
+-----------------+---------+-------+--------+-------+
|DSP              |        -|      -|       -|      -|
|Expression       |        -|      -|       0|     49|
|FIFO             |        -|      -|       -|      -|
|Instance         |        -|      -|       -|      -|
|Memory           |        -|      -|       -|      -|
|Multiplexer      |        -|      -|       -|     12|
|Register         |        -|      -|      19|      -|
+-----------------+---------+-------+--------+-------+
|Total            |        0|      0|      19|     61|
+-----------------+---------+-------+--------+-------+
|Available        |      280|    220|  106400|  53200|
+-----------------+---------+-------+--------+-------+
|Utilization (%)  |        0|      0|   ~0   |   ~0  |
+-----------------+---------+-------+--------+-------+

+ Detail: 
    * Instance: 
    N/A

    * DSP48: 
    N/A

    * Memory: 
    N/A

    * FIFO: 
    N/A

    * Expression: 
    +--------------------+----------+-------+---+----+------------+------------+
    |    Variable Name   | Operation| DSP48E| FF| LUT| Bitwidth P0| Bitwidth P1|
    +--------------------+----------+-------+---+----+------------+------------+
    |i_fu_93_p2          |     +    |      0|  0|  10|          10|           1|
    |p_Val2_2_fu_157_p2  |     +    |      0|  0|  15|          15|          15|
    |p_Val2_s_fu_125_p2  |     +    |      0|  0|  15|          15|          15|
    |ap_sig_bdd_189      |    and   |      0|  0|   1|           1|           1|
    |ap_sig_bdd_190      |    and   |      0|  0|   1|           1|           1|
    |ap_sig_bdd_193      |    and   |      0|  0|   1|           1|           1|
    |ap_sig_bdd_56       |    and   |      0|  0|   1|           1|           1|
    |exitcond_fu_87_p2   |   icmp   |      0|  0|   4|          10|          11|
    |ap_sig_bdd_73       |    or    |      0|  0|   1|           1|           1|
    +--------------------+----------+-------+---+----+------------+------------+
    |Total               |          |      0|  0|  49|          55|          47|
    +--------------------+----------+-------+---+----+------------+------------+

    * Multiplexer: 
    +--------------------------------------------+----+-----------+-----+-----------+
    |                    Name                    | LUT| Input Size| Bits| Total Bits|
    +--------------------------------------------+----+-----------+-----+-----------+
    |ap_NS_fsm                                   |   1|          4|    1|          4|
    |ap_sig_ioackin_pyrFilOut_V_M_real_V_TREADY  |   1|          2|    1|          2|
    |i7_reg_76                                   |  10|          2|   10|         20|
    +--------------------------------------------+----+-----------+-----+-----------+
    |Total                                       |  12|          8|   12|         26|
    +--------------------------------------------+----+-----------+-----+-----------+

    * Register: 
    +--------------------------------------------+----+----+-----+-----------+
    |                    Name                    | FF | LUT| Bits| Const Bits|
    +--------------------------------------------+----+----+-----+-----------+
    |ap_CS_fsm                                   |   3|   0|    3|          0|
    |ap_done_reg                                 |   1|   0|    1|          0|
    |ap_reg_ioackin_pyrFilOut_V_M_imag_V_TREADY  |   1|   0|    1|          0|
    |ap_reg_ioackin_pyrFilOut_V_M_real_V_TREADY  |   1|   0|    1|          0|
    |ap_reg_ppiten_pp0_it0                       |   1|   0|    1|          0|
    |ap_reg_ppiten_pp0_it1                       |   1|   0|    1|          0|
    |exitcond_reg_173                            |   1|   0|    1|          0|
    |i7_reg_76                                   |  10|   0|   10|          0|
    +--------------------------------------------+----+----+-----+-----------+
    |Total                                       |  19|   0|   19|          0|
    +--------------------------------------------+----+----+-----+-----------+



================================================================
== Interface
================================================================
* Summary: 
+-----------------------------+-----+-----+------------+-----------------------------+--------------+
|          RTL Ports          | Dir | Bits|  Protocol  |        Source Object        |    C Type    |
+-----------------------------+-----+-----+------------+-----------------------------+--------------+
|ap_clk                       |  in |    1| ap_ctrl_hs | pyrconstuct_top_Loop_5_proc | return value |
|ap_rst                       |  in |    1| ap_ctrl_hs | pyrconstuct_top_Loop_5_proc | return value |
|ap_start                     |  in |    1| ap_ctrl_hs | pyrconstuct_top_Loop_5_proc | return value |
|ap_done                      | out |    1| ap_ctrl_hs | pyrconstuct_top_Loop_5_proc | return value |
|ap_continue                  |  in |    1| ap_ctrl_hs | pyrconstuct_top_Loop_5_proc | return value |
|ap_idle                      | out |    1| ap_ctrl_hs | pyrconstuct_top_Loop_5_proc | return value |
|ap_ready                     | out |    1| ap_ctrl_hs | pyrconstuct_top_Loop_5_proc | return value |
|ifftPyrOut_dout              |  in |   48|   ap_fifo  |          ifftPyrOut         |    pointer   |
|ifftPyrOut_empty_n           |  in |    1|   ap_fifo  |          ifftPyrOut         |    pointer   |
|ifftPyrOut_read              | out |    1|   ap_fifo  |          ifftPyrOut         |    pointer   |
|pyrFilOut_V_M_real_V_TDATA   | out |   24|    axis    |     pyrFilOut_V_M_real_V    |    pointer   |
|pyrFilOut_V_M_real_V_TVALID  | out |    1|    axis    |     pyrFilOut_V_M_real_V    |    pointer   |
|pyrFilOut_V_M_real_V_TREADY  |  in |    1|    axis    |     pyrFilOut_V_M_real_V    |    pointer   |
|pyrFilOut_V_M_imag_V_TDATA   | out |   24|    axis    |     pyrFilOut_V_M_imag_V    |    pointer   |
|pyrFilOut_V_M_imag_V_TVALID  | out |    1|    axis    |     pyrFilOut_V_M_imag_V    |    pointer   |
|pyrFilOut_V_M_imag_V_TREADY  |  in |    1|    axis    |     pyrFilOut_V_M_imag_V    |    pointer   |
+-----------------------------+-----+-----+------------+-----------------------------+--------------+

============================================================
+ Verbose Summary: Synthesis Manager
============================================================
InlineROM: 1
ExposeGlobal: 0
============================================================
+ Verbose Summary: CDFG Model
============================================================
IsTopModel: 0
ResetActiveHigh: 1
IsCombinational: 2
IsDatapathOnly: 0
HasWiredReturn: 1
HasMFsm: 0
HasVarLatency: 1
IsPipeline: 0
IsRtlPipelined: 0
IsInstanceOverlapped: 0
IsDontTouch: 0
HasImplIP: 0
IsGatedGlobalClock: 0

+ Individual pipeline summary: 
  * Pipeline-0: initiation interval (II) = 1, depth = 2


============================================================
+ Verbose Summary: Schedule
============================================================
* Number of FSM states: 4
* Pipeline: 1
  Pipeline-0: II = 1, D = 2, States = { 2 3 }
* Dataflow Pipeline: 0

* FSM state transitions: 
1 --> 
	2  / true
2 --> 
	4  / (exitcond)
	3  / (!exitcond)
3 --> 
	2  / true
4 --> 
* FSM state operations: 

 <State 1>: 1.57ns
ST_1: stg_5 [1/1] 0.00ns
newFuncRoot:0  call void (...)* @_ssdm_op_SpecInterface(i24* %pyrFilOut_V_M_imag_V, i24* %pyrFilOut_V_M_real_V, [5 x i8]* @p_str274, i32 0, i32 0, i32 0, i32 1520, [1 x i8]* @p_str275, [1 x i8]* @p_str275, [1 x i8]* @p_str275, [1 x i8]* @p_str275)

ST_1: stg_6 [1/1] 0.00ns
newFuncRoot:1  call void (...)* @_ssdm_op_SpecInterface(i48* %ifftPyrOut, [8 x i8]* @ap_fifo_str, i32 0, i32 0, i32 0, i32 0, [1 x i8]* @p_str, [1 x i8]* @p_str, [1 x i8]* @p_str, [1 x i8]* @p_str)

ST_1: stg_7 [1/1] 1.57ns
newFuncRoot:2  br label %0


 <State 2>: 2.07ns
ST_2: i7 [1/1] 0.00ns
:0  %i7 = phi i10 [ 0, %newFuncRoot ], [ %i, %"ap_fixed_base<24, 11, true, 5, 3, 0>.exit" ]

ST_2: exitcond [1/1] 2.07ns
:1  %exitcond = icmp eq i10 %i7, -512

ST_2: i [1/1] 1.84ns
:2  %i = add i10 %i7, 1

ST_2: stg_11 [1/1] 0.00ns
:3  br i1 %exitcond, label %.exitStub, label %"ap_fixed_base<24, 11, true, 5, 3, 0>.exit"


 <State 3>: 2.96ns
ST_3: empty [1/1] 0.00ns
ap_fixed_base<24, 11, true, 5, 3, 0>.exit:0  %empty = call i32 (...)* @_ssdm_op_SpecLoopTripCount(i64 512, i64 512, i64 512)

ST_3: tmp_s [1/1] 0.00ns
ap_fixed_base<24, 11, true, 5, 3, 0>.exit:1  %tmp_s = call i32 (...)* @_ssdm_op_SpecRegionBegin([12 x i8]* @p_str277)

ST_3: stg_14 [1/1] 0.00ns
ap_fixed_base<24, 11, true, 5, 3, 0>.exit:2  call void (...)* @_ssdm_op_SpecPipeline(i32 1, i32 1, i32 1, i32 0, [1 x i8]* @p_str275) nounwind

ST_3: ifftPyrOut_read [1/1] 1.00ns
ap_fixed_base<24, 11, true, 5, 3, 0>.exit:3  %ifftPyrOut_read = call i48 @_ssdm_op_Read.ap_fifo.volatile.i48P(i48* %ifftPyrOut)

ST_3: tmp_9 [1/1] 0.00ns
ap_fixed_base<24, 11, true, 5, 3, 0>.exit:4  %tmp_9 = call i14 @_ssdm_op_PartSelect.i14.i48.i32.i32(i48 %ifftPyrOut_read, i32 10, i32 23)

ST_3: p_Val2_2_cast [1/1] 0.00ns
ap_fixed_base<24, 11, true, 5, 3, 0>.exit:5  %p_Val2_2_cast = sext i14 %tmp_9 to i15

ST_3: tmp [1/1] 0.00ns
ap_fixed_base<24, 11, true, 5, 3, 0>.exit:6  %tmp = call i1 @_ssdm_op_BitSelect.i1.i48.i32(i48 %ifftPyrOut_read, i32 9)

ST_3: tmp_31_cast [1/1] 0.00ns
ap_fixed_base<24, 11, true, 5, 3, 0>.exit:7  %tmp_31_cast = zext i1 %tmp to i15

ST_3: p_Val2_s [1/1] 1.96ns
ap_fixed_base<24, 11, true, 5, 3, 0>.exit:8  %p_Val2_s = add i15 %tmp_31_cast, %p_Val2_2_cast

ST_3: tmp_1 [1/1] 0.00ns
ap_fixed_base<24, 11, true, 5, 3, 0>.exit:9  %tmp_1 = call i14 @_ssdm_op_PartSelect.i14.i48.i32.i32(i48 %ifftPyrOut_read, i32 34, i32 47)

ST_3: p_Val2_4_cast [1/1] 0.00ns
ap_fixed_base<24, 11, true, 5, 3, 0>.exit:10  %p_Val2_4_cast = sext i14 %tmp_1 to i15

ST_3: tmp_2 [1/1] 0.00ns
ap_fixed_base<24, 11, true, 5, 3, 0>.exit:11  %tmp_2 = call i1 @_ssdm_op_BitSelect.i1.i48.i32(i48 %ifftPyrOut_read, i32 33)

ST_3: tmp_34_cast [1/1] 0.00ns
ap_fixed_base<24, 11, true, 5, 3, 0>.exit:12  %tmp_34_cast = zext i1 %tmp_2 to i15

ST_3: p_Val2_2 [1/1] 1.96ns
ap_fixed_base<24, 11, true, 5, 3, 0>.exit:13  %p_Val2_2 = add i15 %tmp_34_cast, %p_Val2_4_cast

ST_3: cast [1/1] 0.00ns
ap_fixed_base<24, 11, true, 5, 3, 0>.exit:14  %cast = sext i15 %p_Val2_s to i24

ST_3: cast5 [1/1] 0.00ns
ap_fixed_base<24, 11, true, 5, 3, 0>.exit:15  %cast5 = sext i15 %p_Val2_2 to i24

ST_3: stg_28 [1/1] 0.00ns
ap_fixed_base<24, 11, true, 5, 3, 0>.exit:16  call void @_ssdm_op_Write.axis.volatile.i24P.i24P(i24* %pyrFilOut_V_M_real_V, i24* %pyrFilOut_V_M_imag_V, i24 %cast, i24 %cast5)

ST_3: empty_72 [1/1] 0.00ns
ap_fixed_base<24, 11, true, 5, 3, 0>.exit:17  %empty_72 = call i32 (...)* @_ssdm_op_SpecRegionEnd([12 x i8]* @p_str277, i32 %tmp_s)

ST_3: stg_30 [1/1] 0.00ns
ap_fixed_base<24, 11, true, 5, 3, 0>.exit:18  br label %0


 <State 4>: 0.00ns
ST_4: stg_31 [1/1] 0.00ns
.exitStub:0  ret void



============================================================
+ Verbose Summary: Binding
============================================================
STG Binding: 
---------------- STG Properties BEGIN ----------------
- Is combinational: 0
- Is one-state seq: 0
- Is datapath-only: 0
- Is clock enabled: 0
- Is pipelined: 0
- Is top level: 0
Port [ Return ] is wired: 1; IO mode=ap_ctrl_hs:ce=0
Port [ ifftPyrOut]:  wired=1; compound=1; hidden=0; nouse=0; global=0; static=0; extern=0; dir=0; type=3; mode=0x24a4ea9b520; pingpong=0; private_global=0; IO mode=ap_fifo:ce=0
Port [ pyrFilOut_V_M_real_V]:  wired=1; compound=1; hidden=0; nouse=0; global=0; static=0; extern=0; dir=1; type=0; mode=0x24a4ea97aa0; pingpong=0; private_global=0; IO mode=axis:ce=0
Port [ pyrFilOut_V_M_imag_V]:  wired=1; compound=1; hidden=0; nouse=0; global=0; static=0; extern=0; dir=1; type=0; mode=0x24a4ea97b30; pingpong=0; private_global=0; IO mode=axis:ce=0
---------------- STG Properties END ------------------

---------------- Datapath Model BEGIN ----------------

<LifeTime>
<method=bitvector/>
stg_5           (specinterface    ) [ 00000]
stg_6           (specinterface    ) [ 00000]
stg_7           (br               ) [ 01110]
i7              (phi              ) [ 00100]
exitcond        (icmp             ) [ 00110]
i               (add              ) [ 01110]
stg_11          (br               ) [ 00000]
empty           (speclooptripcount) [ 00000]
tmp_s           (specregionbegin  ) [ 00000]
stg_14          (specpipeline     ) [ 00000]
ifftPyrOut_read (read             ) [ 00000]
tmp_9           (partselect       ) [ 00000]
p_Val2_2_cast   (sext             ) [ 00000]
tmp             (bitselect        ) [ 00000]
tmp_31_cast     (zext             ) [ 00000]
p_Val2_s        (add              ) [ 00000]
tmp_1           (partselect       ) [ 00000]
p_Val2_4_cast   (sext             ) [ 00000]
tmp_2           (bitselect        ) [ 00000]
tmp_34_cast     (zext             ) [ 00000]
p_Val2_2        (add              ) [ 00000]
cast            (sext             ) [ 00000]
cast5           (sext             ) [ 00000]
stg_28          (write            ) [ 00000]
empty_72        (specregionend    ) [ 00000]
stg_30          (br               ) [ 01110]
stg_31          (ret              ) [ 00000]
</LifeTime>

<model>

<comp_list>
<comp id="0" class="1000" name="ifftPyrOut">
<pin_list>
<pin id="1" dir="1" index="0" bw="1" slack="0"/>
</pin_list>
<bind>
<StgValue><ssdm name="ifftPyrOut"/></StgValue>
</bind>
</comp>

<comp id="2" class="1000" name="pyrFilOut_V_M_real_V">
<pin_list>
<pin id="3" dir="1" index="0" bw="1" slack="0"/>
</pin_list>
<bind>
<StgValue><ssdm name="pyrFilOut_V_M_real_V"/></StgValue>
</bind>
</comp>

<comp id="4" class="1000" name="pyrFilOut_V_M_imag_V">
<pin_list>
<pin id="5" dir="1" index="0" bw="1" slack="0"/>
</pin_list>
<bind>
<StgValue><ssdm name="pyrFilOut_V_M_imag_V"/></StgValue>
</bind>
</comp>

<comp id="6" class="1001" name="const_6">
<pin_list>
<pin id="7" dir="1" index="0" bw="1" slack="2147483647"/>
</pin_list>
<bind>
<StgValue><ssdm name="_ssdm_op_SpecInterface"/></StgValue>
</bind>
</comp>

<comp id="8" class="1001" name="const_8">
<pin_list>
<pin id="9" dir="1" index="0" bw="1" slack="2147483647"/>
</pin_list>
<bind>
<StgValue><ssdm name="p_str274"/></StgValue>
</bind>
</comp>

<comp id="10" class="1001" name="const_10">
<pin_list>
<pin id="11" dir="1" index="0" bw="1" slack="2147483647"/>
</pin_list>
<bind>
<StgValue><ssdm name=""/></StgValue>
</bind>
</comp>

<comp id="12" class="1001" name="const_12">
<pin_list>
<pin id="13" dir="1" index="0" bw="1" slack="2147483647"/>
</pin_list>
<bind>
<StgValue><ssdm name=""/></StgValue>
</bind>
</comp>

<comp id="14" class="1001" name="const_14">
<pin_list>
<pin id="15" dir="1" index="0" bw="1" slack="2147483647"/>
</pin_list>
<bind>
<StgValue><ssdm name="p_str275"/></StgValue>
</bind>
</comp>

<comp id="16" class="1001" name="const_16">
<pin_list>
<pin id="17" dir="1" index="0" bw="1" slack="2147483647"/>
</pin_list>
<bind>
<StgValue><ssdm name="ap_fifo_str"/></StgValue>
</bind>
</comp>

<comp id="18" class="1001" name="const_18">
<pin_list>
<pin id="19" dir="1" index="0" bw="1" slack="2147483647"/>
</pin_list>
<bind>
<StgValue><ssdm name="p_str"/></StgValue>
</bind>
</comp>

<comp id="20" class="1001" name="const_20">
<pin_list>
<pin id="21" dir="1" index="0" bw="1" slack="1"/>
</pin_list>
<bind>
<StgValue><ssdm name=""/></StgValue>
</bind>
</comp>

<comp id="22" class="1001" name="const_22">
<pin_list>
<pin id="23" dir="1" index="0" bw="1" slack="0"/>
</pin_list>
<bind>
<StgValue><ssdm name=""/></StgValue>
</bind>
</comp>

<comp id="24" class="1001" name="const_24">
<pin_list>
<pin id="25" dir="1" index="0" bw="1" slack="0"/>
</pin_list>
<bind>
<StgValue><ssdm name=""/></StgValue>
</bind>
</comp>

<comp id="26" class="1001" name="const_26">
<pin_list>
<pin id="27" dir="1" index="0" bw="1" slack="2147483647"/>
</pin_list>
<bind>
<StgValue><ssdm name="_ssdm_op_SpecLoopTripCount"/></StgValue>
</bind>
</comp>

<comp id="28" class="1001" name="const_28">
<pin_list>
<pin id="29" dir="1" index="0" bw="1" slack="2147483647"/>
</pin_list>
<bind>
<StgValue><ssdm name=""/></StgValue>
</bind>
</comp>

<comp id="30" class="1001" name="const_30">
<pin_list>
<pin id="31" dir="1" index="0" bw="1" slack="2147483647"/>
</pin_list>
<bind>
<StgValue><ssdm name="_ssdm_op_SpecRegionBegin"/></StgValue>
</bind>
</comp>

<comp id="32" class="1001" name="const_32">
<pin_list>
<pin id="33" dir="1" index="0" bw="1" slack="2147483647"/>
</pin_list>
<bind>
<StgValue><ssdm name="p_str277"/></StgValue>
</bind>
</comp>

<comp id="34" class="1001" name="const_34">
<pin_list>
<pin id="35" dir="1" index="0" bw="1" slack="2147483647"/>
</pin_list>
<bind>
<StgValue><ssdm name="_ssdm_op_SpecPipeline"/></StgValue>
</bind>
</comp>

<comp id="36" class="1001" name="const_36">
<pin_list>
<pin id="37" dir="1" index="0" bw="1" slack="2147483647"/>
</pin_list>
<bind>
<StgValue><ssdm name=""/></StgValue>
</bind>
</comp>

<comp id="38" class="1001" name="const_38">
<pin_list>
<pin id="39" dir="1" index="0" bw="1" slack="0"/>
</pin_list>
<bind>
<StgValue><ssdm name="_ssdm_op_Read.ap_fifo.volatile.i48P"/></StgValue>
</bind>
</comp>

<comp id="40" class="1001" name="const_40">
<pin_list>
<pin id="41" dir="1" index="0" bw="1" slack="0"/>
</pin_list>
<bind>
<StgValue><ssdm name="_ssdm_op_PartSelect.i14.i48.i32.i32"/></StgValue>
</bind>
</comp>

<comp id="42" class="1001" name="const_42">
<pin_list>
<pin id="43" dir="1" index="0" bw="1" slack="0"/>
</pin_list>
<bind>
<StgValue><ssdm name=""/></StgValue>
</bind>
</comp>

<comp id="44" class="1001" name="const_44">
<pin_list>
<pin id="45" dir="1" index="0" bw="1" slack="0"/>
</pin_list>
<bind>
<StgValue><ssdm name=""/></StgValue>
</bind>
</comp>

<comp id="46" class="1001" name="const_46">
<pin_list>
<pin id="47" dir="1" index="0" bw="1" slack="0"/>
</pin_list>
<bind>
<StgValue><ssdm name="_ssdm_op_BitSelect.i1.i48.i32"/></StgValue>
</bind>
</comp>

<comp id="48" class="1001" name="const_48">
<pin_list>
<pin id="49" dir="1" index="0" bw="1" slack="0"/>
</pin_list>
<bind>
<StgValue><ssdm name=""/></StgValue>
</bind>
</comp>

<comp id="50" class="1001" name="const_50">
<pin_list>
<pin id="51" dir="1" index="0" bw="1" slack="0"/>
</pin_list>
<bind>
<StgValue><ssdm name=""/></StgValue>
</bind>
</comp>

<comp id="52" class="1001" name="const_52">
<pin_list>
<pin id="53" dir="1" index="0" bw="1" slack="0"/>
</pin_list>
<bind>
<StgValue><ssdm name=""/></StgValue>
</bind>
</comp>

<comp id="54" class="1001" name="const_54">
<pin_list>
<pin id="55" dir="1" index="0" bw="1" slack="0"/>
</pin_list>
<bind>
<StgValue><ssdm name=""/></StgValue>
</bind>
</comp>

<comp id="56" class="1001" name="const_56">
<pin_list>
<pin id="57" dir="1" index="0" bw="1" slack="0"/>
</pin_list>
<bind>
<StgValue><ssdm name="_ssdm_op_Write.axis.volatile.i24P.i24P"/></StgValue>
</bind>
</comp>

<comp id="58" class="1001" name="const_58">
<pin_list>
<pin id="59" dir="1" index="0" bw="1" slack="2147483647"/>
</pin_list>
<bind>
<StgValue><ssdm name="_ssdm_op_SpecRegionEnd"/></StgValue>
</bind>
</comp>

<comp id="60" class="1004" name="ifftPyrOut_read_read_fu_60">
<pin_list>
<pin id="61" dir="0" index="0" bw="48" slack="0"/>
<pin id="62" dir="0" index="1" bw="48" slack="0"/>
<pin id="63" dir="1" index="2" bw="48" slack="0"/>
</pin_list>
<bind>
<opcode="read(1150) " fcode="read"/>
<opset="ifftPyrOut_read/3 "/>
</bind>
</comp>

<comp id="66" class="1004" name="stg_28_write_fu_66">
<pin_list>
<pin id="67" dir="0" index="0" bw="0" slack="0"/>
<pin id="68" dir="0" index="1" bw="24" slack="0"/>
<pin id="69" dir="0" index="2" bw="24" slack="0"/>
<pin id="70" dir="0" index="3" bw="15" slack="0"/>
<pin id="71" dir="0" index="4" bw="15" slack="0"/>
<pin id="72" dir="1" index="5" bw="0" slack="2147483647"/>
</pin_list>
<bind>
<opcode="write(1151) " fcode="write"/>
<opset="stg_28/3 "/>
</bind>
</comp>

<comp id="76" class="1005" name="i7_reg_76">
<pin_list>
<pin id="77" dir="0" index="0" bw="10" slack="1"/>
<pin id="78" dir="1" index="1" bw="10" slack="1"/>
</pin_list>
<bind>
<opset="i7 (phireg) "/>
</bind>
</comp>

<comp id="80" class="1004" name="i7_phi_fu_80">
<pin_list>
<pin id="81" dir="0" index="0" bw="1" slack="1"/>
<pin id="82" dir="0" index="1" bw="0" slack="2147483647"/>
<pin id="83" dir="0" index="2" bw="10" slack="0"/>
<pin id="84" dir="0" index="3" bw="0" slack="2147483647"/>
<pin id="85" dir="1" index="4" bw="10" slack="0"/>
</pin_list>
<bind>
<opcode="phi(47) " fcode="phi"/>
<opset="i7/2 "/>
</bind>
</comp>

<comp id="87" class="1004" name="exitcond_fu_87">
<pin_list>
<pin id="88" dir="0" index="0" bw="10" slack="0"/>
<pin id="89" dir="0" index="1" bw="10" slack="0"/>
<pin id="90" dir="1" index="2" bw="1" slack="1"/>
</pin_list>
<bind>
<opcode="icmp(45) " fcode="icmp"/>
<opset="exitcond/2 "/>
</bind>
</comp>

<comp id="93" class="1004" name="i_fu_93">
<pin_list>
<pin id="94" dir="0" index="0" bw="10" slack="0"/>
<pin id="95" dir="0" index="1" bw="1" slack="0"/>
<pin id="96" dir="1" index="2" bw="10" slack="0"/>
</pin_list>
<bind>
<opcode="add(8) " fcode="add"/>
<opset="i/2 "/>
</bind>
</comp>

<comp id="99" class="1004" name="tmp_9_fu_99">
<pin_list>
<pin id="100" dir="0" index="0" bw="14" slack="0"/>
<pin id="101" dir="0" index="1" bw="48" slack="0"/>
<pin id="102" dir="0" index="2" bw="5" slack="0"/>
<pin id="103" dir="0" index="3" bw="6" slack="0"/>
<pin id="104" dir="1" index="4" bw="14" slack="0"/>
</pin_list>
<bind>
<opcode="partselect(1002) " fcode="partselect"/>
<opset="tmp_9/3 "/>
</bind>
</comp>

<comp id="109" class="1004" name="p_Val2_2_cast_fu_109">
<pin_list>
<pin id="110" dir="0" index="0" bw="14" slack="0"/>
<pin id="111" dir="1" index="1" bw="15" slack="0"/>
</pin_list>
<bind>
<opcode="sext(35) " fcode="sext"/>
<opset="p_Val2_2_cast/3 "/>
</bind>
</comp>

<comp id="113" class="1004" name="tmp_fu_113">
<pin_list>
<pin id="114" dir="0" index="0" bw="1" slack="0"/>
<pin id="115" dir="0" index="1" bw="48" slack="0"/>
<pin id="116" dir="0" index="2" bw="5" slack="0"/>
<pin id="117" dir="1" index="3" bw="1" slack="0"/>
</pin_list>
<bind>
<opcode="bitselect(1000) " fcode="bitselect"/>
<opset="tmp/3 "/>
</bind>
</comp>

<comp id="121" class="1004" name="tmp_31_cast_fu_121">
<pin_list>
<pin id="122" dir="0" index="0" bw="1" slack="0"/>
<pin id="123" dir="1" index="1" bw="15" slack="0"/>
</pin_list>
<bind>
<opcode="zext(34) " fcode="zext"/>
<opset="tmp_31_cast/3 "/>
</bind>
</comp>

<comp id="125" class="1004" name="p_Val2_s_fu_125">
<pin_list>
<pin id="126" dir="0" index="0" bw="1" slack="0"/>
<pin id="127" dir="0" index="1" bw="14" slack="0"/>
<pin id="128" dir="1" index="2" bw="15" slack="0"/>
</pin_list>
<bind>
<opcode="add(8) " fcode="add"/>
<opset="p_Val2_s/3 "/>
</bind>
</comp>

<comp id="131" class="1004" name="tmp_1_fu_131">
<pin_list>
<pin id="132" dir="0" index="0" bw="14" slack="0"/>
<pin id="133" dir="0" index="1" bw="48" slack="0"/>
<pin id="134" dir="0" index="2" bw="7" slack="0"/>
<pin id="135" dir="0" index="3" bw="7" slack="0"/>
<pin id="136" dir="1" index="4" bw="14" slack="0"/>
</pin_list>
<bind>
<opcode="partselect(1002) " fcode="partselect"/>
<opset="tmp_1/3 "/>
</bind>
</comp>

<comp id="141" class="1004" name="p_Val2_4_cast_fu_141">
<pin_list>
<pin id="142" dir="0" index="0" bw="14" slack="0"/>
<pin id="143" dir="1" index="1" bw="15" slack="0"/>
</pin_list>
<bind>
<opcode="sext(35) " fcode="sext"/>
<opset="p_Val2_4_cast/3 "/>
</bind>
</comp>

<comp id="145" class="1004" name="tmp_2_fu_145">
<pin_list>
<pin id="146" dir="0" index="0" bw="1" slack="0"/>
<pin id="147" dir="0" index="1" bw="48" slack="0"/>
<pin id="148" dir="0" index="2" bw="7" slack="0"/>
<pin id="149" dir="1" index="3" bw="1" slack="0"/>
</pin_list>
<bind>
<opcode="bitselect(1000) " fcode="bitselect"/>
<opset="tmp_2/3 "/>
</bind>
</comp>

<comp id="153" class="1004" name="tmp_34_cast_fu_153">
<pin_list>
<pin id="154" dir="0" index="0" bw="1" slack="0"/>
<pin id="155" dir="1" index="1" bw="15" slack="0"/>
</pin_list>
<bind>
<opcode="zext(34) " fcode="zext"/>
<opset="tmp_34_cast/3 "/>
</bind>
</comp>

<comp id="157" class="1004" name="p_Val2_2_fu_157">
<pin_list>
<pin id="158" dir="0" index="0" bw="1" slack="0"/>
<pin id="159" dir="0" index="1" bw="14" slack="0"/>
<pin id="160" dir="1" index="2" bw="15" slack="0"/>
</pin_list>
<bind>
<opcode="add(8) " fcode="add"/>
<opset="p_Val2_2/3 "/>
</bind>
</comp>

<comp id="163" class="1004" name="cast_fu_163">
<pin_list>
<pin id="164" dir="0" index="0" bw="15" slack="0"/>
<pin id="165" dir="1" index="1" bw="24" slack="0"/>
</pin_list>
<bind>
<opcode="sext(35) " fcode="sext"/>
<opset="cast/3 "/>
</bind>
</comp>

<comp id="168" class="1004" name="cast5_fu_168">
<pin_list>
<pin id="169" dir="0" index="0" bw="15" slack="0"/>
<pin id="170" dir="1" index="1" bw="24" slack="0"/>
</pin_list>
<bind>
<opcode="sext(35) " fcode="sext"/>
<opset="cast5/3 "/>
</bind>
</comp>

<comp id="173" class="1005" name="exitcond_reg_173">
<pin_list>
<pin id="174" dir="0" index="0" bw="1" slack="1"/>
<pin id="175" dir="1" index="1" bw="1" slack="2147483647"/>
</pin_list>
<bind>
<opset="exitcond "/>
</bind>
</comp>

<comp id="177" class="1005" name="i_reg_177">
<pin_list>
<pin id="178" dir="0" index="0" bw="10" slack="0"/>
<pin id="179" dir="1" index="1" bw="10" slack="0"/>
</pin_list>
<bind>
<opset="i "/>
</bind>
</comp>

</comp_list>

<net_list>
<net id="64"><net_src comp="38" pin="0"/><net_sink comp="60" pin=0"/></net>

<net id="65"><net_src comp="0" pin="0"/><net_sink comp="60" pin=1"/></net>

<net id="73"><net_src comp="56" pin="0"/><net_sink comp="66" pin=0"/></net>

<net id="74"><net_src comp="2" pin="0"/><net_sink comp="66" pin=1"/></net>

<net id="75"><net_src comp="4" pin="0"/><net_sink comp="66" pin=2"/></net>

<net id="79"><net_src comp="20" pin="0"/><net_sink comp="76" pin=0"/></net>

<net id="86"><net_src comp="76" pin="1"/><net_sink comp="80" pin=0"/></net>

<net id="91"><net_src comp="80" pin="4"/><net_sink comp="87" pin=0"/></net>

<net id="92"><net_src comp="22" pin="0"/><net_sink comp="87" pin=1"/></net>

<net id="97"><net_src comp="80" pin="4"/><net_sink comp="93" pin=0"/></net>

<net id="98"><net_src comp="24" pin="0"/><net_sink comp="93" pin=1"/></net>

<net id="105"><net_src comp="40" pin="0"/><net_sink comp="99" pin=0"/></net>

<net id="106"><net_src comp="60" pin="2"/><net_sink comp="99" pin=1"/></net>

<net id="107"><net_src comp="42" pin="0"/><net_sink comp="99" pin=2"/></net>

<net id="108"><net_src comp="44" pin="0"/><net_sink comp="99" pin=3"/></net>

<net id="112"><net_src comp="99" pin="4"/><net_sink comp="109" pin=0"/></net>

<net id="118"><net_src comp="46" pin="0"/><net_sink comp="113" pin=0"/></net>

<net id="119"><net_src comp="60" pin="2"/><net_sink comp="113" pin=1"/></net>

<net id="120"><net_src comp="48" pin="0"/><net_sink comp="113" pin=2"/></net>

<net id="124"><net_src comp="113" pin="3"/><net_sink comp="121" pin=0"/></net>

<net id="129"><net_src comp="121" pin="1"/><net_sink comp="125" pin=0"/></net>

<net id="130"><net_src comp="109" pin="1"/><net_sink comp="125" pin=1"/></net>

<net id="137"><net_src comp="40" pin="0"/><net_sink comp="131" pin=0"/></net>

<net id="138"><net_src comp="60" pin="2"/><net_sink comp="131" pin=1"/></net>

<net id="139"><net_src comp="50" pin="0"/><net_sink comp="131" pin=2"/></net>

<net id="140"><net_src comp="52" pin="0"/><net_sink comp="131" pin=3"/></net>

<net id="144"><net_src comp="131" pin="4"/><net_sink comp="141" pin=0"/></net>

<net id="150"><net_src comp="46" pin="0"/><net_sink comp="145" pin=0"/></net>

<net id="151"><net_src comp="60" pin="2"/><net_sink comp="145" pin=1"/></net>

<net id="152"><net_src comp="54" pin="0"/><net_sink comp="145" pin=2"/></net>

<net id="156"><net_src comp="145" pin="3"/><net_sink comp="153" pin=0"/></net>

<net id="161"><net_src comp="153" pin="1"/><net_sink comp="157" pin=0"/></net>

<net id="162"><net_src comp="141" pin="1"/><net_sink comp="157" pin=1"/></net>

<net id="166"><net_src comp="125" pin="2"/><net_sink comp="163" pin=0"/></net>

<net id="167"><net_src comp="163" pin="1"/><net_sink comp="66" pin=3"/></net>

<net id="171"><net_src comp="157" pin="2"/><net_sink comp="168" pin=0"/></net>

<net id="172"><net_src comp="168" pin="1"/><net_sink comp="66" pin=4"/></net>

<net id="176"><net_src comp="87" pin="2"/><net_sink comp="173" pin=0"/></net>

<net id="180"><net_src comp="93" pin="2"/><net_sink comp="177" pin=0"/></net>

<net id="181"><net_src comp="177" pin="1"/><net_sink comp="80" pin=2"/></net>

</net_list>

</model> 
---------------- Datapath Model END ------------------

* FSMD analyzer results:
  - Output states:
	Port: pyrFilOut_V_M_real_V | {3 }
	Port: pyrFilOut_V_M_imag_V | {3 }
  - Chain level:
	State 1
	State 2
		exitcond : 1
		i : 1
		stg_11 : 2
	State 3
		p_Val2_2_cast : 1
		tmp_31_cast : 1
		p_Val2_s : 2
		p_Val2_4_cast : 1
		tmp_34_cast : 1
		p_Val2_2 : 2
		cast : 3
		cast5 : 3
		stg_28 : 4
		empty_72 : 1
	State 4


============================================================
+ Verbose Summary: Datapath Resource usage 
============================================================

* Functional unit list:
|----------|----------------------------|---------|---------|
| Operation|       Functional Unit      |    FF   |   LUT   |
|----------|----------------------------|---------|---------|
|          |           i_fu_93          |    0    |    10   |
|    add   |       p_Val2_s_fu_125      |    0    |    14   |
|          |       p_Val2_2_fu_157      |    0    |    14   |
|----------|----------------------------|---------|---------|
|   icmp   |       exitcond_fu_87       |    0    |    4    |
|----------|----------------------------|---------|---------|
|   read   | ifftPyrOut_read_read_fu_60 |    0    |    0    |
|----------|----------------------------|---------|---------|
|   write  |     stg_28_write_fu_66     |    0    |    0    |
|----------|----------------------------|---------|---------|
|partselect|         tmp_9_fu_99        |    0    |    0    |
|          |        tmp_1_fu_131        |    0    |    0    |
|----------|----------------------------|---------|---------|
|          |    p_Val2_2_cast_fu_109    |    0    |    0    |
|   sext   |    p_Val2_4_cast_fu_141    |    0    |    0    |
|          |         cast_fu_163        |    0    |    0    |
|          |        cast5_fu_168        |    0    |    0    |
|----------|----------------------------|---------|---------|
| bitselect|         tmp_fu_113         |    0    |    0    |
|          |        tmp_2_fu_145        |    0    |    0    |
|----------|----------------------------|---------|---------|
|   zext   |     tmp_31_cast_fu_121     |    0    |    0    |
|          |     tmp_34_cast_fu_153     |    0    |    0    |
|----------|----------------------------|---------|---------|
|   Total  |                            |    0    |    42   |
|----------|----------------------------|---------|---------|

Memories:
N/A

* Register list:
+----------------+--------+
|                |   FF   |
+----------------+--------+
|exitcond_reg_173|    1   |
|    i7_reg_76   |   10   |
|    i_reg_177   |   10   |
+----------------+--------+
|      Total     |   21   |
+----------------+--------+

* Multiplexer (MUX) list: 
|--------|------|------|------|--------|
|  Comp  |  Pin | Size |  BW  | S x BW |
|--------|------|------|------|--------|
|  Total |      |      |      |    0   |
|--------|------|------|------|--------|



* Summary:
+-----------+--------+--------+
|           |   FF   |   LUT  |
+-----------+--------+--------+
|  Function |    0   |   42   |
|   Memory  |    -   |    -   |
|Multiplexer|    -   |    -   |
|  Register |   21   |    -   |
+-----------+--------+--------+
|   Total   |   21   |   42   |
+-----------+--------+--------+
