01:52:32 INFO  : Launching XSDB server: xsdb.bat C:/Xilinx2016/SDK/2015.4/scripts/xsdb/xsdb/xsdb-server.tcl
01:52:34 INFO  : XSDB server has started successfully.
01:52:36 INFO  : Processing command line option -hwspec F:/SeniorProj/pry_SDK/testDisp_wrapper.hdf.
13:57:33 INFO  : Launching XSDB server: xsdb.bat C:/Xilinx2016/SDK/2015.4/scripts/xsdb/xsdb/xsdb-server.tcl
13:57:35 INFO  : XSDB server has started successfully.
13:57:36 INFO  : Processing command line option -hwspec F:/SeniorProj/pry_SDK/testDisp_wrapper.hdf.
13:57:36 INFO  : Checking for hwspec changes in the project testDisp_wrapper_hw_platform_0.
14:06:21 INFO  : Connected to target on host '127.0.0.1' and port '3121'.
14:06:22 INFO  : 'targets -set -filter {jtag_cable_name =~ "Digilent Zed 210248469153" && level==0} -index 1' command is executed.
14:06:24 INFO  : FPGA configured successfully with bitstream "F:/SeniorProj/pry_SDK/testDisp_wrapper_hw_platform_0/testDisp_wrapper.bit"
14:07:16 INFO  : ps7_init is completed.
14:07:16 INFO  : ps7_post_config is completed.
14:07:16 INFO  : Processor reset is completed for ps7_cortexa9_0
14:08:00 INFO  : ps7_cortexa9_0 Processor is in use. Please stop existing Run or Debug sessions before launching.
14:08:02 INFO  : Processor reset is completed for ps7_cortexa9_0
14:09:30 INFO  : ps7_cortexa9_0 Processor is in use. Please stop existing Run or Debug sessions before launching.
14:09:32 INFO  : Processor reset is completed for ps7_cortexa9_0
14:09:56 INFO  : Processor reset is completed for ps7_cortexa9_0
14:10:11 INFO  : ps7_cortexa9_0 Processor is in use. Please stop existing Run or Debug sessions before launching.
14:10:13 INFO  : Processor reset is completed for ps7_cortexa9_0
14:12:39 INFO  : Processor reset is completed for ps7_cortexa9_0
14:14:46 INFO  : ps7_cortexa9_0 Processor is in use. Please stop existing Run or Debug sessions before launching.
14:14:47 INFO  : Processor reset is completed for ps7_cortexa9_0
14:17:22 INFO  : ps7_cortexa9_0 Processor is in use. Please stop existing Run or Debug sessions before launching.
14:17:25 INFO  : Processor reset is completed for ps7_cortexa9_0
14:22:13 INFO  : ps7_cortexa9_0 Processor is in use. Please stop existing Run or Debug sessions before launching.
14:22:15 INFO  : Processor reset is completed for ps7_cortexa9_0
14:25:25 INFO  : ps7_cortexa9_0 Processor is in use. Please stop existing Run or Debug sessions before launching.
14:25:27 INFO  : Processor reset is completed for ps7_cortexa9_0
14:26:05 INFO  : Processor reset is completed for ps7_cortexa9_0
14:26:34 INFO  : Processor reset is completed for ps7_cortexa9_0
14:26:37 INFO  : ps7_cortexa9_0 Processor is in use. Please stop existing Run or Debug sessions before launching.
14:26:39 INFO  : Processor reset is completed for ps7_cortexa9_0
14:29:15 INFO  : Processor reset is completed for ps7_cortexa9_0
14:29:37 INFO  : Processor reset is completed for ps7_cortexa9_0
14:33:01 INFO  : ps7_cortexa9_0 Processor is in use. Please stop existing Run or Debug sessions before launching.
14:33:03 INFO  : Processor reset is completed for ps7_cortexa9_0
14:35:35 INFO  : ps7_cortexa9_0 Processor is in use. Please stop existing Run or Debug sessions before launching.
14:35:37 INFO  : Processor reset is completed for ps7_cortexa9_0
14:35:56 INFO  : ps7_cortexa9_0 Processor is in use. Please stop existing Run or Debug sessions before launching.
14:35:59 INFO  : Processor reset is completed for ps7_cortexa9_0
14:36:06 INFO  : ps7_cortexa9_0 Processor is in use. Please stop existing Run or Debug sessions before launching.
14:36:08 INFO  : Processor reset is completed for ps7_cortexa9_0
15:27:12 INFO  : Processor reset is completed for ps7_cortexa9_0
16:22:36 ERROR : Unexpected error while parsing XMD response ?: com.google.gson.JsonSyntaxException: com.google.gson.stream.MalformedJsonException: invalid number or unquoted string near 
16:23:47 INFO  : Launching XSDB server: xsdb.bat C:/Xilinx2016/SDK/2015.4/scripts/xsdb/xsdb/xsdb-server.tcl
16:23:50 INFO  : XSDB server has started successfully.
16:23:51 INFO  : Processing command line option -hwspec F:/SeniorProj/pry_SDK/testDisp_wrapper.hdf.
16:23:51 INFO  : Checking for hwspec changes in the project testDisp_wrapper_hw_platform_0.
16:23:55 INFO  : SDK has detected change in the last modified timestamps for source hardware specification file Source:1455096077405,  Project:1455024309330
16:23:55 INFO  : The hardware specification for project 'testDisp_wrapper_hw_platform_0' is different from F:/SeniorProj/pry_SDK/testDisp_wrapper.hdf.
16:23:55 INFO  : Copied contents of F:/SeniorProj/pry_SDK/testDisp_wrapper.hdf into \testDisp_wrapper_hw_platform_0\system.hdf.
16:24:01 INFO  : Synchronizing projects in the workspace with the hardware platform specification changes.
16:24:04 INFO  : 
16:24:05 INFO  : Updating hardware inferred compiler options for pry_sdk.
16:24:05 INFO  : Clearing existing target manager status.
16:24:14 INFO  : Connected to target on host '127.0.0.1' and port '3121'.
16:24:17 INFO  : 'targets -set -filter {jtag_cable_name =~ "Digilent Zed 210248469153" && level==0} -index 1' command is executed.
16:24:20 INFO  : FPGA configured successfully with bitstream "F:/SeniorProj/pry_SDK/testDisp_wrapper_hw_platform_0/testDisp_wrapper.bit"
16:24:36 INFO  : Processor reset is completed for ps7_cortexa9_0
16:26:23 INFO  : ps7_cortexa9_0 Processor is in use. Please stop existing Run or Debug sessions before launching.
16:26:25 INFO  : Processor reset is completed for ps7_cortexa9_0
16:27:29 INFO  : ps7_cortexa9_0 Processor is in use. Please stop existing Run or Debug sessions before launching.
16:27:31 INFO  : Processor reset is completed for ps7_cortexa9_0
16:28:41 INFO  : Processor reset is completed for ps7_cortexa9_0
16:32:40 INFO  : Processor reset is completed for ps7_cortexa9_0
16:35:26 INFO  : Processor reset is completed for ps7_cortexa9_0
16:36:04 INFO  : Connected to target on host '127.0.0.1' and port '3121'.
16:36:04 INFO  : 'targets -set -filter {jtag_cable_name =~ "Digilent Zed 210248469153" && level==0} -index 1' command is executed.
16:36:07 INFO  : FPGA configured successfully with bitstream "F:/SeniorProj/pry_SDK/testDisp_wrapper_hw_platform_0/testDisp_wrapper.bit"
16:36:25 INFO  : Processor reset is completed for ps7_cortexa9_0
16:36:36 INFO  : ps7_cortexa9_0 Processor is in use. Please stop existing Run or Debug sessions before launching.
16:36:38 INFO  : Processor reset is completed for ps7_cortexa9_0
16:36:56 INFO  : ps7_cortexa9_0 Processor is in use. Please stop existing Run or Debug sessions before launching.
16:36:58 INFO  : Processor reset is completed for ps7_cortexa9_0
16:37:06 INFO  : ps7_cortexa9_0 Processor is in use. Please stop existing Run or Debug sessions before launching.
16:37:07 INFO  : Processor reset is completed for ps7_cortexa9_0
17:33:14 INFO  : SDK has detected change in the last modified timestamps for source hardware specification file Source:1455100334608,  Project:1455096077405
17:33:14 INFO  : Project testDisp_wrapper_hw_platform_0's source hardware specification located at F:/SeniorProj/pry_SDK/testDisp_wrapper.hdf is now different from the local copy.
		 The local copy will be replaced with the source specification and your workspace will be updated.
17:33:23 INFO  : Project testDisp_wrapper_hw_platform_0's source hardware specification location will not be monitored anymore.
17:33:30 ERROR : Unexpected error while parsing XMD response ?: com.google.gson.JsonSyntaxException: com.google.gson.stream.MalformedJsonException: invalid number or unquoted string near 
17:34:18 INFO  : Launching XSDB server: xsdb.bat C:/Xilinx2016/SDK/2015.4/scripts/xsdb/xsdb/xsdb-server.tcl
17:34:21 INFO  : XSDB server has started successfully.
17:34:21 INFO  : Processing command line option -hwspec F:/SeniorProj/pry_SDK/testDisp_wrapper.hdf.
17:36:57 INFO  : Connected to target on host '127.0.0.1' and port '3121'.
17:36:58 INFO  : 'targets -set -filter {jtag_cable_name =~ "Digilent Zed 210248469153" && level==0} -index 1' command is executed.
17:37:00 INFO  : FPGA configured successfully with bitstream "F:/SeniorProj/pry_SDK/testDisp_wrapper_hw_platform_0/testDisp_wrapper.bit"
17:37:11 INFO  : ps7_init is completed.
17:37:11 INFO  : ps7_post_config is completed.
17:37:12 INFO  : Processor reset is completed for ps7_cortexa9_0
17:51:30 INFO  : Connected to target on host '127.0.0.1' and port '3121'.
17:51:30 INFO  : 'targets -set -filter {jtag_cable_name =~ "Digilent Zed 210248469153" && level==0} -index 1' command is executed.
17:51:32 INFO  : FPGA configured successfully with bitstream "F:/SeniorProj/pry_SDK/testDisp_wrapper_hw_platform_0/testDisp_wrapper.bit"
17:52:30 INFO  : ps7_init is completed.
17:52:30 INFO  : ps7_post_config is completed.
17:52:30 INFO  : Processor reset is completed for ps7_cortexa9_0
17:53:24 INFO  : System reset is completed.
17:53:27 INFO  : FPGA configured successfully with bitstream "F:/SeniorProj/pry_SDK/testDisp_wrapper_hw_platform_0/testDisp_wrapper.bit"
17:53:28 INFO  : ps7_init is completed.
17:53:28 INFO  : ps7_post_config is completed.
17:55:34 ERROR : Unexpected error while parsing XMD response ?: com.google.gson.JsonSyntaxException: com.google.gson.stream.MalformedJsonException: invalid number or unquoted string near 
17:56:04 INFO  : Launching XSDB server: xsdb.bat C:/Xilinx2016/SDK/2015.4/scripts/xsdb/xsdb/xsdb-server.tcl
17:56:07 INFO  : XSDB server has started successfully.
17:56:07 INFO  : Processing command line option -hwspec F:/SeniorProj/pry_SDK/testDisp_wrapper.hdf.
17:56:07 INFO  : Checking for hwspec changes in the project testDisp_wrapper_hw_platform_1.
17:58:21 INFO  : System reset is completed.
17:58:24 INFO  : FPGA configured successfully with bitstream "F:/SeniorProj/pry_SDK/testDisp_wrapper_hw_platform_0/testDisp_wrapper.bit"
17:58:24 INFO  : ps7_init is completed.
17:58:24 INFO  : ps7_post_config is completed.
18:00:27 INFO  : Processor reset is completed for ps7_cortexa9_0
18:01:30 INFO  : Processor reset is completed for ps7_cortexa9_0
19:01:49 INFO  : SDK has detected change in the last modified timestamps for source hardware specification file Source:1455105511813,  Project:1455100334608
19:01:49 INFO  : Project testDisp_wrapper_hw_platform_1's source hardware specification located at F:/SeniorProj/pry_SDK/testDisp_wrapper.hdf is now different from the local copy.
		 The local copy will be replaced with the source specification and your workspace will be updated.
19:02:04 INFO  : Copied contents of F:/SeniorProj/pry_SDK/testDisp_wrapper.hdf into \testDisp_wrapper_hw_platform_1\system.hdf.
19:02:10 INFO  : Synchronizing projects in the workspace with the hardware platform specification changes.
19:02:11 INFO  : Clearing existing target manager status.
19:02:11 INFO  : Workspace synchronized with the new hardware specification file. Cleaning dependent projects...
19:02:11 WARN  : Linker script will not be updated automatically. Users need to update it manually.
19:02:11 ERROR : Unexpected error while parsing XMD response ?: com.google.gson.JsonSyntaxException: com.google.gson.stream.MalformedJsonException: invalid number or unquoted string near 
19:02:36 INFO  : Launching XSDB server: xsdb.bat C:/Xilinx2016/SDK/2015.4/scripts/xsdb/xsdb/xsdb-server.tcl
19:02:40 INFO  : XSDB server has started successfully.
19:02:40 INFO  : Processing command line option -hwspec F:/SeniorProj/pry_SDK/testDisp_wrapper.hdf.
19:02:40 INFO  : Checking for hwspec changes in the project testDisp_wrapper_hw_platform_1.
19:03:23 INFO  : Connected to target on host '127.0.0.1' and port '3121'.
19:03:24 INFO  : 'targets -set -filter {jtag_cable_name =~ "Digilent Zed 210248469153" && level==0} -index 1' command is executed.
19:03:26 INFO  : FPGA configured successfully with bitstream "F:/SeniorProj/pry_SDK/testDisp_wrapper_hw_platform_0/testDisp_wrapper.bit"
19:03:41 INFO  : ps7_init is completed.
19:03:41 INFO  : ps7_post_config is completed.
19:03:41 INFO  : Processor reset is completed for ps7_cortexa9_0
19:04:29 INFO  : Processor reset is completed for ps7_cortexa9_0
19:04:38 INFO  : ps7_cortexa9_0 Processor is in use. Please stop existing Run or Debug sessions before launching.
19:04:42 INFO  : Processor reset is completed for ps7_cortexa9_0
19:05:04 INFO  : Processor reset is completed for ps7_cortexa9_0
19:05:19 INFO  : Processor reset is completed for ps7_cortexa9_0
19:06:19 INFO  : ps7_cortexa9_0 Processor is in use. Please stop existing Run or Debug sessions before launching.
19:06:21 INFO  : Processor reset is completed for ps7_cortexa9_0
19:06:32 INFO  : ps7_cortexa9_0 Processor is in use. Please stop existing Run or Debug sessions before launching.
19:06:34 INFO  : Processor reset is completed for ps7_cortexa9_0
12:13:01 ERROR : Unexpected error while parsing XMD response ?: com.google.gson.JsonSyntaxException: com.google.gson.stream.MalformedJsonException: invalid number or unquoted string near 
