#-----------------------------------------------------------
# Vivado v2015.4 (64-bit)
# SW Build 1412921 on Wed Nov 18 09:43:45 MST 2015
# IP Build 1412160 on Tue Nov 17 13:47:24 MST 2015
# Start of session at: Fri Feb 12 16:59:47 2016
# Process ID: 9924
# Current directory: C:/Users/Peachy/Desktop/SeniorProj/PyramidCon_x/solution2/.autopilot/db/ip_tmp
# Command line: vivado.exe  -notrace -mode batch -source run_vivado.tcl
# Log file: C:/Users/Peachy/Desktop/SeniorProj/PyramidCon_x/solution2/.autopilot/db/ip_tmp/vivado.log
# Journal file: C:/Users/Peachy/Desktop/SeniorProj/PyramidCon_x/solution2/.autopilot/db/ip_tmp\vivado.jou
#-----------------------------------------------------------
source run_vivado.tcl -notrace
INFO: [IP_Flow 19-234] Refreshing IP repositories
INFO: [IP_Flow 19-1704] No user IP repositories specified
INFO: [IP_Flow 19-2313] Loaded Vivado IP repository 'C:/Xilinx/Vivado/2015.4/data/ip'.
WARNING: [IP_Flow 19-3374] An attempt to modify the value of disabled parameter 'ovflo' from 'false' to '1' has been ignored for IP 'fft_config1_s_core'
INFO: [IP_Flow 19-1686] Generating 'Synthesis' target for IP 'fft_config1_s_core'...
INFO: [IP_Flow 19-1686] Generating 'Simulation' target for IP 'fft_config1_s_core'...
WARNING: [IP_Flow 19-3374] An attempt to modify the value of disabled parameter 'ovflo' from 'false' to '1' has been ignored for IP 'fft_config2_s_core'
INFO: [IP_Flow 19-1686] Generating 'Synthesis' target for IP 'fft_config2_s_core'...
INFO: [IP_Flow 19-1686] Generating 'Simulation' target for IP 'fft_config2_s_core'...
INFO: [Common 17-206] Exiting Vivado at Fri Feb 12 16:59:55 2016...
