#-----------------------------------------------------------
# Vivado v2015.4 (64-bit)
# SW Build 1412921 on Wed Nov 18 09:43:45 MST 2015
# IP Build 1412160 on Tue Nov 17 13:47:24 MST 2015
# Start of session at: Fri Feb 12 17:09:01 2016
# Process ID: 8984
# Current directory: C:/Users/Peachy/Desktop/SeniorProj/PyramidCon_x/solution2/impl/ip
# Command line: vivado.exe -notrace -mode batch -source run_ippack.tcl
# Log file: C:/Users/Peachy/Desktop/SeniorProj/PyramidCon_x/solution2/impl/ip/vivado.log
# Journal file: C:/Users/Peachy/Desktop/SeniorProj/PyramidCon_x/solution2/impl/ip\vivado.jou
#-----------------------------------------------------------
source run_ippack.tcl -notrace
INFO: [IP_Flow 19-234] Refreshing IP repositories
INFO: [IP_Flow 19-1704] No user IP repositories specified
INFO: [IP_Flow 19-2313] Loaded Vivado IP repository 'C:/Xilinx/Vivado/2015.4/data/ip'.
WARNING: [IP_Flow 19-3374] An attempt to modify the value of disabled parameter 'ovflo' from 'false' to '1' has been ignored for IP 'fft_config1_s_core'
INFO: [IP_Flow 19-1686] Generating 'Synthesis' target for IP 'fft_config1_s_core'...
INFO: [IP_Flow 19-1686] Generating 'Simulation' target for IP 'fft_config1_s_core'...
WARNING: [IP_Flow 19-3374] An attempt to modify the value of disabled parameter 'ovflo' from 'false' to '1' has been ignored for IP 'fft_config2_s_core'
INFO: [IP_Flow 19-1686] Generating 'Synthesis' target for IP 'fft_config2_s_core'...
INFO: [IP_Flow 19-1686] Generating 'Simulation' target for IP 'fft_config2_s_core'...
****** Webtalk v2015.4 (64-bit)
  **** SW Build 1412921 on Wed Nov 18 09:43:45 MST 2015
  **** IP Build 1412160 on Tue Nov 17 13:47:24 MST 2015
    ** Copyright 1986-2015 Xilinx, Inc. All Rights Reserved.

source C:/Users/Peachy/Desktop/SeniorProj/PyramidCon_x/solution2/impl/ip/tmp.hw/webtalk/labtool_webtalk.tcl -notrace
INFO: [Common 17-206] Exiting Webtalk at Fri Feb 12 17:09:11 2016...
INFO: [IP_Flow 19-234] Refreshing IP repositories
INFO: [IP_Flow 19-1704] No user IP repositories specified
INFO: [IP_Flow 19-2313] Loaded Vivado IP repository 'C:/Xilinx/Vivado/2015.4/data/ip'.
INFO: [Common 17-206] Exiting Vivado at Fri Feb 12 17:09:12 2016...
