11:34:30 INFO  : Launching XSDB server: xsdb.bat -s C:/Xilinx/SDK/2015.2/scripts/xsdb/xsdb/xsdb-server.tcl
11:34:31 INFO  : Processing command line option -hwspec C:/Speedway/ZynqHW/2016/dma_fft1/FFTDMADesign_wrapper.hdf.
11:34:32 INFO  : XSDB server has started successfully.
11:37:54 INFO  : Connected to target on host '127.0.0.1' and port '3121'.
11:37:54 INFO  : 'targets -set -filter {jtag_cable_name =~ "Digilent Zed 210248469153" && level==0} -index 1' command is executed.
11:37:57 INFO  : FPGA configured successfully with bitstream "C:/Speedway/ZynqHW/2016/dma_fft1/FFTDMADesign_wrapper_hw_platform_0/FFTDMADesign_wrapper.bit"
11:39:40 INFO  : Processor reset is completed for ps7_cortexa9_0
11:39:40 ERROR : Unexpected error while launching program.
java.lang.RuntimeException: Failed to download ELF file


    Cannot access DDR: the controller is held in reset

	at com.xilinx.sdk.targetmanager.internal.TM.downloadELF(TM.java:670)
	at com.xilinx.sdk.debug.core.internal.AppRunner.run(AppRunner.java:129)
	at com.xilinx.sdk.debug.core.XilinxAppLaunchConfigurationDelegate.runApplication(XilinxAppLaunchConfigurationDelegate.java:609)
	at com.xilinx.sdk.debug.core.XilinxAppLaunchConfigurationDelegate.launch(XilinxAppLaunchConfigurationDelegate.java:296)
	at com.xilinx.sdk.debug.ui.XilinxAppLaunchDelegateWrapper.launch(XilinxAppLaunchDelegateWrapper.java:31)
	at org.eclipse.debug.internal.core.LaunchConfiguration.launch(LaunchConfiguration.java:858)
	at org.eclipse.debug.internal.core.LaunchConfiguration.launch(LaunchConfiguration.java:707)
	at org.eclipse.debug.internal.ui.DebugUIPlugin.buildAndLaunch(DebugUIPlugin.java:1018)
	at org.eclipse.debug.internal.ui.DebugUIPlugin$8.run(DebugUIPlugin.java:1222)
	at org.eclipse.core.internal.jobs.Worker.run(Worker.java:53)
11:40:47 INFO  : Connected to target on host '127.0.0.1' and port '3121'.
11:40:48 INFO  : 'targets -set -filter {jtag_cable_name =~ "Digilent Zed 210248469153" && level==0} -index 1' command is executed.
11:40:50 INFO  : FPGA configured successfully with bitstream "C:/Speedway/ZynqHW/2016/dma_fft1/FFTDMADesign_wrapper_hw_platform_0/FFTDMADesign_wrapper.bit"
11:41:46 INFO  : ps7_init is completed.
11:41:46 INFO  : Processor reset is completed for ps7_cortexa9_0
11:41:48 ERROR : Port COM5 is already in use.
11:42:08 ERROR : Unexpected error while launching program.
java.lang.RuntimeException: Error in Resetting Target

    Could not stop the processor after reset


	at com.xilinx.sdk.targetmanager.internal.TM.doProcessorReset(TM.java:995)
	at com.xilinx.sdk.debug.core.XilinxAppLaunchConfigurationDelegate.runTargetSetup(XilinxAppLaunchConfigurationDelegate.java:506)
	at com.xilinx.sdk.debug.core.XilinxAppLaunchConfigurationDelegate.runApplication(XilinxAppLaunchConfigurationDelegate.java:588)
	at com.xilinx.sdk.debug.core.XilinxAppLaunchConfigurationDelegate.launch(XilinxAppLaunchConfigurationDelegate.java:296)
	at com.xilinx.sdk.debug.ui.XilinxAppLaunchDelegateWrapper.launch(XilinxAppLaunchDelegateWrapper.java:31)
	at org.eclipse.debug.internal.core.LaunchConfiguration.launch(LaunchConfiguration.java:858)
	at org.eclipse.debug.internal.core.LaunchConfiguration.launch(LaunchConfiguration.java:707)
	at org.eclipse.debug.internal.ui.DebugUIPlugin.buildAndLaunch(DebugUIPlugin.java:1018)
	at org.eclipse.debug.internal.ui.DebugUIPlugin$8.run(DebugUIPlugin.java:1222)
	at org.eclipse.core.internal.jobs.Worker.run(Worker.java:53)
11:42:21 ERROR : Unexpected error while launching program.
java.lang.RuntimeException: Error in Resetting Target

    Could not stop the processor after reset


	at com.xilinx.sdk.targetmanager.internal.TM.doProcessorReset(TM.java:995)
	at com.xilinx.sdk.debug.core.XilinxAppLaunchConfigurationDelegate.runTargetSetup(XilinxAppLaunchConfigurationDelegate.java:506)
	at com.xilinx.sdk.debug.core.XilinxAppLaunchConfigurationDelegate.runApplication(XilinxAppLaunchConfigurationDelegate.java:588)
	at com.xilinx.sdk.debug.core.XilinxAppLaunchConfigurationDelegate.launch(XilinxAppLaunchConfigurationDelegate.java:296)
	at com.xilinx.sdk.debug.ui.XilinxAppLaunchDelegateWrapper.launch(XilinxAppLaunchDelegateWrapper.java:31)
	at org.eclipse.debug.internal.core.LaunchConfiguration.launch(LaunchConfiguration.java:858)
	at org.eclipse.debug.internal.core.LaunchConfiguration.launch(LaunchConfiguration.java:707)
	at org.eclipse.debug.internal.ui.DebugUIPlugin.buildAndLaunch(DebugUIPlugin.java:1018)
	at org.eclipse.debug.internal.ui.DebugUIPlugin$8.run(DebugUIPlugin.java:1222)
	at org.eclipse.core.internal.jobs.Worker.run(Worker.java:53)
11:42:31 INFO  : Connected to target on host '127.0.0.1' and port '3121'.
11:42:31 INFO  : 'targets -set -filter {jtag_cable_name =~ "Digilent Zed 210248469153" && level==0} -index 1' command is executed.
11:42:33 INFO  : FPGA configured successfully with bitstream "C:/Speedway/ZynqHW/2016/dma_fft1/FFTDMADesign_wrapper_hw_platform_0/FFTDMADesign_wrapper.bit"
11:42:45 INFO  : Connected to target on host '127.0.0.1' and port '3121'.
11:42:45 INFO  : 'targets -set -filter {jtag_cable_name =~ "Digilent Zed 210248469153" && level==0} -index 1' command is executed.
11:42:47 INFO  : FPGA configured successfully with bitstream "C:/Speedway/ZynqHW/2016/dma_fft1/FFTDMADesign_wrapper_hw_platform_0/FFTDMADesign_wrapper.bit"
11:43:01 ERROR : Unexpected error while launching program.
java.lang.RuntimeException: Error in Resetting Target

    Could not stop the processor after reset


	at com.xilinx.sdk.targetmanager.internal.TM.doProcessorReset(TM.java:995)
	at com.xilinx.sdk.debug.core.XilinxAppLaunchConfigurationDelegate.runTargetSetup(XilinxAppLaunchConfigurationDelegate.java:506)
	at com.xilinx.sdk.debug.core.XilinxAppLaunchConfigurationDelegate.runApplication(XilinxAppLaunchConfigurationDelegate.java:588)
	at com.xilinx.sdk.debug.core.XilinxAppLaunchConfigurationDelegate.launch(XilinxAppLaunchConfigurationDelegate.java:296)
	at com.xilinx.sdk.debug.ui.XilinxAppLaunchDelegateWrapper.launch(XilinxAppLaunchDelegateWrapper.java:31)
	at org.eclipse.debug.internal.core.LaunchConfiguration.launch(LaunchConfiguration.java:858)
	at org.eclipse.debug.internal.core.LaunchConfiguration.launch(LaunchConfiguration.java:707)
	at org.eclipse.debug.internal.ui.DebugUIPlugin.buildAndLaunch(DebugUIPlugin.java:1018)
	at org.eclipse.debug.internal.ui.DebugUIPlugin$8.run(DebugUIPlugin.java:1222)
	at org.eclipse.core.internal.jobs.Worker.run(Worker.java:53)
11:43:14 INFO  : Connected to target on host '127.0.0.1' and port '3121'.
11:43:14 INFO  : 'targets -set -filter {jtag_cable_name =~ "Digilent Zed 210248469153" && level==0} -index 1' command is executed.
11:43:17 INFO  : FPGA configured successfully with bitstream "C:/Speedway/ZynqHW/2016/dma_fft1/FFTDMADesign_wrapper_hw_platform_0/FFTDMADesign_wrapper.bit"
11:43:24 INFO  : ps7_init is completed.
11:43:24 INFO  : Processor reset is completed for ps7_cortexa9_0
11:43:24 ERROR : No such port: COM5
11:43:49 INFO  : Connected to target on host '127.0.0.1' and port '3121'.
11:43:49 INFO  : 'targets -set -filter {jtag_cable_name =~ "Digilent Zed 210248469153" && level==0} -index 1' command is executed.
11:43:51 INFO  : FPGA configured successfully with bitstream "C:/Speedway/ZynqHW/2016/dma_fft1/FFTDMADesign_wrapper_hw_platform_0/FFTDMADesign_wrapper.bit"
11:43:58 ERROR : Unexpected error while launching program.
java.lang.RuntimeException: Error in Resetting Target

    Could not stop the processor after reset


	at com.xilinx.sdk.targetmanager.internal.TM.doProcessorReset(TM.java:995)
	at com.xilinx.sdk.debug.core.XilinxAppLaunchConfigurationDelegate.runTargetSetup(XilinxAppLaunchConfigurationDelegate.java:506)
	at com.xilinx.sdk.debug.core.XilinxAppLaunchConfigurationDelegate.runApplication(XilinxAppLaunchConfigurationDelegate.java:588)
	at com.xilinx.sdk.debug.core.XilinxAppLaunchConfigurationDelegate.launch(XilinxAppLaunchConfigurationDelegate.java:296)
	at com.xilinx.sdk.debug.ui.XilinxAppLaunchDelegateWrapper.launch(XilinxAppLaunchDelegateWrapper.java:31)
	at org.eclipse.debug.internal.core.LaunchConfiguration.launch(LaunchConfiguration.java:858)
	at org.eclipse.debug.internal.core.LaunchConfiguration.launch(LaunchConfiguration.java:707)
	at org.eclipse.debug.internal.ui.DebugUIPlugin.buildAndLaunch(DebugUIPlugin.java:1018)
	at org.eclipse.debug.internal.ui.DebugUIPlugin$8.run(DebugUIPlugin.java:1222)
	at org.eclipse.core.internal.jobs.Worker.run(Worker.java:53)
11:44:33 INFO  : Connected to target on host '127.0.0.1' and port '3121'.
11:44:33 INFO  : 'targets -set -filter {jtag_cable_name =~ "Digilent Zed 210248469153" && level==0} -index 1' command is executed.
11:44:35 INFO  : FPGA configured successfully with bitstream "C:/Speedway/ZynqHW/2016/dma_fft1/FFTDMADesign_wrapper_hw_platform_0/FFTDMADesign_wrapper.bit"
11:44:47 INFO  : Connected to target on host '127.0.0.1' and port '3121'.
11:44:47 INFO  : 'targets -set -filter {jtag_cable_name =~ "Digilent Zed 210248469153" && level==0} -index 1' command is executed.
11:44:49 INFO  : FPGA configured successfully with bitstream "C:/Speedway/ZynqHW/2016/dma_fft1/FFTDMADesign_wrapper_hw_platform_0/FFTDMADesign_wrapper.bit"
11:45:23 INFO  : Connected to target on host '127.0.0.1' and port '3121'.
11:45:23 INFO  : 'targets -set -filter {jtag_cable_name =~ "Digilent Zed 210248469153" && level==0} -index 1' command is executed.
11:45:26 INFO  : FPGA configured successfully with bitstream "C:/Speedway/ZynqHW/2016/dma_fft1/FFTDMADesign_wrapper_hw_platform_0/FFTDMADesign_wrapper.bit"
11:45:30 INFO  : ps7_init is completed.
11:45:30 INFO  : Processor reset is completed for ps7_cortexa9_0
11:46:01 ERROR : Unexpected error while launching program.
java.lang.RuntimeException: Error in Resetting Target

    Could not stop the processor after reset


	at com.xilinx.sdk.targetmanager.internal.TM.doProcessorReset(TM.java:995)
	at com.xilinx.sdk.debug.core.XilinxAppLaunchConfigurationDelegate.runTargetSetup(XilinxAppLaunchConfigurationDelegate.java:506)
	at com.xilinx.sdk.debug.core.XilinxAppLaunchConfigurationDelegate.runApplication(XilinxAppLaunchConfigurationDelegate.java:588)
	at com.xilinx.sdk.debug.core.XilinxAppLaunchConfigurationDelegate.launch(XilinxAppLaunchConfigurationDelegate.java:296)
	at com.xilinx.sdk.debug.ui.XilinxAppLaunchDelegateWrapper.launch(XilinxAppLaunchDelegateWrapper.java:31)
	at org.eclipse.debug.internal.core.LaunchConfiguration.launch(LaunchConfiguration.java:858)
	at org.eclipse.debug.internal.core.LaunchConfiguration.launch(LaunchConfiguration.java:707)
	at org.eclipse.debug.internal.ui.DebugUIPlugin.buildAndLaunch(DebugUIPlugin.java:1018)
	at org.eclipse.debug.internal.ui.DebugUIPlugin$8.run(DebugUIPlugin.java:1222)
	at org.eclipse.core.internal.jobs.Worker.run(Worker.java:53)
11:46:32 ERROR : Unexpected error while launching program.
java.lang.RuntimeException: Error in Resetting Target

    Could not stop the processor after reset


	at com.xilinx.sdk.targetmanager.internal.TM.doProcessorReset(TM.java:995)
	at com.xilinx.sdk.debug.core.XilinxAppLaunchConfigurationDelegate.runTargetSetup(XilinxAppLaunchConfigurationDelegate.java:506)
	at com.xilinx.sdk.debug.core.XilinxAppLaunchConfigurationDelegate.runApplication(XilinxAppLaunchConfigurationDelegate.java:588)
	at com.xilinx.sdk.debug.core.XilinxAppLaunchConfigurationDelegate.launch(XilinxAppLaunchConfigurationDelegate.java:296)
	at com.xilinx.sdk.debug.ui.XilinxAppLaunchDelegateWrapper.launch(XilinxAppLaunchDelegateWrapper.java:31)
	at org.eclipse.debug.internal.core.LaunchConfiguration.launch(LaunchConfiguration.java:858)
	at org.eclipse.debug.internal.core.LaunchConfiguration.launch(LaunchConfiguration.java:707)
	at org.eclipse.debug.internal.ui.DebugUIPlugin.buildAndLaunch(DebugUIPlugin.java:1018)
	at org.eclipse.debug.internal.ui.DebugUIPlugin$8.run(DebugUIPlugin.java:1222)
	at org.eclipse.core.internal.jobs.Worker.run(Worker.java:53)
11:47:10 INFO  : Connected to target on host '127.0.0.1' and port '3121'.
11:47:10 INFO  : 'targets -set -filter {jtag_cable_name =~ "Digilent Zed 210248469153" && level==0} -index 1' command is executed.
11:47:13 INFO  : FPGA configured successfully with bitstream "C:/Speedway/ZynqHW/2016/dma_fft1/FFTDMADesign_wrapper_hw_platform_0/FFTDMADesign_wrapper.bit"
11:47:19 INFO  : ps7_init is completed.
11:47:19 INFO  : ps7_post_config is completed.
11:47:19 INFO  : Processor reset is completed for ps7_cortexa9_0
11:57:00 INFO  : ps7_cortexa9_0 Processor is in use. Please stop existing Run or Debug sessions before launching.
11:57:02 INFO  : Processor reset is completed for ps7_cortexa9_0
11:57:58 INFO  : ps7_cortexa9_0 Processor is in use. Please stop existing Run or Debug sessions before launching.
11:58:00 INFO  : Processor reset is completed for ps7_cortexa9_0
11:59:30 INFO  : ps7_cortexa9_0 Processor is in use. Please stop existing Run or Debug sessions before launching.
11:59:32 INFO  : Processor reset is completed for ps7_cortexa9_0
12:00:28 INFO  : ps7_cortexa9_0 Processor is in use. Please stop existing Run or Debug sessions before launching.
12:00:31 INFO  : Processor reset is completed for ps7_cortexa9_0
12:03:00 INFO  : Processor reset is completed for ps7_cortexa9_0
12:16:54 INFO  : Processor reset is completed for ps7_cortexa9_0
12:17:04 INFO  : Processor reset is completed for ps7_cortexa9_0
12:17:32 INFO  : ps7_cortexa9_0 Processor is in use. Please stop existing Run or Debug sessions before launching.
12:17:35 INFO  : Processor reset is completed for ps7_cortexa9_0
12:17:59 INFO  : Processor reset is completed for ps7_cortexa9_0
12:18:36 INFO  : Processor reset is completed for ps7_cortexa9_0
12:21:51 INFO  : Processor reset is completed for ps7_cortexa9_0
12:27:32 INFO  : ps7_cortexa9_0 Processor is in use. Please stop existing Run or Debug sessions before launching.
12:27:34 INFO  : Processor reset is completed for ps7_cortexa9_0
12:27:44 INFO  : Processor reset is completed for ps7_cortexa9_0
12:31:18 INFO  : Processor reset is completed for ps7_cortexa9_0
12:31:27 INFO  : Processor reset is completed for ps7_cortexa9_0
12:33:01 INFO  : Processor reset is completed for ps7_cortexa9_0
12:33:11 INFO  : Processor reset is completed for ps7_cortexa9_0
12:34:26 INFO  : Processor reset is completed for ps7_cortexa9_0
12:36:10 INFO  : Processor reset is completed for ps7_cortexa9_0
12:36:22 INFO  : Processor reset is completed for ps7_cortexa9_0
12:39:35 INFO  : Processor reset is completed for ps7_cortexa9_0
12:39:35 ERROR : No such port: COM5
12:39:53 INFO  : Processor reset is completed for ps7_cortexa9_0
12:40:53 INFO  : Processor reset is completed for ps7_cortexa9_0
12:42:48 INFO  : Processor reset is completed for ps7_cortexa9_0
12:43:11 INFO  : Processor reset is completed for ps7_cortexa9_0
12:48:02 ERROR : Unexpected error while parsing XMD response ?: com.google.gson.JsonSyntaxException: com.google.gson.stream.MalformedJsonException: invalid number or unquoted string near 
12:59:17 INFO  : Launching XSDB server: xsdb.bat -s C:/Xilinx/SDK/2015.2/scripts/xsdb/xsdb/xsdb-server.tcl
12:59:20 INFO  : XSDB server has started successfully.
12:59:20 INFO  : Processing command line option -hwspec C:/Speedway/ZynqHW/2016/dma_fft1/FFTDMADesign_wrapper.hdf.
12:59:22 INFO  : Checking for hwspec changes in the project FFTDMADesign_wrapper_hw_platform_0.
13:02:44 INFO  : Connected to target on host '127.0.0.1' and port '3121'.
13:02:44 INFO  : 'targets -set -filter {jtag_cable_name =~ "Digilent Zed 210248469153" && level==0} -index 1' command is executed.
13:02:47 INFO  : FPGA configured successfully with bitstream "C:/Speedway/ZynqHW/2016/dma_fft1/FFTDMADesign_wrapper_hw_platform_0/FFTDMADesign_wrapper.bit"
13:03:09 INFO  : ps7_init is completed.
13:03:09 INFO  : ps7_post_config is completed.
13:03:10 INFO  : Processor reset is completed for ps7_cortexa9_0
13:03:25 INFO  : Processor reset is completed for ps7_cortexa9_0
13:04:25 INFO  : Processor reset is completed for ps7_cortexa9_0
13:04:38 INFO  : Processor reset is completed for ps7_cortexa9_0
13:06:20 INFO  : Processor reset is completed for ps7_cortexa9_0
13:14:32 ERROR : Unexpected error while parsing XMD response ?: com.google.gson.JsonSyntaxException: com.google.gson.stream.MalformedJsonException: invalid number or unquoted string near 
20:46:08 INFO  : Launching XSDB server: xsdb.bat C:/Xilinx/SDK/2015.4/scripts/xsdb/xsdb/xsdb-server.tcl
20:46:09 INFO  : XSDB server has started successfully.
20:46:09 INFO  : Processing command line option -hwspec D:/SeniorProject/dma_fft1/FFTDMADesign_wrapper.hdf.
20:55:15 INFO  : Connected to target on host '127.0.0.1' and port '3121'.
20:55:16 INFO  : 'targets -set -filter {jtag_cable_name =~ "Digilent Zed 210248469153" && level==0} -index 1' command is executed.
20:55:19 INFO  : FPGA configured successfully with bitstream "D:/SeniorProject/dma_fft1/FFTDMADesign_wrapper_hw_platform_0/FFTDMADesign_wrapper.bit"
20:56:20 INFO  : ps7_init is completed.
20:56:20 INFO  : ps7_post_config is completed.
20:56:20 INFO  : Processor reset is completed for ps7_cortexa9_0
20:57:13 INFO  : ps7_cortexa9_0 Processor is in use. Please stop existing Run or Debug sessions before launching.
20:57:14 INFO  : Processor reset is completed for ps7_cortexa9_0
21:28:38 INFO  : Processor reset is completed for ps7_cortexa9_0
21:37:37 INFO  : ps7_cortexa9_0 Processor is in use. Please stop existing Run or Debug sessions before launching.
21:37:39 INFO  : Processor reset is completed for ps7_cortexa9_0
23:40:57 INFO  : Connected to target on host '127.0.0.1' and port '3121'.
23:40:57 INFO  : 'targets -set -filter {jtag_cable_name =~ "Digilent Zed 210248469153" && level==0} -index 1' command is executed.
23:41:01 INFO  : FPGA configured successfully with bitstream "D:/SeniorProject/dma_fft1/FFTDMADesign_wrapper_hw_platform_0/FFTDMADesign_wrapper.bit"
23:41:08 INFO  : ps7_init is completed.
23:41:08 INFO  : ps7_post_config is completed.
23:41:08 INFO  : Processor reset is completed for ps7_cortexa9_0
23:41:08 ERROR : No such port: COM4
23:41:32 INFO  : Processor reset is completed for ps7_cortexa9_0
23:42:22 INFO  : Processor reset is completed for ps7_cortexa9_0
23:43:22 INFO  : Connected to target on host '127.0.0.1' and port '3121'.
23:43:22 INFO  : 'targets -set -filter {jtag_cable_name =~ "Digilent Zed 210248469153" && level==0} -index 1' command is executed.
23:43:25 INFO  : FPGA configured successfully with bitstream "D:/SeniorProject/dma_fft1/FFTDMADesign_wrapper_hw_platform_0/FFTDMADesign_wrapper.bit"
23:43:35 INFO  : ps7_cortexa9_0 Processor is in use. Please stop existing Run or Debug sessions before launching.
23:43:38 INFO  : Processor reset is completed for ps7_cortexa9_0
23:43:55 INFO  : ps7_cortexa9_0 Processor is in use. Please stop existing Run or Debug sessions before launching.
23:43:57 INFO  : Processor reset is completed for ps7_cortexa9_0
23:46:06 INFO  : Processor reset is completed for ps7_cortexa9_0
23:46:30 INFO  : Processor reset is completed for ps7_cortexa9_0
00:16:34 ERROR : Unexpected error while parsing XMD response ?: com.google.gson.JsonSyntaxException: com.google.gson.stream.MalformedJsonException: invalid number or unquoted string near 
13:03:56 INFO  : Launching XSDB server: xsdb.bat C:/Xilinx/SDK/2015.4/scripts/xsdb/xsdb/xsdb-server.tcl
13:03:58 INFO  : XSDB server has started successfully.
13:03:59 INFO  : Processing command line option -hwspec D:/SeniorProject/dma_fft1/FFTDMADesign_wrapper.hdf.
13:03:59 INFO  : Checking for hwspec changes in the project FFTDMADesign_wrapper_hw_platform_1.
13:04:03 INFO  : SDK has detected change in the last modified timestamps for source hardware specification file Source:1452485926499,  Project:1452425759749
13:04:03 INFO  : The hardware specification for project 'FFTDMADesign_wrapper_hw_platform_1' is different from D:/SeniorProject/dma_fft1/FFTDMADesign_wrapper.hdf.
13:04:03 INFO  : Copied contents of D:/SeniorProject/dma_fft1/FFTDMADesign_wrapper.hdf into \FFTDMADesign_wrapper_hw_platform_1\system.hdf.
13:04:06 INFO  : Synchronizing projects in the workspace with the hardware platform specification changes.
13:04:06 INFO  : Clearing existing target manager status.
13:04:07 INFO  : Workspace synchronized with the new hardware specification file. Cleaning dependent projects...
13:04:07 WARN  : Linker script will not be updated automatically. Users need to update it manually.
13:06:29 INFO  : Connected to target on host '127.0.0.1' and port '3121'.
13:06:29 INFO  : 'targets -set -filter {jtag_cable_name =~ "Digilent Zed 210248469153" && level==0} -index 1' command is executed.
13:06:32 INFO  : FPGA configured successfully with bitstream "D:/SeniorProject/dma_fft1/FFTDMADesign_wrapper_hw_platform_0/FFTDMADesign_wrapper.bit"
13:06:43 INFO  : ps7_init is completed.
13:06:43 INFO  : ps7_post_config is completed.
13:06:44 INFO  : Processor reset is completed for ps7_cortexa9_0
13:06:44 ERROR : No such port: COM4
13:07:12 INFO  : ps7_cortexa9_0 Processor is in use. Please stop existing Run or Debug sessions before launching.
13:07:18 INFO  : Processor reset is completed for ps7_cortexa9_0
13:07:54 INFO  : Processor reset is completed for ps7_cortexa9_0
13:08:55 INFO  : Connected to target on host '127.0.0.1' and port '3121'.
13:08:55 INFO  : 'targets -set -filter {jtag_cable_name =~ "Digilent Zed 210248469153" && level==0} -index 1' command is executed.
13:08:57 INFO  : FPGA configured successfully with bitstream "D:/SeniorProject/dma_fft1/FFTDMADesign_wrapper_hw_platform_0/FFTDMADesign_wrapper.bit"
13:09:03 INFO  : Processor reset is completed for ps7_cortexa9_0
13:10:18 INFO  : ps7_cortexa9_0 Processor is in use. Please stop existing Run or Debug sessions before launching.
13:10:20 INFO  : Processor reset is completed for ps7_cortexa9_0
13:10:52 INFO  : Processor reset is completed for ps7_cortexa9_0
13:12:20 INFO  : ps7_cortexa9_0 Processor is in use. Please stop existing Run or Debug sessions before launching.
13:12:22 INFO  : Processor reset is completed for ps7_cortexa9_0
13:50:50 INFO  : Connected to target on host '127.0.0.1' and port '3121'.
13:50:50 INFO  : 'targets -set -filter {jtag_cable_name =~ "Digilent Zed 210248469153" && level==0} -index 1' command is executed.
13:50:53 INFO  : FPGA configured successfully with bitstream "D:/SeniorProject/dma_fft1/FFTDMADesign_wrapper_hw_platform_0/FFTDMADesign_wrapper.bit"
13:50:56 INFO  : ps7_init is completed.
13:50:56 INFO  : ps7_post_config is completed.
13:50:57 INFO  : Processor reset is completed for ps7_cortexa9_0
14:32:48 INFO  : Connected to target on host '127.0.0.1' and port '3121'.
14:32:52 INFO  : 'targets -set -filter {jtag_cable_name =~ "Digilent Zed 210248469153" && level==0} -index 1' command is executed.
14:32:54 INFO  : FPGA configured successfully with bitstream "D:/SeniorProject/dma_fft1/FFTDMADesign_wrapper_hw_platform_0/FFTDMADesign_wrapper.bit"
14:33:01 INFO  : ps7_init is completed.
14:33:01 INFO  : ps7_post_config is completed.
14:33:01 INFO  : Processor reset is completed for ps7_cortexa9_0
14:33:01 ERROR : No such port: COM4
14:33:15 INFO  : Processor reset is completed for ps7_cortexa9_0
14:53:07 INFO  : Connected to target on host '127.0.0.1' and port '3121'.
14:53:07 INFO  : 'targets -set -filter {jtag_cable_name =~ "Digilent Zed 210248469153" && level==0} -index 1' command is executed.
14:53:10 INFO  : FPGA configured successfully with bitstream "D:/SeniorProject/dma_fft1/FFTDMADesign_wrapper_hw_platform_0/FFTDMADesign_wrapper.bit"
14:53:14 INFO  : Processor reset is completed for ps7_cortexa9_0
15:31:24 ERROR : Unexpected error while parsing XMD response ?: com.google.gson.JsonSyntaxException: com.google.gson.stream.MalformedJsonException: invalid number or unquoted string near 
21:03:35 INFO  : Launching XSDB server: xsdb.bat C:/Xilinx2016/SDK/2015.4/scripts/xsdb/xsdb/xsdb-server.tcl
21:03:39 INFO  : XSDB server has started successfully.
21:03:40 INFO  : Processing command line option -hwspec F:/SeniorProj/dma_fft1/FFTDMADesign_wrapper.hdf.
11:40:56 INFO  : Launching XSDB server: xsdb.bat C:/Xilinx2016/SDK/2015.4/scripts/xsdb/xsdb/xsdb-server.tcl
11:40:59 INFO  : XSDB server has started successfully.
11:41:01 INFO  : Processing command line option -hwspec F:/SeniorProj/dma_fft1/FFTDMADesign_wrapper.hdf.
11:41:01 INFO  : Checking for hwspec changes in the project FFTDMADesign_wrapper_hw_platform_2.
