#
# A fatal error has been detected by the Java Runtime Environment:
#
#  Internal Error (0xc000000d), pid=692, tid=3172
#
# JRE version: Java(TM) SE Runtime Environment (8.0_25-b18) (build 1.8.0_25-b18)
# Java VM: Java HotSpot(TM) 64-Bit Server VM (25.25-b02 mixed mode windows-amd64 compressed oops)
# Problematic frame:
# C  [ntdll.dll+0xf5920]
#
# Failed to write core dump. Minidumps are not enabled by default on client versions of Windows
#
# If you would like to submit a bug report, please visit:
#   http://bugreport.sun.com/bugreport/crash.jsp
#

---------------  T H R E A D  ---------------

Current thread (0x00000000138a6800):  VMThread [stack: 0x0000000014940000,0x0000000014a40000] [id=3172]

siginfo: ExceptionCode=0xc000000d

Registers:
RAX=0x000000001a28c2d0, RBX=0xfffffffffffffffe, RCX=0x0000000000000001, RDX=0x000000001536c550
RSP=0x0000000014a3f470, RBP=0x00007ff970287408, RSI=0x0000000000000000, RDI=0x0000000000000a5c
R8 =0x00007ff99119655c, R9 =0x000000000014f7b0, R10=0x000000000014f7b0, R11=0x0000000000000000
R12=0x0000000025360790, R13=0x0000000024f77050, R14=0x0000000025360898, R15=0x0000000014a3f5e8
RIP=0x00007ff991245920, EFLAGS=0x0000000000000202

Top of Stack: (sp=0x0000000014a3f470)
0x0000000014a3f470:   0000000000000000 fffffffffffffffe
0x0000000014a3f480:   0000000000000000 0000000000000a5c
0x0000000014a3f490:   00000000c000000d 0000000000000000
0x0000000014a3f4a0:   00007ff991245920 0000000000000000
0x0000000014a3f4b0:   0000000000000000 0000000000000000
0x0000000014a3f4c0:   0000000000000000 0000000000000000
0x0000000014a3f4d0:   0000000000000000 0000000000000000
0x0000000014a3f4e0:   0000000000000000 0000000000000000
0x0000000014a3f4f0:   0000000000000000 0000000000000000
0x0000000014a3f500:   0000000000000000 0000000000000000
0x0000000014a3f510:   0000000000000000 0000000000000000
0x0000000014a3f520:   0000000000000000 0000000000000000
0x0000000014a3f530:   00009842d4bebdec 0000000000000000
0x0000000014a3f540:   0000000000000000 00007ff9911f9e6d
0x0000000014a3f550:   0000000000000000 0000000000000000
0x0000000014a3f560:   0000000000000000 0000000000000000 

Instructions: (pc=0x00007ff991245920)
0x00007ff991245900:   28 fa ff c7 44 24 20 0d 00 00 c0 b9 57 00 00 00
0x00007ff991245910:   e8 7b 97 f1 ff 90 48 8d 4c 24 20 e8 80 c5 f1 ff
0x00007ff991245920:   eb 00 48 8b 8c 24 c0 00 00 00 48 33 cc e8 4e e3
0x00007ff991245930:   f8 ff 48 81 c4 d8 00 00 00 c3 40 55 48 83 ec 20 


Register to memory mapping:

RAX=0x000000001a28c2d0 is an unknown value
RBX=0xfffffffffffffffe is an unknown value
RCX=0x0000000000000001 is an unknown value
RDX=0x000000001536c550 is an unknown value
RSP=0x0000000014a3f470 is an unknown value
RBP=0x00007ff970287408 is an unknown value
RSI=0x0000000000000000 is an unknown value
RDI=0x0000000000000a5c is an unknown value
R8 =0x00007ff99119655c is an unknown value
R9 =0x000000000014f7b0 is pointing into the stack for thread: 0x00000000024be000
R10=0x000000000014f7b0 is pointing into the stack for thread: 0x00000000024be000
R11=0x0000000000000000 is an unknown value
R12=0x0000000025360790 is an unknown value
R13=0x0000000024f77050 is an unknown value
R14=0x0000000025360898 is an unknown value
R15=0x0000000014a3f5e8 is an unknown value


Stack: [0x0000000014940000,0x0000000014a40000],  sp=0x0000000014a3f470,  free space=1021k
Native frames: (J=compiled Java code, j=interpreted, Vv=VM code, C=native code)
C  [ntdll.dll+0xf5920]
C  [ntdll.dll+0xa9e6d]
C  [KERNEL32.DLL+0x228da]
C  [MSVCR110.dll+0x752d]
C  [MSVCR110.dll+0x14cde]
C  [MSVCR110.dll+0x13edc]
C  [MSVCR110.dll+0x239e]
C  [MSVCR110.dll+0xaf9e]
C  [MSVCP110.dll+0x397b9]
C  [librdi_common.dll+0x135d02]
C  [librdi_common.dll+0x13447b]
C  0x00007ff97d6d2400
C  0x00007ff97d6d2682
C  [ntdll.dll+0x23d70]
C  [ntdll.dll+0x4638a]
C  [ntdll.dll+0x46224]
C  [KERNEL32.DLL+0x1ef5a]
C  [MSVCR100.dll+0x20ccd]
V  [jvm.dll+0x1f9c55]
V  [jvm.dll+0x2325e7]
V  [jvm.dll+0x231826]
V  [jvm.dll+0x231cc1]
V  [jvm.dll+0x231ede]
V  [jvm.dll+0x2852fa]
C  [MSVCR100.dll+0x21d9f]
C  [MSVCR100.dll+0x21e3b]
C  [KERNEL32.DLL+0x12d92]
C  [ntdll.dll+0x9f64]

VM_Operation (0x000000000014f500): Exit, mode: safepoint, requested by thread 0x00000000024be000


---------------  P R O C E S S  ---------------

Java Threads: ( => current thread )
  0x0000000017186000 JavaThread "pool-1-thread-2" [_thread_blocked, id=9860, stack(0x000000002b740000,0x000000002b840000)]
  0x0000000017187800 JavaThread "pool-1-thread-1" [_thread_blocked, id=6352, stack(0x000000002a470000,0x000000002a570000)]
  0x0000000016801800 JavaThread "Thread-16" daemon [_thread_blocked, id=4100, stack(0x00000000296f0000,0x00000000297f0000)]
  0x00000000166e8000 JavaThread "TCF Locator DNS Lookup" daemon [_thread_blocked, id=868, stack(0x000000001f150000,0x000000001f250000)]
  0x00000000166e7000 JavaThread "TCF Locator Timer" daemon [_thread_blocked, id=4436, stack(0x000000001f050000,0x000000001f150000)]
  0x00000000166df000 JavaThread "TCF Locator Receiver" daemon [_thread_in_native, id=6024, stack(0x000000001ef50000,0x000000001f050000)]
  0x00000000166e0800 JavaThread "TCF Timer Dispatcher" daemon [_thread_blocked, id=8904, stack(0x000000001b4f0000,0x000000001b5f0000)]
  0x00000000167fe800 JavaThread "EMF Reference Cleaner" daemon [_thread_blocked, id=9948, stack(0x0000000017c60000,0x0000000017d60000)]
  0x000000001516e000 JavaThread "Service Thread" daemon [_thread_blocked, id=8056, stack(0x0000000015550000,0x0000000015650000)]
  0x00000000138e7800 JavaThread "C1 CompilerThread2" daemon [_thread_blocked, id=7036, stack(0x0000000015050000,0x0000000015150000)]
  0x00000000138e1800 JavaThread "C2 CompilerThread1" daemon [_thread_blocked, id=6176, stack(0x0000000014f50000,0x0000000015050000)]
  0x00000000138dd800 JavaThread "C2 CompilerThread0" daemon [_thread_blocked, id=2884, stack(0x0000000014e50000,0x0000000014f50000)]
  0x00000000138dc000 JavaThread "Attach Listener" daemon [_thread_blocked, id=9624, stack(0x0000000014d50000,0x0000000014e50000)]
  0x00000000138db000 JavaThread "Signal Dispatcher" daemon [_thread_blocked, id=3052, stack(0x0000000014c50000,0x0000000014d50000)]
  0x0000000002492800 JavaThread "Finalizer" daemon [_thread_blocked, id=2404, stack(0x0000000014b40000,0x0000000014c40000)]
  0x000000000248b800 JavaThread "Reference Handler" daemon [_thread_blocked, id=3176, stack(0x0000000014a40000,0x0000000014b40000)]
  0x00000000024be000 JavaThread "main" [_thread_blocked, id=1348, stack(0x0000000000050000,0x0000000000150000)]

Other Threads:
=>0x00000000138a6800 VMThread [stack: 0x0000000014940000,0x0000000014a40000] [id=3172]

VM state:at safepoint (shutting down)

VM Mutex/Monitor currently owned by a thread:  ([mutex/lock_event])
[0x00000000024bd3c0] Threads_lock - owner thread: 0x00000000138a6800

Heap:
 PSYoungGen      total 85504K, used 25268K [0x00000000f5580000, 0x00000000fac80000, 0x0000000100000000)
  eden space 81920K, 30% used [0x00000000f5580000,0x00000000f6e2d280,0x00000000fa580000)
  from space 3584K, 0% used [0x00000000fa900000,0x00000000fa900000,0x00000000fac80000)
  to   space 3584K, 0% used [0x00000000fa580000,0x00000000fa580000,0x00000000fa900000)
 ParOldGen       total 84480K, used 32683K [0x00000000e0000000, 0x00000000e5280000, 0x00000000f5580000)
  object space 84480K, 38% used [0x00000000e0000000,0x00000000e1feafd0,0x00000000e5280000)
 Metaspace       used 78486K, capacity 84360K, committed 84696K, reserved 1122304K
  class space    used 9522K, capacity 11451K, committed 11480K, reserved 1048576K

Card table byte_map: [0x0000000011880000,0x0000000011990000] byte_map_base: 0x0000000011180000

Marking Bits: (ParMarkBitMap*) 0x000000005c01d490
 Begin Bits: [0x0000000011e40000, 0x0000000012640000)
 End Bits:   [0x0000000012640000, 0x0000000012e40000)

Polling page: 0x00000000003f0000

CodeCache: size=245760Kb used=34350Kb max_used=34361Kb free=211409Kb
 bounds [0x00000000024c0000, 0x0000000004690000, 0x00000000114c0000]
 total_blobs=10434 nmethods=9587 adapters=755
 compilation: enabled

Compilation events (10 events):
Event: 2222.439 Thread 0x00000000138e7800 12084       1       org.eclipse.osgi.internal.loader.BundleLoaderProxy::getBasicBundleLoader (5 bytes)
Event: 2222.439 Thread 0x00000000138e7800 nmethod 12084 0x00000000041196d0 code [0x0000000004119820, 0x0000000004119930]
Event: 2222.441 Thread 0x00000000138e7800 12086       1       org.eclipse.osgi.internal.loader.BundleLoaderProxy::getBundleData (5 bytes)
Event: 2222.441 Thread 0x00000000138e7800 nmethod 12086 0x0000000002bc37d0 code [0x0000000002bc3920, 0x0000000002bc3a30]
Event: 2222.473 Thread 0x00000000138e7800 12088       3       java.io.File::list (33 bytes)
Event: 2222.474 Thread 0x00000000138e7800 nmethod 12088 0x000000000376a710 code [0x000000000376a8e0, 0x000000000376b008]
Event: 2222.532 Thread 0x00000000138e7800 12089   !   3       org.eclipse.osgi.internal.baseadaptor.BaseStorage::compact (215 bytes)
Event: 2222.534 Thread 0x00000000138e7800 nmethod 12089 0x00000000046852d0 code [0x0000000004685700, 0x0000000004687b68]
Event: 2222.562 Thread 0x00000000138e7800 12090       3       org.eclipse.osgi.framework.internal.core.AbstractBundle::close (52 bytes)
Event: 2222.563 Thread 0x00000000138e7800 nmethod 12090 0x0000000002bc5b10 code [0x0000000002bc5d40, 0x0000000002bc6a28]

GC Heap History (10 events):
Event: 2080.948 GC heap before
{Heap before GC invocations=85 (full 37):
 PSYoungGen      total 85504K, used 192K [0x00000000f5580000, 0x00000000fad80000, 0x0000000100000000)
  eden space 81920K, 0% used [0x00000000f5580000,0x00000000f5580000,0x00000000fa580000)
  from space 3584K, 5% used [0x00000000faa00000,0x00000000faa30000,0x00000000fad80000)
  to   space 4096K, 0% used [0x00000000fa580000,0x00000000fa580000,0x00000000fa980000)
 ParOldGen       total 84480K, used 32690K [0x00000000e0000000, 0x00000000e5280000, 0x00000000f5580000)
  object space 84480K, 38% used [0x00000000e0000000,0x00000000e1fec828,0x00000000e5280000)
 Metaspace       used 77528K, capacity 83206K, committed 83544K, reserved 1122304K
  class space    used 9406K, capacity 11222K, committed 11352K, reserved 1048576K
Event: 2081.065 GC heap after
Heap after GC invocations=85 (full 37):
 PSYoungGen      total 85504K, used 0K [0x00000000f5580000, 0x00000000fad80000, 0x0000000100000000)
  eden space 81920K, 0% used [0x00000000f5580000,0x00000000f5580000,0x00000000fa580000)
  from space 3584K, 0% used [0x00000000faa00000,0x00000000faa00000,0x00000000fad80000)
  to   space 4096K, 0% used [0x00000000fa580000,0x00000000fa580000,0x00000000fa980000)
 ParOldGen       total 84480K, used 32680K [0x00000000e0000000, 0x00000000e5280000, 0x00000000f5580000)
  object space 84480K, 38% used [0x00000000e0000000,0x00000000e1fea110,0x00000000e5280000)
 Metaspace       used 77528K, capacity 83206K, committed 83544K, reserved 1122304K
  class space    used 9406K, capacity 11222K, committed 11352K, reserved 1048576K
}
Event: 2140.972 GC heap before
{Heap before GC invocations=86 (full 37):
 PSYoungGen      total 85504K, used 7864K [0x00000000f5580000, 0x00000000fad80000, 0x0000000100000000)
  eden space 81920K, 9% used [0x00000000f5580000,0x00000000f5d2e388,0x00000000fa580000)
  from space 3584K, 0% used [0x00000000faa00000,0x00000000faa00000,0x00000000fad80000)
  to   space 4096K, 0% used [0x00000000fa580000,0x00000000fa580000,0x00000000fa980000)
 ParOldGen       total 84480K, used 32680K [0x00000000e0000000, 0x00000000e5280000, 0x00000000f5580000)
  object space 84480K, 38% used [0x00000000e0000000,0x00000000e1fea110,0x00000000e5280000)
 Metaspace       used 77548K, capacity 83206K, committed 83544K, reserved 1122304K
  class space    used 9406K, capacity 11222K, committed 11352K, reserved 1048576K
Event: 2140.975 GC heap after
Heap after GC invocations=86 (full 37):
 PSYoungGen      total 82432K, used 416K [0x00000000f5580000, 0x00000000fac80000, 0x0000000100000000)
  eden space 81920K, 0% used [0x00000000f5580000,0x00000000f5580000,0x00000000fa580000)
  from space 512K, 81% used [0x00000000fa580000,0x00000000fa5e8000,0x00000000fa600000)
  to   space 3584K, 0% used [0x00000000fa900000,0x00000000fa900000,0x00000000fac80000)
 ParOldGen       total 84480K, used 32688K [0x00000000e0000000, 0x00000000e5280000, 0x00000000f5580000)
  object space 84480K, 38% used [0x00000000e0000000,0x00000000e1fec110,0x00000000e5280000)
 Metaspace       used 77548K, capacity 83206K, committed 83544K, reserved 1122304K
  class space    used 9406K, capacity 11222K, committed 11352K, reserved 1048576K
}
Event: 2140.975 GC heap before
{Heap before GC invocations=87 (full 38):
 PSYoungGen      total 82432K, used 416K [0x00000000f5580000, 0x00000000fac80000, 0x0000000100000000)
  eden space 81920K, 0% used [0x00000000f5580000,0x00000000f5580000,0x00000000fa580000)
  from space 512K, 81% used [0x00000000fa580000,0x00000000fa5e8000,0x00000000fa600000)
  to   space 3584K, 0% used [0x00000000fa900000,0x00000000fa900000,0x00000000fac80000)
 ParOldGen       total 84480K, used 32688K [0x00000000e0000000, 0x00000000e5280000, 0x00000000f5580000)
  object space 84480K, 38% used [0x00000000e0000000,0x00000000e1fec110,0x00000000e5280000)
 Metaspace       used 77548K, capacity 83206K, committed 83544K, reserved 1122304K
  class space    used 9406K, capacity 11222K, committed 11352K, reserved 1048576K
Event: 2141.094 GC heap after
Heap after GC invocations=87 (full 38):
 PSYoungGen      total 82432K, used 0K [0x00000000f5580000, 0x00000000fac80000, 0x0000000100000000)
  eden space 81920K, 0% used [0x00000000f5580000,0x00000000f5580000,0x00000000fa580000)
  from space 512K, 0% used [0x00000000fa580000,0x00000000fa580000,0x00000000fa600000)
  to   space 3584K, 0% used [0x00000000fa900000,0x00000000fa900000,0x00000000fac80000)
 ParOldGen       total 84480K, used 32801K [0x00000000e0000000, 0x00000000e5280000, 0x00000000f5580000)
  object space 84480K, 38% used [0x00000000e0000000,0x00000000e2008638,0x00000000e5280000)
 Metaspace       used 77548K, capacity 83206K, committed 83544K, reserved 1122304K
  class space    used 9406K, capacity 11222K, committed 11352K, reserved 1048576K
}
Event: 2200.975 GC heap before
{Heap before GC invocations=88 (full 38):
 PSYoungGen      total 82432K, used 3456K [0x00000000f5580000, 0x00000000fac80000, 0x0000000100000000)
  eden space 81920K, 4% used [0x00000000f5580000,0x00000000f58e01d8,0x00000000fa580000)
  from space 512K, 0% used [0x00000000fa580000,0x00000000fa580000,0x00000000fa600000)
  to   space 3584K, 0% used [0x00000000fa900000,0x00000000fa900000,0x00000000fac80000)
 ParOldGen       total 84480K, used 32801K [0x00000000e0000000, 0x00000000e5280000, 0x00000000f5580000)
  object space 84480K, 38% used [0x00000000e0000000,0x00000000e2008638,0x00000000e5280000)
 Metaspace       used 77550K, capacity 83206K, committed 83544K, reserved 1122304K
  class space    used 9406K, capacity 11222K, committed 11352K, reserved 1048576K
Event: 2200.977 GC heap after
Heap after GC invocations=88 (full 38):
 PSYoungGen      total 85504K, used 160K [0x00000000f5580000, 0x00000000fac80000, 0x0000000100000000)
  eden space 81920K, 0% used [0x00000000f5580000,0x00000000f5580000,0x00000000fa580000)
  from space 3584K, 4% used [0x00000000fa900000,0x00000000fa928000,0x00000000fac80000)
  to   space 3584K, 0% used [0x00000000fa580000,0x00000000fa580000,0x00000000fa900000)
 ParOldGen       total 84480K, used 32809K [0x00000000e0000000, 0x00000000e5280000, 0x00000000f5580000)
  object space 84480K, 38% used [0x00000000e0000000,0x00000000e200a638,0x00000000e5280000)
 Metaspace       used 77550K, capacity 83206K, committed 83544K, reserved 1122304K
  class space    used 9406K, capacity 11222K, committed 11352K, reserved 1048576K
}
Event: 2200.977 GC heap before
{Heap before GC invocations=89 (full 39):
 PSYoungGen      total 85504K, used 160K [0x00000000f5580000, 0x00000000fac80000, 0x0000000100000000)
  eden space 81920K, 0% used [0x00000000f5580000,0x00000000f5580000,0x00000000fa580000)
  from space 3584K, 4% used [0x00000000fa900000,0x00000000fa928000,0x00000000fac80000)
  to   space 3584K, 0% used [0x00000000fa580000,0x00000000fa580000,0x00000000fa900000)
 ParOldGen       total 84480K, used 32809K [0x00000000e0000000, 0x00000000e5280000, 0x00000000f5580000)
  object space 84480K, 38% used [0x00000000e0000000,0x00000000e200a638,0x00000000e5280000)
 Metaspace       used 77550K, capacity 83206K, committed 83544K, reserved 1122304K
  class space    used 9406K, capacity 11222K, committed 11352K, reserved 1048576K
Event: 2201.098 GC heap after
Heap after GC invocations=89 (full 39):
 PSYoungGen      total 85504K, used 0K [0x00000000f5580000, 0x00000000fac80000, 0x0000000100000000)
  eden space 81920K, 0% used [0x00000000f5580000,0x00000000f5580000,0x00000000fa580000)
  from space 3584K, 0% used [0x00000000fa900000,0x00000000fa900000,0x00000000fac80000)
  to   space 3584K, 0% used [0x00000000fa580000,0x00000000fa580000,0x00000000fa900000)
 ParOldGen       total 84480K, used 32683K [0x00000000e0000000, 0x00000000e5280000, 0x00000000f5580000)
  object space 84480K, 38% used [0x00000000e0000000,0x00000000e1feafd0,0x00000000e5280000)
 Metaspace       used 77550K, capacity 83206K, committed 83544K, reserved 1122304K
  class space    used 9406K, capacity 11222K, committed 11352K, reserved 1048576K
}

Deoptimization events (10 events):
Event: 2221.560 Thread 0x00000000167ff000 Uncommon trap: reason=bimorphic action=maybe_recompile pc=0x0000000002f8b1f0 method=java.util.Properties.load0(Ljava/util/Properties$LineReader;)V @ 242
Event: 2221.560 Thread 0x00000000167ff000 Uncommon trap: reason=bimorphic action=maybe_recompile pc=0x0000000002f8839c method=java.util.Properties.load0(Ljava/util/Properties$LineReader;)V @ 242
Event: 2221.594 Thread 0x00000000024be000 Uncommon trap: reason=unreached action=reinterpret pc=0x00000000029c7a9c method=org.eclipse.e4.ui.internal.workbench.swt.PartRenderingEngine.someAreVisible(Ljava/util/List;)Z @ 41
Event: 2221.610 Thread 0x00000000024be000 Uncommon trap: reason=null_check action=make_not_entrant pc=0x00000000045b9974 method=org.eclipse.emf.ecore.impl.BasicEObjectImpl.eContainerAdapterArray()[Lorg/eclipse/emf/common/notify/Adapter; @ 6
Event: 2221.610 Thread 0x00000000024be000 Uncommon trap: reason=unreached action=reinterpret pc=0x000000000377fbc0 method=org.eclipse.emf.ecore.impl.MinimalEObjectImpl.setField(ILjava/lang/Object;)V @ 9
Event: 2221.650 Thread 0x00000000024be000 Uncommon trap: reason=class_check action=maybe_recompile pc=0x0000000004622894 method=org.eclipse.e4.core.internal.contexts.TrackableComputationExt.update(Lorg/eclipse/e4/core/internal/contexts/ContextChangeEvent;)Z @ 62
Event: 2221.650 Thread 0x00000000024be000 Uncommon trap: reason=class_check action=maybe_recompile pc=0x0000000004622894 method=org.eclipse.e4.core.internal.contexts.TrackableComputationExt.update(Lorg/eclipse/e4/core/internal/contexts/ContextChangeEvent;)Z @ 62
Event: 2221.650 Thread 0x00000000024be000 Uncommon trap: reason=class_check action=maybe_recompile pc=0x0000000004622894 method=org.eclipse.e4.core.internal.contexts.TrackableComputationExt.update(Lorg/eclipse/e4/core/internal/contexts/ContextChangeEvent;)Z @ 62
Event: 2222.306 Thread 0x00000000024be000 Uncommon trap: reason=null_check action=make_not_entrant pc=0x0000000002d803ec method=org.eclipse.core.runtime.internal.adaptor.EclipseLazyStarter.shouldActivateFor(Ljava/lang/String;Lorg/eclipse/osgi/baseadaptor/BaseData;Lorg/eclipse/core/runtime/internalí£6XÚ\¡@
Event: 2222.426 Thread 0x000000001717e800 Uncommon trap: reason=unreached action=reinterpret pc=0x000000000457fca8 method=org.eclipse.core.internal.jobs.JobManager.nextJob()Lorg/eclipse/core/runtime/jobs/Job; @ 80

Internal exceptions (10 events):
Event: 2221.174 Thread 0x00000000024be000 Implicit null exception at 0x0000000003e8e90c to 0x0000000003e8e969
Event: 2221.176 Thread 0x00000000024be000 Implicit null exception at 0x0000000002a80245 to 0x0000000002a807c5
Event: 2221.177 Thread 0x00000000024be000 Implicit null exception at 0x000000000364b1c9 to 0x000000000364bf9d
Event: 2221.610 Thread 0x00000000024be000 Implicit null exception at 0x00000000045b8f04 to 0x00000000045b9969
Event: 2221.720 Thread 0x00000000166ed000 Exception <a 'java/lang/InterruptedException'> (0x00000000f6886ea0) thrown at [D:\re\workspace\8-2-build-windows-amd64-cygwin\jdk8u25\1677\hotspot\src\share\vm\runtime\objectMonitor.cpp, line 1682]
Event: 2222.306 Thread 0x00000000024be000 Implicit null exception at 0x0000000002d7e4df to 0x0000000002d803e1
Event: 2222.441 Thread 0x00000000158ac800 Exception <a 'java/lang/InterruptedException': sleep interrupted> (0x00000000f6c00e68) thrown at [D:\re\workspace\8-2-build-windows-amd64-cygwin\jdk8u25\1677\hotspot\src\share\vm\prims\jvm.cpp, line 3141]
Event: 2222.443 Thread 0x0000000016800800 Exception <a 'java/lang/InterruptedException'> (0x00000000f6ccdae8) thrown at [D:\re\workspace\8-2-build-windows-amd64-cygwin\jdk8u25\1677\hotspot\src\share\vm\runtime\objectMonitor.cpp, line 1682]
Event: 2222.443 Thread 0x0000000015cc3800 Exception <a 'java/lang/InterruptedException'> (0x00000000f6ce84f8) thrown at [D:\re\workspace\8-2-build-windows-amd64-cygwin\jdk8u25\1677\hotspot\src\share\vm\runtime\objectMonitor.cpp, line 1682]
Event: 2222.562 Thread 0x0000000015851800 Exception <a 'java/lang/InterruptedException'> (0x00000000f6c00030) thrown at [D:\re\workspace\8-2-build-windows-amd64-cygwin\jdk8u25\1677\hotspot\src\share\vm\runtime\objectMonitor.cpp, line 1682]

Events (10 events):
Event: 2222.563 loading class java/util/IdentityHashMap$KeyIterator done
Event: 2222.563 Thread 0x00000000167fd800 Thread added: 0x00000000167fd800
Event: 2222.563 Executing VM operation: RevokeBias
Event: 2222.563 Executing VM operation: RevokeBias done
Event: 2222.564 Executing VM operation: RevokeBias
Event: 2222.564 Executing VM operation: RevokeBias done
Event: 2222.564 Executing VM operation: RevokeBias
Event: 2222.564 Executing VM operation: RevokeBias done
Event: 2222.564 Thread 0x00000000167fd800 Thread exited: 0x00000000167fd800
Event: 2222.565 Executing VM operation: Exit


Dynamic libraries:
0x0000000000400000 - 0x000000000044f000 	C:\Xilinx\SDK\2015.2\eclipse\win64.o\eclipse.exe
0x00007ff991150000 - 0x00007ff991311000 	C:\Windows\SYSTEM32\ntdll.dll
0x00007ff9908e0000 - 0x00007ff99098d000 	C:\Windows\system32\KERNEL32.DLL
0x00007ff98e4d0000 - 0x00007ff98e6ad000 	C:\Windows\system32\KERNELBASE.dll
0x00007ff990500000 - 0x00007ff99064e000 	C:\Windows\system32\USER32.dll
0x00007ff990bc0000 - 0x00007ff990d46000 	C:\Windows\system32\GDI32.dll
0x00007ff98e830000 - 0x00007ff98e8cd000 	C:\Windows\system32\msvcrt.dll
0x00007ff97e990000 - 0x00007ff97ec04000 	C:\Windows\WinSxS\amd64_microsoft.windows.common-controls_6595b64144ccf1df_6.0.10240.16384_none_f41f7b285750ef43\COMCTL32.dll
0x00007ff991060000 - 0x00007ff991096000 	C:\Windows\system32\IMM32.DLL
0x00007ff990db0000 - 0x00007ff990f0c000 	C:\Windows\system32\MSCTF.dll
0x0000000072000000 - 0x0000000072012000 	C:\Xilinx\SDK\2015.2\eclipse\win64.o\plugins\org.eclipse.equinox.launcher.win32.win32.x86_64_1.1.200.v20140116-2212\eclipse_1503.dll
0x00007ff990830000 - 0x00007ff9908d6000 	C:\Windows\system32\ADVAPI32.dll
0x00007ff9903c0000 - 0x00007ff99041b000 	C:\Windows\system32\sechost.dll
0x00007ff990650000 - 0x00007ff990776000 	C:\Windows\system32\RPCRT4.dll
0x00007ff985410000 - 0x00007ff98541a000 	C:\Windows\SYSTEM32\VERSION.dll
0x00007ff98c3a0000 - 0x00007ff98c436000 	C:\Windows\system32\uxtheme.dll
0x00007ff98e990000 - 0x00007ff98ec0c000 	C:\Windows\system32\combase.dll
0x000000005b840000 - 0x000000005c09a000 	C:\Xilinx\SDK\2015.2\tps\win64\jre\bin\server\jvm.dll
0x00007ff990780000 - 0x00007ff990788000 	C:\Windows\system32\PSAPI.DLL
0x00007ff9846e0000 - 0x00007ff9846e9000 	C:\Windows\SYSTEM32\WSOCK32.dll
0x00007ff98c090000 - 0x00007ff98c0b3000 	C:\Windows\SYSTEM32\WINMM.dll
0x000000005df80000 - 0x000000005e052000 	C:\Windows\SYSTEM32\MSVCR100.dll
0x00007ff9907b0000 - 0x00007ff990819000 	C:\Windows\system32\WS2_32.dll
0x00007ff990820000 - 0x00007ff990828000 	C:\Windows\system32\NSI.dll
0x00007ff98bff0000 - 0x00007ff98c01c000 	C:\Windows\SYSTEM32\WINMMBASE.dll
0x00007ff98dc80000 - 0x00007ff98dcc4000 	C:\Windows\system32\cfgmgr32.dll
0x00007ff98c4f0000 - 0x00007ff98c517000 	C:\Windows\SYSTEM32\DEVOBJ.dll
0x000000005b700000 - 0x000000005b70f000 	C:\Xilinx\SDK\2015.2\tps\win64\jre\bin\verify.dll
0x000000005b6d0000 - 0x000000005b6f8000 	C:\Xilinx\SDK\2015.2\tps\win64\jre\bin\java.dll
0x000000005b6b0000 - 0x000000005b6c6000 	C:\Xilinx\SDK\2015.2\tps\win64\jre\bin\zip.dll
0x00007ff98ee90000 - 0x00007ff9903b2000 	C:\Windows\system32\SHELL32.dll
0x00007ff98dea0000 - 0x00007ff98e4c8000 	C:\Windows\system32\windows.storage.dll
0x00007ff990b60000 - 0x00007ff990bb1000 	C:\Windows\system32\shlwapi.dll
0x00007ff98dc10000 - 0x00007ff98dc1f000 	C:\Windows\system32\kernel.appcore.dll
0x00007ff98e6b0000 - 0x00007ff98e763000 	C:\Windows\system32\shcore.dll
0x00007ff98db80000 - 0x00007ff98dbca000 	C:\Windows\system32\powrprof.dll
0x00007ff98dbf0000 - 0x00007ff98dc03000 	C:\Windows\system32\profapi.dll
0x00007ff98d3f0000 - 0x00007ff98d407000 	C:\Windows\SYSTEM32\CRYPTSP.dll
0x00007ff98dab0000 - 0x00007ff98dad8000 	C:\Windows\SYSTEM32\bcrypt.dll
0x00007ff98d080000 - 0x00007ff98d0b3000 	C:\Windows\system32\rsaenh.dll
0x00007ff98d240000 - 0x00007ff98d25f000 	C:\Windows\SYSTEM32\USERENV.dll
0x00007ff98d9a0000 - 0x00007ff98da0b000 	C:\Windows\system32\bcryptprimitives.dll
0x00007ff98d690000 - 0x00007ff98d69b000 	C:\Windows\SYSTEM32\CRYPTBASE.dll
0x000000005b690000 - 0x000000005b6aa000 	C:\Xilinx\SDK\2015.2\tps\win64\jre\bin\net.dll
0x00007ff98d410000 - 0x00007ff98d46d000 	C:\Windows\system32\mswsock.dll
0x00007ff987380000 - 0x00007ff9873b8000 	C:\Windows\SYSTEM32\IPHLPAPI.DLL
0x00007ff9871b0000 - 0x00007ff9871bb000 	C:\Windows\SYSTEM32\WINNSI.DLL
0x00007ff986b10000 - 0x00007ff986b26000 	C:\Windows\SYSTEM32\dhcpcsvc6.DLL
0x00007ff986e10000 - 0x00007ff986e2a000 	C:\Windows\SYSTEM32\dhcpcsvc.DLL
0x000000005b670000 - 0x000000005b681000 	C:\Xilinx\SDK\2015.2\tps\win64\jre\bin\nio.dll
0x00007ff95b510000 - 0x00007ff95b525000 	C:\Windows\system32\napinsp.dll
0x00007ff95b4f0000 - 0x00007ff95b50a000 	C:\Windows\system32\pnrpnsp.dll
0x00007ff98b770000 - 0x00007ff98b788000 	C:\Windows\system32\NLAapi.dll
0x00007ff98d190000 - 0x00007ff98d238000 	C:\Windows\SYSTEM32\DNSAPI.dll
0x00007ff96b210000 - 0x00007ff96b21d000 	C:\Windows\System32\winrnr.dll
0x00007ff95b4d0000 - 0x00007ff95b4e5000 	C:\Windows\system32\wshbth.dll
0x000000005e100000 - 0x000000005e126000 	C:\Program Files\Bonjour\mdnsNSP.dll
0x00007ff985920000 - 0x00007ff98592a000 	C:\Windows\System32\rasadhlp.dll
0x00007ff986c90000 - 0x00007ff986cf8000 	C:\Windows\System32\fwpuclnt.dll
0x0000000017f60000 - 0x0000000018008000 	C:\Users\Peachy\.Xilinx\SDK\2015.2\org.eclipse.osgi\bundles\287\1\.cp\swt-win32-4335.dll
0x00007ff990f10000 - 0x00007ff991051000 	C:\Windows\system32\ole32.dll
0x00007ff98e8d0000 - 0x00007ff98e98e000 	C:\Windows\system32\OLEAUT32.dll
0x00007ff990420000 - 0x00007ff9904f7000 	C:\Windows\system32\comdlg32.dll
0x00007ff98dcd0000 - 0x00007ff98de91000 	C:\Windows\system32\CRYPT32.dll
0x00007ff985e50000 - 0x00007ff985ed4000 	C:\Windows\SYSTEM32\WINSPOOL.DRV
0x00007ff98ac00000 - 0x00007ff98ac18000 	C:\Windows\SYSTEM32\USP10.dll
0x00007ff98dbd0000 - 0x00007ff98dbe1000 	C:\Windows\system32\MSASN1.dll
0x00007ff982570000 - 0x00007ff982817000 	C:\Windows\SYSTEM32\WININET.dll
0x00007ff98bec0000 - 0x00007ff98bee2000 	C:\Windows\system32\dwmapi.dll
0x00007ff98b8e0000 - 0x00007ff98ba63000 	C:\Windows\SYSTEM32\propsys.dll
0x00007ff9910a0000 - 0x00007ff991145000 	C:\Windows\system32\clbcatq.dll
0x0000000018060000 - 0x000000001807e000 	C:\Users\Peachy\.Xilinx\SDK\2015.2\org.eclipse.osgi\bundles\287\1\.cp\swt-gdip-win32-4335.dll
0x00007ff976e50000 - 0x00007ff976ff9000 	C:\Windows\WinSxS\amd64_microsoft.windows.gdiplus_6595b64144ccf1df_1.1.10240.16384_none_89a94c179af51f83\gdiplus.dll
0x00007ff9871c0000 - 0x00007ff987372000 	C:\Windows\SYSTEM32\WindowsCodecs.dll
0x0000000180000000 - 0x0000000180012000 	C:\Users\Peachy\.Xilinx\SDK\2015.2\org.eclipse.osgi\bundles\113\1\.cp\os\win32\x86_64\localfile_1_0_0.dll
0x00007ff98ab20000 - 0x00007ff98ab31000 	C:\Users\Peachy\.Xilinx\SDK\2015.2\org.eclipse.osgi\bundles\116\1\.cp\jWinHttp-1.0.0.dll
0x00007ff9862d0000 - 0x00007ff9863a6000 	C:\Windows\SYSTEM32\WINHTTP.dll
0x00007ff975fd0000 - 0x00007ff976039000 	C:\Windows\SYSTEM32\oleacc.dll
0x00007ff9879f0000 - 0x00007ff987a00000 	C:\Xilinx\SDK\2015.2\lib\win64.o\librdi_repo_manager.dll
0x00007ff983570000 - 0x00007ff98359a000 	C:\Xilinx\SDK\2015.2\lib\win64.o\libisl_sysinfo.dll
0x00007ff93a6a0000 - 0x00007ff93afe3000 	C:\Xilinx\SDK\2015.2\lib\win64.o\librdi_common.dll
0x00007ff97b4e0000 - 0x00007ff97b534000 	C:\Xilinx\SDK\2015.2\lib\win64.o\librdi_commonxillic.dll
0x00007ff970690000 - 0x00007ff970878000 	C:\Xilinx\SDK\2015.2\lib\win64.o\librdi_hsm.dll
0x00007ff9732b0000 - 0x00007ff973357000 	C:\Windows\SYSTEM32\MSVCP110.dll
0x00007ff970280000 - 0x00007ff970354000 	C:\Windows\SYSTEM32\MSVCR110.dll
0x00007ff96bc50000 - 0x00007ff96bef8000 	C:\Xilinx\SDK\2015.2\lib\win64.o\libCOIN-all.dll
0x00007ff965150000 - 0x00007ff965370000 	C:\Xilinx\SDK\2015.2\lib\win64.o\libXil_lmgr11.dll
0x00007ff98dc20000 - 0x00007ff98dc74000 	C:\Windows\system32\WINTRUST.dll
0x00007ff98aaa0000 - 0x00007ff98aab0000 	C:\Xilinx\SDK\2015.2\lib\win64.o\libboost_date_time.dll
0x00007ff9836e0000 - 0x00007ff983754000 	C:\Xilinx\SDK\2015.2\lib\win64.o\libboost_program_options.dll
0x00007ff983870000 - 0x00007ff983892000 	C:\Xilinx\SDK\2015.2\lib\win64.o\libboost_filesystem.dll
0x00007ff9835c0000 - 0x00007ff9835d3000 	C:\Xilinx\SDK\2015.2\lib\win64.o\libboost_signals.dll
0x00007ff9881b0000 - 0x00007ff9881b9000 	C:\Xilinx\SDK\2015.2\lib\win64.o\libboost_system.dll
0x00007ff9835a0000 - 0x00007ff9835bd000 	C:\Xilinx\SDK\2015.2\lib\win64.o\libboost_thread.dll
0x00007ff97ec80000 - 0x00007ff97ed00000 	C:\Xilinx\SDK\2015.2\lib\win64.o\libhdlpsolve.dll
0x00007ff972fd0000 - 0x00007ff97306a000 	C:\Xilinx\SDK\2015.2\lib\win64.o\libhdxml.dll
0x00007ff938c40000 - 0x00007ff93924a200 	C:\Xilinx\SDK\2015.2\lib\win64.o\libisl_iostreams.dll
0x00007ff9835e0000 - 0x00007ff9836da000 	C:\Xilinx\SDK\2015.2\lib\win64.o\libboost_regex.dll
0x00007ff97b7f0000 - 0x00007ff97b813000 	C:\Xilinx\SDK\2015.2\lib\win64.o\libisl_iosutils.dll
0x00007ff987c90000 - 0x00007ff987ca5000 	C:\Xilinx\SDK\2015.2\lib\win64.o\pthreadVC2.dll
0x00007ff9768f0000 - 0x00007ff976a20000 	C:\Xilinx\SDK\2015.2\lib\win64.o\librdi_curl.dll
0x00007ff983550000 - 0x00007ff983568000 	C:\Xilinx\SDK\2015.2\lib\win64.o\librdiconfig.dll
0x00007ff97be30000 - 0x00007ff97be53000 	C:\Xilinx\SDK\2015.2\lib\win64.o\librdizlib.dll
0x000000005b710000 - 0x000000005b837000 	C:\Xilinx\SDK\2015.2\lib\win64.o\tcl85t.dll
0x00007ff982a40000 - 0x00007ff982bd6000 	C:\Windows\SYSTEM32\urlmon.dll
0x00000000212e0000 - 0x0000000021543000 	C:\Xilinx\SDK\2015.2\lib\win64.o\xerces-c_3_1.dll
0x00007ff967950000 - 0x00007ff967973000 	C:\Windows\SYSTEM32\VCOMP110.DLL
0x00007ff985930000 - 0x00007ff985947000 	C:\Windows\SYSTEM32\NETAPI32.dll
0x00007ff987c80000 - 0x00007ff987c8b000 	C:\Xilinx\SDK\2015.2\lib\win64.o\libboost_chrono.dll
0x00007ff97b820000 - 0x00007ff97b836000 	C:\Xilinx\SDK\2015.2\lib\win64.o\libboost_iostreams.dll
0x00007ff989070000 - 0x00007ff9893e6000 	C:\Windows\SYSTEM32\iertutil.dll
0x00007ff989630000 - 0x00007ff989646000 	C:\Windows\SYSTEM32\wkscli.dll
0x00007ff98ce10000 - 0x00007ff98ce36000 	C:\Windows\SYSTEM32\srvcli.dll
0x00007ff98ce90000 - 0x00007ff98ce9c000 	C:\Windows\SYSTEM32\netutils.dll
0x00007ff93b1a0000 - 0x00007ff93b35a000 	C:\Xilinx\SDK\2015.2\lib\win64.o\librdi_ippcw.dll
0x00007ff973f40000 - 0x00007ff973f83000 	C:\Xilinx\SDK\2015.2\lib\win64.o\librdi_hdf.dll
0x00007ff98acd0000 - 0x00007ff98acd7000 	C:\Windows\SYSTEM32\msimg32.dll
0x00007ff9768b0000 - 0x00007ff9768cc000 	C:\Xilinx\SDK\2015.2\lib\win64.o\librdi_hw_platform.dll
0x00007ff987ab0000 - 0x00007ff987adf000 	C:\Windows\SYSTEM32\edputil.dll
0x00007ff9893f0000 - 0x00007ff989521000 	C:\Windows\SYSTEM32\wintypes.dll
0x00007ff98c020000 - 0x00007ff98c059000 	C:\Windows\SYSTEM32\policymanager.dll
0x00007ff98bf20000 - 0x00007ff98bfb2000 	C:\Windows\SYSTEM32\msvcp110_win.dll
0x00007ff98bd50000 - 0x00007ff98bd86000 	C:\Windows\SYSTEM32\XmlLite.dll
0x00007ff93a290000 - 0x00007ff93a69a000 	C:\Xilinx\SDK\2015.2\lib\win64.o\librdi_commontasks.dll
0x00007ff938430000 - 0x00007ff938c40000 	C:\Xilinx\SDK\2015.2\lib\win64.o\libXil_lmgr11FNP.dll
0x00007ff95b1c0000 - 0x00007ff95b1cc000 	C:\Windows\SYSTEM32\snmpapi.dll
0x00007ff990990000 - 0x00007ff990b55000 	C:\Windows\system32\SETUPAPI.dll
0x00007ff98d7a0000 - 0x00007ff98d7cc000 	C:\Windows\SYSTEM32\SspiCli.dll

VM Arguments:
jvm_args: -Dcom.xilinx.sdk.args.hwspec=C:/Speedway/ZynqHW/2015_2/FFT_DMA_24102015/FFT_DMA_24102015.sdk/FFTDMADesign_wrapper.hdf -Xms64m -Xmx512m & 
java_command: <unknown>
java_class_path (initial): C:\Xilinx\SDK\2015.2\eclipse\win64.o\\plugins/org.eclipse.equinox.launcher_1.3.0.v20130327-1440.jar
Launcher Type: generic

Environment Variables:
PATH=C:/Xilinx/SDK/2015.2/tps/win64/jre/bin/server;C:/Xilinx/SDK/2015.2/tps/win64/jre/bin;C:/Xilinx/SDK/2015.2/tps/win64/jre/lib/amd64;C:\Xilinx\SDK\2015.2\gnuwin\bin;C:\Xilinx\SDK\2015.2\gnu\microblaze\nt\bin;C:\Xilinx\SDK\2015.2\gnu\microblaze\linux_toolchain\nt64_le\bin;C:\Xilinx\SDK\2015.2\gnu\microblaze\linux_toolchain\nt64_be\bin;C:\Xilinx\SDK\2015.2\gnu\arm\nt\bin;C:\Xilinx\SDK\2015.2\gnu\aarch64\nt\aarch64-none\bin;C:\Xilinx\SDK\2015.2\gnu\aarch64\nt\aarch64-linux\bin;C:\Xilinx\SDK\2015.2\gnu\armr5\nt\gcc-arm-none-eabi\bin;C:\Xilinx\SDK\2015.2\gnu\aarch32\nt\gcc-arm-none-eabi\bin;C:\Xilinx\SDK\2015.2\gnu\aarch32\nt\gcc-arm-linux-gnueabi\bin;C:\Xilinx\SDK\2015.2\bin;C:\Xilinx\SDK\2015.2\lib\win64.o;C:\Xilinx\SDK\2015.2\tps\win64\jre\bin\server;C:\Xilinx\SDK\2015.2\tps\win64\jre\bin;C:\Xilinx\SDK\2015.2\bin;C:\Xilinx\SDK\2015.2\bin;C:\Xilinx\Vivado\2015.2\ids_lite\ISE\bin\nt64;C:\Xilinx\Vivado\2015.2\ids_lite\ISE\lib\nt64;C:\Xilinx\Vivado\2015.2\bin;C:\Xilinx\Vivado\2015.2\lib\win64.o;C:\Xilinx\Vivado\2015.2\tps\win64\jre\bin\server;C:\Xilinx\Vivado\2015.2\tps\win64\jre\bin;C:\Xilinx\SDK\2015.2\bin;C:\Xilinx\Vivado\2015.2\ids_lite\ISE\bin\nt64;C:\Xilinx\Vivado\2015.2\ids_lite\ISE\lib\nt64;C:\Xilinx\Vivado_HLS\2015.2\bin;C:\Windows\system32;C:\Windows;C:\Windows\System32\Wbem;C:\Windows\System32\WindowsPowerShell\v1.0\;C:\Program Files (x86)\AMD\ATI.ACE\Core-Static;C:\Program Files\MATLAB\MATLAB Production Server\R2015a\runtime\win64;C:\Program Files\MATLAB\MATLAB Production Server\R2015a\bin;C:\Program Files\MATLAB\MATLAB Production Server\R2015a\polyspace\bin;c:\Speedway\ZynqHW\2015_2\FFT_DMA_24102015;
USERNAME=Peachy
OS=Windows_NT
PROCESSOR_IDENTIFIER=Intel64 Family 6 Model 58 Stepping 9, GenuineIntel



---------------  S Y S T E M  ---------------

OS: Windows 8 , 64 bit Build 9200 

CPU:total 4 (2 cores per cpu, 2 threads per core) family 6 model 58 stepping 9, cmov, cx8, fxsr, mmx, sse, sse2, sse3, ssse3, sse4.1, sse4.2, popcnt, avx, aes, clmul, erms, ht, tsc, tscinvbit, tscinv

Memory: 4k page, physical 8265376k(3947976k free), swap 9576096k(3648360k free)

vm_info: Java HotSpot(TM) 64-Bit Server VM (25.25-b02) for windows-amd64 JRE (1.8.0_25-b18), built on Oct  7 2014 14:25:37 by "java_re" with MS VC++ 10.0 (VS2010)

time: Sun Oct 25 13:47:50 2015
elapsed time: 2223 seconds (0d 0h 37m 3s)

