#-----------------------------------------------------------
# xsim v2015.4 (64-bit)
# SW Build 1412921 on Wed Nov 18 09:43:45 MST 2015
# IP Build 1412160 on Tue Nov 17 13:47:24 MST 2015
# Start of session at: Fri Feb 12 17:03:19 2016
# Process ID: 4000
# Current directory: C:/Users/Peachy/Desktop/SeniorProj/PyramidCon_x/solution2/sim/verilog
# Command line: xsim.exe -mode tcl -source {xsim.dir/pyrconstuct_top/xsim_script.tcl}
# Log file: C:/Users/Peachy/Desktop/SeniorProj/PyramidCon_x/solution2/sim/verilog/xsim.log
# Journal file: C:/Users/Peachy/Desktop/SeniorProj/PyramidCon_x/solution2/sim/verilog\xsim.jou
#-----------------------------------------------------------
source xsim.dir/pyrconstuct_top/xsim_script.tcl
# xsim {pyrconstuct_top} -maxdeltaid 10000 -autoloadwcfg -tclbatch {pyrconstuct_top.tcl}
Vivado Simulator 2015.4
Time resolution is 1 ps
source pyrconstuct_top.tcl
## log_wave /
WARNING: [Simtcl 6-142] log_wave skipped an HDL object or scope because of this problem: WARNING: Simulation object /apatb_pyrconstuct_top_top/next_trigger_ready_cnt was not traceable in the design for the following reason:
Vivado Simulator does not yet support tracing of Verilog named events.

## run all
$finish called at time : 22407500 ps : File "C:/Users/Peachy/Desktop/SeniorProj/PyramidCon_x/solution2/sim/verilog/pyrconstuct_top.autotb.v" Line 339
run: Time (s): cpu = 00:00:00 ; elapsed = 00:00:09 . Memory (MB): peak = 59.527 ; gain = 0.000
## quit
INFO: [Common 17-206] Exiting xsim at Fri Feb 12 17:03:32 2016...
