#-----------------------------------------------------------
# Webtalk v2015.2 (64-bit)
# SW Build 1266856 on Fri Jun 26 16:35:25 MDT 2015
# 
# Start of session at: Sat Oct 24 16:59:29 2015
# Process ID: 1004
# Log file: C:/Speedway/ZynqHW/2015_2/FFT_DMA_24102015/FFT_DMA_24102015.sdk/webtalk/webtalk.log
# Journal file: C:/Speedway/ZynqHW/2015_2/FFT_DMA_24102015/FFT_DMA_24102015.sdk/webtalk\webtalk.jou
#-----------------------------------------------------------
source sdk_webtalk.tcl
# webtalk_init -webtalk_dir C:\\Speedway\\ZynqHW\\2015_2\\FFT_DMA_24102015\\FFT_DMA_24102015.sdk\\webtalk
# webtalk_register_client -client project
# webtalk_add_data -client project -key date_generated -value "Sat Oct 24 16:59:28 2015" -context "software_version_and_target_device"
# webtalk_add_data -client project -key product_version -value "SDK v2015.2" -context "software_version_and_target_device"
# webtalk_add_data -client project -key build_version -value "2015.2" -context "software_version_and_target_device"
# webtalk_add_data -client project -key os_platform -value "amd64" -context "software_version_and_target_device"
# webtalk_add_data -client project -key registration_id -value "" -context "software_version_and_target_device"
# webtalk_add_data -client project -key tool_flow -value "SDK" -context "software_version_and_target_device"
# webtalk_add_data -client project -key beta -value "false" -context "software_version_and_target_device"
# webtalk_add_data -client project -key route_design -value "NA" -context "software_version_and_target_device"
# webtalk_add_data -client project -key target_family -value "NA" -context "software_version_and_target_device"
# webtalk_add_data -client project -key target_device -value "NA" -context "software_version_and_target_device"
# webtalk_add_data -client project -key target_package -value "NA" -context "software_version_and_target_device"
# webtalk_add_data -client project -key target_speed -value "NA" -context "software_version_and_target_device"
# webtalk_add_data -client project -key random_id -value "p7rjiji8bnhuv64c96di9eq1da" -context "software_version_and_target_device"
# webtalk_add_data -client project -key project_id -value "2015.2_11" -context "software_version_and_target_device"
# webtalk_add_data -client project -key project_iteration -value "11" -context "software_version_and_target_device"
# webtalk_add_data -client project -key os_name -value "" -context "user_environment"
# webtalk_add_data -client project -key os_release -value "" -context "user_environment"
# webtalk_add_data -client project -key cpu_name -value "" -context "user_environment"
# webtalk_add_data -client project -key cpu_speed -value "" -context "user_environment"
# webtalk_add_data -client project -key total_processors -value "" -context "user_environment"
# webtalk_add_data -client project -key system_ram -value "" -context "user_environment"
# webtalk_register_client -client sdk
# webtalk_add_data -client sdk -key uid -value "1445677032605" -context "sdk\\\\hardware/1445677032605"
# webtalk_add_data -client sdk -key isZynq -value "true" -context "sdk\\\\hardware/1445677032605"
# webtalk_add_data -client sdk -key Processors -value "2" -context "sdk\\\\hardware/1445677032605"
# webtalk_add_data -client sdk -key VivadoVersion -value "2015.2" -context "sdk\\\\hardware/1445677032605"
# webtalk_add_data -client sdk -key Arch -value "zynq" -context "sdk\\\\hardware/1445677032605"
# webtalk_add_data -client sdk -key Device -value "xa7z020" -context "sdk\\\\hardware/1445677032605"
# webtalk_add_data -client sdk -key IsHandoff -value "true" -context "sdk\\\\hardware/1445677032605"
# webtalk_add_data -client sdk -key uid -value "1445677121881" -context "sdk\\\\bsp/1445677121881"
# webtalk_add_data -client sdk -key hwid -value "1445677032605" -context "sdk\\\\bsp/1445677121881"
# webtalk_add_data -client sdk -key os -value "standalone" -context "sdk\\\\bsp/1445677121881"
# webtalk_add_data -client sdk -key apptemplate -value "hello_world" -context "sdk\\\\bsp/1445677121881"
# webtalk_add_data -client sdk -key uid -value "1445677125289" -context "sdk\\\\application/1445677125289"
# webtalk_add_data -client sdk -key hwid -value "1445677032605" -context "sdk\\\\application/1445677125289"
# webtalk_add_data -client sdk -key bspid -value "1445677121881" -context "sdk\\\\application/1445677125289"
# webtalk_add_data -client sdk -key newbsp -value "true" -context "sdk\\\\application/1445677125289"
# webtalk_add_data -client sdk -key os -value "standalone" -context "sdk\\\\application/1445677125289"
# webtalk_add_data -client sdk -key apptemplate -value "hello_world" -context "sdk\\\\application/1445677125289"
# webtalk_transmit -clientid 2871566873 -regid "" -xml C:\\Speedway\\ZynqHW\\2015_2\\FFT_DMA_24102015\\FFT_DMA_24102015.sdk\\webtalk\\usage_statistics_ext_sdk.xml -html C:\\Speedway\\ZynqHW\\2015_2\\FFT_DMA_24102015\\FFT_DMA_24102015.sdk\\webtalk\\usage_statistics_ext_sdk.html -wdm C:\\Speedway\\ZynqHW\\2015_2\\FFT_DMA_24102015\\FFT_DMA_24102015.sdk\\webtalk\\sdk_webtalk.wdm -intro "<H3>SDK Usage Report</H3><BR>"

    while executing
"webtalk_transmit -clientid 2871566873 -regid "" -xml C:\\Speedway\\ZynqHW\\2015_2\\FFT_DMA_24102015\\FFT_DMA_24102015.sdk\\webtalk\\usage_statistics_e..."
    (file "sdk_webtalk.tcl" line 42)
INFO: [Common 17-206] Exiting Webtalk at Sat Oct 24 16:59:33 2015...
