
*** Running vivado
    with args -log cmpy_complex_top.vdi -applog -m64 -messageDb vivado.pb -mode batch -source cmpy_complex_top.tcl -notrace


****** Vivado v2015.4 (64-bit)
  **** SW Build 1412921 on Wed Nov 18 09:43:45 MST 2015
  **** IP Build 1412160 on Tue Nov 17 13:47:24 MST 2015
    ** Copyright 1986-2015 Xilinx, Inc. All Rights Reserved.

source cmpy_complex_top.tcl -notrace
Command: open_checkpoint F:/FPGA/exp/DispCheck/solution1/impl/verilog/project.runs/impl_1/cmpy_complex_top.dcp
INFO: [Netlist 29-17] Analyzing 844 Unisim elements for replacement
INFO: [Netlist 29-28] Unisim Transformation completed in 0 CPU seconds
INFO: [Project 1-479] Netlist was created with Vivado 2015.4
INFO: [Device 21-403] Loading part xc7z020clg484-1
INFO: [Project 1-570] Preparing netlist for logic optimization
Parsing XDC File [F:/FPGA/exp/DispCheck/solution1/impl/verilog/project.runs/impl_1/.Xil/Vivado-10556-/dcp/cmpy_complex_top.xdc]
Finished Parsing XDC File [F:/FPGA/exp/DispCheck/solution1/impl/verilog/project.runs/impl_1/.Xil/Vivado-10556-/dcp/cmpy_complex_top.xdc]
INFO: [Project 1-111] Unisim Transformation Summary:
No Unisim elements were transformed.

INFO: [Project 1-604] Checkpoint was created with Vivado v2015.4 (64-bit) build 1412921
open_checkpoint: Time (s): cpu = 00:00:06 ; elapsed = 00:00:07 . Memory (MB): peak = 474.125 ; gain = 286.254
Command: opt_design
Attempting to get a license for feature 'Implementation' and/or device 'xc7z020'
INFO: [Common 17-349] Got license for feature 'Implementation' and/or device 'xc7z020'
Running DRC as a precondition to command opt_design

Starting DRC Task
INFO: [DRC 23-27] Running DRC with 2 threads
INFO: [Project 1-461] DRC finished with 0 Errors
INFO: [Project 1-462] Please refer to the DRC report (report_drc) for more information.

Time (s): cpu = 00:00:01 ; elapsed = 00:00:00.237 . Memory (MB): peak = 477.781 ; gain = 3.656
INFO: [Timing 38-35] Done setting XDC timing constraints.

Starting Logic Optimization Task
Implement Debug Cores | Checksum: fcff06bb

Phase 1 Retarget
INFO: [Opt 31-138] Pushed 0 inverter(s) to 0 load pin(s).
INFO: [Opt 31-49] Retargeted 0 cell(s).
Phase 1 Retarget | Checksum: ac4eb41f

Time (s): cpu = 00:00:01 ; elapsed = 00:00:00.976 . Memory (MB): peak = 931.230 ; gain = 0.000

Phase 2 Constant Propagation
INFO: [Opt 31-138] Pushed 0 inverter(s) to 0 load pin(s).
INFO: [Opt 31-10] Eliminated 70 cells.
Phase 2 Constant Propagation | Checksum: f0724ed1

Time (s): cpu = 00:00:01 ; elapsed = 00:00:02 . Memory (MB): peak = 931.230 ; gain = 0.000

Phase 3 Sweep
INFO: [Opt 31-12] Eliminated 2657 unconnected nets.
INFO: [Opt 31-11] Eliminated 42 unconnected cells.
Phase 3 Sweep | Checksum: dbeb1ae6

Time (s): cpu = 00:00:03 ; elapsed = 00:00:03 . Memory (MB): peak = 931.230 ; gain = 0.000

Starting Connectivity Check Task

Time (s): cpu = 00:00:00 ; elapsed = 00:00:00.024 . Memory (MB): peak = 931.230 ; gain = 0.000
Ending Logic Optimization Task | Checksum: dbeb1ae6

Time (s): cpu = 00:00:03 ; elapsed = 00:00:03 . Memory (MB): peak = 931.230 ; gain = 0.000

Starting Power Optimization Task
INFO: [Pwropt 34-132] Skipping clock gating for clocks with a period < 2.00 ns.
INFO: [Pwropt 34-9] Applying IDT optimizations ...
INFO: [Pwropt 34-10] Applying ODC optimizations ...
INFO: [Timing 38-35] Done setting XDC timing constraints.
Running Vector-less Activity Propagation...

Finished Running Vector-less Activity Propagation


Starting PowerOpt Patch Enables Task
INFO: [Pwropt 34-162] WRITE_MODE attribute of 3 BRAM(s) out of a total of 3 has been updated to save power. Run report_power_opt to get a complete listing of the BRAMs updated.
INFO: [Pwropt 34-201] Structural ODC has moved 0 WE to EN ports
Number of BRAM Ports augmented: 3 newly gated: 0 Total Ports: 6
Ending PowerOpt Patch Enables Task | Checksum: 153435199

Time (s): cpu = 00:00:00 ; elapsed = 00:00:00.065 . Memory (MB): peak = 1072.391 ; gain = 0.000
Ending Power Optimization Task | Checksum: 153435199

Time (s): cpu = 00:00:04 ; elapsed = 00:00:04 . Memory (MB): peak = 1072.391 ; gain = 141.160
INFO: [Common 17-83] Releasing license: Implementation
25 Infos, 0 Warnings, 0 Critical Warnings and 0 Errors encountered.
opt_design completed successfully
opt_design: Time (s): cpu = 00:00:24 ; elapsed = 00:00:23 . Memory (MB): peak = 1072.391 ; gain = 598.266
INFO: [Timing 38-35] Done setting XDC timing constraints.
INFO: [DRC 23-27] Running DRC with 2 threads
INFO: [Coretcl 2-168] The results of DRC are in file F:/FPGA/exp/DispCheck/solution1/impl/verilog/project.runs/impl_1/cmpy_complex_top_drc_opted.rpt.
INFO: [Vivado_Tcl 4-424] Cannot write hardware definition file as there are no IPI block design hardware handoff files present
Command: place_design
Attempting to get a license for feature 'Implementation' and/or device 'xc7z020'
INFO: [Common 17-349] Got license for feature 'Implementation' and/or device 'xc7z020'
INFO: [DRC 23-27] Running DRC with 2 threads
INFO: [Vivado_Tcl 4-198] DRC finished with 0 Errors
INFO: [Vivado_Tcl 4-199] Please refer to the DRC report (report_drc) for more information.
Running DRC as a precondition to command place_design
INFO: [DRC 23-27] Running DRC with 2 threads
INFO: [Vivado_Tcl 4-198] DRC finished with 0 Errors
INFO: [Vivado_Tcl 4-199] Please refer to the DRC report (report_drc) for more information.

Starting Placer Task
INFO: [Place 30-611] Multithreading enabled for place_design using a maximum of 2 CPUs

Phase 1 Placer Initialization
Netlist sorting complete. Time (s): cpu = 00:00:00 ; elapsed = 00:00:00.014 . Memory (MB): peak = 1072.391 ; gain = 0.000
INFO: [Opt 31-138] Pushed 0 inverter(s) to 0 load pin(s).
Netlist sorting complete. Time (s): cpu = 00:00:00 ; elapsed = 00:00:00.008 . Memory (MB): peak = 1072.391 ; gain = 0.000

Phase 1.1 IO Placement/ Clock Placement/ Build Placer Device

Phase 1.1.1 Pre-Place Cells
Phase 1.1.1 Pre-Place Cells | Checksum: 00000000

Time (s): cpu = 00:00:01 ; elapsed = 00:00:00.484 . Memory (MB): peak = 1072.391 ; gain = 0.000
INFO: [Timing 38-35] Done setting XDC timing constraints.

Phase 1.1.2 IO and Clk Clean Up
Phase 1.1.2 IO and Clk Clean Up | Checksum: 00000000

Time (s): cpu = 00:00:04 ; elapsed = 00:00:04 . Memory (MB): peak = 1072.391 ; gain = 0.000

Phase 1.1.3 Implementation Feasibility check On IDelay
Phase 1.1.3 Implementation Feasibility check On IDelay | Checksum: 00000000

Time (s): cpu = 00:00:04 ; elapsed = 00:00:04 . Memory (MB): peak = 1072.391 ; gain = 0.000

Phase 1.1.4 Commit IO Placement
Phase 1.1.4 Commit IO Placement | Checksum: 00000000

Time (s): cpu = 00:00:04 ; elapsed = 00:00:04 . Memory (MB): peak = 1072.391 ; gain = 0.000
Phase 1.1 IO Placement/ Clock Placement/ Build Placer Device | Checksum: e4dd75bc

Time (s): cpu = 00:00:04 ; elapsed = 00:00:04 . Memory (MB): peak = 1072.391 ; gain = 0.000

Phase 1.2 Build Placer Netlist Model

Phase 1.2.1 Place Init Design

Phase 1.2.1.1 Init Lut Pin Assignment
Phase 1.2.1.1 Init Lut Pin Assignment | Checksum: 135142359

Time (s): cpu = 00:00:05 ; elapsed = 00:00:05 . Memory (MB): peak = 1072.391 ; gain = 0.000
Phase 1.2.1 Place Init Design | Checksum: 18e174610

Time (s): cpu = 00:00:10 ; elapsed = 00:00:08 . Memory (MB): peak = 1072.391 ; gain = 0.000
Phase 1.2 Build Placer Netlist Model | Checksum: 18e174610

Time (s): cpu = 00:00:10 ; elapsed = 00:00:08 . Memory (MB): peak = 1072.391 ; gain = 0.000

Phase 1.3 Constrain Clocks/Macros

Phase 1.3.1 Constrain Global/Regional Clocks
Phase 1.3.1 Constrain Global/Regional Clocks | Checksum: 18e174610

Time (s): cpu = 00:00:10 ; elapsed = 00:00:08 . Memory (MB): peak = 1072.391 ; gain = 0.000
Phase 1.3 Constrain Clocks/Macros | Checksum: 18e174610

Time (s): cpu = 00:00:10 ; elapsed = 00:00:08 . Memory (MB): peak = 1072.391 ; gain = 0.000
Phase 1 Placer Initialization | Checksum: 18e174610

Time (s): cpu = 00:00:10 ; elapsed = 00:00:08 . Memory (MB): peak = 1072.391 ; gain = 0.000

Phase 2 Global Placement
Phase 2 Global Placement | Checksum: 1c015306d

Time (s): cpu = 00:00:18 ; elapsed = 00:00:14 . Memory (MB): peak = 1072.391 ; gain = 0.000

Phase 3 Detail Placement

Phase 3.1 Commit Multi Column Macros
Phase 3.1 Commit Multi Column Macros | Checksum: 1c015306d

Time (s): cpu = 00:00:18 ; elapsed = 00:00:14 . Memory (MB): peak = 1072.391 ; gain = 0.000

Phase 3.2 Commit Most Macros & LUTRAMs
Phase 3.2 Commit Most Macros & LUTRAMs | Checksum: 1cc7b51dd

Time (s): cpu = 00:00:22 ; elapsed = 00:00:17 . Memory (MB): peak = 1072.391 ; gain = 0.000

Phase 3.3 Area Swap Optimization
Phase 3.3 Area Swap Optimization | Checksum: 159c1a55c

Time (s): cpu = 00:00:22 ; elapsed = 00:00:18 . Memory (MB): peak = 1072.391 ; gain = 0.000

Phase 3.4 updateClock Trees: DP
Phase 3.4 updateClock Trees: DP | Checksum: 159c1a55c

Time (s): cpu = 00:00:22 ; elapsed = 00:00:18 . Memory (MB): peak = 1072.391 ; gain = 0.000

Phase 3.5 Timing Path Optimizer
Phase 3.5 Timing Path Optimizer | Checksum: 1d768526f

Time (s): cpu = 00:00:22 ; elapsed = 00:00:18 . Memory (MB): peak = 1072.391 ; gain = 0.000

Phase 3.6 Fast Optimization
Phase 3.6 Fast Optimization | Checksum: 1d768526f

Time (s): cpu = 00:00:23 ; elapsed = 00:00:18 . Memory (MB): peak = 1072.391 ; gain = 0.000

Phase 3.7 Small Shape Detail Placement

Phase 3.7.1 Commit Small Macros and Core Logic

Phase 3.7.1.1 Commit Slice Clusters
Phase 3.7.1.1 Commit Slice Clusters | Checksum: 159c45460

Time (s): cpu = 00:00:23 ; elapsed = 00:00:19 . Memory (MB): peak = 1072.391 ; gain = 0.000
Phase 3.7.1 Commit Small Macros and Core Logic | Checksum: 159c45460

Time (s): cpu = 00:00:23 ; elapsed = 00:00:19 . Memory (MB): peak = 1072.391 ; gain = 0.000

Phase 3.7.2 Clock Restriction Legalization for Leaf Columns
Phase 3.7.2 Clock Restriction Legalization for Leaf Columns | Checksum: 159c45460

Time (s): cpu = 00:00:23 ; elapsed = 00:00:19 . Memory (MB): peak = 1072.391 ; gain = 0.000

Phase 3.7.3 Clock Restriction Legalization for Non-Clock Pins
Phase 3.7.3 Clock Restriction Legalization for Non-Clock Pins | Checksum: 159c45460

Time (s): cpu = 00:00:24 ; elapsed = 00:00:19 . Memory (MB): peak = 1072.391 ; gain = 0.000
Phase 3.7 Small Shape Detail Placement | Checksum: 159c45460

Time (s): cpu = 00:00:24 ; elapsed = 00:00:19 . Memory (MB): peak = 1072.391 ; gain = 0.000

Phase 3.8 Re-assign LUT pins
Phase 3.8 Re-assign LUT pins | Checksum: 18bb5fbc6

Time (s): cpu = 00:00:24 ; elapsed = 00:00:19 . Memory (MB): peak = 1072.391 ; gain = 0.000
Phase 3 Detail Placement | Checksum: 18bb5fbc6

Time (s): cpu = 00:00:24 ; elapsed = 00:00:19 . Memory (MB): peak = 1072.391 ; gain = 0.000

Phase 4 Post Placement Optimization and Clean-Up

Phase 4.1 Post Commit Optimization

Phase 4.1.1 callUpdateTimingBeforePCO
Phase 4.1.1 callUpdateTimingBeforePCO | Checksum: 1b5606f95

Time (s): cpu = 00:00:26 ; elapsed = 00:00:21 . Memory (MB): peak = 1072.391 ; gain = 0.000

Phase 4.1.2 updateClock Trees: PCOPT
Phase 4.1.2 updateClock Trees: PCOPT | Checksum: 1b5606f95

Time (s): cpu = 00:00:26 ; elapsed = 00:00:21 . Memory (MB): peak = 1072.391 ; gain = 0.000

Phase 4.1.3 Post Placement Optimization

Phase 4.1.3.1 PCOPT Shape updates

Phase 4.1.3.1.1 removeOptionalFFsFromShapes
Phase 4.1.3.1.1 removeOptionalFFsFromShapes | Checksum: 1b5606f95

Time (s): cpu = 00:00:26 ; elapsed = 00:00:21 . Memory (MB): peak = 1072.391 ; gain = 0.000

Phase 4.1.3.1.2 deleteLutnmShapes

Phase 4.1.3.1.2.1 deleteShapes
Phase 4.1.3.1.2.1 deleteShapes | Checksum: 9013fe59

Time (s): cpu = 00:00:26 ; elapsed = 00:00:21 . Memory (MB): peak = 1072.391 ; gain = 0.000
Phase 4.1.3.1.2 deleteLutnmShapes | Checksum: 9013fe59

Time (s): cpu = 00:00:27 ; elapsed = 00:00:21 . Memory (MB): peak = 1072.391 ; gain = 0.000
Phase 4.1.3.1 PCOPT Shape updates | Checksum: 9013fe59

Time (s): cpu = 00:00:27 ; elapsed = 00:00:21 . Memory (MB): peak = 1072.391 ; gain = 0.000

Phase 4.1.3.2 Post Placement Timing Optimization
INFO: [Place 30-746] Post Placement Timing Summary WNS=2.206. For the most accurate timing information please run report_timing.
Phase 4.1.3.2 Post Placement Timing Optimization | Checksum: 89abd6eb

Time (s): cpu = 00:00:27 ; elapsed = 00:00:21 . Memory (MB): peak = 1072.391 ; gain = 0.000
Phase 4.1.3 Post Placement Optimization | Checksum: 89abd6eb

Time (s): cpu = 00:00:27 ; elapsed = 00:00:21 . Memory (MB): peak = 1072.391 ; gain = 0.000
Phase 4.1 Post Commit Optimization | Checksum: 89abd6eb

Time (s): cpu = 00:00:27 ; elapsed = 00:00:21 . Memory (MB): peak = 1072.391 ; gain = 0.000

Phase 4.2 Sweep Clock Roots: Post-Placement
Phase 4.2 Sweep Clock Roots: Post-Placement | Checksum: 89abd6eb

Time (s): cpu = 00:00:27 ; elapsed = 00:00:21 . Memory (MB): peak = 1072.391 ; gain = 0.000

Phase 4.3 Post Placement Cleanup
Phase 4.3 Post Placement Cleanup | Checksum: 89abd6eb

Time (s): cpu = 00:00:27 ; elapsed = 00:00:21 . Memory (MB): peak = 1072.391 ; gain = 0.000

Phase 4.4 Placer Reporting

Phase 4.4.1 Restore STA
Phase 4.4.1 Restore STA | Checksum: 89abd6eb

Time (s): cpu = 00:00:27 ; elapsed = 00:00:21 . Memory (MB): peak = 1072.391 ; gain = 0.000
Phase 4.4 Placer Reporting | Checksum: 89abd6eb

Time (s): cpu = 00:00:27 ; elapsed = 00:00:21 . Memory (MB): peak = 1072.391 ; gain = 0.000

Phase 4.5 Final Placement Cleanup
Phase 4.5 Final Placement Cleanup | Checksum: d1c94652

Time (s): cpu = 00:00:27 ; elapsed = 00:00:21 . Memory (MB): peak = 1072.391 ; gain = 0.000
Phase 4 Post Placement Optimization and Clean-Up | Checksum: d1c94652

Time (s): cpu = 00:00:27 ; elapsed = 00:00:22 . Memory (MB): peak = 1072.391 ; gain = 0.000
Ending Placer Task | Checksum: 8edbf5b0

Time (s): cpu = 00:00:27 ; elapsed = 00:00:22 . Memory (MB): peak = 1072.391 ; gain = 0.000
INFO: [Common 17-83] Releasing license: Implementation
41 Infos, 0 Warnings, 0 Critical Warnings and 0 Errors encountered.
place_design completed successfully
place_design: Time (s): cpu = 00:00:29 ; elapsed = 00:00:23 . Memory (MB): peak = 1072.391 ; gain = 0.000
Writing placer database...
Writing XDEF routing.
Writing XDEF routing logical nets.
Writing XDEF routing special nets.
Write XDEF Complete: Time (s): cpu = 00:00:04 ; elapsed = 00:00:02 . Memory (MB): peak = 1072.391 ; gain = 0.000
report_io: Time (s): cpu = 00:00:00 ; elapsed = 00:00:00.099 . Memory (MB): peak = 1072.391 ; gain = 0.000
report_utilization: Time (s): cpu = 00:00:00 ; elapsed = 00:00:00.101 . Memory (MB): peak = 1072.391 ; gain = 0.000
report_control_sets: Time (s): cpu = 00:00:00 ; elapsed = 00:00:00.016 . Memory (MB): peak = 1072.391 ; gain = 0.000
Command: phys_opt_design
Attempting to get a license for feature 'Implementation' and/or device 'xc7z020'
INFO: [Common 17-349] Got license for feature 'Implementation' and/or device 'xc7z020'

Starting Physical Synthesis Task

Phase 1 Physical Synthesis Initialization
INFO: [Physopt 32-721] Multithreading enabled for phys_opt_design using a maximum of 2 CPUs
Phase 1 Physical Synthesis Initialization | Checksum: 143be5b04

Time (s): cpu = 00:00:04 ; elapsed = 00:00:03 . Memory (MB): peak = 1072.391 ; gain = 0.000
INFO: [Vivado_Tcl 4-383] Design worst setup slack (WNS) is greater than or equal to 0.500 ns. Skipping all physical synthesis optimizations.
INFO: [Vivado_Tcl 4-232] No setup violation found. The netlist was not modified.
Ending Physical Synthesis Task | Checksum: 1d3790579
----- Checksum: : 1359a4c37 : 9ddeb942 

Time (s): cpu = 00:00:04 ; elapsed = 00:00:03 . Memory (MB): peak = 1072.391 ; gain = 0.000
INFO: [Common 17-83] Releasing license: Implementation
46 Infos, 0 Warnings, 0 Critical Warnings and 0 Errors encountered.
phys_opt_design completed successfully
Writing placer database...
Writing XDEF routing.
Writing XDEF routing logical nets.
Writing XDEF routing special nets.
Write XDEF Complete: Time (s): cpu = 00:00:04 ; elapsed = 00:00:02 . Memory (MB): peak = 1072.391 ; gain = 0.000
Command: route_design
Attempting to get a license for feature 'Implementation' and/or device 'xc7z020'
INFO: [Common 17-349] Got license for feature 'Implementation' and/or device 'xc7z020'
Running DRC as a precondition to command route_design
INFO: [DRC 23-27] Running DRC with 2 threads
INFO: [Vivado_Tcl 4-198] DRC finished with 0 Errors
INFO: [Vivado_Tcl 4-199] Please refer to the DRC report (report_drc) for more information.


Starting Routing Task
INFO: [Route 35-254] Multithreading enabled for route_design using a maximum of 2 CPUs
Checksum: PlaceDB: 3bef9821 ConstDB: 0 ShapeSum: 7fd7e4c4 RouteDB: 9ddeb942

Phase 1 Build RT Design
WARNING: [Route 35-198] Port "prealign_V_TDATA[17]" does not have an associated HD.PARTPIN_LOCS, which will prevent the partial routing of the signal "prealign_V_TDATA[17]". Without this partial route, timing analysis to/from this port will not be accurate, and no routing information for this port can be exported.
WARNING: [Route 35-198] Port "prealign_V_TDATA[16]" does not have an associated HD.PARTPIN_LOCS, which will prevent the partial routing of the signal "prealign_V_TDATA[16]". Without this partial route, timing analysis to/from this port will not be accurate, and no routing information for this port can be exported.
WARNING: [Route 35-198] Port "prealign_V_TDATA[15]" does not have an associated HD.PARTPIN_LOCS, which will prevent the partial routing of the signal "prealign_V_TDATA[15]". Without this partial route, timing analysis to/from this port will not be accurate, and no routing information for this port can be exported.
WARNING: [Route 35-198] Port "prealign_V_TDATA[14]" does not have an associated HD.PARTPIN_LOCS, which will prevent the partial routing of the signal "prealign_V_TDATA[14]". Without this partial route, timing analysis to/from this port will not be accurate, and no routing information for this port can be exported.
WARNING: [Route 35-198] Port "prealign_V_TDATA[13]" does not have an associated HD.PARTPIN_LOCS, which will prevent the partial routing of the signal "prealign_V_TDATA[13]". Without this partial route, timing analysis to/from this port will not be accurate, and no routing information for this port can be exported.
WARNING: [Route 35-198] Port "prealign_V_TDATA[12]" does not have an associated HD.PARTPIN_LOCS, which will prevent the partial routing of the signal "prealign_V_TDATA[12]". Without this partial route, timing analysis to/from this port will not be accurate, and no routing information for this port can be exported.
WARNING: [Route 35-198] Port "prealign_V_TDATA[11]" does not have an associated HD.PARTPIN_LOCS, which will prevent the partial routing of the signal "prealign_V_TDATA[11]". Without this partial route, timing analysis to/from this port will not be accurate, and no routing information for this port can be exported.
WARNING: [Route 35-198] Port "prealign_V_TDATA[10]" does not have an associated HD.PARTPIN_LOCS, which will prevent the partial routing of the signal "prealign_V_TDATA[10]". Without this partial route, timing analysis to/from this port will not be accurate, and no routing information for this port can be exported.
WARNING: [Route 35-198] Port "prealign_V_TDATA[9]" does not have an associated HD.PARTPIN_LOCS, which will prevent the partial routing of the signal "prealign_V_TDATA[9]". Without this partial route, timing analysis to/from this port will not be accurate, and no routing information for this port can be exported.
WARNING: [Route 35-198] Port "prealign_V_TDATA[8]" does not have an associated HD.PARTPIN_LOCS, which will prevent the partial routing of the signal "prealign_V_TDATA[8]". Without this partial route, timing analysis to/from this port will not be accurate, and no routing information for this port can be exported.
WARNING: [Route 35-198] Port "prealign_V_TDATA[7]" does not have an associated HD.PARTPIN_LOCS, which will prevent the partial routing of the signal "prealign_V_TDATA[7]". Without this partial route, timing analysis to/from this port will not be accurate, and no routing information for this port can be exported.
WARNING: [Route 35-198] Port "prealign_V_TDATA[6]" does not have an associated HD.PARTPIN_LOCS, which will prevent the partial routing of the signal "prealign_V_TDATA[6]". Without this partial route, timing analysis to/from this port will not be accurate, and no routing information for this port can be exported.
WARNING: [Route 35-198] Port "prealign_V_TDATA[5]" does not have an associated HD.PARTPIN_LOCS, which will prevent the partial routing of the signal "prealign_V_TDATA[5]". Without this partial route, timing analysis to/from this port will not be accurate, and no routing information for this port can be exported.
WARNING: [Route 35-198] Port "prealign_V_TDATA[4]" does not have an associated HD.PARTPIN_LOCS, which will prevent the partial routing of the signal "prealign_V_TDATA[4]". Without this partial route, timing analysis to/from this port will not be accurate, and no routing information for this port can be exported.
WARNING: [Route 35-198] Port "prealign_V_TDATA[3]" does not have an associated HD.PARTPIN_LOCS, which will prevent the partial routing of the signal "prealign_V_TDATA[3]". Without this partial route, timing analysis to/from this port will not be accurate, and no routing information for this port can be exported.
WARNING: [Route 35-198] Port "prealign_V_TDATA[2]" does not have an associated HD.PARTPIN_LOCS, which will prevent the partial routing of the signal "prealign_V_TDATA[2]". Without this partial route, timing analysis to/from this port will not be accurate, and no routing information for this port can be exported.
WARNING: [Route 35-198] Port "prealign_V_TDATA[1]" does not have an associated HD.PARTPIN_LOCS, which will prevent the partial routing of the signal "prealign_V_TDATA[1]". Without this partial route, timing analysis to/from this port will not be accurate, and no routing information for this port can be exported.
WARNING: [Route 35-198] Port "prealign_V_TDATA[0]" does not have an associated HD.PARTPIN_LOCS, which will prevent the partial routing of the signal "prealign_V_TDATA[0]". Without this partial route, timing analysis to/from this port will not be accurate, and no routing information for this port can be exported.
WARNING: [Route 35-198] Port "sig_TDATA[3]" does not have an associated HD.PARTPIN_LOCS, which will prevent the partial routing of the signal "sig_TDATA[3]". Without this partial route, timing analysis to/from this port will not be accurate, and no routing information for this port can be exported.
WARNING: [Route 35-198] Port "sig_TDATA[13]" does not have an associated HD.PARTPIN_LOCS, which will prevent the partial routing of the signal "sig_TDATA[13]". Without this partial route, timing analysis to/from this port will not be accurate, and no routing information for this port can be exported.
WARNING: [Route 35-198] Port "sig_TDATA[2]" does not have an associated HD.PARTPIN_LOCS, which will prevent the partial routing of the signal "sig_TDATA[2]". Without this partial route, timing analysis to/from this port will not be accurate, and no routing information for this port can be exported.
WARNING: [Route 35-198] Port "sig_TDATA[12]" does not have an associated HD.PARTPIN_LOCS, which will prevent the partial routing of the signal "sig_TDATA[12]". Without this partial route, timing analysis to/from this port will not be accurate, and no routing information for this port can be exported.
WARNING: [Route 35-198] Port "sig_TDATA[1]" does not have an associated HD.PARTPIN_LOCS, which will prevent the partial routing of the signal "sig_TDATA[1]". Without this partial route, timing analysis to/from this port will not be accurate, and no routing information for this port can be exported.
WARNING: [Route 35-198] Port "sig_TDATA[11]" does not have an associated HD.PARTPIN_LOCS, which will prevent the partial routing of the signal "sig_TDATA[11]". Without this partial route, timing analysis to/from this port will not be accurate, and no routing information for this port can be exported.
WARNING: [Route 35-198] Port "sig_TDATA[0]" does not have an associated HD.PARTPIN_LOCS, which will prevent the partial routing of the signal "sig_TDATA[0]". Without this partial route, timing analysis to/from this port will not be accurate, and no routing information for this port can be exported.
WARNING: [Route 35-198] Port "sig_TDATA[10]" does not have an associated HD.PARTPIN_LOCS, which will prevent the partial routing of the signal "sig_TDATA[10]". Without this partial route, timing analysis to/from this port will not be accurate, and no routing information for this port can be exported.
WARNING: [Route 35-198] Port "sig_TDATA[14]" does not have an associated HD.PARTPIN_LOCS, which will prevent the partial routing of the signal "sig_TDATA[14]". Without this partial route, timing analysis to/from this port will not be accurate, and no routing information for this port can be exported.
WARNING: [Route 35-198] Port "sig_TDATA[4]" does not have an associated HD.PARTPIN_LOCS, which will prevent the partial routing of the signal "sig_TDATA[4]". Without this partial route, timing analysis to/from this port will not be accurate, and no routing information for this port can be exported.
WARNING: [Route 35-198] Port "sig_TDATA[5]" does not have an associated HD.PARTPIN_LOCS, which will prevent the partial routing of the signal "sig_TDATA[5]". Without this partial route, timing analysis to/from this port will not be accurate, and no routing information for this port can be exported.
WARNING: [Route 35-198] Port "sig_TDATA[15]" does not have an associated HD.PARTPIN_LOCS, which will prevent the partial routing of the signal "sig_TDATA[15]". Without this partial route, timing analysis to/from this port will not be accurate, and no routing information for this port can be exported.
WARNING: [Route 35-198] Port "sig_TDATA[17]" does not have an associated HD.PARTPIN_LOCS, which will prevent the partial routing of the signal "sig_TDATA[17]". Without this partial route, timing analysis to/from this port will not be accurate, and no routing information for this port can be exported.
WARNING: [Route 35-198] Port "sig_TDATA[7]" does not have an associated HD.PARTPIN_LOCS, which will prevent the partial routing of the signal "sig_TDATA[7]". Without this partial route, timing analysis to/from this port will not be accurate, and no routing information for this port can be exported.
WARNING: [Route 35-198] Port "sig_TDATA[18]" does not have an associated HD.PARTPIN_LOCS, which will prevent the partial routing of the signal "sig_TDATA[18]". Without this partial route, timing analysis to/from this port will not be accurate, and no routing information for this port can be exported.
WARNING: [Route 35-198] Port "sig_TDATA[8]" does not have an associated HD.PARTPIN_LOCS, which will prevent the partial routing of the signal "sig_TDATA[8]". Without this partial route, timing analysis to/from this port will not be accurate, and no routing information for this port can be exported.
WARNING: [Route 35-198] Port "sig_TDATA[16]" does not have an associated HD.PARTPIN_LOCS, which will prevent the partial routing of the signal "sig_TDATA[16]". Without this partial route, timing analysis to/from this port will not be accurate, and no routing information for this port can be exported.
WARNING: [Route 35-198] Port "sig_TDATA[6]" does not have an associated HD.PARTPIN_LOCS, which will prevent the partial routing of the signal "sig_TDATA[6]". Without this partial route, timing analysis to/from this port will not be accurate, and no routing information for this port can be exported.
WARNING: [Route 35-198] Port "sig_TDATA[19]" does not have an associated HD.PARTPIN_LOCS, which will prevent the partial routing of the signal "sig_TDATA[19]". Without this partial route, timing analysis to/from this port will not be accurate, and no routing information for this port can be exported.
WARNING: [Route 35-198] Port "sig_TDATA[9]" does not have an associated HD.PARTPIN_LOCS, which will prevent the partial routing of the signal "sig_TDATA[9]". Without this partial route, timing analysis to/from this port will not be accurate, and no routing information for this port can be exported.
WARNING: [Route 35-198] Port "ap_rst_n" does not have an associated HD.PARTPIN_LOCS, which will prevent the partial routing of the signal "ap_rst_n". Without this partial route, timing analysis to/from this port will not be accurate, and no routing information for this port can be exported.
WARNING: [Route 35-198] Port "prealign_V_TVALID" does not have an associated HD.PARTPIN_LOCS, which will prevent the partial routing of the signal "prealign_V_TVALID". Without this partial route, timing analysis to/from this port will not be accurate, and no routing information for this port can be exported.
WARNING: [Route 35-198] Port "sig_TVALID" does not have an associated HD.PARTPIN_LOCS, which will prevent the partial routing of the signal "sig_TVALID". Without this partial route, timing analysis to/from this port will not be accurate, and no routing information for this port can be exported.
WARNING: [Route 35-198] Port "cmp_TREADY" does not have an associated HD.PARTPIN_LOCS, which will prevent the partial routing of the signal "cmp_TREADY". Without this partial route, timing analysis to/from this port will not be accurate, and no routing information for this port can be exported.
WARNING: [Route 35-198] Port "nL[0]" does not have an associated HD.PARTPIN_LOCS, which will prevent the partial routing of the signal "nL[0]". Without this partial route, timing analysis to/from this port will not be accurate, and no routing information for this port can be exported.
WARNING: [Route 35-198] Port "nL[3]" does not have an associated HD.PARTPIN_LOCS, which will prevent the partial routing of the signal "nL[3]". Without this partial route, timing analysis to/from this port will not be accurate, and no routing information for this port can be exported.
WARNING: [Route 35-198] Port "nL[7]" does not have an associated HD.PARTPIN_LOCS, which will prevent the partial routing of the signal "nL[7]". Without this partial route, timing analysis to/from this port will not be accurate, and no routing information for this port can be exported.
WARNING: [Route 35-198] Port "nL[10]" does not have an associated HD.PARTPIN_LOCS, which will prevent the partial routing of the signal "nL[10]". Without this partial route, timing analysis to/from this port will not be accurate, and no routing information for this port can be exported.
WARNING: [Route 35-198] Port "nL[14]" does not have an associated HD.PARTPIN_LOCS, which will prevent the partial routing of the signal "nL[14]". Without this partial route, timing analysis to/from this port will not be accurate, and no routing information for this port can be exported.
WARNING: [Route 35-198] Port "nL[2]" does not have an associated HD.PARTPIN_LOCS, which will prevent the partial routing of the signal "nL[2]". Without this partial route, timing analysis to/from this port will not be accurate, and no routing information for this port can be exported.
WARNING: [Route 35-198] Port "nL[11]" does not have an associated HD.PARTPIN_LOCS, which will prevent the partial routing of the signal "nL[11]". Without this partial route, timing analysis to/from this port will not be accurate, and no routing information for this port can be exported.
WARNING: [Route 35-198] Port "nL[5]" does not have an associated HD.PARTPIN_LOCS, which will prevent the partial routing of the signal "nL[5]". Without this partial route, timing analysis to/from this port will not be accurate, and no routing information for this port can be exported.
WARNING: [Route 35-198] Port "nL[9]" does not have an associated HD.PARTPIN_LOCS, which will prevent the partial routing of the signal "nL[9]". Without this partial route, timing analysis to/from this port will not be accurate, and no routing information for this port can be exported.
WARNING: [Route 35-198] Port "nL[15]" does not have an associated HD.PARTPIN_LOCS, which will prevent the partial routing of the signal "nL[15]". Without this partial route, timing analysis to/from this port will not be accurate, and no routing information for this port can be exported.
WARNING: [Route 35-198] Port "nL[19]" does not have an associated HD.PARTPIN_LOCS, which will prevent the partial routing of the signal "nL[19]". Without this partial route, timing analysis to/from this port will not be accurate, and no routing information for this port can be exported.
WARNING: [Route 35-198] Port "nL[8]" does not have an associated HD.PARTPIN_LOCS, which will prevent the partial routing of the signal "nL[8]". Without this partial route, timing analysis to/from this port will not be accurate, and no routing information for this port can be exported.
WARNING: [Route 35-198] Port "nL[13]" does not have an associated HD.PARTPIN_LOCS, which will prevent the partial routing of the signal "nL[13]". Without this partial route, timing analysis to/from this port will not be accurate, and no routing information for this port can be exported.
WARNING: [Route 35-198] Port "nL[25]" does not have an associated HD.PARTPIN_LOCS, which will prevent the partial routing of the signal "nL[25]". Without this partial route, timing analysis to/from this port will not be accurate, and no routing information for this port can be exported.
WARNING: [Route 35-198] Port "nL[6]" does not have an associated HD.PARTPIN_LOCS, which will prevent the partial routing of the signal "nL[6]". Without this partial route, timing analysis to/from this port will not be accurate, and no routing information for this port can be exported.
WARNING: [Route 35-198] Port "nL[21]" does not have an associated HD.PARTPIN_LOCS, which will prevent the partial routing of the signal "nL[21]". Without this partial route, timing analysis to/from this port will not be accurate, and no routing information for this port can be exported.
WARNING: [Route 35-198] Port "nL[22]" does not have an associated HD.PARTPIN_LOCS, which will prevent the partial routing of the signal "nL[22]". Without this partial route, timing analysis to/from this port will not be accurate, and no routing information for this port can be exported.
WARNING: [Route 35-198] Port "nL[17]" does not have an associated HD.PARTPIN_LOCS, which will prevent the partial routing of the signal "nL[17]". Without this partial route, timing analysis to/from this port will not be accurate, and no routing information for this port can be exported.
WARNING: [Route 35-198] Port "sigRef_TVALID" does not have an associated HD.PARTPIN_LOCS, which will prevent the partial routing of the signal "sigRef_TVALID". Without this partial route, timing analysis to/from this port will not be accurate, and no routing information for this port can be exported.
WARNING: [Route 35-198] Port "nL[4]" does not have an associated HD.PARTPIN_LOCS, which will prevent the partial routing of the signal "nL[4]". Without this partial route, timing analysis to/from this port will not be accurate, and no routing information for this port can be exported.
WARNING: [Route 35-198] Port "nL[20]" does not have an associated HD.PARTPIN_LOCS, which will prevent the partial routing of the signal "nL[20]". Without this partial route, timing analysis to/from this port will not be accurate, and no routing information for this port can be exported.
WARNING: [Route 35-198] Port "nL[30]" does not have an associated HD.PARTPIN_LOCS, which will prevent the partial routing of the signal "nL[30]". Without this partial route, timing analysis to/from this port will not be accurate, and no routing information for this port can be exported.
WARNING: [Route 35-198] Port "nL[1]" does not have an associated HD.PARTPIN_LOCS, which will prevent the partial routing of the signal "nL[1]". Without this partial route, timing analysis to/from this port will not be accurate, and no routing information for this port can be exported.
WARNING: [Route 35-198] Port "nL[31]" does not have an associated HD.PARTPIN_LOCS, which will prevent the partial routing of the signal "nL[31]". Without this partial route, timing analysis to/from this port will not be accurate, and no routing information for this port can be exported.
WARNING: [Route 35-198] Port "factor_V[0]" does not have an associated HD.PARTPIN_LOCS, which will prevent the partial routing of the signal "factor_V[0]". Without this partial route, timing analysis to/from this port will not be accurate, and no routing information for this port can be exported.
WARNING: [Route 35-198] Port "factor_V[4]" does not have an associated HD.PARTPIN_LOCS, which will prevent the partial routing of the signal "factor_V[4]". Without this partial route, timing analysis to/from this port will not be accurate, and no routing information for this port can be exported.
WARNING: [Route 35-198] Port "factor_V[8]" does not have an associated HD.PARTPIN_LOCS, which will prevent the partial routing of the signal "factor_V[8]". Without this partial route, timing analysis to/from this port will not be accurate, and no routing information for this port can be exported.
WARNING: [Route 35-198] Port "factor_V[9]" does not have an associated HD.PARTPIN_LOCS, which will prevent the partial routing of the signal "factor_V[9]". Without this partial route, timing analysis to/from this port will not be accurate, and no routing information for this port can be exported.
WARNING: [Route 35-198] Port "ap_start" does not have an associated HD.PARTPIN_LOCS, which will prevent the partial routing of the signal "ap_start". Without this partial route, timing analysis to/from this port will not be accurate, and no routing information for this port can be exported.
WARNING: [Route 35-198] Port "nL[12]" does not have an associated HD.PARTPIN_LOCS, which will prevent the partial routing of the signal "nL[12]". Without this partial route, timing analysis to/from this port will not be accurate, and no routing information for this port can be exported.
WARNING: [Route 35-198] Port "nL[23]" does not have an associated HD.PARTPIN_LOCS, which will prevent the partial routing of the signal "nL[23]". Without this partial route, timing analysis to/from this port will not be accurate, and no routing information for this port can be exported.
WARNING: [Route 35-198] Port "nL[29]" does not have an associated HD.PARTPIN_LOCS, which will prevent the partial routing of the signal "nL[29]". Without this partial route, timing analysis to/from this port will not be accurate, and no routing information for this port can be exported.
WARNING: [Route 35-198] Port "nL[16]" does not have an associated HD.PARTPIN_LOCS, which will prevent the partial routing of the signal "nL[16]". Without this partial route, timing analysis to/from this port will not be accurate, and no routing information for this port can be exported.
WARNING: [Route 35-198] Port "nL[26]" does not have an associated HD.PARTPIN_LOCS, which will prevent the partial routing of the signal "nL[26]". Without this partial route, timing analysis to/from this port will not be accurate, and no routing information for this port can be exported.
WARNING: [Route 35-198] Port "factor_V[2]" does not have an associated HD.PARTPIN_LOCS, which will prevent the partial routing of the signal "factor_V[2]". Without this partial route, timing analysis to/from this port will not be accurate, and no routing information for this port can be exported.
WARNING: [Route 35-198] Port "factor_V[5]" does not have an associated HD.PARTPIN_LOCS, which will prevent the partial routing of the signal "factor_V[5]". Without this partial route, timing analysis to/from this port will not be accurate, and no routing information for this port can be exported.
WARNING: [Route 35-198] Port "factor_V[6]" does not have an associated HD.PARTPIN_LOCS, which will prevent the partial routing of the signal "factor_V[6]". Without this partial route, timing analysis to/from this port will not be accurate, and no routing information for this port can be exported.
WARNING: [Route 35-198] Port "factor_V[7]" does not have an associated HD.PARTPIN_LOCS, which will prevent the partial routing of the signal "factor_V[7]". Without this partial route, timing analysis to/from this port will not be accurate, and no routing information for this port can be exported.
WARNING: [Route 35-198] Port "nL[24]" does not have an associated HD.PARTPIN_LOCS, which will prevent the partial routing of the signal "nL[24]". Without this partial route, timing analysis to/from this port will not be accurate, and no routing information for this port can be exported.
WARNING: [Route 35-198] Port "nL[28]" does not have an associated HD.PARTPIN_LOCS, which will prevent the partial routing of the signal "nL[28]". Without this partial route, timing analysis to/from this port will not be accurate, and no routing information for this port can be exported.
WARNING: [Route 35-198] Port "nL[18]" does not have an associated HD.PARTPIN_LOCS, which will prevent the partial routing of the signal "nL[18]". Without this partial route, timing analysis to/from this port will not be accurate, and no routing information for this port can be exported.
WARNING: [Route 35-198] Port "nL[27]" does not have an associated HD.PARTPIN_LOCS, which will prevent the partial routing of the signal "nL[27]". Without this partial route, timing analysis to/from this port will not be accurate, and no routing information for this port can be exported.
WARNING: [Route 35-198] Port "sigRef_TDATA[12]" does not have an associated HD.PARTPIN_LOCS, which will prevent the partial routing of the signal "sigRef_TDATA[12]". Without this partial route, timing analysis to/from this port will not be accurate, and no routing information for this port can be exported.
WARNING: [Route 35-198] Port "sigRef_TDATA[2]" does not have an associated HD.PARTPIN_LOCS, which will prevent the partial routing of the signal "sigRef_TDATA[2]". Without this partial route, timing analysis to/from this port will not be accurate, and no routing information for this port can be exported.
WARNING: [Route 35-198] Port "sigRef_TDATA[14]" does not have an associated HD.PARTPIN_LOCS, which will prevent the partial routing of the signal "sigRef_TDATA[14]". Without this partial route, timing analysis to/from this port will not be accurate, and no routing information for this port can be exported.
WARNING: [Route 35-198] Port "sigRef_TDATA[4]" does not have an associated HD.PARTPIN_LOCS, which will prevent the partial routing of the signal "sigRef_TDATA[4]". Without this partial route, timing analysis to/from this port will not be accurate, and no routing information for this port can be exported.
WARNING: [Route 35-198] Port "sigRef_TDATA[1]" does not have an associated HD.PARTPIN_LOCS, which will prevent the partial routing of the signal "sigRef_TDATA[1]". Without this partial route, timing analysis to/from this port will not be accurate, and no routing information for this port can be exported.
WARNING: [Route 35-198] Port "sigRef_TDATA[11]" does not have an associated HD.PARTPIN_LOCS, which will prevent the partial routing of the signal "sigRef_TDATA[11]". Without this partial route, timing analysis to/from this port will not be accurate, and no routing information for this port can be exported.
WARNING: [Route 35-198] Port "sigRef_TDATA[0]" does not have an associated HD.PARTPIN_LOCS, which will prevent the partial routing of the signal "sigRef_TDATA[0]". Without this partial route, timing analysis to/from this port will not be accurate, and no routing information for this port can be exported.
WARNING: [Route 35-198] Port "sigRef_TDATA[10]" does not have an associated HD.PARTPIN_LOCS, which will prevent the partial routing of the signal "sigRef_TDATA[10]". Without this partial route, timing analysis to/from this port will not be accurate, and no routing information for this port can be exported.
WARNING: [Route 35-198] Port "sigRef_TDATA[13]" does not have an associated HD.PARTPIN_LOCS, which will prevent the partial routing of the signal "sigRef_TDATA[13]". Without this partial route, timing analysis to/from this port will not be accurate, and no routing information for this port can be exported.
WARNING: [Route 35-198] Port "sigRef_TDATA[3]" does not have an associated HD.PARTPIN_LOCS, which will prevent the partial routing of the signal "sigRef_TDATA[3]". Without this partial route, timing analysis to/from this port will not be accurate, and no routing information for this port can be exported.
WARNING: [Route 35-198] Port "factor_V[1]" does not have an associated HD.PARTPIN_LOCS, which will prevent the partial routing of the signal "factor_V[1]". Without this partial route, timing analysis to/from this port will not be accurate, and no routing information for this port can be exported.
WARNING: [Route 35-198] Port "factor_V[3]" does not have an associated HD.PARTPIN_LOCS, which will prevent the partial routing of the signal "factor_V[3]". Without this partial route, timing analysis to/from this port will not be accurate, and no routing information for this port can be exported.
WARNING: [Route 35-198] Port "sigRef_TDATA[5]" does not have an associated HD.PARTPIN_LOCS, which will prevent the partial routing of the signal "sigRef_TDATA[5]". Without this partial route, timing analysis to/from this port will not be accurate, and no routing information for this port can be exported.
WARNING: [Route 35-198] Port "sigRef_TDATA[15]" does not have an associated HD.PARTPIN_LOCS, which will prevent the partial routing of the signal "sigRef_TDATA[15]". Without this partial route, timing analysis to/from this port will not be accurate, and no routing information for this port can be exported.
WARNING: [Route 35-198] Port "sigRef_TDATA[16]" does not have an associated HD.PARTPIN_LOCS, which will prevent the partial routing of the signal "sigRef_TDATA[16]". Without this partial route, timing analysis to/from this port will not be accurate, and no routing information for this port can be exported.
WARNING: [Route 35-198] Port "sigRef_TDATA[6]" does not have an associated HD.PARTPIN_LOCS, which will prevent the partial routing of the signal "sigRef_TDATA[6]". Without this partial route, timing analysis to/from this port will not be accurate, and no routing information for this port can be exported.
INFO: [Common 17-14] Message 'Route 35-198' appears 100 times and further instances of the messages will be disabled. Use the Tcl command set_msg_config to change the current settings.
Phase 1 Build RT Design | Checksum: 6411255a

Time (s): cpu = 00:00:51 ; elapsed = 00:00:47 . Memory (MB): peak = 1078.102 ; gain = 5.711

Phase 2 Router Initialization

Phase 2.1 Create Timer
Phase 2.1 Create Timer | Checksum: 6411255a

Time (s): cpu = 00:00:51 ; elapsed = 00:00:47 . Memory (MB): peak = 1080.105 ; gain = 7.715

Phase 2.2 Pre Route Cleanup
Phase 2.2 Pre Route Cleanup | Checksum: 6411255a

Time (s): cpu = 00:00:51 ; elapsed = 00:00:47 . Memory (MB): peak = 1087.211 ; gain = 14.820
 Number of Nodes with overlaps = 0

Phase 2.3 Update Timing
Phase 2.3 Update Timing | Checksum: 1d03170b7

Time (s): cpu = 00:00:56 ; elapsed = 00:00:50 . Memory (MB): peak = 1091.180 ; gain = 18.789
INFO: [Route 35-416] Intermediate Timing Summary | WNS=2.217  | TNS=0.000  | WHS=-0.204 | THS=-27.513|

Phase 2 Router Initialization | Checksum: 1b3299add

Time (s): cpu = 00:00:58 ; elapsed = 00:00:52 . Memory (MB): peak = 1113.031 ; gain = 40.641

Phase 3 Initial Routing
Phase 3 Initial Routing | Checksum: 1ff28a711

Time (s): cpu = 00:01:00 ; elapsed = 00:00:53 . Memory (MB): peak = 1113.031 ; gain = 40.641

Phase 4 Rip-up And Reroute

Phase 4.1 Global Iteration 0
 Number of Nodes with overlaps = 51
 Number of Nodes with overlaps = 0

Phase 4.1.1 Update Timing
Phase 4.1.1 Update Timing | Checksum: d0ede7cb

Time (s): cpu = 00:01:03 ; elapsed = 00:00:55 . Memory (MB): peak = 1113.031 ; gain = 40.641
INFO: [Route 35-416] Intermediate Timing Summary | WNS=2.230  | TNS=0.000  | WHS=N/A    | THS=N/A    |

Phase 4.1 Global Iteration 0 | Checksum: 1cf16d1d4

Time (s): cpu = 00:01:03 ; elapsed = 00:00:55 . Memory (MB): peak = 1113.031 ; gain = 40.641
Phase 4 Rip-up And Reroute | Checksum: 1cf16d1d4

Time (s): cpu = 00:01:03 ; elapsed = 00:00:55 . Memory (MB): peak = 1113.031 ; gain = 40.641

Phase 5 Delay and Skew Optimization

Phase 5.1 Delay CleanUp

Phase 5.1.1 Update Timing
Phase 5.1.1 Update Timing | Checksum: 15fcb2b18

Time (s): cpu = 00:01:04 ; elapsed = 00:00:55 . Memory (MB): peak = 1113.031 ; gain = 40.641
INFO: [Route 35-416] Intermediate Timing Summary | WNS=2.230  | TNS=0.000  | WHS=N/A    | THS=N/A    |

Phase 5.1 Delay CleanUp | Checksum: 15fcb2b18

Time (s): cpu = 00:01:04 ; elapsed = 00:00:55 . Memory (MB): peak = 1113.031 ; gain = 40.641

Phase 5.2 Clock Skew Optimization
Phase 5.2 Clock Skew Optimization | Checksum: 15fcb2b18

Time (s): cpu = 00:01:04 ; elapsed = 00:00:55 . Memory (MB): peak = 1113.031 ; gain = 40.641
Phase 5 Delay and Skew Optimization | Checksum: 15fcb2b18

Time (s): cpu = 00:01:04 ; elapsed = 00:00:55 . Memory (MB): peak = 1113.031 ; gain = 40.641

Phase 6 Post Hold Fix

Phase 6.1 Update Timing
Phase 6.1 Update Timing | Checksum: 13bb5c8c1

Time (s): cpu = 00:01:04 ; elapsed = 00:00:56 . Memory (MB): peak = 1113.031 ; gain = 40.641
INFO: [Route 35-416] Intermediate Timing Summary | WNS=2.230  | TNS=0.000  | WHS=0.013  | THS=0.000  |

Phase 6 Post Hold Fix | Checksum: 1ac2fa42c

Time (s): cpu = 00:01:04 ; elapsed = 00:00:56 . Memory (MB): peak = 1113.031 ; gain = 40.641

Phase 7 Route finalize

Router Utilization Summary
  Global Vertical Routing Utilization    = 0.690794 %
  Global Horizontal Routing Utilization  = 0.812796 %
  Routable Net Status*
  *Does not include unroutable nets such as driverless and loadless.
  Run report_route_status for detailed report.
  Number of Failed Nets               = 0
  Number of Unrouted Nets             = 0
  Number of Partially Routed Nets     = 0
  Number of Node Overlaps             = 0

Phase 7 Route finalize | Checksum: 1abc35fc0

Time (s): cpu = 00:01:05 ; elapsed = 00:00:56 . Memory (MB): peak = 1113.031 ; gain = 40.641

Phase 8 Verifying routed nets

 Verification completed successfully
Phase 8 Verifying routed nets | Checksum: 1abc35fc0

Time (s): cpu = 00:01:05 ; elapsed = 00:00:56 . Memory (MB): peak = 1113.031 ; gain = 40.641

Phase 9 Depositing Routes
Phase 9 Depositing Routes | Checksum: 1c6967dfe

Time (s): cpu = 00:01:05 ; elapsed = 00:00:56 . Memory (MB): peak = 1113.031 ; gain = 40.641

Phase 10 Post Router Timing
INFO: [Route 35-57] Estimated Timing Summary | WNS=2.230  | TNS=0.000  | WHS=0.013  | THS=0.000  |

INFO: [Route 35-327] The final timing numbers are based on the router estimated timing analysis. For a complete and accurate timing signoff, please run report_timing_summary.
Phase 10 Post Router Timing | Checksum: 1c6967dfe

Time (s): cpu = 00:01:05 ; elapsed = 00:00:56 . Memory (MB): peak = 1113.031 ; gain = 40.641
INFO: [Route 35-16] Router Completed Successfully

Time (s): cpu = 00:01:05 ; elapsed = 00:00:56 . Memory (MB): peak = 1113.031 ; gain = 40.641

Routing Is Done.
INFO: [Common 17-83] Releasing license: Implementation
60 Infos, 100 Warnings, 0 Critical Warnings and 0 Errors encountered.
route_design completed successfully
route_design: Time (s): cpu = 00:01:07 ; elapsed = 00:00:58 . Memory (MB): peak = 1113.031 ; gain = 40.641
Writing placer database...
Writing XDEF routing.
Writing XDEF routing logical nets.
Writing XDEF routing special nets.
Write XDEF Complete: Time (s): cpu = 00:00:04 ; elapsed = 00:00:02 . Memory (MB): peak = 1113.031 ; gain = 0.000
INFO: [DRC 23-27] Running DRC with 2 threads
INFO: [Coretcl 2-168] The results of DRC are in file F:/FPGA/exp/DispCheck/solution1/impl/verilog/project.runs/impl_1/cmpy_complex_top_drc_routed.rpt.
INFO: [Timing 38-91] UpdateTimingParams: Speed grade: -1, Delay Type: min_max.
INFO: [Timing 38-191] Multithreading enabled for timing update using a maximum of 2 CPUs
Running Vector-less Activity Propagation...

Finished Running Vector-less Activity Propagation
INFO: [Common 17-206] Exiting Vivado at Tue Feb 09 00:00:50 2016...
